{"meta": {"format": 3, "version": "7.13.4", "timestamp": "2026-03-08T23:25:57.738809", "branch_coverage": true, "show_contexts": false}, "files": {"src\\onto_tools\\__init__.py": {"executed_lines": [7], "summary": {"covered_lines": 1, "num_statements": 1, "percent_covered": 100.0, "percent_covered_display": "100.00", "missing_lines": 0, "excluded_lines": 0, "percent_statements_covered": 100.0, "percent_statements_covered_display": "100.00", "num_branches": 0, "num_partial_branches": 0, "covered_branches": 0, "missing_branches": 0, "percent_branches_covered": 100.0, "percent_branches_covered_display": "100.00"}, "missing_lines": [], "excluded_lines": [], "executed_branches": [], "missing_branches": [], "functions": {"": {"executed_lines": [7], "summary": {"covered_lines": 1, "num_statements": 1, "percent_covered": 100.0, "percent_covered_display": "100.00", "missing_lines": 0, "excluded_lines": 0, "percent_statements_covered": 100.0, "percent_statements_covered_display": "100.00", "num_branches": 0, "num_partial_branches": 0, "covered_branches": 0, "missing_branches": 0, "percent_branches_covered": 100.0, "percent_branches_covered_display": "100.00"}, "missing_lines": [], "excluded_lines": [], "start_line": 1, "executed_branches": [], "missing_branches": []}}, "classes": {"": {"executed_lines": [7], "summary": {"covered_lines": 1, "num_statements": 1, "percent_covered": 100.0, "percent_covered_display": "100.00", "missing_lines": 0, "excluded_lines": 0, "percent_statements_covered": 100.0, "percent_statements_covered_display": "100.00", "num_branches": 0, "num_partial_branches": 0, "covered_branches": 0, "missing_branches": 0, "percent_branches_covered": 100.0, "percent_branches_covered_display": "100.00"}, "missing_lines": [], "excluded_lines": [], "start_line": 1, "executed_branches": [], "missing_branches": []}}}, "src\\onto_tools\\adapters\\__init__.py": {"executed_lines": [], "summary": {"covered_lines": 0, "num_statements": 0, "percent_covered": 100.0, "percent_covered_display": "100.00", "missing_lines": 0, "excluded_lines": 0, "percent_statements_covered": 100.0, "percent_statements_covered_display": "100.00", "num_branches": 0, "num_partial_branches": 0, "covered_branches": 0, "missing_branches": 0, "percent_branches_covered": 100.0, "percent_branches_covered_display": "100.00"}, "missing_lines": [], "excluded_lines": [], "executed_branches": [], "missing_branches": [], "functions": {"": {"executed_lines": [], "summary": {"covered_lines": 0, "num_statements": 0, "percent_covered": 100.0, "percent_covered_display": "100.00", "missing_lines": 0, "excluded_lines": 0, "percent_statements_covered": 100.0, "percent_statements_covered_display": "100.00", "num_branches": 0, "num_partial_branches": 0, "covered_branches": 0, "missing_branches": 0, "percent_branches_covered": 100.0, "percent_branches_covered_display": "100.00"}, "missing_lines": [], "excluded_lines": [], "start_line": 1, "executed_branches": [], "missing_branches": []}}, "classes": {"": {"executed_lines": [], "summary": {"covered_lines": 0, "num_statements": 0, "percent_covered": 100.0, "percent_covered_display": "100.00", "missing_lines": 0, "excluded_lines": 0, "percent_statements_covered": 100.0, "percent_statements_covered_display": "100.00", "num_branches": 0, "num_partial_branches": 0, "covered_branches": 0, "missing_branches": 0, "percent_branches_covered": 100.0, "percent_branches_covered_display": "100.00"}, "missing_lines": [], "excluded_lines": [], "start_line": 1, "executed_branches": [], "missing_branches": []}}}, "src\\onto_tools\\adapters\\cli\\__init__.py": {"executed_lines": [8, 10], "summary": {"covered_lines": 2, "num_statements": 2, "percent_covered": 100.0, "percent_covered_display": "100.00", "missing_lines": 0, "excluded_lines": 0, "percent_statements_covered": 100.0, "percent_statements_covered_display": "100.00", "num_branches": 0, "num_partial_branches": 0, "covered_branches": 0, "missing_branches": 0, "percent_branches_covered": 100.0, "percent_branches_covered_display": "100.00"}, "missing_lines": [], "excluded_lines": [], "executed_branches": [], "missing_branches": [], "functions": {"": {"executed_lines": [8, 10], "summary": {"covered_lines": 2, "num_statements": 2, "percent_covered": 100.0, "percent_covered_display": "100.00", "missing_lines": 0, "excluded_lines": 0, "percent_statements_covered": 100.0, "percent_statements_covered_display": "100.00", "num_branches": 0, "num_partial_branches": 0, "covered_branches": 0, "missing_branches": 0, "percent_branches_covered": 100.0, "percent_branches_covered_display": "100.00"}, "missing_lines": [], "excluded_lines": [], "start_line": 1, "executed_branches": [], "missing_branches": []}}, "classes": {"": {"executed_lines": [8, 10], "summary": {"covered_lines": 2, "num_statements": 2, "percent_covered": 100.0, "percent_covered_display": "100.00", "missing_lines": 0, "excluded_lines": 0, "percent_statements_covered": 100.0, "percent_statements_covered_display": "100.00", "num_branches": 0, "num_partial_branches": 0, "covered_branches": 0, "missing_branches": 0, "percent_branches_covered": 100.0, "percent_branches_covered_display": "100.00"}, "missing_lines": [], "excluded_lines": [], "start_line": 1, "executed_branches": [], "missing_branches": []}}}, "src\\onto_tools\\adapters\\cli\\commands.py": {"executed_lines": [15, 16, 17, 19, 20, 21, 24, 25, 28, 32, 33, 36, 48, 51, 54, 55, 56, 57, 58, 59, 60, 61, 62, 65, 73, 74, 77, 80, 81, 84, 87, 93, 100, 101, 102, 120, 121, 126, 127, 128, 129, 139, 140, 143, 146, 148, 149, 150, 153, 154, 155, 160, 161, 162, 165, 167, 171, 174, 175, 176, 179, 180, 181, 182, 183, 185, 186, 190, 191, 192, 193, 199, 202, 203, 204, 205, 208, 209, 210, 213, 215, 216, 220, 222, 223, 224, 225, 226, 228, 229, 235, 236, 242, 244, 245, 246, 249, 250, 251, 252, 255, 256, 257, 259, 260, 267, 268, 273, 274, 275, 281, 283, 284, 287, 288, 289, 290, 291, 297, 298, 300, 301, 302, 304, 305, 306, 307, 309, 310, 311, 312, 313, 314, 315, 317, 318, 319, 320, 321, 323, 326, 327, 328, 329, 337, 338, 339, 340, 342, 344, 345, 346, 347, 349, 350, 351, 353, 354, 355, 356, 358, 362, 363, 364, 366, 367, 368, 369, 370, 372, 375, 376, 377, 378, 379, 380, 391, 393, 394, 396, 397, 398, 399, 400, 402, 409, 410, 414, 417, 418, 419, 421, 422, 424, 428, 429, 430, 431, 433, 434, 435, 436, 438, 439, 441, 444, 445, 446, 447, 448, 449, 460, 461, 462, 463, 464, 465, 473, 476, 477, 479, 481, 482, 484, 486, 487, 488, 489, 494, 500, 501, 505, 509, 510, 511, 513, 514, 515, 518, 519, 520, 521, 522, 524, 525, 526, 528, 531, 532, 533, 534, 535, 536, 538, 539, 543, 547, 548, 550, 551], "summary": {"covered_lines": 260, "num_statements": 264, "percent_covered": 98.18181818181819, "percent_covered_display": "98.18", "missing_lines": 4, "excluded_lines": 15, "percent_statements_covered": 98.48484848484848, "percent_statements_covered_display": "98.48", "num_branches": 66, "num_partial_branches": 2, "covered_branches": 64, "missing_branches": 2, "percent_branches_covered": 96.96969696969697, "percent_branches_covered_display": "96.97"}, "missing_lines": [156, 157, 168, 169], "excluded_lines": [1, 113, 123, 270, 359, 360, 425, 426, 496, 497, 498, 502, 506, 558, 559], "executed_branches": [[54, 55], [54, 62], [57, 58], [57, 60], [73, 74], [73, 93], [148, 149], [148, 153], [153, 154], [153, 160], [155, 174], [161, 162], [161, 165], [167, 171], [179, 180], [179, 185], [202, 203], [202, 208], [209, 210], [209, 213], [222, 223], [222, 228], [249, 250], [249, 255], [251, 252], [251, 255], [255, 256], [255, 259], [304, 305], [304, 309], [314, 315], [314, 317], [317, 318], [317, 323], [353, 354], [353, 362], [355, 356], [355, 358], [363, 364], [363, 366], [366, 367], [366, 372], [418, 419], [418, 421], [428, 429], [428, 433], [430, 431], [430, 433], [433, 434], [433, 438], [435, 436], [435, 438], [438, 439], [438, 441], [510, 511], [510, 513], [514, 515], [514, 518], [525, 526], [525, 528], [531, 532], [531, 550], [538, 539], [538, 547]], "missing_branches": [[155, 156], [167, 168]], "functions": {"get_project_root": {"executed_lines": [48], "summary": {"covered_lines": 1, "num_statements": 1, "percent_covered": 100.0, "percent_covered_display": "100.00", "missing_lines": 0, "excluded_lines": 0, "percent_statements_covered": 100.0, "percent_statements_covered_display": "100.00", "num_branches": 0, "num_partial_branches": 0, "covered_branches": 0, "missing_branches": 0, "percent_branches_covered": 100.0, "percent_branches_covered_display": "100.00"}, "missing_lines": [], "excluded_lines": [], "start_line": 36, "executed_branches": [], "missing_branches": []}, "load_config": {"executed_lines": [54, 55, 56, 57, 58, 59, 60, 61, 62], "summary": {"covered_lines": 9, "num_statements": 9, "percent_covered": 100.0, "percent_covered_display": "100.00", "missing_lines": 0, "excluded_lines": 0, "percent_statements_covered": 100.0, "percent_statements_covered_display": "100.00", "num_branches": 4, "num_partial_branches": 0, "covered_branches": 4, "missing_branches": 0, "percent_branches_covered": 100.0, "percent_branches_covered_display": "100.00"}, "missing_lines": [], "excluded_lines": [], "start_line": 51, "executed_branches": [[54, 55], [54, 62], [57, 58], [57, 60]], "missing_branches": []}, "get_facade": {"executed_lines": [73, 74, 77, 80, 81, 84, 87, 93], "summary": {"covered_lines": 8, "num_statements": 8, "percent_covered": 100.0, "percent_covered_display": "100.00", "missing_lines": 0, "excluded_lines": 0, "percent_statements_covered": 100.0, "percent_statements_covered_display": "100.00", "num_branches": 2, "num_partial_branches": 0, "covered_branches": 2, "missing_branches": 0, "percent_branches_covered": 100.0, "percent_branches_covered_display": "100.00"}, "missing_lines": [], "excluded_lines": [], "start_line": 65, "executed_branches": [[73, 74], [73, 93]], "missing_branches": []}, "cli": {"executed_lines": [], "summary": {"covered_lines": 0, "num_statements": 0, "percent_covered": 100.0, "percent_covered_display": "100.00", "missing_lines": 0, "excluded_lines": 1, "percent_statements_covered": 100.0, "percent_statements_covered_display": "100.00", "num_branches": 0, "num_partial_branches": 0, "covered_branches": 0, "missing_branches": 0, "percent_branches_covered": 100.0, "percent_branches_covered_display": "100.00"}, "missing_lines": [], "excluded_lines": [113], "start_line": 102, "executed_branches": [], "missing_branches": []}, "ontology": {"executed_lines": [], "summary": {"covered_lines": 0, "num_statements": 0, "percent_covered": 100.0, "percent_covered_display": "100.00", "missing_lines": 0, "excluded_lines": 1, "percent_statements_covered": 100.0, "percent_statements_covered_display": "100.00", "num_branches": 0, "num_partial_branches": 0, "covered_branches": 0, "missing_branches": 0, "percent_branches_covered": 100.0, "percent_branches_covered_display": "100.00"}, "missing_lines": [], "excluded_lines": [123], "start_line": 121, "executed_branches": [], "missing_branches": []}, "ontology_load": {"executed_lines": [139, 140, 143, 146, 148, 149, 150, 153, 154, 155, 160, 161, 162, 165, 167, 171, 174, 175, 176, 179, 180, 181, 182, 183, 185, 186], "summary": {"covered_lines": 26, "num_statements": 30, "percent_covered": 85.71428571428571, "percent_covered_display": "85.71", "missing_lines": 4, "excluded_lines": 0, "percent_statements_covered": 86.66666666666667, "percent_statements_covered_display": "86.67", "num_branches": 12, "num_partial_branches": 2, "covered_branches": 10, "missing_branches": 2, "percent_branches_covered": 83.33333333333333, "percent_branches_covered_display": "83.33"}, "missing_lines": [156, 157, 168, 169], "excluded_lines": [], "start_line": 129, "executed_branches": [[148, 149], [148, 153], [153, 154], [153, 160], [155, 174], [161, 162], [161, 165], [167, 171], [179, 180], [179, 185]], "missing_branches": [[155, 156], [167, 168]]}, "ontology_review": {"executed_lines": [199, 202, 203, 204, 205, 208, 209, 210, 213, 215, 216, 220, 222, 223, 224, 225, 226, 228, 229], "summary": {"covered_lines": 19, "num_statements": 19, "percent_covered": 100.0, "percent_covered_display": "100.00", "missing_lines": 0, "excluded_lines": 0, "percent_statements_covered": 100.0, "percent_statements_covered_display": "100.00", "num_branches": 6, "num_partial_branches": 0, "covered_branches": 6, "missing_branches": 0, "percent_branches_covered": 100.0, "percent_branches_covered_display": "100.00"}, "missing_lines": [], "excluded_lines": [], "start_line": 193, "executed_branches": [[202, 203], [202, 208], [209, 210], [209, 213], [222, 223], [222, 228]], "missing_branches": []}, "ontology_normalize": {"executed_lines": [242, 244, 245, 246, 249, 250, 251, 252, 255, 256, 257, 259, 260], "summary": {"covered_lines": 13, "num_statements": 13, "percent_covered": 100.0, "percent_covered_display": "100.00", "missing_lines": 0, "excluded_lines": 0, "percent_statements_covered": 100.0, "percent_statements_covered_display": "100.00", "num_branches": 6, "num_partial_branches": 0, "covered_branches": 6, "missing_branches": 0, "percent_branches_covered": 100.0, "percent_branches_covered_display": "100.00"}, "missing_lines": [], "excluded_lines": [], "start_line": 236, "executed_branches": [[249, 250], [249, 255], [251, 252], [251, 255], [255, 256], [255, 259]], "missing_branches": []}, "verify": {"executed_lines": [], "summary": {"covered_lines": 0, "num_statements": 0, "percent_covered": 100.0, "percent_covered_display": "100.00", "missing_lines": 0, "excluded_lines": 1, "percent_statements_covered": 100.0, "percent_statements_covered_display": "100.00", "num_branches": 0, "num_partial_branches": 0, "covered_branches": 0, "missing_branches": 0, "percent_branches_covered": 100.0, "percent_branches_covered_display": "100.00"}, "missing_lines": [], "excluded_lines": [270], "start_line": 268, "executed_branches": [], "missing_branches": []}, "verify_hash": {"executed_lines": [281, 283, 284], "summary": {"covered_lines": 3, "num_statements": 3, "percent_covered": 100.0, "percent_covered_display": "100.00", "missing_lines": 0, "excluded_lines": 0, "percent_statements_covered": 100.0, "percent_statements_covered_display": "100.00", "num_branches": 0, "num_partial_branches": 0, "covered_branches": 0, "missing_branches": 0, "percent_branches_covered": 100.0, "percent_branches_covered_display": "100.00"}, "missing_lines": [], "excluded_lines": [], "start_line": 275, "executed_branches": [], "missing_branches": []}, "verify_isomorphism": {"executed_lines": [297, 298, 300, 301, 302, 304, 305, 306, 307, 309, 310, 311, 312, 313, 314, 315, 317, 318, 319, 320, 321, 323], "summary": {"covered_lines": 22, "num_statements": 22, "percent_covered": 100.0, "percent_covered_display": "100.00", "missing_lines": 0, "excluded_lines": 0, "percent_statements_covered": 100.0, "percent_statements_covered_display": "100.00", "num_branches": 6, "num_partial_branches": 0, "covered_branches": 6, "missing_branches": 0, "percent_branches_covered": 100.0, "percent_branches_covered_display": "100.00"}, "missing_lines": [], "excluded_lines": [], "start_line": 291, "executed_branches": [[304, 305], [304, 309], [314, 315], [314, 317], [317, 318], [317, 323]], "missing_branches": []}, "verify_idempotency": {"executed_lines": [337, 338, 339, 340, 342, 349, 350, 351, 353, 354, 355, 356, 358, 362, 363, 364, 366, 367, 368, 369, 370, 372], "summary": {"covered_lines": 22, "num_statements": 22, "percent_covered": 100.0, "percent_covered_display": "100.00", "missing_lines": 0, "excluded_lines": 2, "percent_statements_covered": 100.0, "percent_statements_covered_display": "100.00", "num_branches": 8, "num_partial_branches": 0, "covered_branches": 8, "missing_branches": 0, "percent_branches_covered": 100.0, "percent_branches_covered_display": "100.00"}, "missing_lines": [], "excluded_lines": [359, 360], "start_line": 329, "executed_branches": [[353, 354], [353, 362], [355, 356], [355, 358], [363, 364], [363, 366], [366, 367], [366, 372]], "missing_branches": []}, "verify_idempotency.canonical_transform": {"executed_lines": [344, 345, 346, 347], "summary": {"covered_lines": 4, "num_statements": 4, "percent_covered": 100.0, "percent_covered_display": "100.00", "missing_lines": 0, "excluded_lines": 0, "percent_statements_covered": 100.0, "percent_statements_covered_display": "100.00", "num_branches": 0, "num_partial_branches": 0, "covered_branches": 0, "missing_branches": 0, "percent_branches_covered": 100.0, "percent_branches_covered_display": "100.00"}, "missing_lines": [], "excluded_lines": [], "start_line": 342, "executed_branches": [], "missing_branches": []}, "verify_rc": {"executed_lines": [391, 393, 394, 396, 397, 398, 399, 400, 402, 409, 410, 414, 417, 418, 419, 421, 422, 424, 428, 429, 430, 431, 433, 434, 435, 436, 438, 439, 441], "summary": {"covered_lines": 29, "num_statements": 29, "percent_covered": 100.0, "percent_covered_display": "100.00", "missing_lines": 0, "excluded_lines": 2, "percent_statements_covered": 100.0, "percent_statements_covered_display": "100.00", "num_branches": 12, "num_partial_branches": 0, "covered_branches": 12, "missing_branches": 0, "percent_branches_covered": 100.0, "percent_branches_covered_display": "100.00"}, "missing_lines": [], "excluded_lines": [425, 426], "start_line": 380, "executed_branches": [[418, 419], [418, 421], [428, 429], [428, 433], [430, 431], [430, 433], [433, 434], [433, 438], [435, 436], [435, 438], [438, 439], [438, 441]], "missing_branches": []}, "verify_canonicalize": {"executed_lines": [460, 461, 462, 463, 464, 465, 473, 476, 477, 479, 481, 482, 484, 486, 487, 488, 489, 494, 500, 501, 505, 509, 510, 511, 513, 514, 515, 518, 524, 525, 526, 528, 531, 532, 533, 534, 535, 536, 538, 539, 543, 547, 548, 550, 551], "summary": {"covered_lines": 45, "num_statements": 45, "percent_covered": 100.0, "percent_covered_display": "100.00", "missing_lines": 0, "excluded_lines": 5, "percent_statements_covered": 100.0, "percent_statements_covered_display": "100.00", "num_branches": 10, "num_partial_branches": 0, "covered_branches": 10, "missing_branches": 0, "percent_branches_covered": 100.0, "percent_branches_covered_display": "100.00"}, "missing_lines": [], "excluded_lines": [496, 497, 498, 502, 506], "start_line": 449, "executed_branches": [[510, 511], [510, 513], [514, 515], [514, 518], [525, 526], [525, 528], [531, 532], [531, 550], [538, 539], [538, 547]], "missing_branches": []}, "verify_canonicalize.canonical_transform": {"executed_lines": [519, 520, 521, 522], "summary": {"covered_lines": 4, "num_statements": 4, "percent_covered": 100.0, "percent_covered_display": "100.00", "missing_lines": 0, "excluded_lines": 0, "percent_statements_covered": 100.0, "percent_statements_covered_display": "100.00", "num_branches": 0, "num_partial_branches": 0, "covered_branches": 0, "missing_branches": 0, "percent_branches_covered": 100.0, "percent_branches_covered_display": "100.00"}, "missing_lines": [], "excluded_lines": [], "start_line": 518, "executed_branches": [], "missing_branches": []}, "": {"executed_lines": [15, 16, 17, 19, 20, 21, 24, 25, 28, 32, 33, 36, 51, 65, 100, 101, 102, 120, 121, 126, 127, 128, 129, 190, 191, 192, 193, 235, 236, 267, 268, 273, 274, 275, 287, 288, 289, 290, 291, 326, 327, 328, 329, 375, 376, 377, 378, 379, 380, 444, 445, 446, 447, 448, 449], "summary": {"covered_lines": 55, "num_statements": 55, "percent_covered": 100.0, "percent_covered_display": "100.00", "missing_lines": 0, "excluded_lines": 3, "percent_statements_covered": 100.0, "percent_statements_covered_display": "100.00", "num_branches": 0, "num_partial_branches": 0, "covered_branches": 0, "missing_branches": 0, "percent_branches_covered": 100.0, "percent_branches_covered_display": "100.00"}, "missing_lines": [], "excluded_lines": [1, 558, 559], "start_line": 1, "executed_branches": [], "missing_branches": []}}, "classes": {"": {"executed_lines": [15, 16, 17, 19, 20, 21, 24, 25, 28, 32, 33, 36, 48, 51, 54, 55, 56, 57, 58, 59, 60, 61, 62, 65, 73, 74, 77, 80, 81, 84, 87, 93, 100, 101, 102, 120, 121, 126, 127, 128, 129, 139, 140, 143, 146, 148, 149, 150, 153, 154, 155, 160, 161, 162, 165, 167, 171, 174, 175, 176, 179, 180, 181, 182, 183, 185, 186, 190, 191, 192, 193, 199, 202, 203, 204, 205, 208, 209, 210, 213, 215, 216, 220, 222, 223, 224, 225, 226, 228, 229, 235, 236, 242, 244, 245, 246, 249, 250, 251, 252, 255, 256, 257, 259, 260, 267, 268, 273, 274, 275, 281, 283, 284, 287, 288, 289, 290, 291, 297, 298, 300, 301, 302, 304, 305, 306, 307, 309, 310, 311, 312, 313, 314, 315, 317, 318, 319, 320, 321, 323, 326, 327, 328, 329, 337, 338, 339, 340, 342, 344, 345, 346, 347, 349, 350, 351, 353, 354, 355, 356, 358, 362, 363, 364, 366, 367, 368, 369, 370, 372, 375, 376, 377, 378, 379, 380, 391, 393, 394, 396, 397, 398, 399, 400, 402, 409, 410, 414, 417, 418, 419, 421, 422, 424, 428, 429, 430, 431, 433, 434, 435, 436, 438, 439, 441, 444, 445, 446, 447, 448, 449, 460, 461, 462, 463, 464, 465, 473, 476, 477, 479, 481, 482, 484, 486, 487, 488, 489, 494, 500, 501, 505, 509, 510, 511, 513, 514, 515, 518, 519, 520, 521, 522, 524, 525, 526, 528, 531, 532, 533, 534, 535, 536, 538, 539, 543, 547, 548, 550, 551], "summary": {"covered_lines": 260, "num_statements": 264, "percent_covered": 98.18181818181819, "percent_covered_display": "98.18", "missing_lines": 4, "excluded_lines": 15, "percent_statements_covered": 98.48484848484848, "percent_statements_covered_display": "98.48", "num_branches": 66, "num_partial_branches": 2, "covered_branches": 64, "missing_branches": 2, "percent_branches_covered": 96.96969696969697, "percent_branches_covered_display": "96.97"}, "missing_lines": [156, 157, 168, 169], "excluded_lines": [1, 113, 123, 270, 359, 360, 425, 426, 496, 497, 498, 502, 506, 558, 559], "start_line": 1, "executed_branches": [[54, 55], [54, 62], [57, 58], [57, 60], [73, 74], [73, 93], [148, 149], [148, 153], [153, 154], [153, 160], [155, 174], [161, 162], [161, 165], [167, 171], [179, 180], [179, 185], [202, 203], [202, 208], [209, 210], [209, 213], [222, 223], [222, 228], [249, 250], [249, 255], [251, 252], [251, 255], [255, 256], [255, 259], [304, 305], [304, 309], [314, 315], [314, 317], [317, 318], [317, 323], [353, 354], [353, 362], [355, 356], [355, 358], [363, 364], [363, 366], [366, 367], [366, 372], [418, 419], [418, 421], [428, 429], [428, 433], [430, 431], [430, 433], [433, 434], [433, 438], [435, 436], [435, 438], [438, 439], [438, 441], [510, 511], [510, 513], [514, 515], [514, 518], [525, 526], [525, 528], [531, 532], [531, 550], [538, 539], [538, 547]], "missing_branches": [[155, 156], [167, 168]]}}}, "src\\onto_tools\\adapters\\logging\\__init__.py": {"executed_lines": [7, 9], "summary": {"covered_lines": 2, "num_statements": 2, "percent_covered": 100.0, "percent_covered_display": "100.00", "missing_lines": 0, "excluded_lines": 0, "percent_statements_covered": 100.0, "percent_statements_covered_display": "100.00", "num_branches": 0, "num_partial_branches": 0, "covered_branches": 0, "missing_branches": 0, "percent_branches_covered": 100.0, "percent_branches_covered_display": "100.00"}, "missing_lines": [], "excluded_lines": [], "executed_branches": [], "missing_branches": [], "functions": {"": {"executed_lines": [7, 9], "summary": {"covered_lines": 2, "num_statements": 2, "percent_covered": 100.0, "percent_covered_display": "100.00", "missing_lines": 0, "excluded_lines": 0, "percent_statements_covered": 100.0, "percent_statements_covered_display": "100.00", "num_branches": 0, "num_partial_branches": 0, "covered_branches": 0, "missing_branches": 0, "percent_branches_covered": 100.0, "percent_branches_covered_display": "100.00"}, "missing_lines": [], "excluded_lines": [], "start_line": 1, "executed_branches": [], "missing_branches": []}}, "classes": {"": {"executed_lines": [7, 9], "summary": {"covered_lines": 2, "num_statements": 2, "percent_covered": 100.0, "percent_covered_display": "100.00", "missing_lines": 0, "excluded_lines": 0, "percent_statements_covered": 100.0, "percent_statements_covered_display": "100.00", "num_branches": 0, "num_partial_branches": 0, "covered_branches": 0, "missing_branches": 0, "percent_branches_covered": 100.0, "percent_branches_covered_display": "100.00"}, "missing_lines": [], "excluded_lines": [], "start_line": 1, "executed_branches": [], "missing_branches": []}}}, "src\\onto_tools\\adapters\\logging\\audit_logger.py": {"executed_lines": [36, 37, 38, 39, 42, 51, 59, 60, 63, 64, 66, 67, 70, 71, 74, 75, 77, 106, 107, 108, 111, 127, 128, 136, 144, 146, 153, 156, 159, 161, 163, 164, 165, 166, 168, 175, 176, 177, 180, 182, 184, 186, 188, 189, 191, 201, 202, 207, 214, 215, 222, 235], "summary": {"covered_lines": 52, "num_statements": 52, "percent_covered": 100.0, "percent_covered_display": "100.00", "missing_lines": 0, "excluded_lines": 0, "percent_statements_covered": 100.0, "percent_statements_covered_display": "100.00", "num_branches": 8, "num_partial_branches": 0, "covered_branches": 8, "missing_branches": 0, "percent_branches_covered": 100.0, "percent_branches_covered_display": "100.00"}, "missing_lines": [], "excluded_lines": [], "executed_branches": [[63, 64], [63, 66], [70, 71], [70, 74], [127, 128], [127, 136], [163, 164], [163, 166]], "missing_branches": [], "functions": {"AuditLogger.__init__": {"executed_lines": [59, 60, 63, 64, 66, 67, 70, 71, 74, 75], "summary": {"covered_lines": 10, "num_statements": 10, "percent_covered": 100.0, "percent_covered_display": "100.00", "missing_lines": 0, "excluded_lines": 0, "percent_statements_covered": 100.0, "percent_statements_covered_display": "100.00", "num_branches": 4, "num_partial_branches": 0, "covered_branches": 4, "missing_branches": 0, "percent_branches_covered": 100.0, "percent_branches_covered_display": "100.00"}, "missing_lines": [], "excluded_lines": [], "start_line": 51, "executed_branches": [[63, 64], [63, 66], [70, 71], [70, 74]], "missing_branches": []}, "AuditLogger.log": {"executed_lines": [106, 107, 108, 111, 127, 128, 136, 144], "summary": {"covered_lines": 8, "num_statements": 8, "percent_covered": 100.0, "percent_covered_display": "100.00", "missing_lines": 0, "excluded_lines": 0, "percent_statements_covered": 100.0, "percent_statements_covered_display": "100.00", "num_branches": 2, "num_partial_branches": 0, "covered_branches": 2, "missing_branches": 0, "percent_branches_covered": 100.0, "percent_branches_covered_display": "100.00"}, "missing_lines": [], "excluded_lines": [], "start_line": 77, "executed_branches": [[127, 128], [127, 136]], "missing_branches": []}, "AuditLogger._append_operation": {"executed_lines": [153, 156, 159], "summary": {"covered_lines": 3, "num_statements": 3, "percent_covered": 100.0, "percent_covered_display": "100.00", "missing_lines": 0, "excluded_lines": 0, "percent_statements_covered": 100.0, "percent_statements_covered_display": "100.00", "num_branches": 0, "num_partial_branches": 0, "covered_branches": 0, "missing_branches": 0, "percent_branches_covered": 100.0, "percent_branches_covered_display": "100.00"}, "missing_lines": [], "excluded_lines": [], "start_line": 146, "executed_branches": [], "missing_branches": []}, "AuditLogger._read_log": {"executed_lines": [163, 164, 165, 166], "summary": {"covered_lines": 4, "num_statements": 4, "percent_covered": 100.0, "percent_covered_display": "100.00", "missing_lines": 0, "excluded_lines": 0, "percent_statements_covered": 100.0, "percent_statements_covered_display": "100.00", "num_branches": 2, "num_partial_branches": 0, "covered_branches": 2, "missing_branches": 0, "percent_branches_covered": 100.0, "percent_branches_covered_display": "100.00"}, "missing_lines": [], "excluded_lines": [], "start_line": 161, "executed_branches": [[163, 164], [163, 166]], "missing_branches": []}, "AuditLogger._write_log": {"executed_lines": [175, 176, 177, 180], "summary": {"covered_lines": 4, "num_statements": 4, "percent_covered": 100.0, "percent_covered_display": "100.00", "missing_lines": 0, "excluded_lines": 0, "percent_statements_covered": 100.0, "percent_statements_covered_display": "100.00", "num_branches": 0, "num_partial_branches": 0, "covered_branches": 0, "missing_branches": 0, "percent_branches_covered": 100.0, "percent_branches_covered_display": "100.00"}, "missing_lines": [], "excluded_lines": [], "start_line": 168, "executed_branches": [], "missing_branches": []}, "AuditLogger.get_log_path": {"executed_lines": [184], "summary": {"covered_lines": 1, "num_statements": 1, "percent_covered": 100.0, "percent_covered_display": "100.00", "missing_lines": 0, "excluded_lines": 0, "percent_statements_covered": 100.0, "percent_statements_covered_display": "100.00", "num_branches": 0, "num_partial_branches": 0, "covered_branches": 0, "missing_branches": 0, "percent_branches_covered": 100.0, "percent_branches_covered_display": "100.00"}, "missing_lines": [], "excluded_lines": [], "start_line": 182, "executed_branches": [], "missing_branches": []}, "AuditLogger.get_operations_count": {"executed_lines": [188, 189], "summary": {"covered_lines": 2, "num_statements": 2, "percent_covered": 100.0, "percent_covered_display": "100.00", "missing_lines": 0, "excluded_lines": 0, "percent_statements_covered": 100.0, "percent_statements_covered_display": "100.00", "num_branches": 0, "num_partial_branches": 0, "covered_branches": 0, "missing_branches": 0, "percent_branches_covered": 100.0, "percent_branches_covered_display": "100.00"}, "missing_lines": [], "excluded_lines": [], "start_line": 186, "executed_branches": [], "missing_branches": []}, "AuditLogger.get_operations_by_type": {"executed_lines": [201, 202], "summary": {"covered_lines": 2, "num_statements": 2, "percent_covered": 100.0, "percent_covered_display": "100.00", "missing_lines": 0, "excluded_lines": 0, "percent_statements_covered": 100.0, "percent_statements_covered_display": "100.00", "num_branches": 0, "num_partial_branches": 0, "covered_branches": 0, "missing_branches": 0, "percent_branches_covered": 100.0, "percent_branches_covered_display": "100.00"}, "missing_lines": [], "excluded_lines": [], "start_line": 191, "executed_branches": [], "missing_branches": []}, "AuditLogger.get_failed_operations": {"executed_lines": [214, 215], "summary": {"covered_lines": 2, "num_statements": 2, "percent_covered": 100.0, "percent_covered_display": "100.00", "missing_lines": 0, "excluded_lines": 0, "percent_statements_covered": 100.0, "percent_statements_covered_display": "100.00", "num_branches": 0, "num_partial_branches": 0, "covered_branches": 0, "missing_branches": 0, "percent_branches_covered": 100.0, "percent_branches_covered_display": "100.00"}, "missing_lines": [], "excluded_lines": [], "start_line": 207, "executed_branches": [], "missing_branches": []}, "create_audit_logger": {"executed_lines": [235], "summary": {"covered_lines": 1, "num_statements": 1, "percent_covered": 100.0, "percent_covered_display": "100.00", "missing_lines": 0, "excluded_lines": 0, "percent_statements_covered": 100.0, "percent_statements_covered_display": "100.00", "num_branches": 0, "num_partial_branches": 0, "covered_branches": 0, "missing_branches": 0, "percent_branches_covered": 100.0, "percent_branches_covered_display": "100.00"}, "missing_lines": [], "excluded_lines": [], "start_line": 222, "executed_branches": [], "missing_branches": []}, "": {"executed_lines": [36, 37, 38, 39, 42, 51, 77, 146, 161, 168, 182, 186, 191, 207, 222], "summary": {"covered_lines": 15, "num_statements": 15, "percent_covered": 100.0, "percent_covered_display": "100.00", "missing_lines": 0, "excluded_lines": 0, "percent_statements_covered": 100.0, "percent_statements_covered_display": "100.00", "num_branches": 0, "num_partial_branches": 0, "covered_branches": 0, "missing_branches": 0, "percent_branches_covered": 100.0, "percent_branches_covered_display": "100.00"}, "missing_lines": [], "excluded_lines": [], "start_line": 1, "executed_branches": [], "missing_branches": []}}, "classes": {"AuditLogger": {"executed_lines": [59, 60, 63, 64, 66, 67, 70, 71, 74, 75, 106, 107, 108, 111, 127, 128, 136, 144, 153, 156, 159, 163, 164, 165, 166, 175, 176, 177, 180, 184, 188, 189, 201, 202, 214, 215], "summary": {"covered_lines": 36, "num_statements": 36, "percent_covered": 100.0, "percent_covered_display": "100.00", "missing_lines": 0, "excluded_lines": 0, "percent_statements_covered": 100.0, "percent_statements_covered_display": "100.00", "num_branches": 8, "num_partial_branches": 0, "covered_branches": 8, "missing_branches": 0, "percent_branches_covered": 100.0, "percent_branches_covered_display": "100.00"}, "missing_lines": [], "excluded_lines": [], "start_line": 42, "executed_branches": [[63, 64], [63, 66], [70, 71], [70, 74], [127, 128], [127, 136], [163, 164], [163, 166]], "missing_branches": []}, "": {"executed_lines": [36, 37, 38, 39, 42, 51, 77, 146, 161, 168, 182, 186, 191, 207, 222, 235], "summary": {"covered_lines": 16, "num_statements": 16, "percent_covered": 100.0, "percent_covered_display": "100.00", "missing_lines": 0, "excluded_lines": 0, "percent_statements_covered": 100.0, "percent_statements_covered_display": "100.00", "num_branches": 0, "num_partial_branches": 0, "covered_branches": 0, "missing_branches": 0, "percent_branches_covered": 100.0, "percent_branches_covered_display": "100.00"}, "missing_lines": [], "excluded_lines": [], "start_line": 1, "executed_branches": [], "missing_branches": []}}}, "src\\onto_tools\\adapters\\rdf\\__init__.py": {"executed_lines": [], "summary": {"covered_lines": 0, "num_statements": 0, "percent_covered": 100.0, "percent_covered_display": "100.00", "missing_lines": 0, "excluded_lines": 0, "percent_statements_covered": 100.0, "percent_statements_covered_display": "100.00", "num_branches": 0, "num_partial_branches": 0, "covered_branches": 0, "missing_branches": 0, "percent_branches_covered": 100.0, "percent_branches_covered_display": "100.00"}, "missing_lines": [], "excluded_lines": [], "executed_branches": [], "missing_branches": [], "functions": {"": {"executed_lines": [], "summary": {"covered_lines": 0, "num_statements": 0, "percent_covered": 100.0, "percent_covered_display": "100.00", "missing_lines": 0, "excluded_lines": 0, "percent_statements_covered": 100.0, "percent_statements_covered_display": "100.00", "num_branches": 0, "num_partial_branches": 0, "covered_branches": 0, "missing_branches": 0, "percent_branches_covered": 100.0, "percent_branches_covered_display": "100.00"}, "missing_lines": [], "excluded_lines": [], "start_line": 1, "executed_branches": [], "missing_branches": []}}, "classes": {"": {"executed_lines": [], "summary": {"covered_lines": 0, "num_statements": 0, "percent_covered": 100.0, "percent_covered_display": "100.00", "missing_lines": 0, "excluded_lines": 0, "percent_statements_covered": 100.0, "percent_statements_covered_display": "100.00", "num_branches": 0, "num_partial_branches": 0, "covered_branches": 0, "missing_branches": 0, "percent_branches_covered": 100.0, "percent_branches_covered_display": "100.00"}, "missing_lines": [], "excluded_lines": [], "start_line": 1, "executed_branches": [], "missing_branches": []}}}, "src\\onto_tools\\adapters\\rdf\\protege_serializer.py": {"executed_lines": [8, 9, 11, 12, 15, 27, 46, 53, 54, 55, 56, 58, 60, 61, 63, 70, 73, 74, 77, 80, 83, 84, 85, 86, 89, 90, 92, 94, 97, 99, 100, 101, 102, 104, 105, 106, 107, 110, 112, 113, 114, 115, 118, 120, 122, 129, 131, 132, 134, 136, 140, 141, 144, 147, 149, 151, 155, 156, 157, 158, 159, 160, 162, 164, 179, 182, 185, 187, 192, 193, 196, 197, 198, 201, 204, 207, 216, 218, 220, 243, 244, 246, 250, 253, 254, 257, 259, 262, 265, 267, 270, 273, 274, 277, 279, 280, 282, 284, 286, 288, 294, 295, 296, 299, 302, 303, 304, 305, 307, 310, 312, 314, 318, 319, 321, 324, 325, 326, 327, 328, 330, 333, 335, 339, 340, 342, 343, 345, 346, 351, 355, 358, 359, 360, 361, 362, 365, 366, 367, 368, 370, 371, 372, 374, 375, 376, 377, 378, 379, 380, 381, 382, 384, 386, 389, 399, 400], "summary": {"covered_lines": 157, "num_statements": 160, "percent_covered": 97.29729729729729, "percent_covered_display": "97.30", "missing_lines": 3, "excluded_lines": 0, "percent_statements_covered": 98.125, "percent_statements_covered_display": "98.12", "num_branches": 62, "num_partial_branches": 3, "covered_branches": 59, "missing_branches": 3, "percent_branches_covered": 95.16129032258064, "percent_branches_covered_display": "95.16"}, "missing_lines": [188, 247, 349], "excluded_lines": [], "executed_branches": [[60, -58], [60, 61], [83, 84], [83, 92], [89, 83], [89, 90], [99, 100], [99, 110], [100, 99], [100, 101], [101, 100], [101, 102], [104, 100], [104, 105], [105, 104], [105, 106], [112, 113], [112, 118], [114, 112], [114, 115], [131, 132], [131, 134], [187, 192], [196, 197], [196, 218], [246, 250], [257, 259], [257, 262], [265, 267], [265, 270], [273, 274], [273, 286], [279, 280], [279, 282], [318, 319], [318, 321], [324, 325], [324, 333], [325, 324], [325, 326], [327, 328], [327, 330], [339, 340], [339, 342], [342, 343], [342, 345], [345, 346], [365, 366], [365, 367], [367, 368], [367, 386], [370, 371], [370, 372], [372, 374], [372, 379], [379, 380], [379, 381], [381, 382], [381, 384]], "missing_branches": [[187, 188], [246, 247], [345, 349]], "functions": {"ProtegeStyleTurtleSerializer.__init__": {"executed_lines": [53, 54, 55, 56], "summary": {"covered_lines": 4, "num_statements": 4, "percent_covered": 100.0, "percent_covered_display": "100.00", "missing_lines": 0, "excluded_lines": 0, "percent_statements_covered": 100.0, "percent_statements_covered_display": "100.00", "num_branches": 0, "num_partial_branches": 0, "covered_branches": 0, "missing_branches": 0, "percent_branches_covered": 100.0, "percent_branches_covered_display": "100.00"}, "missing_lines": [], "excluded_lines": [], "start_line": 46, "executed_branches": [], "missing_branches": []}, "ProtegeStyleTurtleSerializer._build_prefix_map": {"executed_lines": [60, 61], "summary": {"covered_lines": 2, "num_statements": 2, "percent_covered": 100.0, "percent_covered_display": "100.00", "missing_lines": 0, "excluded_lines": 0, "percent_statements_covered": 100.0, "percent_statements_covered_display": "100.00", "num_branches": 2, "num_partial_branches": 0, "covered_branches": 2, "missing_branches": 0, "percent_branches_covered": 100.0, "percent_branches_covered_display": "100.00"}, "missing_lines": [], "excluded_lines": [], "start_line": 58, "executed_branches": [[60, -58], [60, 61]], "missing_branches": []}, "ProtegeStyleTurtleSerializer.serialize": {"executed_lines": [70, 73, 74, 77, 80, 83, 84, 85, 86, 89, 90, 92], "summary": {"covered_lines": 12, "num_statements": 12, "percent_covered": 100.0, "percent_covered_display": "100.00", "missing_lines": 0, "excluded_lines": 0, "percent_statements_covered": 100.0, "percent_statements_covered_display": "100.00", "num_branches": 4, "num_partial_branches": 0, "covered_branches": 4, "missing_branches": 0, "percent_branches_covered": 100.0, "percent_branches_covered_display": "100.00"}, "missing_lines": [], "excluded_lines": [], "start_line": 63, "executed_branches": [[83, 84], [83, 92], [89, 83], [89, 90]], "missing_branches": []}, "ProtegeStyleTurtleSerializer._serialize_prefixes": {"executed_lines": [97, 99, 100, 101, 102, 104, 105, 106, 107, 110, 112, 113, 114, 115, 118, 120], "summary": {"covered_lines": 16, "num_statements": 16, "percent_covered": 100.0, "percent_covered_display": "100.00", "missing_lines": 0, "excluded_lines": 0, "percent_statements_covered": 100.0, "percent_statements_covered_display": "100.00", "num_branches": 14, "num_partial_branches": 0, "covered_branches": 14, "missing_branches": 0, "percent_branches_covered": 100.0, "percent_branches_covered_display": "100.00"}, "missing_lines": [], "excluded_lines": [], "start_line": 94, "executed_branches": [[99, 100], [99, 110], [100, 99], [100, 101], [101, 100], [101, 102], [104, 100], [104, 105], [105, 104], [105, 106], [112, 113], [112, 118], [114, 112], [114, 115]], "missing_branches": []}, "ProtegeStyleTurtleSerializer._group_by_subject": {"executed_lines": [129, 131, 132, 134], "summary": {"covered_lines": 4, "num_statements": 4, "percent_covered": 100.0, "percent_covered_display": "100.00", "missing_lines": 0, "excluded_lines": 0, "percent_statements_covered": 100.0, "percent_statements_covered_display": "100.00", "num_branches": 2, "num_partial_branches": 0, "covered_branches": 2, "missing_branches": 0, "percent_branches_covered": 100.0, "percent_branches_covered_display": "100.00"}, "missing_lines": [], "excluded_lines": [], "start_line": 122, "executed_branches": [[131, 132], [131, 134]], "missing_branches": []}, "ProtegeStyleTurtleSerializer._sort_subjects": {"executed_lines": [140, 141, 144, 147, 149], "summary": {"covered_lines": 5, "num_statements": 5, "percent_covered": 100.0, "percent_covered_display": "100.00", "missing_lines": 0, "excluded_lines": 0, "percent_statements_covered": 100.0, "percent_statements_covered_display": "100.00", "num_branches": 0, "num_partial_branches": 0, "covered_branches": 0, "missing_branches": 0, "percent_branches_covered": 100.0, "percent_branches_covered_display": "100.00"}, "missing_lines": [], "excluded_lines": [], "start_line": 136, "executed_branches": [], "missing_branches": []}, "ProtegeStyleTurtleSerializer._sort_predicates": {"executed_lines": [155, 162], "summary": {"covered_lines": 2, "num_statements": 2, "percent_covered": 100.0, "percent_covered_display": "100.00", "missing_lines": 0, "excluded_lines": 0, "percent_statements_covered": 100.0, "percent_statements_covered_display": "100.00", "num_branches": 0, "num_partial_branches": 0, "covered_branches": 0, "missing_branches": 0, "percent_branches_covered": 100.0, "percent_branches_covered_display": "100.00"}, "missing_lines": [], "excluded_lines": [], "start_line": 151, "executed_branches": [], "missing_branches": []}, "ProtegeStyleTurtleSerializer._sort_predicates.pred_key": {"executed_lines": [156, 157, 158, 159, 160], "summary": {"covered_lines": 5, "num_statements": 5, "percent_covered": 100.0, "percent_covered_display": "100.00", "missing_lines": 0, "excluded_lines": 0, "percent_statements_covered": 100.0, "percent_statements_covered_display": "100.00", "num_branches": 0, "num_partial_branches": 0, "covered_branches": 0, "missing_branches": 0, "percent_branches_covered": 100.0, "percent_branches_covered_display": "100.00"}, "missing_lines": [], "excluded_lines": [], "start_line": 155, "executed_branches": [], "missing_branches": []}, "ProtegeStyleTurtleSerializer._serialize_subject_block": {"executed_lines": [179, 182, 185, 187, 192, 193, 196, 197, 198, 201, 204, 207, 216, 218], "summary": {"covered_lines": 14, "num_statements": 15, "percent_covered": 89.47368421052632, "percent_covered_display": "89.47", "missing_lines": 1, "excluded_lines": 0, "percent_statements_covered": 93.33333333333333, "percent_statements_covered_display": "93.33", "num_branches": 4, "num_partial_branches": 1, "covered_branches": 3, "missing_branches": 1, "percent_branches_covered": 75.0, "percent_branches_covered_display": "75.00"}, "missing_lines": [188], "excluded_lines": [], "start_line": 164, "executed_branches": [[187, 192], [196, 197], [196, 218]], "missing_branches": [[187, 188]]}, "ProtegeStyleTurtleSerializer._serialize_predicate_objects": {"executed_lines": [243, 244, 246, 250, 253, 254, 257, 259, 262, 265, 267, 270, 273, 274, 277, 279, 280, 282, 284, 286], "summary": {"covered_lines": 20, "num_statements": 21, "percent_covered": 93.54838709677419, "percent_covered_display": "93.55", "missing_lines": 1, "excluded_lines": 0, "percent_statements_covered": 95.23809523809524, "percent_statements_covered_display": "95.24", "num_branches": 10, "num_partial_branches": 1, "covered_branches": 9, "missing_branches": 1, "percent_branches_covered": 90.0, "percent_branches_covered_display": "90.00"}, "missing_lines": [247], "excluded_lines": [], "start_line": 220, "executed_branches": [[246, 250], [257, 259], [257, 262], [265, 267], [265, 270], [273, 274], [273, 286], [279, 280], [279, 282]], "missing_branches": [[246, 247]]}, "ProtegeStyleTurtleSerializer._sort_objects": {"executed_lines": [294, 295, 296, 299, 302, 307, 310, 312], "summary": {"covered_lines": 8, "num_statements": 8, "percent_covered": 100.0, "percent_covered_display": "100.00", "missing_lines": 0, "excluded_lines": 0, "percent_statements_covered": 100.0, "percent_statements_covered_display": "100.00", "num_branches": 0, "num_partial_branches": 0, "covered_branches": 0, "missing_branches": 0, "percent_branches_covered": 100.0, "percent_branches_covered_display": "100.00"}, "missing_lines": [], "excluded_lines": [], "start_line": 288, "executed_branches": [], "missing_branches": []}, "ProtegeStyleTurtleSerializer._sort_objects.literal_key": {"executed_lines": [303, 304, 305], "summary": {"covered_lines": 3, "num_statements": 3, "percent_covered": 100.0, "percent_covered_display": "100.00", "missing_lines": 0, "excluded_lines": 0, "percent_statements_covered": 100.0, "percent_statements_covered_display": "100.00", "num_branches": 0, "num_partial_branches": 0, "covered_branches": 0, "missing_branches": 0, "percent_branches_covered": 100.0, "percent_branches_covered_display": "100.00"}, "missing_lines": [], "excluded_lines": [], "start_line": 302, "executed_branches": [], "missing_branches": []}, "ProtegeStyleTurtleSerializer._to_qname": {"executed_lines": [318, 319, 321, 324, 325, 326, 327, 328, 330, 333], "summary": {"covered_lines": 10, "num_statements": 10, "percent_covered": 100.0, "percent_covered_display": "100.00", "missing_lines": 0, "excluded_lines": 0, "percent_statements_covered": 100.0, "percent_statements_covered_display": "100.00", "num_branches": 8, "num_partial_branches": 0, "covered_branches": 8, "missing_branches": 0, "percent_branches_covered": 100.0, "percent_branches_covered_display": "100.00"}, "missing_lines": [], "excluded_lines": [], "start_line": 314, "executed_branches": [[318, 319], [318, 321], [324, 325], [324, 333], [325, 324], [325, 326], [327, 328], [327, 330]], "missing_branches": []}, "ProtegeStyleTurtleSerializer._format_object": {"executed_lines": [339, 340, 342, 343, 345, 346], "summary": {"covered_lines": 6, "num_statements": 7, "percent_covered": 84.61538461538461, "percent_covered_display": "84.62", "missing_lines": 1, "excluded_lines": 0, "percent_statements_covered": 85.71428571428571, "percent_statements_covered_display": "85.71", "num_branches": 6, "num_partial_branches": 1, "covered_branches": 5, "missing_branches": 1, "percent_branches_covered": 83.33333333333333, "percent_branches_covered_display": "83.33"}, "missing_lines": [349], "excluded_lines": [], "start_line": 335, "executed_branches": [[339, 340], [339, 342], [342, 343], [342, 345], [345, 346]], "missing_branches": [[345, 349]]}, "ProtegeStyleTurtleSerializer._format_literal": {"executed_lines": [355, 358, 359, 360, 361, 362, 365, 366, 367, 368, 370, 371, 372, 374, 375, 376, 377, 378, 379, 380, 381, 382, 384, 386], "summary": {"covered_lines": 24, "num_statements": 24, "percent_covered": 100.0, "percent_covered_display": "100.00", "missing_lines": 0, "excluded_lines": 0, "percent_statements_covered": 100.0, "percent_statements_covered_display": "100.00", "num_branches": 12, "num_partial_branches": 0, "covered_branches": 12, "missing_branches": 0, "percent_branches_covered": 100.0, "percent_branches_covered_display": "100.00"}, "missing_lines": [], "excluded_lines": [], "start_line": 351, "executed_branches": [[365, 366], [365, 367], [367, 368], [367, 386], [370, 371], [370, 372], [372, 374], [372, 379], [379, 380], [379, 381], [381, 382], [381, 384]], "missing_branches": []}, "serialize_protege_style": {"executed_lines": [399, 400], "summary": {"covered_lines": 2, "num_statements": 2, "percent_covered": 100.0, "percent_covered_display": "100.00", "missing_lines": 0, "excluded_lines": 0, "percent_statements_covered": 100.0, "percent_statements_covered_display": "100.00", "num_branches": 0, "num_partial_branches": 0, "covered_branches": 0, "missing_branches": 0, "percent_branches_covered": 100.0, "percent_branches_covered_display": "100.00"}, "missing_lines": [], "excluded_lines": [], "start_line": 389, "executed_branches": [], "missing_branches": []}, "": {"executed_lines": [8, 9, 11, 12, 15, 27, 46, 58, 63, 94, 122, 136, 151, 164, 220, 288, 314, 335, 351, 389], "summary": {"covered_lines": 20, "num_statements": 20, "percent_covered": 100.0, "percent_covered_display": "100.00", "missing_lines": 0, "excluded_lines": 0, "percent_statements_covered": 100.0, "percent_statements_covered_display": "100.00", "num_branches": 0, "num_partial_branches": 0, "covered_branches": 0, "missing_branches": 0, "percent_branches_covered": 100.0, "percent_branches_covered_display": "100.00"}, "missing_lines": [], "excluded_lines": [], "start_line": 1, "executed_branches": [], "missing_branches": []}}, "classes": {"ProtegeStyleTurtleSerializer": {"executed_lines": [53, 54, 55, 56, 60, 61, 70, 73, 74, 77, 80, 83, 84, 85, 86, 89, 90, 92, 97, 99, 100, 101, 102, 104, 105, 106, 107, 110, 112, 113, 114, 115, 118, 120, 129, 131, 132, 134, 140, 141, 144, 147, 149, 155, 156, 157, 158, 159, 160, 162, 179, 182, 185, 187, 192, 193, 196, 197, 198, 201, 204, 207, 216, 218, 243, 244, 246, 250, 253, 254, 257, 259, 262, 265, 267, 270, 273, 274, 277, 279, 280, 282, 284, 286, 294, 295, 296, 299, 302, 303, 304, 305, 307, 310, 312, 318, 319, 321, 324, 325, 326, 327, 328, 330, 333, 339, 340, 342, 343, 345, 346, 355, 358, 359, 360, 361, 362, 365, 366, 367, 368, 370, 371, 372, 374, 375, 376, 377, 378, 379, 380, 381, 382, 384, 386], "summary": {"covered_lines": 135, "num_statements": 138, "percent_covered": 97.0, "percent_covered_display": "97.00", "missing_lines": 3, "excluded_lines": 0, "percent_statements_covered": 97.82608695652173, "percent_statements_covered_display": "97.83", "num_branches": 62, "num_partial_branches": 3, "covered_branches": 59, "missing_branches": 3, "percent_branches_covered": 95.16129032258064, "percent_branches_covered_display": "95.16"}, "missing_lines": [188, 247, 349], "excluded_lines": [], "start_line": 15, "executed_branches": [[60, -58], [60, 61], [83, 84], [83, 92], [89, 83], [89, 90], [99, 100], [99, 110], [100, 99], [100, 101], [101, 100], [101, 102], [104, 100], [104, 105], [105, 104], [105, 106], [112, 113], [112, 118], [114, 112], [114, 115], [131, 132], [131, 134], [187, 192], [196, 197], [196, 218], [246, 250], [257, 259], [257, 262], [265, 267], [265, 270], [273, 274], [273, 286], [279, 280], [279, 282], [318, 319], [318, 321], [324, 325], [324, 333], [325, 324], [325, 326], [327, 328], [327, 330], [339, 340], [339, 342], [342, 343], [342, 345], [345, 346], [365, 366], [365, 367], [367, 368], [367, 386], [370, 371], [370, 372], [372, 374], [372, 379], [379, 380], [379, 381], [381, 382], [381, 384]], "missing_branches": [[187, 188], [246, 247], [345, 349]]}, "": {"executed_lines": [8, 9, 11, 12, 15, 27, 46, 58, 63, 94, 122, 136, 151, 164, 220, 288, 314, 335, 351, 389, 399, 400], "summary": {"covered_lines": 22, "num_statements": 22, "percent_covered": 100.0, "percent_covered_display": "100.00", "missing_lines": 0, "excluded_lines": 0, "percent_statements_covered": 100.0, "percent_statements_covered_display": "100.00", "num_branches": 0, "num_partial_branches": 0, "covered_branches": 0, "missing_branches": 0, "percent_branches_covered": 100.0, "percent_branches_covered_display": "100.00"}, "missing_lines": [], "excluded_lines": [], "start_line": 1, "executed_branches": [], "missing_branches": []}}}, "src\\onto_tools\\adapters\\rdf\\rdflib_adapter.py": {"executed_lines": [2, 4, 5, 6, 8, 9, 11, 17, 18, 27, 28, 29, 31, 32, 34, 35, 37, 38, 42, 43, 44, 45, 47, 49, 50, 51, 52, 53, 55, 61, 63, 64, 74, 75, 77, 79, 82, 84, 86, 87, 88, 89, 90, 91, 92, 93, 95, 96, 107], "summary": {"covered_lines": 49, "num_statements": 51, "percent_covered": 96.49122807017544, "percent_covered_display": "96.49", "missing_lines": 2, "excluded_lines": 2, "percent_statements_covered": 96.07843137254902, "percent_statements_covered_display": "96.08", "num_branches": 6, "num_partial_branches": 0, "covered_branches": 6, "missing_branches": 0, "percent_branches_covered": 100.0, "percent_branches_covered_display": "100.00"}, "missing_lines": [39, 40], "excluded_lines": [13, 14], "executed_branches": [[31, 32], [31, 34], [34, 35], [34, 37], [77, 79], [77, 82]], "missing_branches": [], "functions": {"RDFlibAdapter.load_ttl": {"executed_lines": [29, 31, 32, 34, 35, 37, 38, 42, 43, 44, 45, 47, 49, 50, 51, 52, 53, 55, 61], "summary": {"covered_lines": 19, "num_statements": 21, "percent_covered": 92.0, "percent_covered_display": "92.00", "missing_lines": 2, "excluded_lines": 0, "percent_statements_covered": 90.47619047619048, "percent_statements_covered_display": "90.48", "num_branches": 4, "num_partial_branches": 0, "covered_branches": 4, "missing_branches": 0, "percent_branches_covered": 100.0, "percent_branches_covered_display": "100.00"}, "missing_lines": [39, 40], "excluded_lines": [], "start_line": 28, "executed_branches": [[31, 32], [31, 34], [34, 35], [34, 37]], "missing_branches": []}, "RDFlibAdapter.save_ttl": {"executed_lines": [74, 75, 77, 79, 82, 84], "summary": {"covered_lines": 6, "num_statements": 6, "percent_covered": 100.0, "percent_covered_display": "100.00", "missing_lines": 0, "excluded_lines": 0, "percent_statements_covered": 100.0, "percent_statements_covered_display": "100.00", "num_branches": 2, "num_partial_branches": 0, "covered_branches": 2, "missing_branches": 0, "percent_branches_covered": 100.0, "percent_branches_covered_display": "100.00"}, "missing_lines": [], "excluded_lines": [], "start_line": 64, "executed_branches": [[77, 79], [77, 82]], "missing_branches": []}, "RDFlibAdapter.parse_turtle": {"executed_lines": [88, 89, 90, 91, 92, 93], "summary": {"covered_lines": 6, "num_statements": 6, "percent_covered": 100.0, "percent_covered_display": "100.00", "missing_lines": 0, "excluded_lines": 0, "percent_statements_covered": 100.0, "percent_statements_covered_display": "100.00", "num_branches": 0, "num_partial_branches": 0, "covered_branches": 0, "missing_branches": 0, "percent_branches_covered": 100.0, "percent_branches_covered_display": "100.00"}, "missing_lines": [], "excluded_lines": [], "start_line": 87, "executed_branches": [], "missing_branches": []}, "RDFlibAdapter.serialize_turtle": {"executed_lines": [107], "summary": {"covered_lines": 1, "num_statements": 1, "percent_covered": 100.0, "percent_covered_display": "100.00", "missing_lines": 0, "excluded_lines": 0, "percent_statements_covered": 100.0, "percent_statements_covered_display": "100.00", "num_branches": 0, "num_partial_branches": 0, "covered_branches": 0, "missing_branches": 0, "percent_branches_covered": 100.0, "percent_branches_covered_display": "100.00"}, "missing_lines": [], "excluded_lines": [], "start_line": 96, "executed_branches": [], "missing_branches": []}, "": {"executed_lines": [2, 4, 5, 6, 8, 9, 11, 17, 18, 27, 28, 63, 64, 86, 87, 95, 96], "summary": {"covered_lines": 17, "num_statements": 17, "percent_covered": 100.0, "percent_covered_display": "100.00", "missing_lines": 0, "excluded_lines": 2, "percent_statements_covered": 100.0, "percent_statements_covered_display": "100.00", "num_branches": 0, "num_partial_branches": 0, "covered_branches": 0, "missing_branches": 0, "percent_branches_covered": 100.0, "percent_branches_covered_display": "100.00"}, "missing_lines": [], "excluded_lines": [13, 14], "start_line": 1, "executed_branches": [], "missing_branches": []}}, "classes": {"RDFlibAdapter": {"executed_lines": [29, 31, 32, 34, 35, 37, 38, 42, 43, 44, 45, 47, 49, 50, 51, 52, 53, 55, 61, 74, 75, 77, 79, 82, 84, 88, 89, 90, 91, 92, 93, 107], "summary": {"covered_lines": 32, "num_statements": 34, "percent_covered": 95.0, "percent_covered_display": "95.00", "missing_lines": 2, "excluded_lines": 0, "percent_statements_covered": 94.11764705882354, "percent_statements_covered_display": "94.12", "num_branches": 6, "num_partial_branches": 0, "covered_branches": 6, "missing_branches": 0, "percent_branches_covered": 100.0, "percent_branches_covered_display": "100.00"}, "missing_lines": [39, 40], "excluded_lines": [], "start_line": 17, "executed_branches": [[31, 32], [31, 34], [34, 35], [34, 37], [77, 79], [77, 82]], "missing_branches": []}, "": {"executed_lines": [2, 4, 5, 6, 8, 9, 11, 17, 18, 27, 28, 63, 64, 86, 87, 95, 96], "summary": {"covered_lines": 17, "num_statements": 17, "percent_covered": 100.0, "percent_covered_display": "100.00", "missing_lines": 0, "excluded_lines": 2, "percent_statements_covered": 100.0, "percent_statements_covered_display": "100.00", "num_branches": 0, "num_partial_branches": 0, "covered_branches": 0, "missing_branches": 0, "percent_branches_covered": 100.0, "percent_branches_covered_display": "100.00"}, "missing_lines": [], "excluded_lines": [13, 14], "start_line": 1, "executed_branches": [], "missing_branches": []}}}, "src\\onto_tools\\adapters\\reporting\\__init__.py": {"executed_lines": [2, 4], "summary": {"covered_lines": 2, "num_statements": 2, "percent_covered": 100.0, "percent_covered_display": "100.00", "missing_lines": 0, "excluded_lines": 0, "percent_statements_covered": 100.0, "percent_statements_covered_display": "100.00", "num_branches": 0, "num_partial_branches": 0, "covered_branches": 0, "missing_branches": 0, "percent_branches_covered": 100.0, "percent_branches_covered_display": "100.00"}, "missing_lines": [], "excluded_lines": [], "executed_branches": [], "missing_branches": [], "functions": {"": {"executed_lines": [2, 4], "summary": {"covered_lines": 2, "num_statements": 2, "percent_covered": 100.0, "percent_covered_display": "100.00", "missing_lines": 0, "excluded_lines": 0, "percent_statements_covered": 100.0, "percent_statements_covered_display": "100.00", "num_branches": 0, "num_partial_branches": 0, "covered_branches": 0, "missing_branches": 0, "percent_branches_covered": 100.0, "percent_branches_covered_display": "100.00"}, "missing_lines": [], "excluded_lines": [], "start_line": 1, "executed_branches": [], "missing_branches": []}}, "classes": {"": {"executed_lines": [2, 4], "summary": {"covered_lines": 2, "num_statements": 2, "percent_covered": 100.0, "percent_covered_display": "100.00", "missing_lines": 0, "excluded_lines": 0, "percent_statements_covered": 100.0, "percent_statements_covered_display": "100.00", "num_branches": 0, "num_partial_branches": 0, "covered_branches": 0, "missing_branches": 0, "percent_branches_covered": 100.0, "percent_branches_covered_display": "100.00"}, "missing_lines": [], "excluded_lines": [], "start_line": 1, "executed_branches": [], "missing_branches": []}}}, "src\\onto_tools\\adapters\\reporting\\audit_formatter.py": {"executed_lines": [4, 5, 6, 7, 10, 13, 14, 26, 27, 30, 31, 34, 37, 38, 39, 42, 44, 45, 46, 47, 49, 50, 51, 52, 53, 54, 55, 57, 58, 60, 61, 63, 64, 67, 68, 69, 72, 73, 74, 76, 77, 78, 79, 80, 81, 84, 86, 87, 88, 89, 94, 95, 96, 97, 98, 107, 108, 109, 110, 111, 118, 119, 120, 121, 122, 125, 127, 128, 130, 131, 133, 134, 135, 140, 141, 142, 147, 148, 149, 150, 151, 152, 153, 154, 155, 156, 157, 159, 162, 163, 164, 165, 166, 167, 168, 171, 176, 177, 178, 179, 180, 182, 185, 186, 187, 188, 189, 190, 193, 198, 199, 200, 201, 203, 204, 205, 209, 210, 211, 212, 213, 214, 215, 216, 217, 220, 225, 226, 227, 229, 230, 231, 232, 233, 235, 236, 237, 241, 242, 243, 244, 245, 246, 247, 250, 255, 256, 258, 259, 260, 261, 262, 265, 266, 270, 273, 274, 275, 276, 279, 280, 281, 286, 288, 289, 290, 291, 292, 293, 294, 295, 298, 299, 302, 306, 311, 312, 313, 314, 316, 317, 318, 320, 321, 322, 323, 325, 326, 327, 329, 330, 331, 332, 335, 342, 349, 356, 359, 360, 361, 362, 363, 364, 365, 366, 367, 368, 369, 370, 371, 372, 375, 376, 377, 378, 379, 380, 383, 384, 385, 386, 387, 388, 389, 390, 391, 392, 393, 394, 397, 398, 401, 402, 403, 405, 407, 408, 409, 410, 411, 413, 414, 415, 416, 417, 422, 423, 424, 425, 426, 429, 430, 431, 432, 435, 441, 444, 445, 447, 448, 450, 451, 455, 456, 457, 460, 462, 463, 465, 468, 470, 471, 474, 476, 477, 479, 480, 481, 482, 484, 485, 486, 487, 488, 489, 490, 493, 494, 497, 498, 500, 504, 506], "summary": {"covered_lines": 293, "num_statements": 314, "percent_covered": 90.04739336492891, "percent_covered_display": "90.05", "missing_lines": 21, "excluded_lines": 0, "percent_statements_covered": 93.31210191082802, "percent_statements_covered_display": "93.31", "num_branches": 108, "num_partial_branches": 19, "covered_branches": 87, "missing_branches": 21, "percent_branches_covered": 80.55555555555556, "percent_branches_covered_display": "80.56"}, "missing_lines": [65, 101, 102, 103, 104, 113, 114, 115, 116, 137, 138, 144, 145, 268, 300, 419, 436, 437, 438, 453, 466], "excluded_lines": [], "executed_branches": [[30, 31], [30, 34], [44, 45], [44, 493], [49, 50], [49, 57], [57, 58], [57, 484], [64, 67], [84, 86], [84, 159], [94, 95], [107, 108], [133, 134], [140, 141], [162, 163], [162, 185], [176, 177], [176, 185], [185, 186], [185, 209], [198, 199], [198, 209], [209, 210], [209, 241], [211, 212], [225, 226], [225, 241], [230, 231], [230, 237], [241, 242], [241, 273], [243, 244], [255, 256], [255, 273], [259, 255], [259, 260], [265, 266], [274, 275], [274, 397], [290, 291], [290, 295], [299, 302], [316, 317], [316, 325], [320, 321], [320, 325], [322, 320], [322, 323], [325, -298], [325, 326], [329, -298], [329, 330], [331, 329], [331, 332], [359, 360], [375, 376], [383, 384], [397, 44], [397, 398], [405, 407], [405, 422], [407, 408], [407, 413], [413, 414], [422, 423], [424, 425], [424, 429], [429, 430], [431, 432], [431, 435], [435, 441], [445, 447], [445, 460], [447, 448], [447, 450], [450, 451], [455, 456], [460, 44], [460, 462], [465, 468], [468, 460], [468, 470], [481, 468], [481, 482], [484, 44], [484, 485]], "missing_branches": [[64, 65], [94, 101], [107, 113], [133, 137], [140, 144], [211, 241], [243, 273], [265, 268], [299, 300], [359, 375], [375, 383], [383, 397], [413, 419], [422, 429], [429, 435], [435, 436], [437, 438], [437, 441], [450, 453], [455, 457], [465, 466]], "functions": {"AuditLogFormatter.format_to_markdown": {"executed_lines": [26, 27, 30, 31, 34, 37, 38, 39, 42, 44, 45, 46, 47, 49, 50, 51, 52, 53, 54, 55, 57, 58, 60, 61, 63, 64, 67, 68, 69, 72, 73, 74, 76, 77, 78, 79, 80, 81, 84, 86, 87, 88, 89, 94, 95, 96, 97, 98, 107, 108, 109, 110, 111, 118, 119, 120, 121, 122, 125, 127, 128, 130, 131, 133, 134, 135, 140, 141, 142, 147, 148, 149, 150, 151, 152, 153, 154, 155, 156, 157, 159, 162, 163, 164, 165, 166, 167, 168, 171, 176, 177, 178, 179, 180, 182, 185, 186, 187, 188, 189, 190, 193, 198, 199, 200, 201, 203, 204, 205, 209, 210, 211, 212, 213, 214, 215, 216, 217, 220, 225, 226, 227, 229, 230, 231, 232, 233, 235, 236, 237, 241, 242, 243, 244, 245, 246, 247, 250, 255, 256, 258, 259, 260, 261, 262, 265, 266, 270, 273, 274, 275, 276, 279, 280, 281, 286, 288, 289, 290, 291, 292, 293, 294, 295, 298, 299, 302, 306, 311, 312, 313, 314, 316, 317, 318, 320, 321, 322, 323, 325, 326, 327, 329, 330, 331, 332, 335, 342, 349, 356, 359, 360, 361, 362, 363, 364, 365, 366, 367, 368, 369, 370, 371, 372, 375, 376, 377, 378, 379, 380, 383, 384, 385, 386, 387, 388, 389, 390, 391, 392, 393, 394, 397, 398, 401, 402, 403, 405, 407, 408, 409, 410, 411, 413, 414, 415, 416, 417, 422, 423, 424, 425, 426, 429, 430, 431, 432, 435, 441, 444, 445, 447, 448, 450, 451, 455, 456, 457, 460, 462, 463, 465, 468, 470, 471, 474, 476, 477, 479, 480, 481, 482, 484, 485, 486, 487, 488, 489, 490, 493, 494, 497, 498, 500], "summary": {"covered_lines": 284, "num_statements": 305, "percent_covered": 89.83050847457628, "percent_covered_display": "89.83", "missing_lines": 21, "excluded_lines": 0, "percent_statements_covered": 93.11475409836065, "percent_statements_covered_display": "93.11", "num_branches": 108, "num_partial_branches": 19, "covered_branches": 87, "missing_branches": 21, "percent_branches_covered": 80.55555555555556, "percent_branches_covered_display": "80.56"}, "missing_lines": [65, 101, 102, 103, 104, 113, 114, 115, 116, 137, 138, 144, 145, 268, 300, 419, 436, 437, 438, 453, 466], "excluded_lines": [], "start_line": 14, "executed_branches": [[30, 31], [30, 34], [44, 45], [44, 493], [49, 50], [49, 57], [57, 58], [57, 484], [64, 67], [84, 86], [84, 159], [94, 95], [107, 108], [133, 134], [140, 141], [162, 163], [162, 185], [176, 177], [176, 185], [185, 186], [185, 209], [198, 199], [198, 209], [209, 210], [209, 241], [211, 212], [225, 226], [225, 241], [230, 231], [230, 237], [241, 242], [241, 273], [243, 244], [255, 256], [255, 273], [259, 255], [259, 260], [265, 266], [274, 275], [274, 397], [290, 291], [290, 295], [299, 302], [316, 317], [316, 325], [320, 321], [320, 325], [322, 320], [322, 323], [325, -298], [325, 326], [329, -298], [329, 330], [331, 329], [331, 332], [359, 360], [375, 376], [383, 384], [397, 44], [397, 398], [405, 407], [405, 422], [407, 408], [407, 413], [413, 414], [422, 423], [424, 425], [424, 429], [429, 430], [431, 432], [431, 435], [435, 441], [445, 447], [445, 460], [447, 448], [447, 450], [450, 451], [455, 456], [460, 44], [460, 462], [465, 468], [468, 460], [468, 470], [481, 468], [481, 482], [484, 44], [484, 485]], "missing_branches": [[64, 65], [94, 101], [107, 113], [133, 137], [140, 144], [211, 241], [243, 273], [265, 268], [299, 300], [359, 375], [375, 383], [383, 397], [413, 419], [422, 429], [429, 435], [435, 436], [437, 438], [437, 441], [450, 453], [455, 457], [465, 466]]}, "format_audit_log": {"executed_lines": [506], "summary": {"covered_lines": 1, "num_statements": 1, "percent_covered": 100.0, "percent_covered_display": "100.00", "missing_lines": 0, "excluded_lines": 0, "percent_statements_covered": 100.0, "percent_statements_covered_display": "100.00", "num_branches": 0, "num_partial_branches": 0, "covered_branches": 0, "missing_branches": 0, "percent_branches_covered": 100.0, "percent_branches_covered_display": "100.00"}, "missing_lines": [], "excluded_lines": [], "start_line": 504, "executed_branches": [], "missing_branches": []}, "": {"executed_lines": [4, 5, 6, 7, 10, 13, 14, 504], "summary": {"covered_lines": 8, "num_statements": 8, "percent_covered": 100.0, "percent_covered_display": "100.00", "missing_lines": 0, "excluded_lines": 0, "percent_statements_covered": 100.0, "percent_statements_covered_display": "100.00", "num_branches": 0, "num_partial_branches": 0, "covered_branches": 0, "missing_branches": 0, "percent_branches_covered": 100.0, "percent_branches_covered_display": "100.00"}, "missing_lines": [], "excluded_lines": [], "start_line": 1, "executed_branches": [], "missing_branches": []}}, "classes": {"AuditLogFormatter": {"executed_lines": [26, 27, 30, 31, 34, 37, 38, 39, 42, 44, 45, 46, 47, 49, 50, 51, 52, 53, 54, 55, 57, 58, 60, 61, 63, 64, 67, 68, 69, 72, 73, 74, 76, 77, 78, 79, 80, 81, 84, 86, 87, 88, 89, 94, 95, 96, 97, 98, 107, 108, 109, 110, 111, 118, 119, 120, 121, 122, 125, 127, 128, 130, 131, 133, 134, 135, 140, 141, 142, 147, 148, 149, 150, 151, 152, 153, 154, 155, 156, 157, 159, 162, 163, 164, 165, 166, 167, 168, 171, 176, 177, 178, 179, 180, 182, 185, 186, 187, 188, 189, 190, 193, 198, 199, 200, 201, 203, 204, 205, 209, 210, 211, 212, 213, 214, 215, 216, 217, 220, 225, 226, 227, 229, 230, 231, 232, 233, 235, 236, 237, 241, 242, 243, 244, 245, 246, 247, 250, 255, 256, 258, 259, 260, 261, 262, 265, 266, 270, 273, 274, 275, 276, 279, 280, 281, 286, 288, 289, 290, 291, 292, 293, 294, 295, 298, 299, 302, 306, 311, 312, 313, 314, 316, 317, 318, 320, 321, 322, 323, 325, 326, 327, 329, 330, 331, 332, 335, 342, 349, 356, 359, 360, 361, 362, 363, 364, 365, 366, 367, 368, 369, 370, 371, 372, 375, 376, 377, 378, 379, 380, 383, 384, 385, 386, 387, 388, 389, 390, 391, 392, 393, 394, 397, 398, 401, 402, 403, 405, 407, 408, 409, 410, 411, 413, 414, 415, 416, 417, 422, 423, 424, 425, 426, 429, 430, 431, 432, 435, 441, 444, 445, 447, 448, 450, 451, 455, 456, 457, 460, 462, 463, 465, 468, 470, 471, 474, 476, 477, 479, 480, 481, 482, 484, 485, 486, 487, 488, 489, 490, 493, 494, 497, 498, 500], "summary": {"covered_lines": 284, "num_statements": 305, "percent_covered": 89.83050847457628, "percent_covered_display": "89.83", "missing_lines": 21, "excluded_lines": 0, "percent_statements_covered": 93.11475409836065, "percent_statements_covered_display": "93.11", "num_branches": 108, "num_partial_branches": 19, "covered_branches": 87, "missing_branches": 21, "percent_branches_covered": 80.55555555555556, "percent_branches_covered_display": "80.56"}, "missing_lines": [65, 101, 102, 103, 104, 113, 114, 115, 116, 137, 138, 144, 145, 268, 300, 419, 436, 437, 438, 453, 466], "excluded_lines": [], "start_line": 10, "executed_branches": [[30, 31], [30, 34], [44, 45], [44, 493], [49, 50], [49, 57], [57, 58], [57, 484], [64, 67], [84, 86], [84, 159], [94, 95], [107, 108], [133, 134], [140, 141], [162, 163], [162, 185], [176, 177], [176, 185], [185, 186], [185, 209], [198, 199], [198, 209], [209, 210], [209, 241], [211, 212], [225, 226], [225, 241], [230, 231], [230, 237], [241, 242], [241, 273], [243, 244], [255, 256], [255, 273], [259, 255], [259, 260], [265, 266], [274, 275], [274, 397], [290, 291], [290, 295], [299, 302], [316, 317], [316, 325], [320, 321], [320, 325], [322, 320], [322, 323], [325, -298], [325, 326], [329, -298], [329, 330], [331, 329], [331, 332], [359, 360], [375, 376], [383, 384], [397, 44], [397, 398], [405, 407], [405, 422], [407, 408], [407, 413], [413, 414], [422, 423], [424, 425], [424, 429], [429, 430], [431, 432], [431, 435], [435, 441], [445, 447], [445, 460], [447, 448], [447, 450], [450, 451], [455, 456], [460, 44], [460, 462], [465, 468], [468, 460], [468, 470], [481, 468], [481, 482], [484, 44], [484, 485]], "missing_branches": [[64, 65], [94, 101], [107, 113], [133, 137], [140, 144], [211, 241], [243, 273], [265, 268], [299, 300], [359, 375], [375, 383], [383, 397], [413, 419], [422, 429], [429, 435], [435, 436], [437, 438], [437, 441], [450, 453], [455, 457], [465, 466]]}, "": {"executed_lines": [4, 5, 6, 7, 10, 13, 14, 504, 506], "summary": {"covered_lines": 9, "num_statements": 9, "percent_covered": 100.0, "percent_covered_display": "100.00", "missing_lines": 0, "excluded_lines": 0, "percent_statements_covered": 100.0, "percent_statements_covered_display": "100.00", "num_branches": 0, "num_partial_branches": 0, "covered_branches": 0, "missing_branches": 0, "percent_branches_covered": 100.0, "percent_branches_covered_display": "100.00"}, "missing_lines": [], "excluded_lines": [], "start_line": 1, "executed_branches": [], "missing_branches": []}}}, "src\\onto_tools\\application\\facade.py": {"executed_lines": [2, 4, 5, 8, 26, 41, 42, 45, 48, 49, 52, 54, 56, 58, 60, 65, 66, 67, 68, 70, 71, 72, 75, 84, 93, 95, 104, 105, 108, 111, 114, 116, 118, 120, 121, 128, 139, 140, 142, 144, 145, 146, 147, 153, 156, 157, 159, 161, 167, 168, 169, 174, 199, 201, 202, 203, 204, 207, 208, 211, 213, 221, 231, 232, 233, 235, 277, 278, 280, 281, 282, 283, 284, 286, 287, 290, 295, 297, 298, 301, 304, 311, 314, 315, 316, 317, 318, 320, 321, 322, 325, 328, 329, 332, 333, 335, 336, 343, 344, 347, 348, 349, 355, 356, 365, 366, 367, 368, 369, 384, 396, 397, 398, 399, 400, 402, 403, 405, 417, 418, 421, 422, 425, 426, 428, 431, 453, 459, 460, 462, 472, 474, 484, 485, 487, 488, 489, 491, 493, 494, 495, 497, 523, 524, 526, 527, 528, 529, 531, 534, 538, 539, 542, 543, 546, 547, 551, 552, 554, 555, 556, 557, 558, 561, 563, 564, 566, 569, 571, 572, 573, 574, 576, 577, 580, 581, 582, 583, 584, 585, 586, 588, 591, 593, 594, 596, 597, 606, 607, 609, 610, 611, 612, 613, 616, 619, 620, 623, 624, 627, 628, 630, 631, 633, 636, 637, 639, 640, 641, 642, 643, 644, 653, 654, 656, 657, 665, 666, 669, 670, 675, 676, 677, 679, 681, 687, 735, 736, 739, 740, 743, 745, 755, 756, 757], "summary": {"covered_lines": 235, "num_statements": 244, "percent_covered": 93.41317365269461, "percent_covered_display": "93.41", "missing_lines": 9, "excluded_lines": 5, "percent_statements_covered": 96.31147540983606, "percent_statements_covered_display": "96.31", "num_branches": 90, "num_partial_branches": 13, "covered_branches": 77, "missing_branches": 13, "percent_branches_covered": 85.55555555555556, "percent_branches_covered_display": "85.56"}, "missing_lines": [385, 391, 392, 646, 648, 651, 680, 682, 683], "excluded_lines": [358, 371, 406, 448, 684], "executed_branches": [[58, 60], [58, 70], [65, 66], [65, 70], [66, 65], [66, 67], [70, 71], [70, 75], [144, 145], [144, 153], [146, 147], [146, 153], [203, 204], [203, 207], [283, 284], [283, 286], [295, 297], [295, 301], [315, 316], [315, 325], [335, 336], [335, 462], [384, 396], [421, 422], [484, 485], [484, 487], [487, 488], [487, 491], [528, 529], [528, 531], [538, 539], [538, 542], [551, 552], [551, 606], [552, 554], [552, 606], [555, 556], [555, 596], [563, 564], [569, 571], [569, 591], [572, 573], [572, 576], [573, 572], [573, 574], [576, 577], [576, 580], [583, 584], [583, 586], [584, 583], [584, 585], [586, 588], [586, 593], [596, 597], [606, 607], [606, 665], [607, 609], [607, 665], [610, 611], [610, 656], [619, 620], [619, 623], [623, 624], [623, 627], [630, 631], [630, 653], [636, 637], [637, 639], [640, 641], [640, 643], [641, 642], [643, 644], [656, 657], [679, 681], [681, 687], [735, 736], [739, 740]], "missing_branches": [[384, 385], [421, 425], [563, 593], [596, 552], [636, 651], [637, 648], [641, 640], [643, 646], [656, 607], [679, 680], [681, 682], [735, 739], [739, 743]], "functions": {"OntoToolsFacade.__init__": {"executed_lines": [41, 42, 45, 48, 49, 52], "summary": {"covered_lines": 6, "num_statements": 6, "percent_covered": 100.0, "percent_covered_display": "100.00", "missing_lines": 0, "excluded_lines": 0, "percent_statements_covered": 100.0, "percent_statements_covered_display": "100.00", "num_branches": 0, "num_partial_branches": 0, "covered_branches": 0, "missing_branches": 0, "percent_branches_covered": 100.0, "percent_branches_covered_display": "100.00"}, "missing_lines": [], "excluded_lines": [], "start_line": 26, "executed_branches": [], "missing_branches": []}, "OntoToolsFacade._load_config": {"executed_lines": [56, 58, 60, 65, 66, 67, 68, 70, 71, 72, 75], "summary": {"covered_lines": 11, "num_statements": 11, "percent_covered": 100.0, "percent_covered_display": "100.00", "missing_lines": 0, "excluded_lines": 0, "percent_statements_covered": 100.0, "percent_statements_covered_display": "100.00", "num_branches": 8, "num_partial_branches": 0, "covered_branches": 8, "missing_branches": 0, "percent_branches_covered": 100.0, "percent_branches_covered_display": "100.00"}, "missing_lines": [], "excluded_lines": [], "start_line": 54, "executed_branches": [[58, 60], [58, 70], [65, 66], [65, 70], [66, 65], [66, 67], [70, 71], [70, 75]], "missing_branches": []}, "OntoToolsFacade.has_loaded_ontology": {"executed_lines": [93], "summary": {"covered_lines": 1, "num_statements": 1, "percent_covered": 100.0, "percent_covered_display": "100.00", "missing_lines": 0, "excluded_lines": 0, "percent_statements_covered": 100.0, "percent_statements_covered_display": "100.00", "num_branches": 0, "num_partial_branches": 0, "covered_branches": 0, "missing_branches": 0, "percent_branches_covered": 100.0, "percent_branches_covered_display": "100.00"}, "missing_lines": [], "excluded_lines": [], "start_line": 84, "executed_branches": [], "missing_branches": []}, "OntoToolsFacade._generate_audit_report": {"executed_lines": [104, 105, 108, 111, 114, 116, 118, 120, 121], "summary": {"covered_lines": 9, "num_statements": 9, "percent_covered": 100.0, "percent_covered_display": "100.00", "missing_lines": 0, "excluded_lines": 0, "percent_statements_covered": 100.0, "percent_statements_covered_display": "100.00", "num_branches": 0, "num_partial_branches": 0, "covered_branches": 0, "missing_branches": 0, "percent_branches_covered": 100.0, "percent_branches_covered_display": "100.00"}, "missing_lines": [], "excluded_lines": [], "start_line": 95, "executed_branches": [], "missing_branches": []}, "OntoToolsFacade.load_ontology": {"executed_lines": [139, 140, 142, 144, 145, 146, 147, 153, 156, 157, 159, 161, 167, 168, 169], "summary": {"covered_lines": 15, "num_statements": 15, "percent_covered": 100.0, "percent_covered_display": "100.00", "missing_lines": 0, "excluded_lines": 0, "percent_statements_covered": 100.0, "percent_statements_covered_display": "100.00", "num_branches": 4, "num_partial_branches": 0, "covered_branches": 4, "missing_branches": 0, "percent_branches_covered": 100.0, "percent_branches_covered_display": "100.00"}, "missing_lines": [], "excluded_lines": [], "start_line": 128, "executed_branches": [[144, 145], [144, 153], [146, 147], [146, 153]], "missing_branches": []}, "OntoToolsFacade.canonicalize_ontology": {"executed_lines": [199, 201, 202, 203, 204, 207, 208, 211, 213, 221, 231, 232, 233], "summary": {"covered_lines": 13, "num_statements": 13, "percent_covered": 100.0, "percent_covered_display": "100.00", "missing_lines": 0, "excluded_lines": 0, "percent_statements_covered": 100.0, "percent_statements_covered_display": "100.00", "num_branches": 2, "num_partial_branches": 0, "covered_branches": 2, "missing_branches": 0, "percent_branches_covered": 100.0, "percent_branches_covered_display": "100.00"}, "missing_lines": [], "excluded_lines": [], "start_line": 174, "executed_branches": [[203, 204], [203, 207]], "missing_branches": []}, "OntoToolsFacade.generate_review_output": {"executed_lines": [277, 278, 280, 281, 282, 283, 284, 286, 287, 290, 295, 297, 298, 301, 304, 311, 314, 315, 316, 317, 318, 320, 321, 322, 325, 328, 329, 332, 333, 335, 336, 343, 344, 347, 348, 349, 355, 356, 365, 366, 367, 368, 369, 384, 396, 397, 405, 417, 418, 421, 422, 425, 426, 428, 431, 453, 459, 460, 462, 472, 474, 484, 485, 487, 488, 489, 491, 493, 494, 495], "summary": {"covered_lines": 70, "num_statements": 73, "percent_covered": 94.38202247191012, "percent_covered_display": "94.38", "missing_lines": 3, "excluded_lines": 4, "percent_statements_covered": 95.89041095890411, "percent_statements_covered_display": "95.89", "num_branches": 16, "num_partial_branches": 2, "covered_branches": 14, "missing_branches": 2, "percent_branches_covered": 87.5, "percent_branches_covered_display": "87.50"}, "missing_lines": [385, 391, 392], "excluded_lines": [358, 371, 406, 448], "start_line": 235, "executed_branches": [[283, 284], [283, 286], [295, 297], [295, 301], [315, 316], [315, 325], [335, 336], [335, 462], [384, 396], [421, 422], [484, 485], [484, 487], [487, 488], [487, 491]], "missing_branches": [[384, 385], [421, 425]]}, "OntoToolsFacade.generate_review_output.canonical_transform": {"executed_lines": [398, 399, 400, 402, 403], "summary": {"covered_lines": 5, "num_statements": 5, "percent_covered": 100.0, "percent_covered_display": "100.00", "missing_lines": 0, "excluded_lines": 0, "percent_statements_covered": 100.0, "percent_statements_covered_display": "100.00", "num_branches": 0, "num_partial_branches": 0, "covered_branches": 0, "missing_branches": 0, "percent_branches_covered": 100.0, "percent_branches_covered_display": "100.00"}, "missing_lines": [], "excluded_lines": [], "start_line": 397, "executed_branches": [], "missing_branches": []}, "OntoToolsFacade.normalize_ontology": {"executed_lines": [523, 524, 526, 527, 528, 529, 531, 534, 538, 539, 542, 543, 546, 547, 551, 552, 554, 555, 556, 557, 558, 561, 563, 564, 566, 569, 571, 572, 573, 574, 576, 577, 580, 581, 582, 583, 584, 585, 586, 588, 591, 593, 594, 596, 597, 606, 607, 609, 610, 611, 612, 613, 616, 619, 620, 623, 624, 627, 628, 630, 631, 633, 636, 637, 639, 640, 641, 642, 643, 644, 653, 654, 656, 657, 665, 666, 669, 670, 675, 676, 677, 679, 681, 687, 735, 736, 739, 740, 743, 745, 755, 756, 757], "summary": {"covered_lines": 93, "num_statements": 99, "percent_covered": 89.30817610062893, "percent_covered_display": "89.31", "missing_lines": 6, "excluded_lines": 1, "percent_statements_covered": 93.93939393939394, "percent_statements_covered_display
[...]
, 267, 268, 270, 273, 276, 281, 290, 291, 293, 294, 296, 297, 298, 299, 301, 303, 304, 329, 330, 333, 337, 340, 341, 343, 344, 345, 346, 349, 350, 352, 355, 357, 358, 379, 380, 382, 384, 388, 391, 392, 393, 394, 397, 398, 399, 400, 401, 402, 405, 406, 407, 408, 411, 412, 415, 416, 418, 428, 429, 431, 432, 435, 436, 437, 438, 439, 440, 441, 442, 445, 446, 448, 459, 460, 462, 463, 465, 466, 469, 470, 471, 472, 473, 476, 477, 478, 489, 490, 492, 493, 495, 496, 497, 499, 500, 503, 504, 519, 520, 522, 523, 527, 528, 530, 531, 532, 534, 536, 537, 539, 540, 542, 545, 555, 556, 558, 560, 564, 565, 567, 568, 573, 576, 577, 578, 579, 580, 581, 582, 585, 586, 587, 589, 590, 591, 593, 594, 597, 598, 599, 601, 603, 605, 606, 607, 617, 618, 620, 622, 623, 625, 626, 627, 638, 639, 641, 644, 653, 654, 655, 657, 669, 670, 672, 673, 675, 676, 677, 679, 680, 683, 686, 688, 691, 692, 693, 694, 695, 698, 699, 701, 703, 704, 705, 707, 708, 709, 710, 712, 713, 714, 715, 724, 734, 735, 737, 741, 744, 747, 750, 753, 759, 761, 764, 768, 771, 773, 774, 775, 788, 790, 793, 797, 800, 801, 803, 804, 805, 813, 816, 817, 819, 820, 821, 837, 839, 843, 847, 848, 849, 850, 851, 852, 853, 854, 857, 858, 859, 860, 869, 870, 871, 872, 882, 883, 884, 885, 886, 899, 901, 905, 909, 910, 911, 912, 913, 914, 915, 916, 919, 920, 921, 922, 931, 932, 933, 934, 944, 945, 946, 947, 948, 961, 962, 963, 965, 966, 968, 971, 973, 974], "summary": {"covered_lines": 346, "num_statements": 374, "percent_covered": 88.46153846153847, "percent_covered_display": "88.46", "missing_lines": 28, "excluded_lines": 0, "percent_statements_covered": 92.51336898395722, "percent_statements_covered_display": "92.51", "num_branches": 250, "num_partial_branches": 34, "covered_branches": 206, "missing_branches": 44, "percent_branches_covered": 82.4, "percent_branches_covered_display": "82.40"}, "missing_lines": [271, 274, 278, 334, 385, 543, 546, 547, 548, 549, 550, 552, 553, 681, 700, 718, 719, 720, 721, 722, 738, 762, 769, 791, 798, 844, 906, 969], "excluded_lines": [], "start_line": 87, "executed_branches": [[156, 157], [156, 185], [157, 158], [157, 161], [182, 156], [182, 183], [190, 191], [190, 192], [192, 193], [192, 194], [201, 202], [201, 205], [207, 209], [207, 221], [221, 222], [225, -196], [225, 226], [254, 255], [254, 259], [259, 260], [259, 263], [263, 264], [263, 267], [268, 270], [268, 281], [270, 273], [273, 276], [276, 268], [290, 291], [290, 293], [296, -283], [296, 297], [297, 298], [301, 296], [301, 303], [333, 337], [343, -319], [343, 344], [344, 345], [349, 350], [349, 352], [357, 343], [357, 358], [382, 384], [382, 418], [384, 388], [391, 392], [391, 397], [392, 393], [392, 394], [397, 398], [397, 405], [399, 400], [399, 402], [400, 399], [400, 401], [405, 406], [405, 411], [406, 407], [406, 408], [411, 412], [411, 415], [415, 382], [415, 416], [431, 432], [431, 435], [436, 437], [436, 445], [437, 438], [440, 441], [440, 442], [445, -420], [445, 446], [446, 445], [446, 448], [465, 466], [465, 469], [470, 471], [470, 476], [471, 472], [476, -457], [476, 477], [477, 476], [477, 478], [492, 493], [492, 495], [495, -487], [495, 496], [496, 497], [496, 499], [503, 495], [503, 504], [519, 520], [519, 522], [527, 528], [527, 530], [531, 532], [531, 534], [537, 539], [537, 560], [539, 540], [539, 542], [542, 545], [545, 555], [555, 556], [555, 558], [567, 568], [567, 573], [577, 578], [577, 585], [579, 580], [581, 582], [581, 585], [585, 586], [585, 593], [586, 587], [586, 593], [589, 586], [589, 590], [593, 594], [593, 597], [601, 603], [601, 617], [605, 601], [605, 606], [617, -562], [617, 618], [620, 622], [625, -562], [625, 626], [638, 639], [638, 641], [654, 655], [654, 657], [672, 673], [672, 675], [680, 683], [688, 691], [692, 693], [692, 698], [693, 692], [693, 694], [699, 701], [704, 705], [704, 707], [707, 708], [707, 710], [708, 707], [708, 709], [712, 713], [712, 724], [713, 712], [713, 714], [714, 712], [714, 715], [737, 741], [761, 764], [768, 771], [773, -755], [773, 774], [790, 793], [797, 800], [803, 804], [803, 816], [816, 817], [819, -784], [819, 820], [843, 847], [848, 849], [848, 857], [849, 850], [852, 853], [852, 854], [857, 858], [858, 859], [858, 869], [869, 870], [870, 871], [870, 882], [882, 883], [883, -833], [883, 884], [884, 883], [884, 885], [905, 909], [910, 911], [910, 919], [911, 912], [914, 915], [914, 916], [919, 920], [920, 921], [920, 931], [931, 932], [932, 933], [932, 944], [944, 945], [945, -895], [945, 946], [946, 945], [946, 947], [965, -957], [965, 966], [968, 971], [973, 965], [973, 974]], "missing_branches": [[221, -196], [270, 271], [273, 274], [276, 278], [297, 296], [333, 334], [344, 343], [384, 385], [437, 436], [471, 470], [542, 543], [545, 546], [548, 549], [548, 553], [549, 550], [549, 552], [579, 585], [620, -562], [680, 681], [688, 718], [699, 700], [718, 719], [718, 724], [719, 718], [719, 720], [721, 718], [721, 722], [737, 738], [761, 762], [768, 769], [790, 791], [797, 798], [816, -784], [843, 844], [849, 848], [857, 869], [869, 882], [882, -833], [905, 906], [911, 910], [919, 931], [931, 944], [944, -895], [968, 969]]}, "": {"executed_lines": [14, 16, 17, 18, 19, 20, 22, 23, 27, 30, 31, 33, 34, 35, 36, 37, 38, 40, 52, 53, 55, 56, 57, 59, 64, 68, 72, 76, 87, 98, 100, 112, 122, 137, 187, 196, 239, 283, 319, 372, 420, 457, 487, 517, 525, 562, 636, 663, 726, 755, 784, 833, 895, 957], "summary": {"covered_lines": 54, "num_statements": 54, "percent_covered": 100.0, "percent_covered_display": "100.00", "missing_lines": 0, "excluded_lines": 0, "percent_statements_covered": 100.0, "percent_statements_covered_display": "100.00", "num_branches": 0, "num_partial_branches": 0, "covered_branches": 0, "missing_branches": 0, "percent_branches_covered": 100.0, "percent_branches_covered_display": "100.00"}, "missing_lines": [], "excluded_lines": [], "start_line": 1, "executed_branches": [], "missing_branches": []}}}, "src\\onto_tools\\domain\\ontology\\uri_resolver.py": {"executed_lines": [2, 4, 5, 12, 28, 31, 34, 42, 48, 51, 52, 53, 54, 57, 58, 60, 61, 63, 65, 67, 69, 79, 81, 91, 93, 103, 105, 118, 119, 120, 122, 124, 125, 127, 129, 143, 144, 145, 148, 149, 152, 153, 154, 155, 158, 159, 160, 162, 164, 175, 176, 177, 180, 181, 183, 184, 185, 186, 188, 189, 190, 192, 194, 205, 208, 209, 211, 214, 216, 218, 219, 220, 223, 224, 225, 226, 227, 231, 233, 243, 246, 248, 249, 250, 251, 253, 254, 255, 256, 259, 262, 263, 264, 265, 268, 269, 270, 272, 273, 278, 289, 290, 293, 305, 306], "summary": {"covered_lines": 105, "num_statements": 108, "percent_covered": 96.47058823529412, "percent_covered_display": "96.47", "missing_lines": 3, "excluded_lines": 3, "percent_statements_covered": 97.22222222222223, "percent_statements_covered_display": "97.22", "num_branches": 62, "num_partial_branches": 3, "covered_branches": 59, "missing_branches": 3, "percent_branches_covered": 95.16129032258064, "percent_branches_covered_display": "95.16"}, "missing_lines": [258, 274, 275], "excluded_lines": [7, 8, 228], "executed_branches": [[51, 52], [51, 57], [52, 53], [52, 57], [53, 52], [53, 54], [57, -42], [57, 58], [119, 120], [119, 122], [124, 125], [124, 127], [144, 145], [144, 148], [148, 149], [148, 152], [152, 153], [152, 162], [154, 155], [154, 158], [176, 177], [176, 180], [183, 184], [183, 188], [184, 183], [184, 185], [188, 189], [188, 192], [208, 209], [208, 211], [214, 216], [214, 231], [216, 218], [216, 223], [218, 219], [218, 220], [223, 224], [223, 231], [248, 249], [248, 262], [249, 248], [249, 250], [251, 249], [251, 253], [253, 254], [253, 255], [255, 256], [262, 263], [262, 268], [263, 262], [263, 264], [264, 265], [269, -233], [269, 270], [270, 269], [270, 272], [272, 269], [272, 273], [273, 272]], "missing_branches": [[255, 258], [264, 262], [273, 274]], "functions": {"URIResolver.__init__": {"executed_lines": [48, 51, 52, 53, 54, 57, 58], "summary": {"covered_lines": 7, "num_statements": 7, "percent_covered": 100.0, "percent_covered_display": "100.00", "missing_lines": 0, "excluded_lines": 0, "percent_statements_covered": 100.0, "percent_statements_covered_display": "100.00", "num_branches": 8, "num_partial_branches": 0, "covered_branches": 8, "missing_branches": 0, "percent_branches_covered": 100.0, "percent_branches_covered_display": "100.00"}, "missing_lines": [], "excluded_lines": [], "start_line": 42, "executed_branches": [[51, 52], [51, 57], [52, 53], [52, 57], [53, 52], [53, 54], [57, -42], [57, 58]], "missing_branches": []}, "URIResolver.prefixes": {"executed_lines": [63], "summary": {"covered_lines": 1, "num_statements": 1, "percent_covered": 100.0, "percent_covered_display": "100.00", "missing_lines": 0, "excluded_lines": 0, "percent_statements_covered": 100.0, "percent_statements_covered_display": "100.00", "num_branches": 0, "num_partial_branches": 0, "covered_branches": 0, "missing_branches": 0, "percent_branches_covered": 100.0, "percent_branches_covered_display": "100.00"}, "missing_lines": [], "excluded_lines": [], "start_line": 61, "executed_branches": [], "missing_branches": []}, "URIResolver.add_prefix": {"executed_lines": [67], "summary": {"covered_lines": 1, "num_statements": 1, "percent_covered": 100.0, "percent_covered_display": "100.00", "missing_lines": 0, "excluded_lines": 0, "percent_statements_covered": 100.0, "percent_statements_covered_display": "100.00", "num_branches": 0, "num_partial_branches": 0, "covered_branches": 0, "missing_branches": 0, "percent_branches_covered": 100.0, "percent_branches_covered_display": "100.00"}, "missing_lines": [], "excluded_lines": [], "start_line": 65, "executed_branches": [], "missing_branches": []}, "URIResolver.is_prefixed_uri": {"executed_lines": [79], "summary": {"covered_lines": 1, "num_statements": 1, "percent_covered": 100.0, "percent_covered_display": "100.00", "missing_lines": 0, "excluded_lines": 0, "percent_statements_covered": 100.0, "percent_statements_covered_display": "100.00", "num_branches": 0, "num_partial_branches": 0, "covered_branches": 0, "missing_branches": 0, "percent_branches_covered": 100.0, "percent_branches_covered_display": "100.00"}, "missing_lines": [], "excluded_lines": [], "start_line": 69, "executed_branches": [], "missing_branches": []}, "URIResolver.is_full_uri": {"executed_lines": [91], "summary": {"covered_lines": 1, "num_statements": 1, "percent_covered": 100.0, "percent_covered_display": "100.00", "missing_lines": 0, "excluded_lines": 0, "percent_statements_covered": 100.0, "percent_statements_covered_display": "100.00", "num_branches": 0, "num_partial_branches": 0, "covered_branches": 0, "missing_branches": 0, "percent_branches_covered": 100.0, "percent_branches_covered_display": "100.00"}, "missing_lines": [], "excluded_lines": [], "start_line": 81, "executed_branches": [], "missing_branches": []}, "URIResolver.is_uri": {"executed_lines": [103], "summary": {"covered_lines": 1, "num_statements": 1, "percent_covered": 100.0, "percent_covered_display": "100.00", "missing_lines": 0, "excluded_lines": 0, "percent_statements_covered": 100.0, "percent_statements_covered_display": "100.00", "num_branches": 0, "num_partial_branches": 0, "covered_branches": 0, "missing_branches": 0, "percent_branches_covered": 100.0, "percent_branches_covered_display": "100.00"}, "missing_lines": [], "excluded_lines": [], "start_line": 93, "executed_branches": [], "missing_branches": []}, "URIResolver.resolve_prefixed_uri": {"executed_lines": [118, 119, 120, 122, 124, 125, 127], "summary": {"covered_lines": 7, "num_statements": 7, "percent_covered": 100.0, "percent_covered_display": "100.00", "missing_lines": 0, "excluded_lines": 0, "percent_statements_covered": 100.0, "percent_statements_covered_display": "100.00", "num_branches": 4, "num_partial_branches": 0, "covered_branches": 4, "missing_branches": 0, "percent_branches_covered": 100.0, "percent_branches_covered_display": "100.00"}, "missing_lines": [], "excluded_lines": [], "start_line": 105, "executed_branches": [[119, 120], [119, 122], [124, 125], [124, 127]], "missing_branches": []}, "URIResolver.to_full_uri": {"executed_lines": [143, 144, 145, 148, 149, 152, 153, 154, 155, 158, 159, 160, 162], "summary": {"covered_lines": 13, "num_statements": 13, "percent_covered": 100.0, "percent_covered_display": "100.00", "missing_lines": 0, "excluded_lines": 0, "percent_statements_covered": 100.0, "percent_statements_covered_display": "100.00", "num_branches": 8, "num_partial_branches": 0, "covered_branches": 8, "missing_branches": 0, "percent_branches_covered": 100.0, "percent_branches_covered_display": "100.00"}, "missing_lines": [], "excluded_lines": [], "start_line": 129, "executed_branches": [[144, 145], [144, 148], [148, 149], [148, 152], [152, 153], [152, 162], [154, 155], [154, 158]], "missing_branches": []}, "URIResolver.to_prefixed_uri": {"executed_lines": [175, 176, 177, 180, 181, 183, 184, 185, 186, 188, 189, 190, 192], "summary": {"covered_lines": 13, "num_statements": 13, "percent_covered": 100.0, "percent_covered_display": "100.00", "missing_lines": 0, "excluded_lines": 0, "percent_statements_covered": 100.0, "percent_statements_covered_display": "100.00", "num_branches": 8, "num_partial_branches": 0, "covered_branches": 8, "missing_branches": 0, "percent_branches_covered": 100.0, "percent_branches_covered_display": "100.00"}, "missing_lines": [], "excluded_lines": [], "start_line": 164, "executed_branches": [[176, 177], [176, 180], [183, 184], [183, 188], [184, 183], [184, 185], [188, 189], [188, 192]], "missing_branches": []}, "URIResolver.to_rdflib_term": {"executed_lines": [205, 208, 209, 211, 214, 216, 218, 219, 220, 223, 224, 225, 226, 227, 231], "summary": {"covered_lines": 15, "num_statements": 15, "percent_covered": 100.0, "percent_covered_display": "100.00", "missing_lines": 0, "excluded_lines": 1, "percent_statements_covered": 100.0, "percent_statements_covered_display": "100.00", "num_branches": 10, "num_partial_branches": 0, "covered_branches": 10, "missing_branches": 0, "percent_branches_covered": 100.0, "percent_branches_covered_display": "100.00"}, "missing_lines": [], "excluded_lines": [228], "start_line": 194, "executed_branches": [[208, 209], [208, 211], [214, 216], [214, 231], [216, 218], [216, 223], [218, 219], [218, 220], [223, 224], [223, 231]], "missing_branches": []}, "URIResolver.ensure_namespace_bindings": {"executed_lines": [243, 246, 248, 249, 250, 251, 253, 254, 255, 256, 259, 262, 263, 264, 265, 268, 269, 270, 272, 273], "summary": {"covered_lines": 20, "num_statements": 23, "percent_covered": 87.23404255319149, "percent_covered_display": "87.23", "missing_lines": 3, "excluded_lines": 0, "percent_statements_covered": 86.95652173913044, "percent_statements_covered_display": "86.96", "num_branches": 24, "num_partial_branches": 3, "covered_branches": 21, "missing_branches": 3, "percent_branches_covered": 87.5, "percent_branches_covered_display": "87.50"}, "missing_lines": [258, 274, 275], "excluded_lines": [], "start_line": 233, "executed_branches": [[248, 249], [248, 262], [249, 248], [249, 250], [251, 249], [251, 253], [253, 254], [253, 255], [255, 256], [262, 263], [262, 268], [263, 262], [263, 264], [264, 265], [269, -233], [269, 270], [270, 269], [270, 272], [272, 269], [272, 273], [273, 272]], "missing_branches": [[255, 258], [264, 262], [273, 274]]}, "resolve_prefixed_uri_for_graph": {"executed_lines": [289, 290], "summary": {"covered_lines": 2, "num_statements": 2, "percent_covered": 100.0, "percent_covered_display": "100.00", "missing_lines": 0, "excluded_lines": 0, "percent_statements_covered": 100.0, "percent_statements_covered_display": "100.00", "num_branches": 0, "num_partial_branches": 0, "covered_branches": 0, "missing_branches": 0, "percent_branches_covered": 100.0, "percent_branches_covered_display": "100.00"}, "missing_lines": [], "excluded_lines": [], "start_line": 278, "executed_branches": [], "missing_branches": []}, "to_rdflib_term_for_graph": {"executed_lines": [305, 306], "summary": {"covered_lines": 2, "num_statements": 2, "percent_covered": 100.0, "percent_covered_display": "100.00", "missing_lines": 0, "excluded_lines": 0, "percent_statements_covered": 100.0, "percent_statements_covered_display": "100.00", "num_branches": 0, "num_partial_branches": 0, "covered_branches": 0, "missing_branches": 0, "percent_branches_covered": 100.0, "percent_branches_covered_display": "100.00"}, "missing_lines": [], "excluded_lines": [], "start_line": 293, "executed_branches": [], "missing_branches": []}, "": {"executed_lines": [2, 4, 5, 12, 28, 31, 34, 42, 60, 61, 65, 69, 81, 93, 105, 129, 164, 194, 233, 278, 293], "summary": {"covered_lines": 21, "num_statements": 21, "percent_covered": 100.0, "percent_covered_display": "100.00", "missing_lines": 0, "excluded_lines": 2, "percent_statements_covered": 100.0, "percent_statements_covered_display": "100.00", "num_branches": 0, "num_partial_branches": 0, "covered_branches": 0, "missing_branches": 0, "percent_branches_covered": 100.0, "percent_branches_covered_display": "100.00"}, "missing_lines": [], "excluded_lines": [7, 8], "start_line": 1, "executed_branches": [], "missing_branches": []}}, "classes": {"URIResolver": {"executed_lines": [48, 51, 52, 53, 54, 57, 58, 63, 67, 79, 91, 103, 118, 119, 120, 122, 124, 125, 127, 143, 144, 145, 148, 149, 152, 153, 154, 155, 158, 159, 160, 162, 175, 176, 177, 180, 181, 183, 184, 185, 186, 188, 189, 190, 192, 205, 208, 209, 211, 214, 216, 218, 219, 220, 223, 224, 225, 226, 227, 231, 243, 246, 248, 249, 250, 251, 253, 254, 255, 256, 259, 262, 263, 264, 265, 268, 269, 270, 272, 273], "summary": {"covered_lines": 80, "num_statements": 83, "percent_covered": 95.86206896551724, "percent_covered_display": "95.86", "missing_lines": 3, "excluded_lines": 1, "percent_statements_covered": 96.3855421686747, "percent_statements_covered_display": "96.39", "num_branches": 62, "num_partial_branches": 3, "covered_branches": 59, "missing_branches": 3, "percent_branches_covered": 95.16129032258064, "percent_branches_covered_display": "95.16"}, "missing_lines": [258, 274, 275], "excluded_lines": [228], "start_line": 34, "executed_branches": [[51, 52], [51, 57], [52, 53], [52, 57], [53, 52], [53, 54], [57, -42], [57, 58], [119, 120], [119, 122], [124, 125], [124, 127], [144, 145], [144, 148], [148, 149], [148, 152], [152, 153], [152, 162], [154, 155], [154, 158], [176, 177], [176, 180], [183, 184], [183, 188], [184, 183], [184, 185], [188, 189], [188, 192], [208, 209], [208, 211], [214, 216], [214, 231], [216, 218], [216, 223], [218, 219], [218, 220], [223, 224], [223, 231], [248, 249], [248, 262], [249, 248], [249, 250], [251, 249], [251, 253], [253, 254], [253, 255], [255, 256], [262, 263], [262, 268], [263, 262], [263, 264], [264, 265], [269, -233], [269, 270], [270, 269], [270, 272], [272, 269], [272, 273], [273, 272]], "missing_branches": [[255, 258], [264, 262], [273, 274]]}, "": {"executed_lines": [2, 4, 5, 12, 28, 31, 34, 42, 60, 61, 65, 69, 81, 93, 105, 129, 164, 194, 233, 278, 289, 290, 293, 305, 306], "summary": {"covered_lines": 25, "num_statements": 25, "percent_covered": 100.0, "percent_covered_display": "100.00", "missing_lines": 0, "excluded_lines": 2, "percent_statements_covered": 100.0, "percent_statements_covered_display": "100.00", "num_branches": 0, "num_partial_branches": 0, "covered_branches": 0, "missing_branches": 0, "percent_branches_covered": 100.0, "percent_branches_covered_display": "100.00"}, "missing_lines": [], "excluded_lines": [7, 8], "start_line": 1, "executed_branches": [], "missing_branches": []}}}}, "totals": {"covered_lines": 3101, "num_statements": 3208, "percent_covered": 95.04132231404958, "percent_covered_display": "95.04", "missing_lines": 107, "excluded_lines": 85, "percent_statements_covered": 96.66458852867831, "percent_statements_covered_display": "96.66", "num_branches": 1148, "num_partial_branches": 97, "covered_branches": 1039, "missing_branches": 109, "percent_branches_covered": 90.50522648083624, "percent_branches_covered_display": "90.51"}}