<?xml version="1.0" encoding="utf-8"?><testsuites><testsuite name="pytest" errors="0" failures="0" skipped="0" tests="973" time="64.562" timestamp="2026-03-08T23:24:53.591642" hostname="Megazord01"><testcase classname="tests.1-uc-ontology.cli.test_cli_commands.TestCLIMainGroup" name="test_cli_version" time="0.002" /><testcase classname="tests.1-uc-ontology.cli.test_cli_commands.TestCLIMainGroup" name="test_cli_help" time="0.003" /><testcase classname="tests.1-uc-ontology.cli.test_cli_commands.TestOntologyDomainCLI" name="test_ontology_help" time="0.001" /><testcase classname="tests.1-uc-ontology.cli.test_cli_commands.TestOntologyDomainCLI" name="test_ontology_load_success" time="0.036" /><testcase classname="tests.1-uc-ontology.cli.test_cli_commands.TestOntologyDomainCLI" name="test_ontology_normalize_success" time="0.002" /><testcase classname="tests.1-uc-ontology.cli.test_cli_commands.TestOntologyDomainCLI" name="test_ontology_normalize_with_warnings" time="0.002" /><testcase classname="tests.1-uc-ontology.cli.test_cli_commands.TestOntologyDomainCLI" name="test_ontology_review_success" time="0.003" /><testcase classname="tests.1-uc-ontology.cli.test_cli_commands.TestCLIErrorHandling" name="test_invalid_command" time="0.001" /><testcase classname="tests.1-uc-ontology.cli.test_cli_commands.TestCLIErrorHandling" name="test_missing_argument" time="0.001" /><testcase classname="tests.1-uc-ontology.cli.test_cli_commands.TestCLIErrorHandling" name="test_facade_error_propagates" time="0.002" /><testcase classname="tests.1-uc-ontology.cli.test_cli_commands.TestCLIOutputFormatting" name="test_success_shows_checkmark" time="0.001" /><testcase classname="tests.1-uc-ontology.cli.test_cli_commands.TestCLIOutputFormatting" name="test_error_shows_cross" time="0.002" /><testcase classname="tests.1-uc-ontology.cli.test_cli_commands.TestOntologyLoadEdgeCases" name="test_ontology_load_no_ttl_files" time="0.002" /><testcase classname="tests.1-uc-ontology.cli.test_cli_commands.TestOntologyLoadEdgeCases" name="test_ontology_load_via_interactive_menu" time="0.003" /><testcase classname="tests.1-uc-ontology.cli.test_cli_commands.TestOntologyLoadEdgeCases" name="test_ontology_load_error_from_facade" time="0.003" /><testcase classname="tests.1-uc-ontology.cli.test_cli_commands.TestOntologyReviewEdgeCases" name="test_ontology_review_default_output_path" time="0.002" /><testcase classname="tests.1-uc-ontology.cli.test_cli_commands.TestOntologyReviewEdgeCases" name="test_ontology_review_non_ttl_extension" time="0.003" /><testcase classname="tests.1-uc-ontology.cli.test_cli_commands.TestOntologyReviewEdgeCases" name="test_ontology_review_error" time="0.003" /><testcase classname="tests.1-uc-ontology.cli.test_cli_menu.TestMenuOption" name="test_menu_option_with_action" time="0.001" /><testcase classname="tests.1-uc-ontology.cli.test_cli_menu.TestMenuOption" name="test_menu_option_with_submenu" time="0.000" /><testcase classname="tests.1-uc-ontology.cli.test_cli_menu.TestInteractiveMenu" name="test_menu_creation" time="0.001" /><testcase classname="tests.1-uc-ontology.cli.test_cli_menu.TestInteractiveMenu" name="test_add_option_with_action" time="0.000" /><testcase classname="tests.1-uc-ontology.cli.test_cli_menu.TestInteractiveMenu" name="test_add_option_with_submenu_sets_parent" time="0.000" /><testcase classname="tests.1-uc-ontology.cli.test_cli_menu.TestInteractiveMenu" name="test_display_header" time="0.001" /><testcase classname="tests.1-uc-ontology.cli.test_cli_menu.TestInteractiveMenu" name="test_display_options_shows_all_options" time="0.001" /><testcase classname="tests.1-uc-ontology.cli.test_cli_menu.TestInteractiveMenu" name="test_display_options_shows_back_when_has_parent" time="0.001" /><testcase classname="tests.1-uc-ontology.cli.test_cli_menu.TestBuildMenu" name="test_build_menu_returns_interactive_menu" time="0.000" /><testcase classname="tests.1-uc-ontology.cli.test_cli_menu.TestBuildMenu" name="test_main_menu_has_expected_options" time="0.000" /><testcase classname="tests.1-uc-ontology.cli.test_cli_menu.TestBuildMenu" name="test_ontology_submenu_has_all_ucs" time="0.000" /><testcase classname="tests.1-uc-ontology.cli.test_cli_menu.TestBuildMenu" name="test_submenus_have_parent_set" time="0.000" /><testcase classname="tests.1-uc-ontology.cli.test_cli_menu.TestGetProjectRoot" name="test_returns_path" time="0.000" /><testcase classname="tests.1-uc-ontology.cli.test_cli_menu.TestGetProjectRoot" name="test_path_exists" time="0.001" /><testcase classname="tests.1-uc-ontology.cli.test_cli_menu.TestGetProjectRoot" name="test_path_contains_expected_files" time="0.000" /><testcase classname="tests.1-uc-ontology.cli.test_cli_menu.TestMenuActions" name="test_action_about_shows_info" time="0.001" /><testcase classname="tests.1-uc-ontology.cli.test_cli_menu.TestMenuActions" name="test_action_normalize_calls_facade" time="0.001" /><testcase classname="tests.1-uc-ontology.cli.test_cli_menu.TestMenuActions" name="test_action_normalize_without_ontology_shows_message" time="0.001" /><testcase classname="tests.1-uc-ontology.cli.test_cli_menu.TestMenuActions" name="test_action_query_lists_options" time="0.001" /><testcase classname="tests.1-uc-ontology.cli.test_cli_menu.TestMenuNavigation" name="test_exit_option_key" time="0.002" /><testcase classname="tests.1-uc-ontology.cli.test_cli_menu.TestMenuNavigation" name="test_submenu_has_parent" time="0.000" /><testcase classname="tests.1-uc-ontology.cli.test_cli_menu.TestMenuIcons" name="test_submenu_has_folder_icon" time="0.001" /><testcase classname="tests.1-uc-ontology.cli.test_cli_menu.TestMenuIcons" name="test_action_has_lightning_icon" time="0.001" /><testcase classname="tests.1-uc-ontology.cli.test_verify_commands.TestHelperFunctions" name="test_get_project_root_returns_path" time="0.000" /><testcase classname="tests.1-uc-ontology.cli.test_verify_commands.TestHelperFunctions" name="test_load_config_with_real_config" time="0.006" /><testcase classname="tests.1-uc-ontology.cli.test_verify_commands.TestHelperFunctions" name="test_load_config_missing_file_exits" time="0.003" /><testcase classname="tests.1-uc-ontology.cli.test_verify_commands.TestHelperFunctions" name="test_get_facade_returns_facade_instance" time="0.017" /><testcase classname="tests.1-uc-ontology.cli.test_verify_commands.TestHelperFunctions" name="test_get_facade_caches_instance" time="0.011" /><testcase classname="tests.1-uc-ontology.cli.test_verify_commands.TestVerifyHash" name="test_hash_existing_file" time="0.003" /><testcase classname="tests.1-uc-ontology.cli.test_verify_commands.TestVerifyHash" name="test_hash_output_format" time="0.003" /><testcase classname="tests.1-uc-ontology.cli.test_verify_commands.TestVerifyHash" name="test_hash_missing_argument" time="0.001" /><testcase classname="tests.1-uc-ontology.cli.test_verify_commands.TestVerifyIsomorphism" name="test_isomorphic_identical_files" time="0.012" /><testcase classname="tests.1-uc-ontology.cli.test_verify_commands.TestVerifyIsomorphism" name="test_non_isomorphic_files" time="0.006" /><testcase classname="tests.1-uc-ontology.cli.test_verify_commands.TestVerifyIsomorphism" name="test_isomorphism_with_output" time="0.009" /><testcase classname="tests.1-uc-ontology.cli.test_verify_commands.TestVerifyIsomorphism" name="test_non_isomorphic_with_output" time="0.006" /><testcase classname="tests.1-uc-ontology.cli.test_verify_commands.TestVerifyIdempotency" name="test_idempotent_file" time="0.012" /><testcase classname="tests.1-uc-ontology.cli.test_verify_commands.TestVerifyIdempotency" name="test_idempotency_success_output" time="0.009" /><testcase classname="tests.1-uc-ontology.cli.test_verify_commands.TestVerifyIdempotency" name="test_idempotency_with_output" time="0.015" /><testcase classname="tests.1-uc-ontology.cli.test_verify_commands.TestVerifyCanonicalize" name="test_basic_canonicalize" time="0.014" /><testcase classname="tests.1-uc-ontology.cli.test_verify_commands.TestVerifyCanonicalize" name="test_canonicalize_no_verify" time="0.006" /><testcase classname="tests.1-uc-ontology.cli.test_verify_commands.TestVerifyCanonicalize" name="test_canonicalize_with_manifest" time="0.038" /><testcase classname="tests.1-uc-ontology.cli.test_verify_commands.TestVerifyCanonicalize" name="test_canonicalize_no_verify_no_manifest" time="0.007" /><testcase classname="tests.1-uc-ontology.cli.test_verify_commands.TestVerifyCanonicalize" name="test_canonicalize_with_verify_and_manifest" time="0.016" /><testcase classname="tests.1-uc-ontology.cli.test_verify_commands.TestVerifyRC" name="test_rc_skip_all" time="0.002" /><testcase classname="tests.1-uc-ontology.cli.test_verify_commands.TestVerifyRC" name="test_rc_custom_threshold" time="0.001" /><testcase classname="tests.1-uc-ontology.cli.test_verify_commands.TestVerifyRC" name="test_rc_custom_output_dir" time="0.002" /><testcase classname="tests.1-uc-ontology.cli.test_verify_commands.TestVerifyIsomorphismErrorBranch" name="test_non_iso_with_error_message" time="0.003" /><testcase classname="tests.1-uc-ontology.cli.test_verify_commands.TestVerifyIdempotencyBranches" name="test_idempotent_hashes_not_match" time="0.003" /><testcase classname="tests.1-uc-ontology.cli.test_verify_commands.TestVerifyIdempotencyBranches" name="test_not_idempotent_no_error" time="0.003" /><testcase classname="tests.1-uc-ontology.cli.test_verify_commands.TestVerifyIdempotencyBranches" name="test_not_idempotent_with_error" time="0.003" /><testcase classname="tests.1-uc-ontology.cli.test_verify_commands.TestVerifyRCOutputBranches" name="test_rc_with_errors_and_warnings" time="0.002" /><testcase classname="tests.1-uc-ontology.cli.test_verify_commands.TestVerifyRCOutputBranches" name="test_rc_with_evidence_path" time="0.003" /><testcase classname="tests.1-uc-ontology.cli.test_verify_commands.TestVerifyCanonicalizeEdgeCases" name="test_canonicalize_verify_non_isomorphic" time="0.007" /><testcase classname="tests.1-uc-ontology.cli.test_verify_commands.TestVerifyCanonicalizeEdgeCases" name="test_canonicalize_verify_non_isomorphic_with_error" time="0.007" /><testcase classname="tests.1-uc-ontology.cli.test_verify_commands.TestVerifyCanonicalizeEdgeCases" name="test_canonicalize_verify_non_idempotent" time="0.007" /><testcase classname="tests.1-uc-ontology.cli.test_verify_commands.TestVerifyCanonicalizeEdgeCases" name="test_canonicalize_manifest_no_verify" time="0.008" /><testcase classname="tests.1-uc-ontology.e2e.test_canonicalization_e2e.TestCanonicalizationE2E" name="test_canonicalize_sample_ontology" time="2.633" /><testcase classname="tests.1-uc-ontology.e2e.test_canonicalization_e2e.TestCanonicalizationE2E" name="test_canonicalization_is_idempotent" time="4.727" /><testcase classname="tests.1-uc-ontology.e2e.test_canonicalization_e2e.TestCanonicalizationE2E" name="test_output_is_protege_compatible" time="2.274" /><testcase classname="tests.1-uc-ontology.e2e.test_canonicalization_e2e.TestValidationE2E" name="test_validate_sample_ontology" time="1.999" /><testcase classname="tests.1-uc-ontology.e2e.test_canonicalization_e2e.TestValidationE2E" name="test_naming_validation_report" time="2.000" /><testcase classname="tests.1-uc-ontology.e2e.test_canonicalization_e2e.TestRoundtripE2E" name="test_multiple_roundtrips" time="6.685" /><testcase classname="tests.1-uc-ontology.e2e.test_cli_simulation_scenarios.TestCLISimulationScenarios" name="test_scenario_c1_pure_canonicalization" time="2.328" /><testcase classname="tests.1-uc-ontology.e2e.test_cli_simulation_scenarios.TestCLISimulationScenarios" name="test_scenario_c2_normalize_with_autofix" time="3.516" /><testcase classname="tests.1-uc-ontology.e2e.test_cli_simulation_scenarios.TestCLISimulationScenarios" name="test_scenario_c3_normalize_without_autofix" time="2.775" /><testcase classname="tests.1-uc-ontology.e2e.test_cli_simulation_scenarios.TestCLISimulationScenarios" name="test_scenario_c4_normalize_autofix_then_canonicalize" time="4.746" /><testcase classname="tests.1-uc-ontology.e2e.test_cli_simulation_scenarios.TestCLISimulationScenarios" name="test_scenario_c5_normalize_nofix_then_canonicalize" time="5.993" /><testcase classname="tests.1-uc-ontology.e2e.test_cli_simulation_scenarios.TestCrossScenarioEquivalences" name="test_ec1_c1_equals_c5" time="11.569" /><testcase classname="tests.1-uc-ontology.e2e.test_cli_simulation_scenarios.TestCrossScenarioEquivalences" name="test_ec2_canon_c2_equals_c4" time="0.000" /><testcase classname="tests.1-uc-ontology.e2e.test_cli_simulation_scenarios.TestCrossScenarioEquivalences" name="test_ec3_canon_c3_equals_c5" time="0.000" /><testcase classname="tests.1-uc-ontology.e2e.test_cli_simulation_scenarios.TestCrossScenarioEquivalences" name="test_ec4_c4_differs_from_c5" time="0.001" /><testcase classname="tests.1-uc-ontology.integration.test_facade_flows.TestFacadeFlows" name="test_load_normalize_save_flow" time="0.009" /><testcase classname="tests.1-uc-ontology.integration.test_facade_flows.TestFacadeFlows" name="test_query_flow" time="0.306" /><testcase classname="tests.1-uc-ontology.integration.test_facade_flows.TestFacadeFlows" name="test_diff_flow" time="0.002" /><testcase classname="tests.1-uc-ontology.integration.test_facade_flows.TestFacadeFlows" name="test_batch_apply_flow" time="0.003" /><testcase classname="tests.1-uc-ontology.integration.test_facade_flows.TestEdgeToEdgeFlows" name="test_full_crud_cycle" time="0.009" /><testcase classname="tests.1-uc-ontology.integration.test_facade_normalize.TestNormalizeOntologyHappyPath" name="test_normalize_returns_success" time="0.014" /><testcase classname="tests.1-uc-ontology.integration.test_facade_normalize.TestNormalizeOntologyHappyPath" name="test_normalize_result_has_expected_keys" time="0.012" /><testcase classname="tests.1-uc-ontology.integration.test_facade_normalize.TestNormalizeOntologyHappyPath" name="test_normalize_audit_log_called" time="0.012" /><testcase classname="tests.1-uc-ontology.integration.test_facade_normalize.TestNormalizeOntologyHappyPath" name="test_normalize_quality_report_is_dict" time="0.014" /><testcase classname="tests.1-uc-ontology.integration.test_facade_normalize.TestNormalizeOntologyHappyPath" name="test_normalize_without_loaded_ontology_returns_error" time="0.006" /><testcase classname="tests.1-uc-ontology.integration.test_facade_normalize.TestNormalizeWithPendingCorrections" name="test_normalize_with_lowercase_preflabel" time="0.014" /><testcase classname="tests.1-uc-ontology.integration.test_facade_normalize.TestNormalizeWithPendingCorrections" name="test_normalize_with_auto_fix_true" time="0.014" /><testcase classname="tests.1-uc-ontology.integration.test_facade_normalize.TestNormalizeWithPendingCorrections" name="test_normalize_explicit_graph_arg" time="0.012" /><testcase classname="tests.1-uc-ontology.integration.test_facade_normalize.TestNormalizeWithPendingCorrections" name="test_normalize_multiple_classes_with_issues" time="0.021" /><testcase classname="tests.1-uc-ontology.integration.test_facade_normalize.TestNormalizeWithPendingCorrections" name="test_normalize_with_real_ontology" time="2.304" /><testcase classname="tests.1-uc-ontology.integration.test_facade_normalize.TestNormalizeErrorHandling" name="test_normalize_exception_returns_error" time="0.010" /><testcase classname="tests.1-uc-ontology.integration.test_facade_normalize.TestFacadeLoadErrorPaths" name="test_load_encoding_validation_failure" time="0.008" /><testcase classname="tests.1-uc-ontology.integration.test_facade_normalize.TestFacadeLoadErrorPaths" name="test_load_exception_returns_error" time="0.008" /><testcase classname="tests.1-uc-ontology.integration.test_facade_normalize.TestFacadeLoadErrorPaths" name="test_load_with_validate_false" time="0.009" /><testcase classname="tests.1-uc-ontology.integration.test_facade_normalize.TestFacadeCanonicalizeErrorPaths" name="test_canonicalize_no_graph_returns_error" time="0.006" /><testcase classname="tests.1-uc-ontology.integration.test_facade_normalize.TestFacadeCanonicalizeErrorPaths" name="test_canonicalize_exception_returns_error" time="0.010" /><testcase classname="tests.1-uc-ontology.integration.test_facade_normalize.TestFacadeGenerateAuditReport" name="test_generate_audit_report_exception_returns_none" time="0.008" /><testcase classname="tests.1-uc-ontology.integration.test_facade_normalize.TestFacadeGenerateAuditReport" name="test_generate_audit_report_success_returns_path" time="0.009" /><testcase classname="tests.1-uc-ontology.integration.test_facade_normalize.TestHasLoadedOntology" name="test_has_loaded_ontology_returns_false_initially" time="0.006" /><testcase classname="tests.1-uc-ontology.integration.test_facade_normalize.TestHasLoadedOntology" name="test_has_loaded_ontology_returns_true_after_load" time="0.011" /><testcase classname="tests.1-uc-ontology.integration.test_facade_normalize.TestFacadeLoadConfigEdgeCases" name="test_load_config_none_with_working_dir" time="0.005" /><testcase classname="tests.1-uc-ontology.integration.test_facade_normalize.TestFacadeLoadConfigEdgeCases" name="test_load_config_none_no_file_uses_defaults" time="0.003" /><testcase classname="tests.1-uc-ontology.integration.test_normalization_complete.TestNormalizationComplete" name="test_full_normalization_flow" time="0.010" /><testcase classname="tests.1-uc-ontology.integration.test_normalization_complete.TestNormalizationComplete" name="test_normalization_preserves_content" time="0.008" /><testcase classname="tests.1-uc-ontology.integration.test_normalization_complete.TestNormalizationComplete" name="test_normalization_with_validation_warnings" time="0.007" /><testcase classname="tests.1-uc-ontology.integration.test_normalization_complete.TestBatchOperationsIntegration" name="test_batch_apply_and_normalize" time="0.006" /><testcase classname="tests.1-uc-ontology.integration.test_normalization_complete.TestCommentPreservation" name="test_rdfs_comment_preserved" time="0.003" /><testcase classname="tests.1-uc-ontology.integration.test_normalization_complete.TestTransactionality" name="test_batch_rollback_on_error" time="0.001" /><testcase classname="tests.1-uc-ontology.integration.test_real_coverage.TestURIResolverIntegration" name="test_to_full_uri_from_prefixed" time="0.000" /><testcase classname="tests.1-uc-ontology.integration.test_real_coverage.TestURIResolverIntegration" name="test_to_full_uri_already_full" time="0.000" /><testcase classname="tests.1-uc-ontology.integration.test_real_coverage.TestURIResolverIntegration" name="test_to_full_uri_with_brackets" time="0.033" /><testcase classname="tests.1-uc-ontology.integration.test_real_coverage.TestURIResolverIntegration" name="test_to_full_uri_unknown_prefix_raises" time="0.001" /><testcase classname="tests.1-uc-ontology.integration.test_real_coverage.TestURIResolverIntegration" name="test_to_full_uri_invalid_format_raises" time="0.001" /><testcase classname="tests.1-uc-ontology.integration.test_real_coverage.TestURIResolverIntegration" name="test_is_uri_prefixed" time="0.000" /><testcase classname="tests.1-uc-ontology.integration.test_real_coverage.TestURIResolverIntegration" name="test_is_uri_full" time="0.000" /><testcase classname="tests.1-uc-ontology.integration.test_real_coverage.TestURIResolverIntegration" name="test_is_uri_literal" time="0.000" /><testcase classname="tests.1-uc-ontology.integration.test_real_coverage.TestURIResolverIntegration" name="test_ensure_namespace_bindings" time="0.001" /><testcase classname="tests.1-uc-ontology.integration.test_real_coverage.TestURIResolverIntegration" name="test_to_rdflib_term_empty_value" time="0.000" /><testcase classname="tests.1-uc-ontology.integration.test_real_coverage.TestURIResolverIntegration" name="test_to_rdflib_term_whitespace_only" time="0.000" /><testcase classname="tests.1-uc-ontology.integration.test_real_coverage.TestURIResolverIntegration" name="test_to_rdflib_term_unknown_prefix_as_literal" time="0.000" /><testcase classname="tests.1-uc-ontology.integration.test_real_coverage.TestOntologyGraphIntegration" name="test_load_and_save_round_trip" time="0.005" /><testcase classname="tests.1-uc-ontology.integration.test_real_coverage.TestOntologyGraphIntegration" name="test_query_with_sparql" time="0.006" /><testcase classname="tests.1-uc-ontology.integration.test_real_coverage.TestOntologyGraphIntegration" name="test_normalize_with_normalizer" time="0.006" /><testcase classname="tests.1-uc-ontology.integration.test_real_coverage.TestOntologyGraphIntegration" name="test_batch_apply_complete_workflow" time="0.005" /><testcase classname="tests.1-uc-ontology.integration.test_real_coverage.TestNormalizerIntegration" name="test_normalize_reorders_prefixes" time="0.002" /><testcase classname="tests.1-uc-ontology.integration.test_real_coverage.TestNormalizerIntegration" name="test_normalize_removes_duplicates" time="0.002" /><testcase classname="tests.1-uc-ontology.integration.test_real_coverage.TestNormalizerIntegration" name="test_validate_serialization_detects_auto_prefix" time="0.001" /><testcase classname="tests.1-uc-ontology.integration.test_real_coverage.TestNormalizerIntegration" name="test_validate_serialization_detects_literal_uri" time="0.001" /><testcase classname="tests.1-uc-ontology.integration.test_real_coverage.TestNormalizerIntegration" name="test_ensure_protege_compatibility_binds_namespaces" time="0.002" /><testcase classname="tests.1-uc-ontology.integration.test_real_coverage.TestNamingValidatorIntegration" name="test_validate_pascal_case_class" time="0.004" /><testcase classname="tests.1-uc-ontology.integration.test_real_coverage.TestNamingValidatorIntegration" name="test_validate_invalid_class_name" time="0.004" /><testcase classname="tests.1-uc-ontology.integration.test_real_coverage.TestNamingValidatorIntegration" name="test_validate_camel_case_property" time="0.004" /><testcase classname="tests.1-uc-ontology.integration.test_real_coverage.TestQualityValidatorIntegration" name="test_validate_class_missing_label" time="0.004" /><testcase classname="tests.1-uc-ontology.integration.test_real_coverage.TestQualityValidatorIntegration" name="test_validate_class_with_label" time="0.004" /><testcase classname="tests.1-uc-ontology.integration.test_real_coverage.TestProtegeSerializerIntegration" name="test_serialize_complex_graph" time="0.002" /><testcase classname="tests.1-uc-ontology.integration.test_real_coverage.TestProtegeSerializerIntegration" name="test_serialize_with_blank_nodes" time="0.001" /><testcase classname="tests.1-uc-ontology.integration.test_real_coverage.TestProtegeSerializerIntegration" name="test_serialize_with_typed_literals" time="0.001" /><testcase classname="tests.1-uc-ontology.integration.test_real_coverage.TestRDFlibAdapterIntegration" name="test_load_valid_ttl" time="0.004" /><testcase classname="tests.1-uc-ontology.integration.test_real_coverage.TestRDFlibAdapterIntegration" name="test_save_ttl" time="0.005" /><testcase classname="tests.1-uc-ontology.integration.test_real_coverage.TestRDFlibAdapterIntegration" name="test_parse_turtle_string" time="0.001" /><testcase classname="tests.1-uc-ontology.integration.test_real_coverage.TestRDFlibAdapterIntegration" name="test_serialize_turtle" time="0.001" /><testcase classname="tests.1-uc-ontology.integration.test_uc104_verification.TestManifestWriter" name="test_manifest_create_has_required_fields" time="0.001" /><testcase classname="tests.1-uc-ontology.integration.test_uc104_verification.TestManifestWriter" name="test_manifest_add_input" time="0.009" /><testcase classname="tests.1-uc-ontology.integration.test_uc104_verification.TestManifestWriter" name="test_manifest_add_output" time="0.005" /><testcase classname="tests.1-uc-ontology.integration.test_uc104_verification.TestManifestWriter" name="test_manifest_add_verification" time="0.001" /><testcase classname="tests.1-uc-ontology.integration.test_uc104_verification.TestManifestWriter" name="test_manifest_write_atomic" time="0.008" /><testcase classname="tests.1-uc-ontology.integration.test_uc104_verification.TestManifestWriter" name="test_manifest_read_roundtrip" time="0.008" /><testcase classname="tests.1-uc-ontology.integration.test_uc104_verification.TestVerificationIntegration" name="test_sha256_file_computes_hash" time="0.003" /><testcase classname="tests.1-uc-ontology.integration.test_uc104_verification.TestVerificationIntegration" name="test_sha256_same_content_same_hash" time="0.004" /><testcase classname="tests.1-uc-ontology.integration.test_uc104_verification.TestUC104GenerateReviewOutput" name="test_generate_review_without_canonization" time="0.013" /><testcase classname="tests.1-uc-ontology.integration.test_uc104_verification.TestUC104GenerateReviewOutput" name="test_generate_review_with_canonization_creates_manifest" time="0.031" /><testcase classname="tests.1-uc-ontology.integration.test_uc104_verification.TestUC104GenerateReviewOutput" name="test_generate_review_verifications_pass" time="0.027" /><testcase classname="tests.1-uc-ontology.integration.test_uc104_verification.TestUC104GenerateReviewOutput" name="test_generate_review_returns_all_paths" time="0.028" /><testcase classname="tests.1-uc-ontology.integration.test_uc104_verification.TestUC104GenerateReviewOutput" name="test_generate_review_disable_verification" time="0.014" /><testcase classname="tests.1-uc-ontology.integration.test_uc104_verification.TestUC104GenerateReviewOutput" name="test_generate_review_output_appends_to_existing_log" time="0.024" /><testcase classname="tests.1-uc-ontology.integration.test_uc104_verification.TestUC104GenerateReviewOutput" name="test_generate_review_output_corrupted_log_recovers" time="0.012" /><testcase classname="tests.1-uc-ontology.integration.test_uc104_verification.TestUC104GenerateReviewOutput" name="test_generate_review_output_exception_returns_error" time="0.012" /><testcase classname="tests.1-uc-ontology.integration.test_uc104_verification.TestMenuUC104Display" name="test_action_ontology_review_displays_verification" time="0.000" /><testcase classname="tests.1-uc-ontology.integration.test_verification_integration.TestVerificationIntegration" name="test_full_verification_workflow" time="0.017" /><testcase classname="tests.1-uc-ontology.integration.test_verification_integration.TestVerificationIntegration" name="test_evidence_bundle_creation" time="0.027" /><testcase classname="tests.1-uc-ontology.integration.test_verification_integration.TestVerificationIntegration" name="test_idempotency_with_rdf_serialization" time="0.011" /><testcase classname="tests.1-uc-ontology.integration.test_verification_integration.TestVerificationIntegration" name="test_multiple_verification_checks" time="0.018" /><testcase classname="tests.1-uc-ontology.integration.test_verification_integration.TestVerificationIntegration" name="test_hash_determinism" time="0.004" /><testcase classname="tests.1-uc-ontology.integration.test_verification_integration.TestVerificationIntegration" name="test_manifest_with_all_verification_types" time="0.017" /><testcase classname="tests.1-uc-ontology.integration.test_verification_integration.TestVerificationWithRealOntologies" name="test_owl_ontology_verification" time="0.008" /><testcase classname="tests.1-uc-ontology.integration.test_verification_integration.TestVerificationWithRealOntologies" name="test_blank_node_handling" time="0.006" /><testcase classname="tests.1-uc-ontology.unit.test_adapters.TestAuditLogger" name="test_audit_logger_creates_log_dir" time="0.008" /><testcase classname="tests.1-uc-ontology.unit.test_adapters.TestAuditLogger" name="test_audit_logger_creates_session_file" time="0.007" /><testcase classname="tests.1-uc-ontology.unit.test_adapters.TestAuditLogger" name="test_audit_logger_logs_operation" time="0.012" /><testcase classname="tests.1-uc-ontology.unit.test_adapters.TestAuditLogger" name="test_audit_logger_increments_op_counter" time="0.022" /><testcase classname="tests.1-uc-ontology.unit.test_adapters.TestAuditLogger" name="test_audit_logger_records_timestamp" time="0.012" /><testcase classname="tests.1-uc-ontology.unit.test_adapters.TestAuditLogger" name="test_audit_logger_get_log_path" time="0.007" /><testcase classname="tests.1-uc-ontology.unit.test_adapters.TestCreateAuditLogger" name="test_create_audit_logger_returns_logger" time="0.007" /><testcase classname="tests.1-uc-ontology.unit.test_adapters.TestCreateAuditLogger" name="test_create_audit_logger_with_session_id" time="0.008" /><testcase classname="tests.1-uc-ontology.unit.test_adapters.TestAuditFormatter" name="test_format_audit_log_creates_md" time="0.008" /><testcase classname="tests.1-uc-ontology.unit.test_adapters.TestAuditFormatter" name="test_format_audit_log_includes_operations" time="0.007" /><testcase classname="tests.1-uc-ontology.unit.test_adapters.TestAdaptersIntegration" name="test_audit_to_report_flow" time="0.025" /><testcase classname="tests.1-uc-ontology.unit.test_adapters.TestAuditLoggerUtilityMethods" name="test_log_with_triple_kwarg_stores_triple" time="0.011" /><testcase classname="tests.1-uc-ontology.unit.test_adapters.TestAuditLoggerUtilityMethods" name="test_get_operations_count_empty" time="0.010" /><testcase classname="tests.1-uc-ontology.unit.test_adapters.TestAuditLoggerUtilityMethods" name="test_get_operations_count_after_logging" time="0.024" /><testcase classname="tests.1-uc-ontology.unit.test_adapters.TestAuditLoggerUtilityMethods" name="test_get_operations_by_type_filters" time="0.029" /><testcase classname="tests.1-uc-ontology.unit.test_adapters.TestAuditLoggerUtilityMethods" name="test_get_failed_operations_filters_error_and_failed" time="0.023" /><testcase classname="tests.1-uc-ontology.unit.test_adapters.TestAuditLoggerUtilityMethods" name="test_read_log_returns_empty_when_file_missing" time="0.007" /><testcase classname="tests.1-uc-ontology.unit.test_audit_formatter.TestAuditLogFormatter" name="test_format_to_markdown_creates_file" time="0.002" /><testcase classname="tests.1-uc-ontology.unit.test_audit_formatter.TestAuditLogFormatter" name="test_format_to_markdown_custom_output_path" time="0.002" /><testcase classname="tests.1-uc-ontology.unit.test_audit_formatter.TestAuditLogFormatter" name="test_format_to_markdown_contains_header" time="0.006" /><testcase classname="tests.1-uc-ontology.unit.test_audit_formatter.TestAuditLogFormatter" name="test_format_to_markdown_contains_load_info" time="0.006" /><testcase classname="tests.1-uc-ontology.unit.test_audit_formatter.TestAuditLogFormatter" name="test_format_normalize_includes_warnings" time="0.010" /><testcase classname="tests.1-uc-ontology.unit.test_audit_formatter.TestAuditLogFormatter" name="test_format_normalize_includes_fix_stats" time="0.010" /><testcase classname="tests.1-uc-ontology.unit.test_audit_formatter.TestAuditLogFormatter" name="test_format_normalize_includes_iri_corrections_table" time="0.007" /><testcase classname="tests.1-uc-ontology.unit.test_audit_formatter.TestAuditLogFormatter" name="test_format_normalize_includes_identifier_corrections" time="0.006" /><testcase classname="tests.1-uc-ontology.unit.test_audit_formatter.TestAuditLogFormatter" name="test_format_normalize_includes_preflabel_corrections" time="0.007" /><testcase classname="tests.1-uc-ontology.unit.test_audit_formatter.TestAuditLogFormatter" name="test_format_normalize_includes_definition_corrections" time="0.007" /><testcase classname="tests.1-uc-ontology.unit.test_audit_formatter.TestAuditLogFormatter" name="test_format_includes_error_statistics" time="0.006" /><testcase classname="tests.1-uc-ontology.unit.test_audit_formatter.TestAuditLogFormatter" name="test_format_includes_rule_violations" time="0.006" /><testcase classname="tests.1-uc-ontology.unit.test_audit_formatter.TestAuditLogFormatter" name="test_format_includes_footer" time="0.006" /><testcase classname="tests.1-uc-ontology.unit.test_audit_formatter.TestGenerateReviewOutput" name="test_format_includes_review_output_info" time="0.005" /><testcase classname="tests.1-uc-ontology.unit.test_audit_formatter.TestFormatAuditLogFunction" name="test_format_audit_log_calls_formatter" time="0.002" /><testcase classname="tests.1-uc-ontology.unit.test_audit_formatter.TestEdgeCases" name="test_empty_ops_list" time="0.005" /><testcase classname="tests.1-uc-ontology.unit.test_audit_formatter.TestEdgeCases" name="test_normalize_without_fix_stats" time="0.002" /><testcase classname="tests.1-uc-ontology.unit.test_audit_formatter.TestEdgeCases" name="test_long_subject_name_preserved" time="0.008" /><testcase classname="tests.1-uc-ontology.unit.test_audit_formatter.TestMultipleOperations" name="test_multiple_ops_all_included" time="0.008" /><testcase classname="tests.1-uc-ontology.unit.test_audit_formatter.TestQualityIssuesCategorization" name="test_quality_issues_separated_by_category" time="0.008" /><testcase classname="tests.1-uc-ontology.unit.test_audit_formatter.TestQualityIssuesCategorization" name="test_domain_attribute_issues_have_own_section" time="0.008" /><testcase classname="tests.1-uc-ontology.unit.test_audit_formatter.TestQualityIssuesCategorization" name="test_ifc_issues_have_own_section" time="0.008" /><testcase classname="tests.1-uc-ontology.unit.test_audit_formatter.TestQualityIssuesCategorization" name="test_general_issues_have_own_section" time="0.008" /><testcase classname="tests.1-uc-ontology.unit.test_audit_formatter.TestQualityIssuesCategorization" name="test_issues_sorted_alphabetically_by_entity" time="0.008" /><testcase classname="tests.1-uc-ontology.unit.test_audit_formatter.TestQualityIssuesCategorization" name="test_legend_includes_category_sections" time="0.008" /><testcase classname="tests.1-uc-ontology.unit.test_audit_formatter.TestQualityIssuesCategorization" name="test_entity_column_before_code_column" time="0.009" /><testcase classname="tests.1-uc-ontology.unit.test_canonicalizer.TestCanonicalizerInit" name="test_init_default" time="0.001" /><testcase classname="tests.1-uc-ontology.unit.test_canonicalizer.TestCanonicalizerInit" name="test_init_with_rules_path" time="0.001" /><testcase classname="tests.1-uc-ontology.unit.test_canonicalizer.TestCanonicalizationResult" name="test_canonicalize_returns_result" time="0.002" /><testcase classname="tests.1-uc-ontology.unit.test_canonicalizer.TestCanonicalizationResult" name="test_result_has_graph" time="0.002" /><testcase classname="tests.1-uc-ontology.unit.test_canonicalizer.TestCanonicalizationResult" name="test_result_has_counts" time="0.002" /><testcase classname="tests.1-uc-ontology.unit.test_canonicalizer.TestCanonicalizationResult" name="test_result_to_dict" time="0.002" /><testcase classname="tests.1-uc-ontology.unit.test_canonicalizer.TestPrefixOrdering" name="test_prefixes_sorted_alphabetically" time="0.002" /><testcase classname="tests.1-uc-ontology.unit.test_canonicalizer.TestPrefixOrdering" name="test_standard_prefixes_preserved" time="0.002" /><testcase classname="tests.1-uc-ontology.unit.test_canonicalizer.TestTripleOrdering" name="test_triples_preserved" time="0.002" /><testcase classname="tests.1-uc-ontology.unit.test_canonicalizer.TestTripleOrdering" name="test_triple_count_correct" time="0.002" /><testcase classname="tests.1-uc-ontology.unit.test_canonicalizer.TestIdempotency" name="test_canonicalize_is_idempotent" time="0.002" /><testcase classname="tests.1-uc-ontology.unit.test_canonicalizer.TestIdempotency" name="test_serialization_is_stable" time="0.003" /><testcase classname="tests.1-uc-ontology.unit.test_canonicalizer.TestSerialization" name="test_serialize_returns_string" time="0.002" /><testcase classname="tests.1-uc-ontology.unit.test_canonicalizer.TestSerialization" name="test_serialize_is_valid_turtle" time="0.003" /><testcase classname="tests.1-uc-ontology.unit.test_canonicalizer.TestSerialization" name="test_canonicalize_and_serialize_returns_tuple" time="0.002" /><testcase classname="tests.1-uc-ontology.unit.test_canonicalizer.TestProtegeCompatibility" name="test_predicate_order_follows_protege" time="0.002" /><testcase classname="tests.1-uc-ontology.unit.test_canonicalizer.TestProtegeCompatibility" name="test_output_matches_protege_style" time="0.002" /><testcase classname="tests.1-uc-ontology.unit.test_canonicalizer.TestStatistics" name="test_triple_count" time="0.002" /><testcase classname="tests.1-uc-ontology.unit.test_canonicalizer.TestStatistics" name="test_prefix_count" time="0.002" /><testcase classname="tests.1-uc-ontology.unit.test_canonicalizer.TestStatistics" name="test_processing_time" time="0.002" /><testcase classname="tests.1-uc-ontology.unit.test_canonicalizer.TestEdgeCases" name="test_empty_graph" time="0.001" /><testcase classname="tests.1-uc-ontology.unit.test_canonicalizer.TestEdgeCases" name="test_graph_with_blank_nodes" time="0.002" /><testcase classname="tests.1-uc-ontology.unit.test_canonicalizer.TestEdgeCases" name="test_graph_with_unicode" time="0.002" /><testcase classname="tests.1-uc-ontology.unit.test_canonicalizer.TestCanonicalizerRulesLoading" name="test_load_rules_file_not_found_uses_defaults" time="0.002" /><testcase classname="tests.1-uc-ontology.unit.test_canonicalizer.TestCanonicalizerRulesLoading" name="test_load_rules_invalid_json_uses_defaults" time="0.003" /><testcase classname="tests.1-uc-ontology.unit.test_canonicalizer.TestCanonicalizerRulesLoading" name="test_load_rules_empty_file_uses_defaults" time="0.002" /><testcase classname="tests.1-uc-ontology.unit.test_canonicalizer.TestCanonicalizerBindPrefixes" name="test_bind_prefixes_skips_automatic_ns_prefixes" time="0.002" /><testcase classname="tests.1-uc-ontology.unit.test_canonicalizer.TestCanonicalizerBindPrefixes" name="test_bind_prefixes_with_required_prefixes" time="0.004" /><testcase classname="tests.1-uc-ontology.unit.test_canonicalizer.TestCanonicalizerBindPrefixes" name="test_bind_prefixes_unsorted" time="0.004" /><testcase classname="tests.1-uc-ontology.unit.test_canonicalizer.TestCanonicalizerTripleSorting" name="test_sort_triples_without_class_first" time="0.004" /><testcase classname="tests.1-uc-ontology.unit.test_canonicalizer.TestCanonicalizerTripleSorting" name="test_sort_triples_with_all_property_types" time="0.002" /><testcase classname="tests.1-uc-ontology.unit.test_canonicalizer.TestCanonicalizerTripleSorting" name="test_collect_triples_removes_duplicates" time="0.002" /><testcase classname="tests.1-uc-ontology.unit.test_canonicalizer.TestCanonicalizerLiteralNormalization" name="test_literal_without_trim_whitespace" time="0.004" /><testcase classname="tests.1-uc-ontology.unit.test_canonicalizer.TestCanonicalizerLiteralNormalization" name="test_literal_with_none_value" time="0.002" /><testcase classname="tests.1-uc-ontology.unit.test_canonicalizer.TestCanonicalizerGetWarnings" name="test_get_warnings_returns_list" time="0.002" /><testcase classname="tests.1-uc-ontology.unit.test_canonicalizer.TestCanonicalizerGetWarnings" name="test_warnings_empty_for_valid_graph" time="0.002" /><testcase classname="tests.1-uc-ontology.unit.test_canonicalizer.TestCanonicalizerRequiredPrefixes" name="test_missing_required_prefix_generates_warning" time="0.004" /><testcase classname="tests.1-uc-ontology.unit.test_canonicalizer.TestCanonicalizerSortTriples" name="test_class_declarations_not_first" time="0.004" /><testcase classname="tests.1-uc-ontology.unit.test_canonicalizer.TestCanonicalizerSortTriples" name="test_triple_ordering_by_predicate" time="0.004" /><testcase classname="tests.1-uc-ontology.unit.test_canonicalizer.TestCanonicalizerSortTriples" name="test_triple_ordering_complex" time="0.004" /><testcase classname="tests.1-uc-ontology.unit.test_canonicalizer.TestCanonicalizerVerifyIdempotency" name="test_validate_idempotency_returns_true" time="0.003" /><testcase classname="tests.1-uc-ontology.unit.test_canonicalizer.TestCanonicalizerVerifyIdempotency" name="test_validate_idempotency_after_multiple_calls" time="0.004" /><testcase classname="tests.1-uc-ontology.unit.test_canonicalizer.TestCanonicalizerSerialize" name="test_serialize_returns_string" time="0.002" /><testcase classname="tests.1-uc-ontology.unit.test_canonicalizer.TestCanonicalizerSerialize" name="test_serialize_empty_graph" time="0.002" /><testcase classname="tests.1-uc-ontology.unit.test_canonicalizer.TestSemanticPreservation" name="test_preserves_multilingual_labels_distinct_tags" time="0.002" /><testcase classname="tests.1-uc-ontology.unit.test_canonicalizer.TestSemanticPreservation" name="test_preserves_whitespace_in_literals" time="0.002" /><testcase classname="tests.1-uc-ontology.unit.test_canonicalizer.TestSemanticPreservation" name="test_preserves_language_tag_case" time="0.002" /><testcase classname="tests.1-uc-ontology.unit.test_canonicalizer.TestSemanticPreservation" name="test_isomorphism_after_canonicalization" time="0.002" /><testcase classname="tests.1-uc-ontology.unit.test_canonicalizer.TestSemanticPreservation" name="test_real_ontology_whitespace_preservation" time="0.003" /><testcase classname="tests.1-uc-ontology.unit.test_canonicalizer_determinism_v9.TestByteDeterminism" name="test_canonicalization_is_byte_deterministic" time="2.403" /><testcase classname="tests.1-uc-ontology.unit.test_canonicalizer_determinism_v9.TestSemanticPreservation" name="test_canonicalization_preserves_semantics" time="0.789" /><testcase classname="tests.1-uc-ontology.unit.test_canonicalizer_determinism_v9.TestSeparationOfConcerns" name="test_canonicalizer_does_not_normalize_literals" time="0.002" /><testcase classname="tests.1-uc-ontology.unit.test_canonicalizer_determinism_v9.TestSeparationOfConcerns" name="test_canonicalizer_does_not_modify_language_tags" time="0.002" /><testcase classname="tests.1-uc-ontology.unit.test_facade.TestFacadeInit" name="test_facade_creates_with_adapters" time="0.006" /><testcase classname="tests.1-uc-ontology.unit.test_facade.TestFacadeInit" name="test_facade_initializes_with_empty_graph" time="0.006" /><testcase classname="tests.1-uc-ontology.unit.test_facade.TestFacadeInit" name="test_facade_loads_default_config" time="0.005" /><testcase classname="tests.1-uc-ontology.unit.test_facade.TestLoadOntology" name="test_load_ontology_file_not_found" time="0.006" /><testcase classname="tests.1-uc-ontology.unit.test_facade.TestLoadOntology" name="test_load_ontology_validates_utf8" time="0.018" /><testcase classname="tests.1-uc-ontology.unit.test_facade.TestNormalizeOntology" name="test_normalize_requires_loaded_ontology" time="0.006" /><testcase classname="tests.1-uc-ontology.unit.test_facade.TestGenerateReviewOutput" name="test_review_requires_loaded_ontology" time="0.005" /><testcase classname="tests.1-uc-ontology.unit.test_facade.TestAuditLogging" name="test_facade_has_audit_logger" time="0.006" /><testcase classname="tests.1-uc-ontology.unit.test_facade.TestConfigLoading" name="test_load_config_from_path" time="0.005" /><testcase classname="tests.1-uc-ontology.unit.test_facade.TestConfigLoading" name="test_load_config_uses_default_when_missing" time="0.001" /><testcase classname="tests.1-uc-ontology.unit.test_facade.TestFacadeCaching" name="test_loaded_graphs_cache_is_empty_initially" time="0.006" /><testcase classname="tests.1-uc-ontology.unit.test_naming_validator.TestNamingValidatorInit" name="test_init_with_default_rules" time="0.001" /><testcase classname="tests.1-uc-ontology.unit.test_naming_validator.TestNamingValidatorInit" name="test_init_loads_rules_file" time="0.001" /><testcase classname="tests.1-uc-ontology.unit.test_naming_validator.TestValidateClassNames" name="test_valid_pascalcase_passes" time="0.002" /><testcase classname="tests.1-uc-ontology.unit.test_naming_validator.TestValidateClassNames" name="test_lowercase_class_fails" time="0.002" /><testcase classname="tests.1-uc-ontology.unit.test_naming_validator.TestValidateClassNames" name="test_error_contains_suggestion" time="0.002" /><testcase classname="tests.1-uc-ontology.unit.test_naming_validator.TestValidatePropertyNames" name="test_valid_camelcase_passes" time="0.002" /><testcase classname="tests.1-uc-ontology.unit.test_naming_validator.TestValidatePropertyNames" name="test_uppercase_property_fails" time="0.001" /><testcase classname="tests.1-uc-ontology.unit.test_naming_validator.TestValidatePropertyNames" name="test_excluded_properties_not_validated" time="0.001" /><testcase classname="tests.1-uc-ontology.unit.test_naming_validator.TestValidatePropertyNames" name="test_excluded_and_invalid_properties_mixed" time="0.001" /><testcase classname="tests.1-uc-ontology.unit.test_naming_validator.TestValidatePrefLabels" name="test_missing_preflabel_generates_warning" time="0.001" /><testcase classname="tests.1-uc-ontology.unit.test_naming_validator.TestValidatePrefLabels" name="test_missing_required_language_generates_error" time="0.001" /><testcase classname="tests.1-uc-ontology.unit.test_naming_validator.TestValidatePrefLabels" name="test_underscore_in_preflabel_generates_warning" time="0.001" /><testcase classname="tests.1-uc-ontology.unit.test_naming_validator.TestValidateIdentifiers" name="test_missing_identifier_generates_error" time="0.001" /><testcase classname="tests.1-uc-ontology.unit.test_naming_validator.TestValidateIdentifiers" name="test_identifier_mismatch_generates_error" time="0.002" /><testcase classname="tests.1-uc-ontology.unit.test_naming_validator.TestValidationReport" name="test_report_contains_required_fields" time="0.002" /><testcase classname="tests.1-uc-ontology.unit.test_naming_validator.TestValidationReport" name="test_summary_contains_counts" time="0.003" /><testcase classname="tests.1-uc-ontology.unit.test_naming_validator.TestValidationReport" name="test_is_valid_matches_error_count" time="0.002" /><testcase classname="tests.1-uc-ontology.unit.test_naming_validator.TestSuggestPascalCase" name="test_lowercase_to_pascalcase" time="0.001" /><testcase classname="tests.1-uc-ontology.unit.test_naming_validator.TestSuggestPascalCase" name="test_underscore_separated_to_pascalcase" time="0.001" /><testcase classname="tests.1-uc-ontology.unit.test_naming_validator.TestSuggestPascalCase" name="test_hyphen_separated_to_pascalcase" time="0.001" /><testcase classname="tests.1-uc-ontology.unit.test_naming_validator.TestSuggestPascalCase" name="test_camelcase_to_pascalcase" time="0.001" /><testcase classname="tests.1-uc-ontology.unit.test_naming_validator.TestSuggestCamelCase" name="test_pascalcase_to_camelcase" time="0.001" /><testcase classname="tests.1-uc-ontology.unit.test_naming_validator.TestSuggestCamelCase" name="test_underscore_to_camelcase" time="0.001" /><testcase classname="tests.1-uc-ontology.unit.test_naming_validator.TestHelperMethods" name="test_get_local_name_with_hash" time="0.001" /><testcase classname="tests.1-uc-ontology.unit.test_naming_validator.TestHelperMethods" name="test_get_local_name_with_slash" time="0.001" /><testcase classname="tests.1-uc-ontology.unit.test_naming_validator.TestHelperMethods" name="test_is_acronym_true" time="0.001" /><testcase classname="tests.1-uc-ontology.unit.test_naming_validator.TestHelperMethods" name="test_is_acronym_false" time="0.001" /><testcase classname="tests.1-uc-ontology.unit.test_naming_validator.TestNamingValidatorRulesLoading" name="test_load_rules_invalid_json_uses_defaults" time="0.004" /><testcase classname="tests.1-uc-ontology.unit.test_naming_validator.TestNamingValidatorRulesLoading" name="test_load_rules_empty_file_uses_defaults" time="0.004" /><testcase classname="tests.1-uc-ontology.unit.test_naming_validator.TestNamingValidatorPropertyTypes" name="test_validate_datatype_property" time="0.001" /><testcase classname="tests.1-uc-ontology.unit.test_naming_validator.TestNamingValidatorPropertyTypes" name="test_validate_annotation_property" time="0.001" /><testcase classname="tests.1-uc-ontology.unit.test_naming_validator.TestNamingValidatorPropertyTypes" name="test_validate_property_starting_uppercase" time="0.001" /><testcase classname="tests.1-uc-ontology.unit.test_naming_validator.TestNamingValidatorDefinition" name="test_definition_without_period_warning" time="0.002" /><testcase classname="tests.1-uc-ontology.unit.test_naming_validator.TestNamingValidatorDefinition" name="test_definition_lowercase_start_warning" time="0.001" /><testcase classname="tests.1-uc-ontology.unit.test_naming_validator.TestNamingValidatorPrefLabelEdgeCases" name="test_preflabel_with_multiple_underscores" time="0.001" /><testcase classname="tests.1-uc-ontology.unit.test_naming_validator.TestNamingValidatorPrefLabelEdgeCases" name="test_preflabel_with_special_characters" time="0.002" /><testcase classname="tests.1-uc-ontology.unit.test_naming_validator.TestNamingValidatorPrefLabelEdgeCases" name="test_preflabel_empty_string" time="0.001" /><testcase classname="tests.1-uc-ontology.unit.test_naming_validator.TestNamingValidatorIdentifierEdgeCases" name="test_identifier_with_prefix" time="0.001" /><testcase classname="tests.1-uc-ontology.unit.test_naming_validator.TestNamingValidatorIdentifierEdgeCases" name="test_identifier_multiple_values" time="0.002" /><testcase classname="tests.1-uc-ontology.unit.test_naming_validator.TestNamingValidatorURICases" name="test_uri_with_slash_separator" time="0.001" /><testcase classname="tests.1-uc-ontology.unit.test_naming_validator.TestNamingValidatorURICases" name="test_uri_with_numbers" time="0.001" /><testcase classname="tests.1-uc-ontology.unit.test_naming_validator.TestNamingValidatorURICases" name="test_uri_all_caps_class" time="0.001" /><testcase classname="tests.1-uc-ontology.unit.test_naming_validator.TestNamingValidatorURICases" name="test_validate_external_namespace" time="0.001" /><testcase classname="tests.1-uc-ontology.unit.test_naming_validator.TestNamingValidatorEmptyGraph" name="test_empty_graph_is_valid" time="0.001" /><testcase classname="tests.1-uc-ontology.unit.test_naming_validator.TestNamingValidatorLocalNameExtraction" name="test_class_with_empty_local_name_skipped" time="0.001" /><testcase classname="tests.1-uc-ontology.unit.test_naming_validator.TestNamingValidatorLocalNameExtraction" name="test_property_with_empty_local_name_skipped" time="0.001" /><testcase classname="tests.1-uc-ontology.unit.test_naming_validator.TestNamingValidatorPrefLabelBranches" name="test_preflabel_without_language_tag" time="0.001" /><testcase classname="tests.1-uc-ontology.unit.test_naming_validator.TestNamingValidatorPrefLabelBranches" name="test_preflabel_all_lowercase" time="0.002" /><testcase classname="tests.1-uc-ontology.unit.test_naming_validator.TestNamingValidatorPrefLabelBranches" name="test_preflabel_acronym_handling" time="0.001" /><testcase classname="tests.1-uc-ontology.unit.test_naming_validator.TestNamingValidatorPrefLabelBranches" name="test_preflabel_apostrophe_handling" time="0.001" /><testcase classname="tests.1-uc-ontology.unit.test_naming_validator.TestNamingValidatorDefinitionBranches" name="test_definition_missing_period" time="0.001" /><testcase classname="tests.1-uc-ontology.unit.test_naming_validator.TestNamingValidatorDefinitionBranches" name="test_definition_lowercase_start" time="0.002" /><testcase classname="tests.1-uc-ontology.unit.test_naming_validator.TestNamingValidatorDefinitionBranches" name="test_definition_with_literal_not_literal" time="0.001" /><testcase classname="tests.1-uc-ontology.unit.test_naming_validator.TestNamingValidatorDefinitionBranches" name="test_definition_empty_value" time="0.001" /><testcase classname="tests.1-uc-ontology.unit.test_naming_validator.TestNamingValidatorTitleCaseHelpers" name="test_is_acronym_detects_known_acronyms" time="0.001" /><testcase classname="tests.1-uc-ontology.unit.test_naming_validator.TestNamingValidatorTitleCaseHelpers" name="test_handle_hyphen_en" time="0.001" /><testcase classname="tests.1-uc-ontology.unit.test_naming_validator.TestNamingValidatorTitleCaseHelpers" name="test_handle_hyphen_pt" time="0.001" /><testcase classname="tests.1-uc-ontology.unit.test_naming_validator.TestNamingValidatorTitleCaseHelpers" name="test_is_first_word" time="0.001" /><testcase classname="tests.1-uc-ontology.unit.test_naming_validator.TestNamingValidatorTitleCaseHelpers" name="test_handle_apostrophe_pt" time="0.001" /><testcase classname="tests.1-uc-ontology.unit.test_naming_validator.TestNamingValidatorIntegrationPrefLabel" name="test_preflabel_pt_with_exceptions" time="0.002" /><testcase classname="tests.1-uc-ontology.unit.test_naming_validator.TestNamingValidatorIntegrationPrefLabel" name="test_preflabel_pt_with_hyphen_and_exception" time="0.002" /><testcase classname="tests.1-uc-ontology.unit.test_naming_validator.TestNamingValidatorSuggestPascalCase" name="test_suggest_pascalcase_from_snake_case" time="0.001" /><testcase classname="tests.1-uc-ontology.unit.test_naming_validator.TestNamingValidatorSuggestPascalCase" name="test_suggest_pascalcase_from_camelcase" time="0.001" /><testcase classname="tests.1-uc-ontology.unit.test_naming_validator.TestNamingValidatorSuggestPascalCase" name="test_suggest_pascalcase_from_lowercase" time="0.001" /><testcase classname="tests.1-uc-ontology.unit.test_naming_validator.TestNamingValidatorSuggestPascalCase" name="test_suggest_pascalcase_with_numbers" time="0.001" /><testcase classname="tests.1-uc-ontology.unit.test_naming_validator.TestNamingValidatorSuggestPascalCase" name="test_suggest_pascalcase_with_hyphen_parts" time="0.001" /><testcase classname="tests.1-uc-ontology.unit.test_naming_validator.TestNamingValidatorSuggestPascalCase" name="test_suggest_pascalcase_hyphen_part_has_space" time="0.001" /><testcase classname="tests.1-uc-ontology.unit.test_naming_validator.TestNamingValidatorSuggestPascalCase" name="test_suggest_pascalcase_empty_parts" time="0.001" /><testcase classname="tests.1-uc-ontology.unit.test_naming_validator.TestNamingValidatorHyphenHandling" name="test_handle_hyphen_en_with_correction" time="0.001" /><testcase classname="tests.1-uc-ontology.unit.test_naming_validator.TestNamingValidatorHyphenHandling" name="test_handle_hyphen_en_default" time="0.001" /><testcase classname="tests.1-uc-ontology.unit.test_naming_validator.TestNamingValidatorHyphenHandling" name="test_handle_apostrophe_pt_prefix" time="0.001" /><testcase classname="tests.1-uc-ontology.unit.test_naming_validator.TestNamingValidatorAdditionalBranches" name="test_preflabel_with_underscore_generates_warning" time="0.001" /><testcase classname="tests.1-uc-ontology.unit.test_naming_validator.TestNamingValidatorAdditionalBranches" name="test_preflabel_with_trailing_period" time="0.001" /><testcase classname="tests.1-uc-ontology.unit.test_naming_validator.TestNamingValidatorAdditionalBranches" name="test_preflabel_title_case_en_valid_pass" time="0.001" /><testcase classname="tests.1-uc-ontology.unit.test_naming_validator.TestNamingValidatorAdditionalBranches" name="test_suggest_pascalcase_detects_camelcase_transitions" time="0.001" /><testcase classname="tests.1-uc-ontology.unit.test_naming_validator.TestNamingValidatorAdditionalBranches" name="test_validate_title_case_en_valid" time="0.001" /><testcase classname="tests.1-uc-ontology.unit.test_naming_validator.TestNamingValidatorFullCoverage" name="test_validate_class_names_multiple_classes" time="0.001" /><testcase classname="tests.1-uc-ontology.unit.test_naming_validator.TestNamingValidatorFullCoverage" name="test_preflabel_title_case_valid_en_passes" time="0.001" /><testcase classname="tests.1-uc-ontology.unit.test_naming_validator.TestNamingValidatorFullCoverage" name="test_validate_identifiers_multiple_classes" time="0.001" /><testcase classname="tests.1-uc-ontology.unit.test_naming_validator.TestNamingValidatorFullCoverage" name="test_identifier_pattern_already_valid" time="0.001" /><testcase classname="tests.1-uc-ontology.unit.test_naming_validator.TestNamingValidatorFullCoverage" name="test_suggest_pascalcase_empty_part" time="0.001" /><testcase classname="tests.1-uc-ontology.unit.test_naming_validator.TestNamingValidatorFullCoverage" name="test_suggest_pascalcase_part_with_space" time="0.001" /><testcase classname="tests.1-uc-ontology.unit.test_naming_validator.TestNamingValidatorFullCoverage" name="test_suggest_pascalcase_words_list_empty_after_detection" time="0.001" /><testcase classname="tests.1-uc-ontology.unit.test_naming_validator.TestNamingValidatorFullCoverage" name="test_suggest_pascalcase_from_camelcase_detection" time="0.001" /><testcase classname="tests.1-uc-ontology.unit.test_naming_validator.TestNamingValidatorFullCoverage" name="test_suggest_pascalcase_with_spaces" time="0.001" /><testcase classname="tests.1-uc-ontology.unit.test_naming_validator.TestNamingValidatorFullCoverage" name="test_suggest_camelcase_empty_pascal" time="0.001" /><testcase classname="tests.1-uc-ontology.unit.test_naming_validator.TestNamingValidatorFullCoverage" name="test_handle_apostrophe_pt_no_prefix_match" time="0.001" /><testcase classname="tests.1-uc-ontology.unit.test_naming_validator.TestNamingValidatorFullCoverage" name="test_handle_apostrophe_pt_returns_capitalized" time="0.001" /><testcase classname="tests.1-uc-ontology.unit.test_naming_validator.TestNamingValidatorFullCoverage" name="test_validate_preflabels_title_case_pt_valid" time="0.001" /><testcase classname="tests.1-uc-ontology.unit.test_naming_validator.TestNamingValidatorFullCoverage" name="test_suggest_pascalcase_single_char_parts" time="0.001" /><testcase classname="tests.1-uc-ontology.unit.test_naming_validator.TestNamingValidatorFullCoverage" name="test_handle_hyphen_en_multiple_parts" time="0.001" /><testcase classname="tests.1-uc-ontology.unit.test_naming_validator.TestNamingValidatorBranchCoverage100" name="test_validate_class_names_returns_after_loop" time="0.001" /><testcase classname="tests.1-uc-ontology.unit.test_naming_validator.TestNamingValidatorBranchCoverage100" name="test_preflabel_title_case_en_valid_branch" time="0.001" /><testcase classname="tests.1-uc-ontology.unit.test_naming_validator.TestNamingValidatorBranchCoverage100" name="test_validate_identifiers_loop_completes" time="0.002" /><testcase classname="tests.1-uc-ontology.unit.test_naming_validator.TestNamingValidatorBranchCoverage100" name="test_identifier_already_valid_pattern" time="0.001" /><testcase classname="tests.1-uc-ontology.unit.test_naming_validator.TestNamingValidatorBranchCoverage100" name="test_suggest_pascalcase_underscore_creates_empty_part" time="0.001" /><testcase classname="tests.1-uc-ontology.unit.test_naming_validator.TestNamingValidatorBranchCoverage100" name="test_suggest_pascalcase_words_empty_branch" time="0.001" /><testcase classname="tests.1-uc-ontology.unit.test_naming_validator.TestNamingValidatorBranchCoverage100" name="test_suggest_pascalcase_part_with_space_branch" time="0.001" /><testcase classname="tests.1-uc-ontology.unit.test_naming_validator.TestNamingValidatorBranchCoverage100" name="test_suggest_pascalcase_camelcase_detection_full" time="0.001" /><testcase classname="tests.1-uc-ontology.unit.test_naming_validator.TestNamingValidatorBranchCoverage100" name="test_suggest_pascalcase_name_without_transitions" time="0.001" /><testcase classname="tests.1-uc-ontology.unit.test_naming_validator.TestNamingValidatorBranchCoverage100" name="test_suggest_pascalcase_name_with_space_final_branch" time="0.001" /><testcase classname="tests.1-uc-ontology.unit.test_naming_validator.TestNamingValidatorBranchCoverage100" name="test_preflabel_pt_title_case_valid" time="0.002" /><testcase classname="tests.1-uc-ontology.unit.test_naming_validator.TestNamingValidatorBranchCoverage100" name="test_handle_hyphen_pt_multiple_parts" time="0.001" /><testcase classname="tests.1-uc-ontology.unit.test_naming_validator.TestNamingValidatorBranchCoverage100" name="test_correct_preflabel_with_prepositions" time="0.001" /><testcase classname="tests.1-uc-ontology.unit.test_naming_validator.TestNamingValidatorBranchCoverage100" name="test_load_prepositions_english" time="0.001" /><testcase classname="tests.1-uc-ontology.unit.test_naming_validator.TestNamingValidatorBranchCoverage100" name="test_load_prepositions_portuguese" time="0.001" /><testcase classname="tests.1-uc-ontology.unit.test_naming_validator.TestNamingValidatorPartialBranches" name="test_class_names_validation_loop_exit" time="0.001" /><testcase classname="tests.1-uc-ontology.unit.test_naming_validator.TestNamingValidatorPartialBranches" name="test_preflabel_title_case_en_valid_else_branch" time="0.001" /><testcase classname="tests.1-uc-ontology.unit.test_naming_validator.TestNamingValidatorPartialBranches" name="test_identifiers_validation_loop_exit" time="0.001" /><testcase classname="tests.1-uc-ontology.unit.test_naming_validator.TestNamingValidatorPartialBranches" name="test_identifier_valid_pattern_no_error" time="0.001" /><testcase classname="tests.1-uc-ontology.unit.test_naming_validator.TestNamingValidatorPartialBranches" name="test_suggest_pascalcase_empty_after_split" time="0.001" /><testcase classname="tests.1-uc-ontology.unit.test_naming_validator.TestNamingValidatorPartialBranches" name="test_suggest_pascalcase_words_empty_after_detection" time="0.001" /><testcase classname="tests.1-uc-ontology.unit.test_naming_validator.TestNamingValidatorPartialBranches" name="test_suggest_pascalcase_part_has_space" time="0.001" /><testcase classname="tests.1-uc-ontology.unit.test_naming_validator.TestNamingValidatorPartialBranches" name="test_suggest_pascalcase_camelcase_no_transitions" time="0.001" /><testcase classname="tests.1-uc-ontology.unit.test_naming_validator.TestNamingValidatorPartialBranches" name="test_suggest_pascalcase_final_word_append" time="0.001" /><testcase classname="tests.1-uc-ontology.unit.test_naming_validator.TestNamingValidatorPartialBranches" name="test_preflabel_title_case_en_valid_executes_else_pass" time="0.001" /><testcase classname="tests.1-uc-ontology.unit.test_naming_validator.TestNamingValidatorPartialBranches" name="test_preflabel_title_case_pt_valid_executes_else_pass" time="0.001" /><testcase classname="tests.1-uc-ontology.unit.test_naming_validator.TestNamingValidatorPartialBranches" name="test_identifier_pattern_invalid_generates_error" time="0.001" /><testcase classname="tests.1-uc-ontology.unit.test_normalize_reporting_invariance.TestReportingInvariance" name="test_01_validate_only_reports_same_issues_as_auto_fix" time="0.012" /><testcase classname="tests.1-uc-ontology.unit.test_normalize_reporting_invariance.TestReportingInvariance" name="test_02_validate_only_has_zero_applied_and_positive_proposed" time="0.007" /><testcase classname="tests.1-uc-ontology.unit.test_normalize_reporting_invariance.TestReportingInvariance" name="test_03_auto_fix_applies_only_eligible_corrections" time="0.007" /><testcase classname="tests.1-uc-ontology.unit.test_normalize_reporting_invariance.TestRulebookGovernance" name="test_04_no_hardcoded_rules_access" time="0.009" /><testcase classname="tests.1-uc-ontology.unit.test_normalize_reporting_invariance.TestAuditLogSchema" name="test_05_fix_stats_has_essential_keys_in_both_modes" time="0.011" /><testcase classname="tests.1-uc-ontology.unit.test_normalize_reporting_invariance.TestAuditLogSchema" name="test_mode_field_is_correct" time="0.011" /><testcase classname="tests.1-uc-ontology.unit.test_normalize_reporting_invariance.TestProposedCorrectionsConsistency" name="test_total_proposed_equals_sum_of_applied_and_pending" time="0.010" /><testcase classname="tests.1-uc-ontology.unit.test_normalize_reporting_invariance.TestProposedCorrectionsConsistency" name="test_preflabel_corrections_structure" time="0.007" /><testcase classname="tests.1-uc-ontology.unit.test_normalize_reporting_invariance.TestNormalizationResultContract" name="test_to_dict_works_in_both_modes" time="0.010" /><testcase classname="tests.1-uc-ontology.unit.test_normalize_reporting_invariance.TestNormalizationResultContract" name="test_normalizer_exposes_rules_path" time="0.006" /><testcase classname="tests.1-uc-ontology.unit.test_normalize_reporting_invariance.TestAuditLogRulebookSnapshot" name="test_rulebook_snapshot_sha256_calculation" time="0.004" /><testcase classname="tests.1-uc-ontology.unit.test_normalize_reporting_invariance.TestAuditLogRulebookSnapshot" name="test_rulebook_path_is_absolute" time="0.005" /><testcase classname="tests.1-uc-ontology.unit.test_normalizer.TestNormalizerInit" name="test_init_with_default_rules" time="0.001" /><testcase classname="tests.1-uc-ontology.unit.test_normalizer.TestNormalizerInit" name="test_init_with_valid_rules_path" time="0.001" /><testcase classname="tests.1-uc-ontology.unit.test_normalizer.TestNormalizerInit" name="test_init_creates_naming_validator_when_naming_syntax_exists" time="0.001" /><testcase classname="tests.1-uc-ontology.unit.test_normalizer.TestNormalizerInit" name="test_init_with_auto_fix_override" time="0.001" /><testcase classname="tests.1-uc-ontology.unit.test_normalizer.TestNormalizerRulesLoading" name="test_default_rules_have_validation" time="0.001" /><testcase classname="tests.1-uc-ontology.unit.test_normalizer.TestNormalizerRulesLoading" name="test_default_rules_have_naming_syntax" time="0.001" /><testcase classname="tests.1-uc-ontology.unit.test_normalizer.TestNormalizerRulesLoading" name="test_default_rules_no_formatting" time="0.001" /><testcase classname="tests.1-uc-ontology.unit.test_normalizer.TestNormalizationResult" name="test_normalize_returns_normalization_result" time="0.004" /><testcase classname="tests.1-uc-ontology.unit.test_normalizer.TestNormalizationResult" name="test_normalization_result_has_graph" time="0.004" /><testcase classname="tests.1-uc-ontology.unit.test_normalizer.TestNormalizationResult" name="test_normalization_result_to_dict" time="0.004" /><testcase classname="tests.1-uc-ontology.unit.test_normalizer.TestNormalizePrefixes" name="test_original_prefixes_preserved" time="0.004" /><testcase classname="tests.1-uc-ontology.unit.test_normalizer.TestNormalizePrefixes" name="test_triples_preserved" time="0.004" /><testcase classname="tests.1-uc-ontology.unit.test_normalizer.TestNormalizeLegacy" name="test_normalize_legacy_returns_graph" time="0.005" /><testcase classname="tests.1-uc-ontology.unit.test_normalizer.TestNormalizeValidation" name="test_warnings_accumulated" time="0.004" /><testcase classname="tests.1-uc-ontology.unit.test_normalizer.TestNormalizeValidation" name="test_warnings_cleared_between_runs" time="0.007" /><testcase classname="tests.1-uc-ontology.unit.test_normalizer.TestNormalizeNamingFixes" name="test_preflabel_correction_applied" time="0.004" /><testcase classname="tests.1-uc-ontology.unit.test_normalizer.TestNormalizeNamingFixes" name="test_normalization_result_contains_fix_stats" time="0.003" /><testcase classname="tests.1-uc-ontology.unit.test_normalizer.TestNormalizerEncoding" name="test_valid_utf8_returns_true" time="0.006" /><testcase classname="tests.1-uc-ontology.unit.test_normalizer.TestNormalizerEncoding" name="test_nonexistent_file_returns_false" time="0.001" /><testcase classname="tests.1-uc-ontology.unit.test_normalizer.TestNormalizerSerializationValidation" name="test_detect_auto_generated_prefixes" time="0.002" /><testcase classname="tests.1-uc-ontology.unit.test_normalizer.TestNormalizerSerializationValidation" name="test_no_problems_for_clean_graph" time="0.002" /><testcase classname="tests.1-uc-ontology.unit.test_normalizer.TestNormalizerProtegeCompatibility" name="test_ensure_protege_compatibility" time="0.003" /><testcase classname="tests.1-uc-ontology.unit.test_normalizer.TestNormalizerProtegeCompatibility" name="test_protege_compatibility_preserves_triples" time="0.003" /><testcase classname="tests.1-uc-ontology.unit.test_normalizer.TestNormalizerCompareSerializations" name="test_identical_serializations_match" time="0.000" /><testcase classname="tests.1-uc-ontology.unit.test_normalizer.TestNormalizerCompareSerializations" name="test_leading_trailing_whitespace_ignored" time="0.000" /><testcase classname="tests.1-uc-ontology.unit.test_normalizer.TestNormalizerCompareSerializations" name="test_internal_whitespace_not_normalized" time="0.000" /><testcase classname="tests.1-uc-ontology.unit.test_normalizer.TestNormalizerCompareSerializations" name="test_comments_ignored" time="0.000" /><testcase classname="tests.1-uc-ontology.unit.test_normalizer.TestNormalizerCompareSerializations" name="test_different_content_not_match" time="0.000" /><testcase classname="tests.1-uc-ontology.unit.test_normalizer.TestNormalizerRulesLoadingCoverage" name="test_load_rules_file_not_found_uses_defaults" time="0.003" /><testcase classname="tests.1-uc-ontology.unit.test_normalizer.TestNormalizerRulesLoadingCoverage" name="test_load_invalid_json_rules_uses_defaults" time="0.004" /><testcase classname="tests.1-uc-ontology.unit.test_normalizer.TestNormalizerValidationRulesCoverage" name="test_validate_iris_enabled_with_custom_rules" time="0.009" /><testcase classname="tests.1-uc-ontology.unit.test_normalizer.TestNormalizerValidationRulesCoverage" name="test_validate_invalid_iri_with_space_generates_warning" time="0.005" /><testcase classname="tests.1-uc-ontology.unit.test_normalizer.TestNormalizerValidationRulesCoverage" name="test_warn_on_deprecated_owl_features" time="0.004" /><testcase classname="tests.1-uc-ontology.unit.test_normalizer.TestNormalizerNamingFixesCoverage" name="test_fix_snake_case_class_uri" time="0.003" /><testcase classname="tests.1-uc-ontology.unit.test_normalizer.TestNormalizerNamingFixesCoverage" name="test_fix_pascal_case_property_uri" time="0.003" /><testcase classname="tests.1-uc-ontology.unit.test_normalizer.TestNormalizerNamingFixesCoverage" name="test_fix_identifier_mismatch_with_local_name" time="0.003" /><testcase classname="tests.1-uc-ontology.unit.test_normalizer.TestNormalizerPrefLabelTitleCaseCoverage" name="test_fix_lowercase_preflabel_to_title_case" time="0.003" /><testcase classname="tests.1-uc-ontology.unit.test_normalizer.TestNormalizerPrefLabelTitleCaseCoverage" name="test_fix_mixed_case_preflabel_to_title_case" time="0.003" /><testcase classname="tests.1-uc-ontology.unit.test_normalizer.TestNormalizerPrefLabelTitleCaseCoverage" name="test_preserve_hvac_abbreviation_in_preflabel" time="0.003" /><testcase classname="tests.1-uc-ontology.unit.test_normalizer.TestNormalizerPrefLabelTitleCaseCoverage" name="test_preserve_hyphenated_words_in_preflabel" time="0.003" /><testcase classname="tests.1-uc-ontology.unit.test_normalizer.TestNormalizerDefinitionFixesCoverage" name="test_fix_lowercase_definition_to_sentence_case" time="0.003" /><testcase classname="tests.1-uc-ontology.unit.test_normalizer.TestNormalizerDefinitionFixesCoverage" name="test_add_trailing_period_to_definition" time="0.004" /><testcase classname="tests.1-uc-ontology.unit.test_normalizer.TestNormalizerProtegeCompatibilityCoverage" name="test_ensure_protege_compatibility_adds_standard_prefixes" time="0.002" /><testcase classname="tests.1-uc-ontology.unit.test_normalizer.TestNormalizerProtegeCompatibilityCoverage" name="test_fix_automatic_ns_prefixes" time="0.002" /><testcase classname="tests.1-uc-ontology.unit.test_normalizer.TestNormalizerProtegeCompatibilityCoverage" name="test_validate_serialization_detects_unbound_namespace" time="0.001" /><testcase classname="tests.1-uc-ontology.unit.test_normalizer.TestNormalizerProtegeCompatibilityCoverage" name="test_detect_literal_looking_like_uri_pattern" time="0.001" /><testcase classname="tests.1-uc-ontology.unit.test_normalizer.TestNormalizerFixStatsCoverage" name="test_fix_stats_has_expected_structure" time="0.004" /><testcase classname="tests.1-uc-ontology.unit.test_normalizer.TestNormalizerFixStatsCoverage" name="test_normalization_result_to_dict_has_all_keys" time="0.003" /><testcase classname="tests.1-uc-ontology.unit.test_normalizer.TestNormalizerCollectWarningsCoverage" name="test_collect_warnings_from_naming_validation" time="0.003" /><testcase classname="tests.1-uc-ontology.unit.test_normalizer.TestNormalizerAutoFixOverrideCoverage" name="test_auto_fix_override_true_applies_fixes" time="0.005" /><testcase classname="tests.1-uc-ontology.unit.test_normalizer.TestNormalizerAutoFixOverrideCoverage" name="test_auto_fix_override_false_skips_fixes" time="0.005" /><testcase classname="tests.1-uc-ontology.unit.test_normalizer.TestNormalizerImportFallback" name="test_normalizer_works_without_naming_validator" time="0.002" /><testcase classname="tests.1-uc-ontology.unit.test_normalizer.TestNormalizerCollectNamingWarnings" name="test_collect_naming_warnings_with_no_report" time="0.001" /><testcase classname="tests.1-uc-ontology.unit.test_normalizer.TestNormalizerIRIValidation" name="test_invalid_iri_in_predicate_generates_warning" time="0.004" /><testcase classname="tests.1-uc-ontology.unit.test_normalizer.TestNormalizerIRIValidation" name="test_invalid_iri_in_object_generates_warning" time="0.004" /><testcase classname="tests.1-uc-ontology.unit.test_normalizer.TestNormalizerIsValidIRI" name="test_iri_without_scheme_is_invalid" time="0.001" /><testcase classname="tests.1-uc-ontology.unit.test_normalizer.TestNormalizerIsValidIRI" name="test_blank_node_is_valid" time="0.001" /><testcase classname="tests.1-uc-ontology.unit.test_normalizer.TestNormalizerLoadPrepositions" name="test_preflabel_correction_with_missing_config" time="0.006" /><testcase classname="tests.1-uc-ontology.unit.test_normalizer.TestNormalizerURISlashSeparator" name="test_fix_class_uri_with_slash_separator" time="0.005" /><testcase classname="tests.1-uc-ontology.unit.test_normalizer.TestNormalizerPrefLabelURIMapping" name="test_uri_replacement_in_predicate" time="0.006" /><testcase classname="tests.1-uc-ontology.unit.test_normalizer.TestNormalizerPrefLabelURIMapping" name="test_uri_replacement_in_object" time="0.006" /><testcase classname="tests.1-uc-ontology.unit.test_normalizer.TestNormalizerEncodingValidation" name="test_validate_encoding_disabled_returns_true" time="0.004" /><testcase classname="tests.1-uc-ontology.unit.test_normalizer.TestNormalizerEncodingValidation" name="test_validate_encoding_unicode_error" time="0.005" /><testcase classname="tests.1-uc-ontology.unit.test_normalizer.TestNormalizerValidateSerializationSlashNS" name="test_validate_serialization_namespace_with_slash" time="0.001" /><testcase classname="tests.1-uc-ontology.unit.test_normalizer.TestNormalizerGetNamingMethods" name="test_get_naming_validation_report_returns_report" time="0.002" /><testcase classname="tests.1-uc-ontology.unit.test_normalizer.TestNormalizerGetNamingMethods" name="test_get_naming_fix_stats_returns_stats" time="0.003" /><testcase classname="tests.1-uc-ontology.unit.test_normalizer.TestNormalizerProtegeKnownPrefixes" name="test_protege_compatibility_binds_known_prefixes" time="0.002" /><testcase classname="tests.1-uc-ontology.unit.test_normalizer.TestNormalizerFullCoverage" name="test_naming_validator_import_fallback" time="0.002" /><testcase classname="tests.1-uc-ontology.unit.test_normalizer.TestNormalizerFullCoverage" name="test_load_prepositions_exception_returns_empty" time="0.004" /><testcase classname="tests.1-uc-ontology.unit.test_normalizer.TestNormalizerFullCoverage" name="test_auto_fix_skips_invalid_suggestions" time="0.003" /><testcase classname="tests.1-uc-ontology.unit.test_normalizer.TestNormalizerFullCoverage" name="test_auto_fix_skips_must_match_local_name_rule" time="0.003" /><testcase classname="tests.1-uc-ontology.unit.test_normalizer.TestNormalizerFullCoverage" name="test_validate_serialization_uri_without_separator" time="0.001" /><testcase classname="tests.1-uc-ontology.unit.test_normalizer.TestNormalizerFullCoverage" name="test_definition_correction_adds_period" time="0.003" /><testcase classname="tests.1-uc-ontology.unit.test_normalizer.TestNormalizerFullCoverage" name="test_validate_serialization_namespace_with_else_branch" time="0.001" /><testcase classname="tests.1-uc-ontology.unit.test_normalizer.TestNormalizerFullCoverage" name="test_protege_compatibility_binds_known_unbound_namespace" time="0.002" /><testcase classname="tests.1-uc-ontology.unit.test_normalizer.TestNormalizerPredicateCorrection" name="test_property_uri_correction_when_invalid_name" time="0.006" /><testcase classname="tests.1-uc-ontology.unit.test_ontology_graph.TestOntologyGraphLoad" name="test_load_valid_file" time="0.006" /><testcase classname="tests.1-uc-ontology.unit.test_ontology_graph.TestOntologyGraphLoad" name="test_load_creates_metadata" time="0.006" /><testcase classname="tests.1-uc-ontology.unit.test_ontology_graph.TestOntologyGraphLoad" name="test_load_extracts_prefixes" time="0.006" /><testcase classname="tests.1-uc-ontology.unit.test_ontology_graph.TestOntologyGraphLoad" name="test_load_nonexistent_raises" time="0.000" /><testcase classname="tests.1-uc-ontology.unit.test_ontology_graph.TestOntologyGraphLoad" name="test_load_stores_source_path" time="0.043" /><testcase classname="tests.1-uc-ontology.unit.test_ontology_graph.TestOntologyGraphSave" name="test_save_creates_file" time="0.004" /><testcase classname="tests.1-uc-ontology.unit.test_ontology_graph.TestOntologyGraphSave" name="test_save_without_graph_raises" time="0.003" /><testcase classname="tests.1-uc-ontology.unit.test_ontology_graph.TestOntologyGraphSave" name="test_save_creates_parent_dirs" time="0.007" /><testcase classname="tests.1-uc-ontology.unit.test_ontology_graph.TestOntologyGraphNormalize" name="test_normalize_returns_new_ontology" time="0.004" /><testcase classname="tests.1-uc-ontology.unit.test_ontology_graph.TestOntologyGraphNormalize" name="test_normalize_preserves_metadata" time="0.004" /><testcase classname="tests.1-uc-ontology.unit.test_ontology_graph.TestOntologyGraphNormalize" name="test_normalize_without_graph_raises" time="0.001" /><testcase classname="tests.1-uc-ontology.unit.test_ontology_graph.TestOntologyGraphAddTriple" name="test_add_triple_basic" time="0.002" /><testcase classname="tests.1-uc-ontology.unit.test_ontology_graph.TestOntologyGraphAddTriple" name="test_add_triple_with_literal" time="0.002" /><testcase classname="tests.1-uc-ontology.unit.test_ontology_graph.TestOntologyGraphAddTriple" name="test_add_triple_updates_metadata" time="0.002" /><testcase classname="tests.1-uc-ontology.unit.test_ontology_graph.TestOntologyGraphAddTriple" name="test_add_triple_without_graph_raises" time="0.000" /><testcase classname="tests.1-uc-ontology.unit.test_ontology_graph.TestOntologyGraphRemoveTriple" name="test_remove_triple_basic" time="0.002" /><testcase classname="tests.1-uc-ontology.unit.test_ontology_graph.TestOntologyGraphRemoveTriple" name="test_remove_triple_updates_metadata" time="0.001" /><testcase classname="tests.1-uc-ontology.unit.test_ontology_graph.TestOntologyGraphRemoveTriple" name="test_remove_triple_without_graph_raises" time="0.000" /><testcase classname="tests.1-uc-ontology.unit.test_ontology_graph.TestOntologyGraphBatchApply" name="test_batch_apply_insert" time="0.002" /><testcase classname="tests.1-uc-ontology.unit.test_ontology_graph.TestOntologyGraphBatchApply" name="test_batch_apply_delete" time="0.002" /><testcase classname="tests.1-uc-ontology.unit.test_ontology_graph.TestOntologyGraphBatchApply" name="test_batch_apply_rollback_on_error" time="0.002" /><testcase classname="tests.1-uc-ontology.unit.test_ontology_graph.TestOntologyGraphBatchApply" name="test_batch_apply_processes_all_operations" time="0.002" /><testcase classname="tests.1-uc-ontology.unit.test_ontology_graph.TestOntologyGraphDiff" name="test_diff_added_triples" time="0.002" /><testcase classname="tests.1-uc-ontology.unit.test_ontology_graph.TestOntologyGraphDiff" name="test_diff_removed_triples" time="0.002" /><testcase classname="tests.1-uc-ontology.unit.test_ontology_graph.TestOntologyGraphDiff" name="test_diff_identical_graphs" time="0.001" /><testcase classname="tests.1-uc-ontology.unit.test_ontology_graph.TestOntologyGraphDiff" name="test_diff_without_graph_raises" time="0.001" /><testcase classname="tests.1-uc-ontology.unit.test_ontology_graph.TestOntologyGraphReviewLog" name="test_generate_review_log" time="
[...]
ion_evidence.TestEvidenceBundle" name="test_to_dict" time="0.000" /><testcase classname="tests.1-uc-ontology.unit.test_verification_evidence.TestEvidenceWriter" name="test_initialization" time="0.003" /><testcase classname="tests.1-uc-ontology.unit.test_verification_evidence.TestEvidenceWriter" name="test_custom_run_id" time="0.003" /><testcase classname="tests.1-uc-ontology.unit.test_verification_evidence.TestEvidenceWriter" name="test_write_manifest" time="0.010" /><testcase classname="tests.1-uc-ontology.unit.test_verification_evidence.TestEvidenceWriter" name="test_copy_artifact" time="0.006" /><testcase classname="tests.1-uc-ontology.unit.test_verification_evidence.TestEvidenceWriter" name="test_copy_artifact_default_name" time="0.005" /><testcase classname="tests.1-uc-ontology.unit.test_verification_evidence.TestEvidenceWriter" name="test_write_report" time="0.005" /><testcase classname="tests.1-uc-ontology.unit.test_verification_evidence.TestEvidenceWriter" name="test_write_log" time="0.004" /><testcase classname="tests.1-uc-ontology.unit.test_verification_evidence.TestEvidenceWriter" name="test_add_existing_file" time="0.020" /><testcase classname="tests.1-uc-ontology.unit.test_verification_evidence.TestEvidenceWriter" name="test_finalize_creates_index" time="0.019" /><testcase classname="tests.1-uc-ontology.unit.test_verification_evidence.TestEvidenceWriter" name="test_finalize_returns_bundle" time="0.016" /><testcase classname="tests.1-uc-ontology.unit.test_verification_evidence.TestEvidenceWriter" name="test_directory_structure_created" time="0.010" /><testcase classname="tests.1-uc-ontology.unit.test_verification_evidence.TestCreateRCEvidenceDirectory" name="test_creates_correct_path" time="0.004" /><testcase classname="tests.1-uc-ontology.unit.test_verification_evidence.TestCreateRCEvidenceDirectory" name="test_auto_generated_run_name" time="0.003" /><testcase classname="tests.1-uc-ontology.unit.test_verification_evidence.TestCreateRCEvidenceDirectory" name="test_writer_functional" time="0.011" /><testcase classname="tests.1-uc-ontology.unit.test_verification_hasher.TestSha256File" name="test_hash_simple_file" time="0.004" /><testcase classname="tests.1-uc-ontology.unit.test_verification_hasher.TestSha256File" name="test_hash_empty_file" time="0.003" /><testcase classname="tests.1-uc-ontology.unit.test_verification_hasher.TestSha256File" name="test_hash_binary_file" time="0.003" /><testcase classname="tests.1-uc-ontology.unit.test_verification_hasher.TestSha256File" name="test_hash_same_content_same_hash" time="0.005" /><testcase classname="tests.1-uc-ontology.unit.test_verification_hasher.TestSha256File" name="test_hash_different_content_different_hash" time="0.005" /><testcase classname="tests.1-uc-ontology.unit.test_verification_hasher.TestSha256File" name="test_file_not_found_raises" time="0.003" /><testcase classname="tests.1-uc-ontology.unit.test_verification_hasher.TestSha256File" name="test_directory_raises" time="0.003" /><testcase classname="tests.1-uc-ontology.unit.test_verification_hasher.TestSha256File" name="test_accepts_string_path" time="0.003" /><testcase classname="tests.1-uc-ontology.unit.test_verification_hasher.TestSha256File" name="test_large_file_chunked" time="0.009" /><testcase classname="tests.1-uc-ontology.unit.test_verification_hasher.TestSha256Bytes" name="test_hash_bytes" time="0.000" /><testcase classname="tests.1-uc-ontology.unit.test_verification_hasher.TestSha256Bytes" name="test_hash_empty_bytes" time="0.000" /><testcase classname="tests.1-uc-ontology.unit.test_verification_hasher.TestSha256Bytes" name="test_not_bytes_raises" time="0.001" /><testcase classname="tests.1-uc-ontology.unit.test_verification_hasher.TestSha256Bytes" name="test_hash_deterministic" time="0.001" /><testcase classname="tests.1-uc-ontology.unit.test_verification_hasher.TestSha256String" name="test_hash_string" time="0.000" /><testcase classname="tests.1-uc-ontology.unit.test_verification_hasher.TestSha256String" name="test_hash_unicode" time="0.000" /><testcase classname="tests.1-uc-ontology.unit.test_verification_hasher.TestSha256String" name="test_custom_encoding" time="0.000" /><testcase classname="tests.1-uc-ontology.unit.test_verification_hasher.TestFileSizeBytes" name="test_file_size" time="0.004" /><testcase classname="tests.1-uc-ontology.unit.test_verification_hasher.TestFileSizeBytes" name="test_empty_file_size" time="0.003" /><testcase classname="tests.1-uc-ontology.unit.test_verification_hasher.TestFileSizeBytes" name="test_file_not_found_raises" time="0.003" /><testcase classname="tests.1-uc-ontology.unit.test_verification_idempotency.TestCheckIdempotency" name="test_identity_is_idempotent" time="0.006" /><testcase classname="tests.1-uc-ontology.unit.test_verification_idempotency.TestCheckIdempotency" name="test_appending_not_idempotent" time="0.011" /><testcase classname="tests.1-uc-ontology.unit.test_verification_idempotency.TestCheckIdempotency" name="test_missing_input_returns_error" time="0.003" /><testcase classname="tests.1-uc-ontology.unit.test_verification_idempotency.TestCheckIdempotency" name="test_transform_failure_returns_error" time="0.004" /><testcase classname="tests.1-uc-ontology.unit.test_verification_idempotency.TestCheckIdempotency" name="test_no_output_returns_error" time="0.004" /><testcase classname="tests.1-uc-ontology.unit.test_verification_idempotency.TestCheckIdempotency" name="test_semantically_equivalent_is_idempotent" time="0.008" /><testcase classname="tests.1-uc-ontology.unit.test_verification_idempotency.TestCheckIdempotency" name="test_report_to_dict" time="0.006" /><testcase classname="tests.1-uc-ontology.unit.test_verification_idempotency.TestCheckGraphIdempotency" name="test_identity_graph_transform_idempotent" time="0.001" /><testcase classname="tests.1-uc-ontology.unit.test_verification_idempotency.TestCheckGraphIdempotency" name="test_modifying_transform_not_idempotent" time="0.001" /><testcase classname="tests.1-uc-ontology.unit.test_verification_idempotency.TestCheckGraphIdempotency" name="test_error_handling" time="0.001" /><testcase classname="tests.1-uc-ontology.unit.test_verification_idempotency.TestIdempotencyReport" name="test_report_defaults" time="0.000" /><testcase classname="tests.1-uc-ontology.unit.test_verification_idempotency.TestIdempotencyReport" name="test_report_to_dict_with_isomorphism" time="0.000" /><testcase classname="tests.1-uc-ontology.unit.test_verification_idempotency.TestCheckFullIdempotency" name="test_identity_is_fully_consistent" time="0.007" /><testcase classname="tests.1-uc-ontology.unit.test_verification_idempotency.TestCheckFullIdempotency" name="test_inconsistent_save_detected" time="0.009" /><testcase classname="tests.1-uc-ontology.unit.test_verification_idempotency.TestCheckFullIdempotency" name="test_canonical_transform_is_fully_consistent" time="0.014" /><testcase classname="tests.1-uc-ontology.unit.test_verification_idempotency.TestCheckFullIdempotency" name="test_missing_file_returns_error" time="0.003" /><testcase classname="tests.1-uc-ontology.unit.test_verification_idempotency.TestCheckFullIdempotency" name="test_transform_failure_returns_error" time="0.005" /><testcase classname="tests.1-uc-ontology.unit.test_verification_idempotency.TestCheckFullIdempotency" name="test_report_to_dict" time="0.007" /><testcase classname="tests.1-uc-ontology.unit.test_verification_idempotency.TestFullIdempotencyReport" name="test_report_defaults" time="0.000" /><testcase classname="tests.1-uc-ontology.unit.test_verification_idempotency.TestFullIdempotencyReport" name="test_full_report_to_dict" time="0.000" /><testcase classname="tests.1-uc-ontology.unit.test_verification_idempotency.TestIdempotencyErrorPaths" name="test_check_idempotency_second_output_not_created" time="0.005" /><testcase classname="tests.1-uc-ontology.unit.test_verification_idempotency.TestIdempotencyErrorPaths" name="test_check_graph_idempotency_transform_raises" time="0.001" /><testcase classname="tests.1-uc-ontology.unit.test_verification_idempotency.TestIdempotencyErrorPaths" name="test_check_full_idempotency_first_output_not_created" time="0.005" /><testcase classname="tests.1-uc-ontology.unit.test_verification_idempotency.TestIdempotencyErrorPaths" name="test_check_full_idempotency_second_output_not_created" time="0.006" /><testcase classname="tests.1-uc-ontology.unit.test_verification_idempotency.TestIdempotencyErrorPaths" name="test_verify_canonicalization_idempotent_delegates" time="0.006" /><testcase classname="tests.1-uc-ontology.unit.test_verification_isomorphism.TestCompareIsomorphism" name="test_identical_files_are_isomorphic" time="0.006" /><testcase classname="tests.1-uc-ontology.unit.test_verification_isomorphism.TestCompareIsomorphism" name="test_equivalent_graphs_are_isomorphic" time="0.007" /><testcase classname="tests.1-uc-ontology.unit.test_verification_isomorphism.TestCompareIsomorphism" name="test_different_graphs_not_isomorphic" time="0.007" /><testcase classname="tests.1-uc-ontology.unit.test_verification_isomorphism.TestCompareIsomorphism" name="test_empty_graphs_are_isomorphic" time="0.006" /><testcase classname="tests.1-uc-ontology.unit.test_verification_isomorphism.TestCompareIsomorphism" name="test_missing_file_returns_error" time="0.026" /><testcase classname="tests.1-uc-ontology.unit.test_verification_isomorphism.TestCompareIsomorphism" name="test_invalid_ttl_returns_error" time="0.007" /><testcase classname="tests.1-uc-ontology.unit.test_verification_isomorphism.TestCompareIsomorphism" name="test_diff_samples_limited" time="0.009" /><testcase classname="tests.1-uc-ontology.unit.test_verification_isomorphism.TestCompareIsomorphism" name="test_report_to_dict" time="0.007" /><testcase classname="tests.1-uc-ontology.unit.test_verification_isomorphism.TestCompareGraphs" name="test_identical_graphs_isomorphic" time="0.001" /><testcase classname="tests.1-uc-ontology.unit.test_verification_isomorphism.TestCompareGraphs" name="test_different_graphs_not_isomorphic" time="0.001" /><testcase classname="tests.1-uc-ontology.unit.test_verification_isomorphism.TestCompareGraphs" name="test_empty_graphs_isomorphic" time="0.001" /><testcase classname="tests.1-uc-ontology.unit.test_verification_isomorphism.TestIsomorphismReport" name="test_report_defaults" time="0.000" /><testcase classname="tests.1-uc-ontology.unit.test_verification_isomorphism.TestIsomorphismReport" name="test_report_to_dict_complete" time="0.000" /><testcase classname="tests.1-uc-ontology.unit.test_verification_isomorphism.TestIsomorphismReport" name="test_report_with_error" time="0.000" /><testcase classname="tests.1-uc-ontology.unit.test_verification_isomorphism.TestExceptionHandling" name="test_compare_isomorphism_with_corrupted_file" time="0.006" /><testcase classname="tests.1-uc-ontology.unit.test_verification_isomorphism.TestExceptionHandling" name="test_compare_graphs_with_custom_labels" time="0.001" /><testcase classname="tests.1-uc-ontology.unit.test_verification_isomorphism.TestExceptionHandling" name="test_compare_isomorphism_missing_file" time="0.006" /><testcase classname="tests.1-uc-ontology.unit.test_verification_isomorphism.TestExceptionHandling" name="test_compare_isomorphism_with_different_formats" time="0.007" /><testcase classname="tests.1-uc-ontology.unit.test_verification_isomorphism.TestIsomorphismErrorPaths" name="test_compare_isomorphism_with_explicit_format_skips_auto_detect" time="0.005" /><testcase classname="tests.1-uc-ontology.unit.test_verification_isomorphism.TestIsomorphismErrorPaths" name="test_compare_isomorphism_file_not_found_returns_error" time="0.006" /><testcase classname="tests.1-uc-ontology.unit.test_verification_isomorphism.TestIsomorphismErrorPaths" name="test_compare_graphs_with_more_diffs_than_max_samples" time="0.002" /><testcase classname="tests.1-uc-ontology.unit.test_verification_isomorphism.TestIsomorphismErrorPaths" name="test_compare_graphs_exception_in_isomorphic_check" time="0.001" /><testcase classname="tests.1-uc-ontology.unit.test_verification_manifest.TestInputArtifact" name="test_from_file" time="0.004" /><testcase classname="tests.1-uc-ontology.unit.test_verification_manifest.TestInputArtifact" name="test_format_detection" time="0.009" /><testcase classname="tests.1-uc-ontology.unit.test_verification_manifest.TestInputArtifact" name="test_explicit_format" time="0.004" /><testcase classname="tests.1-uc-ontology.unit.test_verification_manifest.TestOutputArtifact" name="test_from_file" time="0.004" /><testcase classname="tests.1-uc-ontology.unit.test_verification_manifest.TestVerificationResult" name="test_basic_result" time="0.000" /><testcase classname="tests.1-uc-ontology.unit.test_verification_manifest.TestVerificationResult" name="test_default_details" time="0.000" /><testcase classname="tests.1-uc-ontology.unit.test_verification_manifest.TestEnvironmentInfo" name="test_environment_info_has_version" time="0.001" /><testcase classname="tests.1-uc-ontology.unit.test_verification_manifest.TestEnvironmentInfo" name="test_environment_info_captures_cwd" time="0.001" /><testcase classname="tests.1-uc-ontology.unit.test_verification_manifest.TestRunManifest" name="test_create_with_defaults" time="0.001" /><testcase classname="tests.1-uc-ontology.unit.test_verification_manifest.TestRunManifest" name="test_add_input" time="0.005" /><testcase classname="tests.1-uc-ontology.unit.test_verification_manifest.TestRunManifest" name="test_add_output" time="0.005" /><testcase classname="tests.1-uc-ontology.unit.test_verification_manifest.TestRunManifest" name="test_add_verification" time="0.001" /><testcase classname="tests.1-uc-ontology.unit.test_verification_manifest.TestRunManifest" name="test_set_duration" time="0.001" /><testcase classname="tests.1-uc-ontology.unit.test_verification_manifest.TestRunManifest" name="test_set_error" time="0.001" /><testcase classname="tests.1-uc-ontology.unit.test_verification_manifest.TestRunManifest" name="test_method_chaining" time="0.006" /><testcase classname="tests.1-uc-ontology.unit.test_verification_manifest.TestRunManifest" name="test_to_dict" time="0.005" /><testcase classname="tests.1-uc-ontology.unit.test_verification_manifest.TestRunManifest" name="test_to_json" time="0.005" /><testcase classname="tests.1-uc-ontology.unit.test_verification_manifest.TestWriteManifestAtomic" name="test_write_creates_file" time="0.005" /><testcase classname="tests.1-uc-ontology.unit.test_verification_manifest.TestWriteManifestAtomic" name="test_write_creates_parent_dirs" time="0.005" /><testcase classname="tests.1-uc-ontology.unit.test_verification_manifest.TestWriteManifestAtomic" name="test_write_content_valid_json" time="0.010" /><testcase classname="tests.1-uc-ontology.unit.test_verification_manifest.TestWriteManifestAtomic" name="test_atomic_write_no_partial" time="0.006" /><testcase classname="tests.1-uc-ontology.unit.test_verification_manifest.TestReadManifest" name="test_read_written_manifest" time="0.010" /><testcase classname="tests.1-uc-ontology.unit.test_verification_manifest.TestReadManifest" name="test_read_missing_file_raises" time="0.004" /><testcase classname="tests.1-uc-ontology.unit.test_verification_manifest.TestReadManifest" name="test_read_invalid_json_raises" time="0.005" /><testcase classname="tests.1-uc-ontology.unit.test_verification_manifest.TestWriteManifestAppend" name="test_append_creates_new_file" time="0.010" /><testcase classname="tests.1-uc-ontology.unit.test_verification_manifest.TestWriteManifestAppend" name="test_append_adds_to_existing_file" time="0.019" /><testcase classname="tests.1-uc-ontology.unit.test_verification_manifest.TestWriteManifestAppend" name="test_append_multiple_entries" time="0.040" /><testcase classname="tests.1-uc-ontology.unit.test_verification_manifest.TestWriteManifestAppend" name="test_append_handles_single_object_file" time="0.012" /><testcase classname="tests.1-uc-ontology.unit.test_verification_manifest.TestWriteManifestAppend" name="test_append_handles_corrupted_file" time="0.011" /><testcase classname="tests.1-uc-ontology.unit.test_verification_manifest.TestWriteManifestAtomicErrorHandling" name="test_write_to_read_only_parent" time="0.005" /><testcase classname="tests.1-uc-ontology.unit.test_verification_rc_workflow.TestChecksumBaseline" name="test_from_directory" time="0.007" /><testcase classname="tests.1-uc-ontology.unit.test_verification_rc_workflow.TestChecksumBaseline" name="test_save_and_load" time="0.011" /><testcase classname="tests.1-uc-ontology.unit.test_verification_rc_workflow.TestChecksumBaseline" name="test_verify_unchanged" time="0.006" /><testcase classname="tests.1-uc-ontology.unit.test_verification_rc_workflow.TestChecksumBaseline" name="test_verify_modified_file" time="0.006" /><testcase classname="tests.1-uc-ontology.unit.test_verification_rc_workflow.TestChecksumBaseline" name="test_verify_missing_file" time="0.005" /><testcase classname="tests.1-uc-ontology.unit.test_verification_rc_workflow.TestChecksumBaseline" name="test_verify_new_file" time="0.005" /><testcase classname="tests.1-uc-ontology.unit.test_verification_rc_workflow.TestCoverageResult" name="test_basic_creation" time="0.000" /><testcase classname="tests.1-uc-ontology.unit.test_verification_rc_workflow.TestCoverageResult" name="test_to_dict" time="0.000" /><testcase classname="tests.1-uc-ontology.unit.test_verification_rc_workflow.TestRCResult" name="test_default_values" time="0.000" /><testcase classname="tests.1-uc-ontology.unit.test_verification_rc_workflow.TestRCResult" name="test_to_dict" time="0.000" /><testcase classname="tests.1-uc-ontology.unit.test_verification_rc_workflow.TestRCWorkflow" name="test_workflow_initialization" time="0.006" /><testcase classname="tests.1-uc-ontology.unit.test_verification_rc_workflow.TestRCWorkflow" name="test_load_or_create_baseline" time="0.008" /><testcase classname="tests.1-uc-ontology.unit.test_verification_rc_workflow.TestRCWorkflow" name="test_verify_rc_v8_immutability_pass" time="0.014" /><testcase classname="tests.1-uc-ontology.unit.test_verification_rc_workflow.TestRCWorkflow" name="test_verify_rc_v8_immutability_fail" time="0.014" /><testcase classname="tests.1-uc-ontology.unit.test_verification_rc_workflow.TestRCWorkflow" name="test_run_with_skip_tests" time="0.024" /><testcase classname="tests.1-uc-ontology.unit.test_verification_rc_workflow.TestRCWorkflow" name="test_run_with_skip_all" time="0.020" /><testcase classname="tests.1-uc-ontology.unit.test_verification_rc_workflow.TestRCWorkflow" name="test_run_missing_rc_v8" time="0.004" /><testcase classname="tests.1-uc-ontology.unit.test_verification_rc_workflow.TestRunRCVerification" name="test_basic_call" time="0.451" /><testcase classname="tests.1-uc-ontology.unit.test_verification_rc_workflow.TestEdgeCases" name="test_coverage_result_passed_property" time="0.000" /><testcase classname="tests.1-uc-ontology.unit.test_verification_rc_workflow.TestEdgeCases" name="test_rc_result_to_dict_with_all_fields" time="0.004" /><testcase classname="tests.1-uc-ontology.unit.test_verification_rc_workflow.TestEdgeCases" name="test_checksum_baseline_verify_with_extra_files" time="0.006" /><testcase classname="tests.1-uc-ontology.unit.test_verification_rc_workflow.TestEdgeCases" name="test_checksum_baseline_verify_with_missing_files" time="0.007" /><testcase classname="tests.1-uc-ontology.unit.test_verification_rc_workflow.TestEdgeCases" name="test_workflow_finalize_with_errors" time="0.004" /><testcase classname="tests.1-uc-ontology.unit.test_verification_rc_workflow.TestEdgeCases" name="test_coverage_result_with_test_details" time="0.000" /><testcase classname="tests.1-uc-ontology.unit.test_verification_rc_workflow.TestEdgeCases" name="test_workflow_with_coverage_json" time="0.005" /><testcase classname="tests.1-uc-ontology.unit.test_verification_rc_workflow.TestEdgeCases" name="test_rc_result_with_errors_list" time="0.006" /></testsuite></testsuites>