# pytest --collect-only -q tests/1-uc-ontology
# command: PYTHONPATH=H:\certi\bim\onto-tools-prp\src C:\Users\selah\.conda\envs\onto-tools-artigo\python.exe -m pytest tests/1-uc-ontology --collect-only -q
# exit_code: 0

[1m============================= test session starts =============================[0m
platform win32 -- Python 3.12.12, pytest-7.4.4, pluggy-1.6.0
rootdir: H:\certi\bim\onto-tools-prp
configfile: pytest.ini
plugins: cov-4.1.0
collected 973 items

<Package cli>
  <Module test_cli_commands.py>
    <Class TestCLIMainGroup>
      <Function test_cli_version>
      <Function test_cli_help>
    <Class TestOntologyDomainCLI>
      <Function test_ontology_help>
      <Function test_ontology_load_success>
      <Function test_ontology_normalize_success>
      <Function test_ontology_normalize_with_warnings>
      <Function test_ontology_review_success>
    <Class TestCLIErrorHandling>
      <Function test_invalid_command>
      <Function test_missing_argument>
      <Function test_facade_error_propagates>
    <Class TestCLIOutputFormatting>
      <Function test_success_shows_checkmark>
      <Function test_error_shows_cross>
    <Class TestOntologyLoadEdgeCases>
      <Function test_ontology_load_no_ttl_files>
      <Function test_ontology_load_via_interactive_menu>
      <Function test_ontology_load_error_from_facade>
    <Class TestOntologyReviewEdgeCases>
      <Function test_ontology_review_default_output_path>
      <Function test_ontology_review_non_ttl_extension>
      <Function test_ontology_review_error>
  <Module test_cli_menu.py>
    <Class TestMenuOption>
      <Function test_menu_option_with_action>
      <Function test_menu_option_with_submenu>
    <Class TestInteractiveMenu>
      <Function test_menu_creation>
      <Function test_add_option_with_action>
      <Function test_add_option_with_submenu_sets_parent>
      <Function test_display_header>
      <Function test_display_options_shows_all_options>
      <Function test_display_options_shows_back_when_has_parent>
    <Class TestBuildMenu>
      <Function test_build_menu_returns_interactive_menu>
      <Function test_main_menu_has_expected_options>
      <Function test_ontology_submenu_has_all_ucs>
      <Function test_submenus_have_parent_set>
    <Class TestGetProjectRoot>
      <Function test_returns_path>
      <Function test_path_exists>
      <Function test_path_contains_expected_files>
    <Class TestMenuActions>
      <Function test_action_about_shows_info>
      <Function test_action_normalize_calls_facade>
      <Function test_action_normalize_without_ontology_shows_message>
      <Function test_action_query_lists_options>
    <Class TestMenuNavigation>
      <Function test_exit_option_key>
      <Function test_submenu_has_parent>
    <Class TestMenuIcons>
      <Function test_submenu_has_folder_icon>
      <Function test_action_has_lightning_icon>
  <Module test_verify_commands.py>
    <Class TestHelperFunctions>
      <Function test_get_project_root_returns_path>
      <Function test_load_config_with_real_config>
      <Function test_load_config_missing_file_exits>
      <Function test_get_facade_returns_facade_instance>
      <Function test_get_facade_caches_instance>
    <Class TestVerifyHash>
      <Function test_hash_existing_file>
      <Function test_hash_output_format>
      <Function test_hash_missing_argument>
    <Class TestVerifyIsomorphism>
      <Function test_isomorphic_identical_files>
      <Function test_non_isomorphic_files>
      <Function test_isomorphism_with_output>
      <Function test_non_isomorphic_with_output>
    <Class TestVerifyIdempotency>
      <Function test_idempotent_file>
      <Function test_idempotency_success_output>
      <Function test_idempotency_with_output>
    <Class TestVerifyCanonicalize>
      <Function test_basic_canonicalize>
      <Function test_canonicalize_no_verify>
      <Function test_canonicalize_with_manifest>
      <Function test_canonicalize_no_verify_no_manifest>
      <Function test_canonicalize_with_verify_and_manifest>
    <Class TestVerifyRC>
      <Function test_rc_skip_all>
      <Function test_rc_custom_threshold>
      <Function test_rc_custom_output_dir>
    <Class TestVerifyIsomorphismErrorBranch>
      <Function test_non_iso_with_error_message>
    <Class TestVerifyIdempotencyBranches>
      <Function test_idempotent_hashes_not_match>
      <Function test_not_idempotent_no_error>
      <Function test_not_idempotent_with_error>
    <Class TestVerifyRCOutputBranches>
      <Function test_rc_with_errors_and_warnings>
      <Function test_rc_with_evidence_path>
    <Class TestVerifyCanonicalizeEdgeCases>
      <Function test_canonicalize_verify_non_isomorphic>
      <Function test_canonicalize_verify_non_isomorphic_with_error>
      <Function test_canonicalize_verify_non_idempotent>
      <Function test_canonicalize_manifest_no_verify>
<Module tests/1-uc-ontology/e2e/test_canonicalization_e2e.py>
  <Class TestCanonicalizationE2E>
    <Function test_canonicalize_sample_ontology>
    <Function test_canonicalization_is_idempotent>
    <Function test_output_is_protege_compatible>
  <Class TestValidationE2E>
    <Function test_validate_sample_ontology>
    <Function test_naming_validation_report>
  <Class TestRoundtripE2E>
    <Function test_multiple_roundtrips>
<Module tests/1-uc-ontology/e2e/test_cli_simulation_scenarios.py>
  <Class TestCLISimulationScenarios>
    <Function test_scenario_c1_pure_canonicalization>
    <Function test_scenario_c2_normalize_with_autofix>
    <Function test_scenario_c3_normalize_without_autofix>
    <Function test_scenario_c4_normalize_autofix_then_canonicalize>
    <Function test_scenario_c5_normalize_nofix_then_canonicalize>
  <Class TestCrossScenarioEquivalences>
    <Function test_ec1_c1_equals_c5>
    <Function test_ec2_canon_c2_equals_c4>
    <Function test_ec3_canon_c3_equals_c5>
    <Function test_ec4_c4_differs_from_c5>
<Package integration>
  <Module test_facade_flows.py>
    <Class TestFacadeFlows>
      <Function test_load_normalize_save_flow>
      <Function test_query_flow>
      <Function test_diff_flow>
      <Function test_batch_apply_flow>
    <Class TestEdgeToEdgeFlows>
      <Function test_full_crud_cycle>
  <Module test_facade_normalize.py>
    <Class TestNormalizeOntologyHappyPath>
      <Function test_normalize_returns_success>
      <Function test_normalize_result_has_expected_keys>
      <Function test_normalize_audit_log_called>
      <Function test_normalize_quality_report_is_dict>
      <Function test_normalize_without_loaded_ontology_returns_error>
    <Class TestNormalizeWithPendingCorrections>
      <Function test_normalize_with_lowercase_preflabel>
      <Function test_normalize_with_auto_fix_true>
      <Function test_normalize_explicit_graph_arg>
      <Function test_normalize_multiple_classes_with_issues>
      <Function test_normalize_with_real_ontology>
    <Class TestNormalizeErrorHandling>
      <Function test_normalize_exception_returns_error>
    <Class TestFacadeLoadErrorPaths>
      <Function test_load_encoding_validation_failure>
      <Function test_load_exception_returns_error>
      <Function test_load_with_validate_false>
    <Class TestFacadeCanonicalizeErrorPaths>
      <Function test_canonicalize_no_graph_returns_error>
      <Function test_canonicalize_exception_returns_error>
    <Class TestFacadeGenerateAuditReport>
      <Function test_generate_audit_report_exception_returns_none>
      <Function test_generate_audit_report_success_returns_path>
    <Class TestHasLoadedOntology>
      <Function test_has_loaded_ontology_returns_false_initially>
      <Function test_has_loaded_ontology_returns_true_after_load>
    <Class TestFacadeLoadConfigEdgeCases>
      <Function test_load_config_none_with_working_dir>
      <Function test_load_config_none_no_file_uses_defaults>
  <Module test_normalization_complete.py>
    <Class TestNormalizationComplete>
      <Function test_full_normalization_flow>
      <Function test_normalization_preserves_content>
      <Function test_normalization_with_validation_warnings>
    <Class TestBatchOperationsIntegration>
      <Function test_batch_apply_and_normalize>
    <Class TestCommentPreservation>
      <Function test_rdfs_comment_preserved>
    <Class TestTransactionality>
      <Function test_batch_rollback_on_error>
  <Module test_real_coverage.py>
    <Class TestURIResolverIntegration>
      <Function test_to_full_uri_from_prefixed>
      <Function test_to_full_uri_already_full>
      <Function test_to_full_uri_with_brackets>
      <Function test_to_full_uri_unknown_prefix_raises>
      <Function test_to_full_uri_invalid_format_raises>
      <Function test_is_uri_prefixed>
      <Function test_is_uri_full>
      <Function test_is_uri_literal>
      <Function test_ensure_namespace_bindings>
      <Function test_to_rdflib_term_empty_value>
      <Function test_to_rdflib_term_whitespace_only>
      <Function test_to_rdflib_term_unknown_prefix_as_literal>
    <Class TestOntologyGraphIntegration>
      <Function test_load_and_save_round_trip>
      <Function test_query_with_sparql>
      <Function test_normalize_with_normalizer>
      <Function test_batch_apply_complete_workflow>
    <Class TestNormalizerIntegration>
      <Function test_normalize_reorders_prefixes>
      <Function test_normalize_removes_duplicates>
      <Function test_validate_serialization_detects_auto_prefix>
      <Function test_validate_serialization_detects_literal_uri>
      <Function test_ensure_protege_compatibility_binds_namespaces>
    <Class TestNamingValidatorIntegration>
      <Function test_validate_pascal_case_class>
      <Function test_validate_invalid_class_name>
      <Function test_validate_camel_case_property>
    <Class TestQualityValidatorIntegration>
      <Function test_validate_class_missing_label>
      <Function test_validate_class_with_label>
    <Class TestProtegeSerializerIntegration>
      <Function test_serialize_complex_graph>
      <Function test_serialize_with_blank_nodes>
      <Function test_serialize_with_typed_literals>
    <Class TestRDFlibAdapterIntegration>
      <Function test_load_valid_ttl>
      <Function test_save_ttl>
      <Function test_parse_turtle_string>
      <Function test_serialize_turtle>
  <Module test_uc104_verification.py>
    <Class TestManifestWriter>
      <Function test_manifest_create_has_required_fields>
      <Function test_manifest_add_input>
      <Function test_manifest_add_output>
      <Function test_manifest_add_verification>
      <Function test_manifest_write_atomic>
      <Function test_manifest_read_roundtrip>
    <Class TestVerificationIntegration>
      <Function test_sha256_file_computes_hash>
      <Function test_sha256_same_content_same_hash>
    <Class TestUC104GenerateReviewOutput>
      <Function test_generate_review_without_canonization>
      <Function test_generate_review_with_canonization_creates_manifest>
      <Function test_generate_review_verifications_pass>
      <Function test_generate_review_returns_all_paths>
      <Function test_generate_review_disable_verification>
      <Function test_generate_review_output_appends_to_existing_log>
      <Function test_generate_review_output_corrupted_log_recovers>
      <Function test_generate_review_output_exception_returns_error>
    <Class TestMenuUC104Display>
      <Function test_action_ontology_review_displays_verification>
  <Module test_verification_integration.py>
    <Class TestVerificationIntegration>
      <Function test_full_verification_workflow>
      <Function test_evidence_bundle_creation>
      <Function test_idempotency_with_rdf_serialization>
      <Function test_multiple_verification_checks>
      <Function test_hash_determinism>
      <Function test_manifest_with_all_verification_types>
    <Class TestVerificationWithRealOntologies>
      <Function test_owl_ontology_verification>
      <Function test_blank_node_handling>
<Module tests/1-uc-ontology/unit/test_adapters.py>
  <Class TestAuditLogger>
    <Function test_audit_logger_creates_log_dir>
    <Function test_audit_logger_creates_session_file>
    <Function test_audit_logger_logs_operation>
    <Function test_audit_logger_increments_op_counter>
    <Function test_audit_logger_records_timestamp>
    <Function test_audit_logger_get_log_path>
  <Class TestCreateAuditLogger>
    <Function test_create_audit_logger_returns_logger>
    <Function test_create_audit_logger_with_session_id>
  <Class TestAuditFormatter>
    <Function test_format_audit_log_creates_md>
    <Function test_format_audit_log_includes_operations>
  <Class TestAdaptersIntegration>
    <Function test_audit_to_report_flow>
  <Class TestAuditLoggerUtilityMethods>
    <Function test_log_with_triple_kwarg_stores_triple>
    <Function test_get_operations_count_empty>
    <Function test_get_operations_count_after_logging>
    <Function test_get_operations_by_type_filters>
    <Function test_get_failed_operations_filters_error_and_failed>
    <Function test_read_log_returns_empty_when_file_missing>
<Module tests/1-uc-ontology/unit/test_audit_formatter.py>
  <Class TestAuditLogFormatter>
    <Function test_format_to_markdown_creates_file>
    <Function test_format_to_markdown_custom_output_path>
    <Function test_format_to_markdown_contains_header>
    <Function test_format_to_markdown_contains_load_info>
    <Function test_format_normalize_includes_warnings>
    <Function test_format_normalize_includes_fix_stats>
    <Function test_format_normalize_includes_iri_corrections_table>
    <Function test_format_normalize_includes_identifier_corrections>
    <Function test_format_normalize_includes_preflabel_corrections>
    <Function test_format_normalize_includes_definition_corrections>
    <Function test_format_includes_error_statistics>
    <Function test_format_includes_rule_violations>
    <Function test_format_includes_footer>
  <Class TestGenerateReviewOutput>
    <Function test_format_includes_review_output_info>
  <Class TestFormatAuditLogFunction>
    <Function test_format_audit_log_calls_formatter>
  <Class TestEdgeCases>
    <Function test_empty_ops_list>
    <Function test_normalize_without_fix_stats>
    <Function test_long_subject_name_preserved>
  <Class TestMultipleOperations>
    <Function test_multiple_ops_all_included>
  <Class TestQualityIssuesCategorization>
    <Function test_quality_issues_separated_by_category>
    <Function test_domain_attribute_issues_have_own_section>
    <Function test_ifc_issues_have_own_section>
    <Function test_general_issues_have_own_section>
    <Function test_issues_sorted_alphabetically_by_entity>
    <Function test_legend_includes_category_sections>
    <Function test_entity_column_before_code_column>
<Module tests/1-uc-ontology/unit/test_canonicalizer.py>
  <Class TestCanonicalizerInit>
    <Function test_init_default>
    <Function test_init_with_rules_path>
  <Class TestCanonicalizationResult>
    <Function test_canonicalize_returns_result>
    <Function test_result_has_graph>
    <Function test_result_has_counts>
    <Function test_result_to_dict>
  <Class TestPrefixOrdering>
    <Function test_prefixes_sorted_alphabetically>
    <Function test_standard_prefixes_preserved>
  <Class TestTripleOrdering>
    <Function test_triples_preserved>
    <Function test_triple_count_correct>
  <Class TestIdempotency>
    <Function test_canonicalize_is_idempotent>
    <Function test_serialization_is_stable>
  <Class TestSerialization>
    <Function test_serialize_returns_string>
    <Function test_serialize_is_valid_turtle>
    <Function test_canonicalize_and_serialize_returns_tuple>
  <Class TestProtegeCompatibility>
    <Function test_predicate_order_follows_protege>
    <Function test_output_matches_protege_style>
  <Class TestStatistics>
    <Function test_triple_count>
    <Function test_prefix_count>
    <Function test_processing_time>
  <Class TestEdgeCases>
    <Function test_empty_graph>
    <Function test_graph_with_blank_nodes>
    <Function test_graph_with_unicode>
  <Class TestCanonicalizerRulesLoading>
    <Function test_load_rules_file_not_found_uses_defaults>
    <Function test_load_rules_invalid_json_uses_defaults>
    <Function test_load_rules_empty_file_uses_defaults>
  <Class TestCanonicalizerBindPrefixes>
    <Function test_bind_prefixes_skips_automatic_ns_prefixes>
    <Function test_bind_prefixes_with_required_prefixes>
    <Function test_bind_prefixes_unsorted>
  <Class TestCanonicalizerTripleSorting>
    <Function test_sort_triples_without_class_first>
    <Function test_sort_triples_with_all_property_types>
    <Function test_collect_triples_removes_duplicates>
  <Class TestCanonicalizerLiteralNormalization>
    <Function test_literal_without_trim_whitespace>
    <Function test_literal_with_none_value>
  <Class TestCanonicalizerGetWarnings>
    <Function test_get_warnings_returns_list>
    <Function test_warnings_empty_for_valid_graph>
  <Class TestCanonicalizerRequiredPrefixes>
    <Function test_missing_required_prefix_generates_warning>
  <Class TestCanonicalizerSortTriples>
    <Function test_class_declarations_not_first>
    <Function test_triple_ordering_by_predicate>
    <Function test_triple_ordering_complex>
  <Class TestCanonicalizerVerifyIdempotency>
    <Function test_validate_idempotency_returns_true>
    <Function test_validate_idempotency_after_multiple_calls>
  <Class TestCanonicalizerSerialize>
    <Function test_serialize_returns_string>
    <Function test_serialize_empty_graph>
  <Class TestSemanticPreservation>
    <Function test_preserves_multilingual_labels_distinct_tags>
    <Function test_preserves_whitespace_in_literals>
    <Function test_preserves_language_tag_case>
    <Function test_isomorphism_after_canonicalization>
    <Function test_real_ontology_whitespace_preservation>
<Module tests/1-uc-ontology/unit/test_canonicalizer_determinism_v9.py>
  <Class TestByteDeterminism>
    <Function test_canonicalization_is_byte_deterministic>
  <Class TestSemanticPreservation>
    <Function test_canonicalization_preserves_semantics>
  <Class TestSeparationOfConcerns>
    <Function test_canonicalizer_does_not_normalize_literals>
    <Function test_canonicalizer_does_not_modify_language_tags>
<Module tests/1-uc-ontology/unit/test_facade.py>
  <Class TestFacadeInit>
    <Function test_facade_creates_with_adapters>
    <Function test_facade_initializes_with_empty_graph>
    <Function test_facade_loads_default_config>
  <Class TestLoadOntology>
    <Function test_load_ontology_file_not_found>
    <Function test_load_ontology_validates_utf8>
  <Class TestNormalizeOntology>
    <Function test_normalize_requires_loaded_ontology>
  <Class TestGenerateReviewOutput>
    <Function test_review_requires_loaded_ontology>
  <Class TestAuditLogging>
    <Function test_facade_has_audit_logger>
  <Class TestConfigLoading>
    <Function test_load_config_from_path>
    <Function test_load_config_uses_default_when_missing>
  <Class TestFacadeCaching>
    <Function test_loaded_graphs_cache_is_empty_initially>
<Module tests/1-uc-ontology/unit/test_naming_validator.py>
  <Class TestNamingValidatorInit>
    <Function test_init_with_default_rules>
    <Function test_init_loads_rules_file>
  <Class TestValidateClassNames>
    <Function test_valid_pascalcase_passes>
    <Function test_lowercase_class_fails>
    <Function test_error_contains_suggestion>
  <Class TestValidatePropertyNames>
    <Function test_valid_camelcase_passes>
    <Function test_uppercase_property_fails>
    <Function test_excluded_properties_not_validated>
    <Function test_excluded_and_invalid_properties_mixed>
  <Class TestValidatePrefLabels>
    <Function test_missing_preflabel_generates_warning>
    <Function test_missing_required_language_generates_error>
    <Function test_underscore_in_preflabel_generates_warning>
  <Class TestValidateIdentifiers>
    <Function test_missing_identifier_generates_error>
    <Function test_identifier_mismatch_generates_error>
  <Class TestValidationReport>
    <Function test_report_contains_required_fields>
    <Function test_summary_contains_counts>
    <Function test_is_valid_matches_error_count>
  <Class TestSuggestPascalCase>
    <Function test_lowercase_to_pascalcase>
    <Function test_underscore_separated_to_pascalcase>
    <Function test_hyphen_separated_to_pascalcase>
    <Function test_camelcase_to_pascalcase>
  <Class TestSuggestCamelCase>
    <Function test_pascalcase_to_camelcase>
    <Function test_underscore_to_camelcase>
  <Class TestHelperMethods>
    <Function test_get_local_name_with_hash>
    <Function test_get_local_name_with_slash>
    <Function test_is_acronym_true>
    <Function test_is_acronym_false>
  <Class TestNamingValidatorRulesLoading>
    <Function test_load_rules_invalid_json_uses_defaults>
    <Function test_load_rules_empty_file_uses_defaults>
  <Class TestNamingValidatorPropertyTypes>
    <Function test_validate_datatype_property>
    <Function test_validate_annotation_property>
    <Function test_validate_property_starting_uppercase>
  <Class TestNamingValidatorDefinition>
    <Function test_definition_without_period_warning>
    <Function test_definition_lowercase_start_warning>
  <Class TestNamingValidatorPrefLabelEdgeCases>
    <Function test_preflabel_with_multiple_underscores>
    <Function test_preflabel_with_special_characters>
    <Function test_preflabel_empty_string>
  <Class TestNamingValidatorIdentifierEdgeCases>
    <Function test_identifier_with_prefix>
    <Function test_identifier_multiple_values>
  <Class TestNamingValidatorURICases>
    <Function test_uri_with_slash_separator>
    <Function test_uri_with_numbers>
    <Function test_uri_all_caps_class>
    <Function test_validate_external_namespace>
  <Class TestNamingValidatorEmptyGraph>
    <Function test_empty_graph_is_valid>
  <Class TestNamingValidatorLocalNameExtraction>
    <Function test_class_with_empty_local_name_skipped>
    <Function test_property_with_empty_local_name_skipped>
  <Class TestNamingValidatorPrefLabelBranches>
    <Function test_preflabel_without_language_tag>
    <Function test_preflabel_all_lowercase>
    <Function test_preflabel_acronym_handling>
    <Function test_preflabel_apostrophe_handling>
  <Class TestNamingValidatorDefinitionBranches>
    <Function test_definition_missing_period>
    <Function test_definition_lowercase_start>
    <Function test_definition_with_literal_not_literal>
    <Function test_definition_empty_value>
  <Class TestNamingValidatorTitleCaseHelpers>
    <Function test_is_acronym_detects_known_acronyms>
    <Function test_handle_hyphen_en>
    <Function test_handle_hyphen_pt>
    <Function test_is_first_word>
    <Function test_handle_apostrophe_pt>
  <Class TestNamingValidatorIntegrationPrefLabel>
    <Function test_preflabel_pt_with_exceptions>
    <Function test_preflabel_pt_with_hyphen_and_exception>
  <Class TestNamingValidatorSuggestPascalCase>
    <Function test_suggest_pascalcase_from_snake_case>
    <Function test_suggest_pascalcase_from_camelcase>
    <Function test_suggest_pascalcase_from_lowercase>
    <Function test_suggest_pascalcase_with_numbers>
    <Function test_suggest_pascalcase_with_hyphen_parts>
    <Function test_suggest_pascalcase_hyphen_part_has_space>
    <Function test_suggest_pascalcase_empty_parts>
  <Class TestNamingValidatorHyphenHandling>
    <Function test_handle_hyphen_en_with_correction>
    <Function test_handle_hyphen_en_default>
    <Function test_handle_apostrophe_pt_prefix>
  <Class TestNamingValidatorAdditionalBranches>
    <Function test_preflabel_with_underscore_generates_warning>
    <Function test_preflabel_with_trailing_period>
    <Function test_preflabel_title_case_en_valid_pass>
    <Function test_suggest_pascalcase_detects_camelcase_transitions>
    <Function test_validate_title_case_en_valid>
  <Class TestNamingValidatorFullCoverage>
    <Function test_validate_class_names_multiple_classes>
    <Function test_preflabel_title_case_valid_en_passes>
    <Function test_validate_identifiers_multiple_classes>
    <Function test_identifier_pattern_already_valid>
    <Function test_suggest_pascalcase_empty_part>
    <Function test_suggest_pascalcase_part_with_space>
    <Function test_suggest_pascalcase_words_list_empty_after_detection>
    <Function test_suggest_pascalcase_from_camelcase_detection>
    <Function test_suggest_pascalcase_with_spaces>
    <Function test_suggest_camelcase_empty_pascal>
    <Function test_handle_apostrophe_pt_no_prefix_match>
    <Function test_handle_apostrophe_pt_returns_capitalized>
    <Function test_validate_preflabels_title_case_pt_valid>
    <Function test_suggest_pascalcase_single_char_parts>
    <Function test_handle_hyphen_en_multiple_parts>
  <Class TestNamingValidatorBranchCoverage100>
    <Function test_validate_class_names_returns_after_loop>
    <Function test_preflabel_title_case_en_valid_branch>
    <Function test_validate_identifiers_loop_completes>
    <Function test_identifier_already_valid_pattern>
    <Function test_suggest_pascalcase_underscore_creates_empty_part>
    <Function test_suggest_pascalcase_words_empty_branch>
    <Function test_suggest_pascalcase_part_with_space_branch>
    <Function test_suggest_pascalcase_camelcase_detection_full>
    <Function test_suggest_pascalcase_name_without_transitions>
    <Function test_suggest_pascalcase_name_with_space_final_branch>
    <Function test_preflabel_pt_title_case_valid>
    <Function test_handle_hyphen_pt_multiple_parts>
    <Function test_correct_preflabel_with_prepositions>
    <Function test_load_prepositions_english>
    <Function test_load_prepositions_portuguese>
  <Class TestNamingValidatorPartialBranches>
    <Function test_class_names_validation_loop_exit>
    <Function test_preflabel_title_case_en_valid_else_branch>
    <Function test_identifiers_validation_loop_exit>
    <Function test_identifier_valid_pattern_no_error>
    <Function test_suggest_pascalcase_empty_after_split>
    <Function test_suggest_pascalcase_words_empty_after_detection>
    <Function test_suggest_pascalcase_part_has_space>
    <Function test_suggest_pascalcase_camelcase_no_transitions>
    <Function test_suggest_pascalcase_final_word_append>
    <Function test_preflabel_title_case_en_valid_executes_else_pass>
    <Function test_preflabel_title_case_pt_valid_executes_else_pass>
    <Function test_identifier_pattern_invalid_generates_error>
<Module tests/1-uc-ontology/unit/test_normalize_reporting_invariance.py>
  <Class TestReportingInvariance>
    <Function test_01_validate_only_reports_same_issues_as_auto_fix>
    <Function test_02_validate_only_has_zero_applied_and_positive_proposed>
    <Function test_03_auto_fix_applies_only_eligible_corrections>
  <Class TestRulebookGovernance>
    <Function test_04_no_hardcoded_rules_access>
  <Class TestAuditLogSchema>
    <Function test_05_fix_stats_has_essential_keys_in_both_modes>
    <Function test_mode_field_is_correct>
  <Class TestProposedCorrectionsConsistency>
    <Function test_total_proposed_equals_sum_of_applied_and_pending>
    <Function test_preflabel_corrections_structure>
  <Class TestNormalizationResultContract>
    <Function test_to_dict_works_in_both_modes>
    <Function test_normalizer_exposes_rules_path>
  <Class TestAuditLogRulebookSnapshot>
    <Function test_rulebook_snapshot_sha256_calculation>
    <Function test_rulebook_path_is_absolute>
<Module tests/1-uc-ontology/unit/test_normalizer.py>
  <Class TestNormalizerInit>
    <Function test_init_with_default_rules>
    <Function test_init_with_valid_rules_path>
    <Function test_init_creates_naming_validator_when_naming_syntax_exists>
    <Function test_init_with_auto_fix_override>
  <Class TestNormalizerRulesLoading>
    <Function test_default_rules_have_validation>
    <Function test_default_rules_have_naming_syntax>
    <Function test_default_rules_no_formatting>
  <Class TestNormalizationResult>
    <Function test_normalize_returns_normalization_result>
    <Function test_normalization_result_has_graph>
    <Function test_normalization_result_to_dict>
  <Class TestNormalizePrefixes>
    <Function test_original_prefixes_preserved>
    <Function test_triples_preserved>
  <Class TestNormalizeLegacy>
    <Function test_normalize_legacy_returns_graph>
  <Class TestNormalizeValidation>
    <Function test_warnings_accumulated>
    <Function test_warnings_cleared_between_runs>
  <Class TestNormalizeNamingFixes>
    <Function test_preflabel_correction_applied>
    <Function test_normalization_result_contains_fix_stats>
  <Class TestNormalizerEncoding>
    <Function test_valid_utf8_returns_true>
    <Function test_nonexistent_file_returns_false>
  <Class TestNormalizerSerializationValidation>
    <Function test_detect_auto_generated_prefixes>
    <Function test_no_problems_for_clean_graph>
  <Class TestNormalizerProtegeCompatibility>
    <Function test_ensure_protege_compatibility>
    <Function test_protege_compatibility_preserves_triples>
  <Class TestNormalizerCompareSerializations>
    <Function test_identical_serializations_match>
    <Function test_leading_trailing_whitespace_ignored>
    <Function test_internal_whitespace_not_normalized>
    <Function test_comments_ignored>
    <Function test_different_content_not_match>
  <Class TestNormalizerRulesLoadingCoverage>
    <Function test_load_rules_file_not_found_uses_defaults>
    <Function test_load_invalid_json_rules_uses_defaults>
  <Class TestNormalizerValidationRulesCoverage>
    <Function test_validate_iris_enabled_with_custom_rules>
    <Function test_validate_invalid_iri_with_space_generates_warning>
    <Function test_warn_on_deprecated_owl_features>
  <Class TestNormalizerNamingFixesCoverage>
    <Function test_fix_snake_case_class_uri>
    <Function test_fix_pascal_case_property_uri>
    <Function test_fix_identifier_mismatch_with_local_name>
  <Class TestNormalizerPrefLabelTitleCaseCoverage>
    <Function test_fix_lowercase_preflabel_to_title_case>
    <Function test_fix_mixed_case_preflabel_to_title_case>
    <Function test_preserve_hvac_abbreviation_in_preflabel>
    <Function test_preserve_hyphenated_words_in_preflabel>
  <Class TestNormalizerDefinitionFixesCoverage>
    <Function test_fix_lowercase_definition_to_sentence_case>
    <Function test_add_trailing_period_to_definition>
  <Class TestNormalizerProtegeCompatibilityCoverage>
    <Function test_ensure_protege_compatibility_adds_standard_prefixes>
    <Function test_fix_automatic_ns_prefixes>
    <Function test_validate_serialization_detects_unbound_namespace>
    <Function test_detect_literal_looking_like_uri_pattern>
  <Class TestNormalizerFixStatsCoverage>
    <Function test_fix_stats_has_expected_structure>
    <Function test_normalization_result_to_dict_has_all_keys>
  <Class TestNormalizerCollectWarningsCoverage>
    <Function test_collect_warnings_from_naming_validation>
  <Class TestNormalizerAutoFixOverrideCoverage>
    <Function test_auto_fix_override_true_applies_fixes>
    <Function test_auto_fix_override_false_skips_fixes>
  <Class TestNormalizerImportFallback>
    <Function test_normalizer_works_without_naming_validator>
  <Class TestNormalizerCollectNamingWarnings>
    <Function test_collect_naming_warnings_with_no_report>
  <Class TestNormalizerIRIValidation>
    <Function test_invalid_iri_in_predicate_generates_warning>
    <Function test_invalid_iri_in_object_generates_warning>
  <Class TestNormalizerIsValidIRI>
    <Function test_iri_without_scheme_is_invalid>
    <Function test_blank_node_is_valid>
  <Class TestNormalizerLoadPrepositions>
    <Function test_preflabel_correction_with_missing_config>
  <Class TestNormalizerURISlashSeparator>
    <Function test_fix_class_uri_with_slash_separator>
  <Class TestNormalizerPrefLabelURIMapping>
    <Function test_uri_replacement_in_predicate>
    <Function test_uri_replacement_in_object>
  <Class TestNormalizerEncodingValidation>
    <Function test_validate_encoding_disabled_returns_true>
    <Function test_validate_encoding_unicode_error>
  <Class TestNormalizerValidateSerializationSlashNS>
    <Function test_validate_serialization_namespace_with_slash>
  <Class TestNormalizerGetNamingMethods>
    <Function test_get_naming_validation_report_returns_report>
    <Function test_get_naming_fix_stats_returns_stats>
  <Class TestNormalizerProtegeKnownPrefixes>
    <Function test_protege_compatibility_binds_known_prefixes>
  <Class TestNormalizerFullCoverage>
    <Function test_naming_validator_import_fallback>
    <Function test_load_prepositions_exception_returns_empty>
    <Function test_auto_fix_skips_invalid_suggestions>
    <Function test_auto_fix_skips_must_match_local_name_rule>
    <Function test_validate_serialization_uri_without_separator>
    <Function test_definition_correction_adds_period>
    <Function test_validate_serialization_namespace_with_else_branch>
    <Function test_protege_compatibility_binds_known_unbound_namespace>
  <Class TestNormalizerPredicateCorrection>
    <Function test_property_uri_correction_when_invalid_name>
<Module tests/1-uc-ontology/unit/test_ontology_graph.py>
  <Class TestOntologyGraphLoad>
    <Function test_load_valid_file>
    <Function test_load_creates_metadata>
    <Function test_load_extracts_prefixes>
    <Function test_load_nonexistent_raises>
    <Function test_load_stores_source_path>
  <Class TestOntologyGraphSave>
    <Function test_save_creates_file>
    <Function test_save_without_graph_raises>
    <Function test_save_creates_parent_dirs>
  <Class TestOntologyGraphNormalize>
    <Function test_normalize_returns_new_ontology>
    <Function test_normalize_preserves_metadata>
    <Function test_normalize_without_graph_raises>
  <Class TestOntologyGraphAddTriple>
    <Function test_add_triple_basic>
    <Function test_add_triple_with_literal>
    <Function test_add_triple_updates_metadata>
    <Function test_add_triple_without_graph_raises>
  <Class TestOntologyGraphRemoveTriple>
    <Function test_remove_triple_basic>
    <Function test_remove_triple_updates_metadata>
    <Function test_remove_triple_without_graph_raises>
  <Class TestOntologyGraphBatchApply>
    <Function test_batch_apply_insert>
    <Function test_batch_apply_delete>
    <Function test_batch_apply_rollback_on_error>
    <Function test_batch_apply_processes_all_operations>
  <Class TestOntologyGraphDiff>
    <Function test_diff_added_triples>
    <Function test_diff_removed_triples>
    <Function test_diff_identical_graphs>
    <Function test_diff_without_graph_raises>
  <Class TestOntologyGraphReviewLog>
    <Function test_generate_review_log>
    <Function test_review_log_contains_metrics>
  <Class TestOntologyGraphLoadExceptions>
    <Function test_load_invalid_encoding_raises_valueerror>
    <Function test_load_invalid_turtle_raises_error>
  <Class TestOntologyGraphAddTripleErrors>
    <Function test_add_triple_literal_subject_raises>
    <Function test_add_triple_literal_predicate_raises>
    <Function test_add_triple_invalid_subject_prefix_raises>
  <Class TestOntologyGraphRemoveTripleErrors>
    <Function test_remove_triple_literal_subject_raises>
    <Function test_remove_triple_literal_predicate_raises>
    <Function test_remove_triple_with_none_object>
    <Function test_remove_triple_with_literal_object>
  <Class TestOntologyGraphBatchApplyExtended>
    <Function test_batch_apply_without_graph_raises>
    <Function test_batch_apply_literal_subject_fails>
    <Function test_batch_apply_literal_predicate_fails>
    <Function test_batch_apply_update_operation>
    <Function test_batch_apply_explicit_literal_with_quotes>
    <Function test_batch_apply_with_language_tag>
  <Class TestOntologyGraphDiffExtended>
    <Function test_diff_with_first_graph_none_raises>
    <Function test_diff_with_second_graph_none_raises>
  <Class TestOntologyGraphQueryExtended>
    <Function test_query_executes_sparql>
  <Class TestOntologyGraphFullCoverage>
    <Function test_load_with_utf8_error_raises_encoding_message>
    <Function test_load_with_generic_exception_raises_runtime_error>
    <Function test_batch_apply_skips_empty_prefix>
    <Function test_load_nonexistent_file_raises>
<Module tests/1-uc-ontology/unit/test_preflabel_correction.py>
  <Class TestPrefLabelCorrection>
    <Function test_correct_preflabel_portuguese_basic>
    <Function test_correct_preflabel_english_basic>
    <Function test_correct_preflabel_preserves_acronym>
    <Function test_preposition_lowercase_in_middle>
  <Class TestNormalizerPrefLabelFixes>
    <Function test_normalizer_applies_preflabel_fixes>
    <Function test_normalizer_reports_preflabel_corrections>
  <Class TestDefinitionCorrections>
    <Function test_add_trailing_period>
  <Class TestIdentifierCorrections>
    <Function test_identifier_pattern_validation>
  <Class TestCorrectionStats>
    <Function test_stats_structure>
  <Class TestNoModificationWhenCorrect>
    <Function test_correct_preflabel_not_modified>
<Module tests/1-uc-ontology/unit/test_protege_serializer_coverage.py>
  <Class TestProtegeSerializerBNodes>
    <Function test_serialize_bnode_subject>
    <Function test_serialize_bnode_object>
  <Class TestProtegeSerializerLiterals>
    <Function test_serialize_integer_literal>
    <Function test_serialize_invalid_integer_literal>
    <Function test_serialize_decimal_literal>
    <Function test_serialize_boolean_literal>
    <Function test_serialize_string_literal_with_datatype>
    <Function test_serialize_custom_datatype_literal>
    <Function test_serialize_literal_with_special_chars>
    <Function test_serialize_literal_with_language>
  <Class TestProtegeSerializerQNames>
    <Function test_qname_with_prefix>
    <Function test_qname_without_prefix_uses_brackets>
    <Function test_qname_empty_prefix>
  <Class TestProtegeSerializerPredicateOrdering>
    <Function test_predicates_ordered_by_priority>
  <Class TestProtegeSerializerMultipleObjects>
    <Function test_multiple_objects_same_predicate>
  <Class TestProtegeSerializerEmptyGraph>
    <Function test_empty_graph_serializes>
  <Class TestSerializeProtegeStyleFunction>
    <Function test_function_returns_string>
    <Function test_function_creates_serializer>
<Module tests/1-uc-ontology/unit/test_protege_style_alignment.py>
  <Class TestPredicateColumnAlignment>
    <Function test_predicates_aligned_with_rdf_type>
    <Function test_first_predicate_after_subject_with_single_space>
  <Class TestObjectColumnAlignment>
    <Function test_multiple_objects_aligned_under_first>
    <Function test_multiple_subclassof_aligned>
  <Class TestPunctuationRules>
    <Function test_last_predicate_ends_with_period>
    <Function test_intermediate_predicates_end_with_semicolon>
    <Function test_multiple_objects_use_comma>
  <Class TestSubjectBlockSeparation>
    <Function test_subjects_separated_by_blank_line>
    <Function test_prefix_block_separated_from_subjects>
<Module tests/1-uc-ontology/unit/test_protege_style_serializer_snapshot.py>
  <Class TestProtegeStyleSerializerSnapshot>
    <Function test_deadweightcollar_snapshot>
    <Function test_grooveheight_snapshot>
    <Function test_groovepoint_snapshot>
  <Class TestSerializerDeterminism>
    <Function test_multiple_serializations_identical>
    <Function test_different_triple_order_same_output>
<Module tests/1-uc-ontology/unit/test_protege_style_validity.py>
  <Class TestTurtleValidity>
    <Function test_serialized_ttl_can_be_parsed>
    <Function test_parsed_graph_is_isomorphic>
    <Function test_complex_graph_remains_valid>
  <Class TestIdempotence>
    <Function test_serialize_parse_serialize_is_identical>
    <Function test_multiple_serializations_identical>
  <Class TestSemanticPreservation>
    <Function test_no_triple_loss_or_addition>
    <Function test_literal_types_preserved>
    <Function test_uris_not_converted_to_literals>
<Module tests/1-uc-ontology/unit/test_quality_domainattribute_constraints.py>
  <Class TestDomainAttributeGoldenTemplate>
    <Function test_domainattribute_template_is_fully_valid>
    <Function test_indirect_subclass_is_validated>
  <Class TestDomainAttributeAccessRights>
    <Function test_domainattribute_missing_accessrights_generates_warning>
    <Function test_fixture_missing_accessrights>
  <Class TestDomainAttributeIdentifier>
    <Function test_domainattribute_missing_identifier_generates_warning>
    <Function test_domainattribute_identifier_mismatch_generates_warning>
    <Function test_fixture_identifier_mismatch>
  <Class TestDomainAttributeDefinitions>
    <Function test_domainattribute_definition_too_many_per_lang_generates_warning>
    <Function test_domainattribute_definition_missing_en_generates_warning>
    <Function test_domainattribute_definition_missing_pt_br_generates_warning>
    <Function test_fixture_too_many_definitions>
  <Class TestDomainAttributePrefLabels>
    <Function test_domainattribute_prefLabel_duplicate_per_lang_generates_warning>
    <Function test_domainattribute_prefLabel_missing_en_generates_warning>
    <Function test_domainattribute_prefLabel_missing_pt_br_generates_warning>
    <Function test_fixture_duplicate_preflabel>
  <Class TestDomainAttributeMandatoryProperties>
    <Function test_domainattribute_missing_mandatory_properties_generate_warnings[edo:hasAttributeScope-MissingAttributeScope]>
    <Function test_domainattribute_missing_mandatory_properties_generate_warnings[edo:hasLifecycleCreationPhase-MissingLifecyclePhase]>
    <Function test_domainattribute_missing_mandatory_properties_generate_warnings[edo:hasTypedValue-MissingTypedValue]>
    <Function test_domainattribute_missing_mandatory_properties_generate_warnings[edo:hasValueCardinality-MissingValueCardinality]>
    <Function test_domainattribute_missing_hasAttributeScope>
  <Class TestDomainAttributeGraphImmutability>
    <Function test_validation_does_not_modify_graph>
    <Function test_validation_does_not_add_missing_accessrights>
  <Class TestNonDomainAttributeClass>
    <Function test_non_domainattribute_class_no_domainattr_issues>
  <Class TestDomainAttributeSubclassSelection>
    <Function test_direct_subclass_is_selected>
    <Function test_indirect_subclass_is_selected>
  <Class TestDomainAttributeEdgeCases>
    <Function test_empty_graph_no_errors>
    <Function test_domain_attribute_base_class_itself>
<Module tests/1-uc-ontology/unit/test_quality_ifc_constraints.py>
  <Class TestIfcMissingProperties>
    <Function test_ifc_class_missing_required_properties_is_error>
    <Function test_ifc_class_missing_properties_lists_which>
    <Function test_incomplete_ifc_in_fixture>
  <Class TestIfcMissingBaseClass>
    <Function test_ifc_class_missing_base_class_is_error>
    <Function test_missing_base_class_shows_required>
  <Class TestCompleteIfcClass>
    <Function test_complete_ifc_class_no_issues>
    <Function test_complete_ifc_in_fixture>
  <Class TestNonIfcClass>
    <Function test_non_ifc_class_no_ifc_issues>
  <Class TestGraphNotModified>
    <Function test_validation_does_not_add_properties>
    <Function test_validation_does_not_add_base_class>
<Module tests/1-uc-ontology/unit/test_quality_validator.py>
  <Class TestPrefLabelValidation>
    <Function test_preflabel_title_case_english>
    <Function test_preflabel_title_case_portuguese>
    <Function test_preflabel_correct_no_issues>
    <Function test_preflabel_with_acronym_preserved>
  <Class TestPrefLabelDuplicates>
    <Function test_multiple_preflabels_same_language_error>
  <Class TestAltLabelValidation>
    <Function test_altlabel_title_case_violation_warning>
    <Function test_altlabel_correct_no_issues>
    <Function test_altlabel_optional>
  <Class TestIdentifierValidation>
    <Function test_missing_identifier_error>
    <Function test_identifier_mismatch_error>
    <Function test_valid_identifier_no_issues>
  <Class TestIfcConstraintsValidation>
    <Function test_ifc_class_missing_properties>
    <Function test_ifc_class_complete_no_issues>
    <Function test_ifc_detection_by_property>
  <Class TestDefinitionValidation>
    <Function test_multiple_definitions_same_language_error>
  <Class TestGraphImmutability>
    <Function test_validation_does_not_modify_preflabel>
    <Function test_validation_does_not_modify_identifier>
  <Class TestTitleCaseHelpers>
    <Function test_to_title_case_english_basic>
    <Function test_to_title_case_english_exceptions>
    <Function test_to_title_case_acronym_preserved>
    <Function test_to_title_case_hyphenated>
    <Function test_to_title_case_portuguese>
  <Class TestResolvePrefix>
    <Function test_resolve_without_colon_returns_none>
    <Function test_resolve_unknown_prefix_returns_none>
    <Function test_resolve_known_prefixes>
  <Class TestValidationReport>
    <Function test_report_counts_classes>
    <Function test_report_aggregates_issues>
  <Class TestValidationIssueExtended>
    <Function test_validation_issue_with_all_fields>
    <Function test_validation_issue_to_dict>
    <Function test_validation_issue_with_extra_data>
  <Class TestValidationReportExtended>
    <Function test_report_has_errors_true>
    <Function test_report_has_errors_false_with_warnings_only>
    <Function test_report_get_errors_filters_correctly>
    <Function test_report_get_warnings_filters_correctly>
    <Function test_report_to_dict_contains_all_fields>
  <Class TestQualityValidatorRulesLoading>
    <Function test_load_rules_file_not_found>
    <Function test_load_rules_invalid_json>
    <Function test_validate_empty_graph>
  <Class TestQualityValidatorPrefLabelBranches>
    <Function test_preflabel_missing_generates_warning>
    <Function test_preflabel_without_language_tag>
    <Function test_preflabel_all_lowercase>
  <Class TestQualityValidatorAltLabelBranches>
    <Function test_altlabel_same_as_preflabel>
    <Function test_altlabel_all_uppercase>
  <Class TestQualityValidatorDefinitionBranches>
    <Function test_definition_without_period>
    <Function test_definition_lowercase_start>
  <Class TestQualityValidatorGetLocalName>
    <Function test_get_local_name_with_slash_separator>
    <Function test_get_local_name_without_separator>
  <Class TestQualityValidatorIdentifierDisabled>
    <Function test_identifier_validation_disabled>
  <Class TestQualityValidatorBlankNodeClass>
    <Function test_class_as_blank_node_is_skipped>
  <Class TestQualityValidatorPrefLabelDuplicates>
    <Function test_duplicate_preflabel_same_lang_generates_warning>
  <Class TestQualityValidatorDefinitionMultiplicity>
    <Function test_multiple_definitions_same_lang_disabled>
    <Function test_multiple_definitions_exceeds_max>
  <Class TestQualityValidatorAltLabelTitleCase>
    <Function test_altlabel_title_case_disabled>
  <Class TestQualityValidatorIFCConstraints>
    <Function test_ifc_constraints_empty_skips_validation>
  <Class TestQualityValidatorTitleCaseHyphen>
    <Function test_to_title_case_with_hyphenated_words>
    <Function test_to_title_case_with_acronym>
    <Function test_is_valid_title_case_empty_string>
    <Function test_to_title_case_empty_string>
    <Function test_to_title_case_empty_words_list>
    <Function test_to_title_case_exception_word_with_hyphen>
  <Class TestQualityValidatorAdditionalBranches>
    <Function test_class_as_blank_node_skipped>
    <Function test_duplicate_preflabel_disabled>
    <Function test_altlabel_title_case_disabled>
  <Class TestQualityValidatorFullCoverage>
    <Function test_validate_identifier_with_identifier_present>
    <Function test_validate_identifier_mismatch>
    <Function test_validate_preflabel_regex_none>
    <Function test_preflabel_duplicates_single_per_lang>
    <Function test_definition_multiplicity_single>
    <Function test_to_title_case_hyphen_with_exception_in_second_part>
    <Function test_to_title_case_acronym_preserved>
    <Function test_validate_ifc_constraints_with_ifc_property>
    <Function test_validate_ifc_constraints_non_ifc_class>
    <Function test_resolve_prefixed_uri_unknown_prefix>
    <Function test_resolve_prefixed_uri_no_colon>
    <Function test_resolve_prefixed_uri_valid>
    <Function test_altlabel_not_literal_skipped>
  <Class TestQualityValidatorBranchCoverage100>
    <Function test_to_title_case_hyphen_second_part_is_exception>
    <Function test_to_title_case_hyphen_first_part_exception_second_not>
    <Function test_validate_ifc_class_via_base_class>
    <Function test_validate_ifc_class_missing_base>
    <Function test_resolve_prefixed_uri_all_known_prefixes>
    <Function test_validate_definition_multiplicity_multiple>
    <Function test_preflabel_duplicates_generates_warning>
  <Class TestQualityValidatorPartialBranches>
    <Function test_validate_identifier_completes_without_return>
    <Function test_preflabel_regex_skipped_when_none>
    <Function test_preflabel_duplicates_empty_lang_dict>
    <Function test_definition_multiplicity_within_limit>
    <Function test_to_title_case_hyphen_exception_second_part>
    <Function test_ifc_detection_via_predicate>
    <Function test_resolve_prefixed_uri_no_colon>
    <Function test_to_title_case_hyphen_with_exception_in_middle>
    <Function test_to_title_case_hyphen_all_non_exceptions>
<Module tests/1-uc-ontology/unit/test_rc_runner_utils.py>
  <Class TestDiscoverNextVersion>
    <Function test_empty_logs_dir>
    <Function test_logs_dir_not_exists>
    <Function test_existing_versions>
    <Function test_ignores_files>
  <Class TestCreateExecutionId>
    <Function test_format>
    <Function test_unique>
  <Class TestReadJsonSafe>
    <Function test_valid_json>
    <Function test_invalid_json>
    <Function test_missing_file>
  <Class TestBanner>
    <Function test_prints_message>
<Module tests/1-uc-ontology/unit/test_rdflib_adapter.py>
  <Class TestRDFlibAdapterLoadTTL>
    <Function test_load_valid_file>
    <Function test_load_returns_metadata>
    <Function test_load_hash_is_sha256>
    <Function test_load_nonexistent_raises_filenotfound>
    <Function test_load_directory_raises_valueerror>
    <Function test_load_invalid_encoding_raises>
    <Function test_load_invalid_syntax_raises>
  <Class TestRDFlibAdapterSaveTTL>
    <Function test_save_creates_file>
    <Function test_save_creates_parent_dirs>
    <Function test_save_utf8_encoding>
    <Function test_save_preserves_triples>
  <Class TestRDFlibAdapterParseTurtle>
    <Function test_parse_valid_turtle>
    <Function test_parse_with_prefixes>
    <Function test_parse_invalid_raises>
  <Class TestRDFlibAdapterSerializeTurtle>
    <Function test_serialize_returns_string>
    <Function test_serialize_contains_prefixes>
    <Function test_serialize_contains_triples>
    <Function test_serialize_roundtrip>
  <Class TestRDFlibAdapterProtegeStyle>
    <Function test_serialization_uses_protege_style>
    <Function test_prefixes_sorted>
  <Class TestRDFlibAdapterFormatMap>
    <Function test_format_map_exists>
    <Function test_turtle_format_mapped>
    <Function test_rdf_xml_format_mapped>
  <Class TestRDFlibAdapterEdgeCases>
    <Function test_empty_graph_serializes>
    <Function test_unicode_content_handled>
    <Function test_large_literals_handled>
<Module tests/1-uc-ontology/unit/test_title_case.py>
  <Class TestTitleCaseEnglish>
    <Function test_simple_title_case>
    <Function test_lowercase_first_word_fails>
    <Function test_short_word_exceptions>
    <Function test_first_word_always_caps>
    <Function test_acronym_preserved>
  <Class TestTitleCasePortuguese>
    <Function test_simple_title_case_pt>
    <Function test_preposition_lowercase>
    <Function test_first_word_caps_even_preposition>
  <Class TestHandleHyphen>
    <Function test_hyphen_english>
    <Function test_hyphen_portuguese_both_caps>
    <Function test_hyphen_portuguese_second_exception>
  <Class TestHandleApostrophe>
    <Function test_apostrophe_portuguese>
  <Class TestIsAcronym>
    <Function test_valid_acronym>
    <Function test_short_not_acronym>
    <Function test_lowercase_not_acronym>
    <Function test_numbers_not_acronym>
  <Class TestIsFirstWord>
    <Function test_first_word_index_zero>
    <Function test_other_indices_not_first>
  <Class TestTitleCaseValidationIntegration>
    <Function test_preflabel_validation_with_title_case>
  <Class TestTitleCaseEdgeCases>
    <Function test_single_word>
    <Function test_empty_string>
    <Function test_all_caps_word>
    <Function test_mixed_case_preserved_for_acronyms>
<Module tests/1-uc-ontology/unit/test_uri_resolver.py>
  <Class TestURIResolverInit>
    <Function test_init_without_graph>
    <Function test_init_with_graph>
    <Function test_init_with_custom_prefixes>
    <Function test_custom_prefixes_override_standard>
  <Class TestURIResolverAddPrefix>
    <Function test_add_new_prefix>
    <Function test_update_existing_prefix>
  <Class TestURIResolverIsPrefixed>
    <Function test_prefixed_uri_detected>
    <Function test_full_uri_not_prefixed>
    <Function test_literal_not_prefixed>
  <Class TestURIResolverIsFullURI>
    <Function test_http_uri_detected>
    <Function test_https_uri_detected>
    <Function test_bracketed_uri_detected>
    <Function test_prefixed_not_full>
  <Class TestURIResolverIsURI>
    <Function test_prefixed_is_uri>
    <Function test_full_is_uri>
    <Function test_literal_not_uri>
  <Class TestURIResolverResolvePrefixed>
    <Function test_resolve_known_prefix>
    <Function test_resolve_owl_prefix>
    <Function test_resolve_unknown_prefix_returns_none>
    <Function test_resolve_invalid_format_raises>
  <Class TestURIResolverToFullURI>
    <Function test_prefixed_to_full>
    <Function test_full_stays_full>
    <Function test_bracketed_uri_cleaned>
    <Function test_unknown_prefix_raises>
  <Class TestURIResolverToPrefixed>
    <Function test_full_to_prefixed>
    <Function test_unknown_namespace_returns_none>
    <Function test_longest_match_used>
  <Class TestURIResolverToRDFlibTerm>
    <Function test_full_uri_to_uriref>
    <Function test_prefixed_uri_to_uriref>
    <Function test_literal_to_literal>
    <Function test_unknown_prefix_becomes_literal>
    <Function test_empty_string_becomes_literal>
  <Class TestURIResolverEnsureBindings>
    <Function test_binds_standard_prefixes>
    <Function test_binds_used_namespaces>
  <Class TestConvenienceFunctions>
    <Function test_resolve_prefixed_uri_for_graph>
    <Function test_to_rdflib_term_for_graph>
  <Class TestStandardPrefixes>
    <Function test_standard_prefixes_exist>
    <Function test_standard_prefixes_are_valid_uris>
  <Class TestURIResolverToFullURIEdgeCases>
    <Function test_to_full_uri_unknown_prefix_raises>
    <Function test_to_full_uri_unrecognized_format_raises>
  <Class TestURIResolverToPrefixedURI>
    <Function test_to_prefixed_uri_removes_angle_brackets>
    <Function test_to_prefixed_uri_returns_none_for_unknown>
  <Class TestURIResolverToRDFLibTermEdgeCases>
    <Function test_to_rdflib_term_with_angle_brackets>
    <Function test_to_rdflib_term_unknown_prefix_as_literal>
    <Function test_to_rdflib_term_prefer_uri_false_returns_literal>
  <Class TestURIResolverEnsureNamespaceBindingsEdgeCases>
    <Function test_ensure_bindings_with_slash_namespace>
    <Function test_ensure_bindings_finds_known_prefix_for_unbound_ns>
    <Function test_ensure_bindings_with_uri_without_separator>
    <Function test_ensure_bindings_bind_standard_false>
  <Class TestURIResolverFullCoverage>
    <Function test_init_with_graph_empty_prefix_ignored>
    <Function test_ensure_bindings_uri_without_hash_or_slash>
    <Function test_ensure_bindings_namespace_not_in_used>
    <Function test_ensure_bindings_unbound_namespace_gets_known_prefix>
<Module tests/1-uc-ontology/unit/test_verification_evidence.py>
  <Class TestEvidenceFile>
    <Function test_basic_creation>
  <Class TestEvidenceBundle>
    <Function test_basic_creation>
    <Function test_to_dict>
  <Class TestEvidenceWriter>
    <Function test_initialization>
    <Function test_custom_run_id>
    <Function test_write_manifest>
    <Function test_copy_artifact>
    <Function test_copy_artifact_default_name>
    <Function test_write_report>
    <Function test_write_log>
    <Function test_add_existing_file>
    <Function test_finalize_creates_index>
    <Function test_finalize_returns_bundle>
    <Function test_directory_structure_created>
  <Class TestCreateRCEvidenceDirectory>
    <Function test_creates_correct_path>
    <Function test_auto_generated_run_name>
    <Function test_writer_functional>
<Module tests/1-uc-ontology/unit/test_verification_hasher.py>
  <Class TestSha256File>
    <Function test_hash_simple_file>
    <Function test_hash_empty_file>
    <Function test_hash_binary_file>
    <Function test_hash_same_content_same_hash>
    <Function test_hash_different_content_different_hash>
    <Function test_file_not_found_raises>
    <Function test_directory_raises>
    <Function test_accepts_string_path>
    <Function test_large_file_chunked>
  <Class TestSha256Bytes>
    <Function test_hash_bytes>
    <Function test_hash_empty_bytes>
    <Function test_not_bytes_raises>
    <Function test_hash_deterministic>
  <Class TestSha256String>
    <Function test_hash_string>
    <Function test_hash_unicode>
    <Function test_custom_encoding>
  <Class TestFileSizeBytes>
    <Function test_file_size>
    <Function test_empty_file_size>
    <Function test_file_not_found_raises>
<Module tests/1-uc-ontology/unit/test_verification_idempotency.py>
  <Class TestCheckIdempotency>
    <Function test_identity_is_idempotent>
    <Function test_appending_not_idempotent>
    <Function test_missing_input_returns_error>
    <Function test_transform_failure_returns_error>
    <Function test_no_output_returns_error>
    <Function test_semantically_equivalent_is_idempotent>
    <Function test_report_to_dict>
  <Class TestCheckGraphIdempotency>
    <Function test_identity_graph_transform_idempotent>
    <Function test_modifying_transform_not_idempotent>
    <Function test_error_handling>
  <Class TestIdempotencyReport>
    <Function test_report_defaults>
    <Function test_report_to_dict_with_isomorphism>
  <Class TestCheckFullIdempotency>
    <Function test_identity_is_fully_consistent>
    <Function test_inconsistent_save_detected>
    <Function test_canonical_transform_is_fully_consistent>
    <Function test_missing_file_returns_error>
    <Function test_transform_failure_returns_error>
    <Function test_report_to_dict>
  <Class TestFullIdempotencyReport>
    <Function test_report_defaults>
    <Function test_full_report_to_dict>
  <Class TestIdempotencyErrorPaths>
    <Function test_check_idempotency_second_output_not_created>
    <Function test_check_graph_idempotency_transform_raises>
    <Function test_check_full_idempotency_first_output_not_created>
    <Function test_check_full_idempotency_second_output_not_created>
    <Function test_verify_canonicalization_idempotent_delegates>
<Module tests/1-uc-ontology/unit/test_verification_isomorphism.py>
  <Class TestCompareIsomorphism>
    <Function test_identical_files_are_isomorphic>
    <Function test_equivalent_graphs_are_isomorphic>
    <Function test_different_graphs_not_isomorphic>
    <Function test_empty_graphs_are_isomorphic>
    <Function test_missing_file_returns_error>
    <Function test_invalid_ttl_returns_error>
    <Function test_diff_samples_limited>
    <Function test_report_to_dict>
  <Class TestCompareGraphs>
    <Function test_identical_graphs_isomorphic>
    <Function test_different_graphs_not_isomorphic>
    <Function test_empty_graphs_isomorphic>
  <Class TestIsomorphismReport>
    <Function test_report_defaults>
    <Function test_report_to_dict_complete>
    <Function test_report_with_error>
  <Class TestExceptionHandling>
    <Function test_compare_isomorphism_with_corrupted_file>
    <Function test_compare_graphs_with_custom_labels>
    <Function test_compare_isomorphism_missing_file>
    <Function test_compare_isomorphism_with_different_formats>
  <Class TestIsomorphismErrorPaths>
    <Function test_compare_isomorphism_with_explicit_format_skips_auto_detect>
    <Function test_compare_isomorphism_file_not_found_returns_error>
    <Function test_compare_graphs_with_more_diffs_than_max_samples>
    <Function test_compare_graphs_exception_in_isomorphic_check>
<Module tests/1-uc-ontology/unit/test_verification_manifest.py>
  <Class TestInputArtifact>
    <Function test_from_file>
    <Function test_format_detection>
    <Function test_explicit_format>
  <Class TestOutputArtifact>
    <Function test_from_file>
  <Class TestVerificationResult>
    <Function test_basic_result>
    <Function test_default_details>
  <Class TestEnvironmentInfo>
    <Function test_environment_info_has_version>
    <Function test_environment_info_captures_cwd>
  <Class TestRunManifest>
    <Function test_create_with_defaults>
    <Function test_add_input>
    <Function test_add_output>
    <Function test_add_verification>
    <Function test_set_duration>
    <Function test_set_error>
    <Function test_method_chaining>
    <Function test_to_dict>
    <Function test_to_json>
  <Class TestWriteManifestAtomic>
    <Function test_write_creates_file>
    <Function test_write_creates_parent_dirs>
    <Function test_write_content_valid_json>
    <Function test_atomic_write_no_partial>
  <Class TestReadManifest>
    <Function test_read_written_manifest>
    <Function test_read_missing_file_raises>
    <Function test_read_invalid_json_raises>
  <Class TestWriteManifestAppend>
    <Function test_append_creates_new_file>
    <Function test_append_adds_to_existing_file>
    <Function test_append_multiple_entries>
    <Function test_append_handles_single_object_file>
    <Function test_append_handles_corrupted_file>
  <Class TestWriteManifestAtomicErrorHandling>
    <Function test_write_to_read_only_parent>
<Module tests/1-uc-ontology/unit/test_verification_rc_workflow.py>
  <Class TestChecksumBaseline>
    <Function test_from_directory>
    <Function test_save_and_load>
    <Function test_verify_unchanged>
    <Function test_verify_modified_file>
    <Function test_verify_missing_file>
    <Function test_verify_new_file>
  <Class TestCoverageResult>
    <Function test_basic_creation>
    <Function test_to_dict>
  <Class TestRCResult>
    <Function test_default_values>
    <Function test_to_dict>
  <Class TestRCWorkflow>
    <Function test_workflow_initialization>
    <Function test_load_or_create_baseline>
    <Function test_verify_rc_v8_immutability_pass>
    <Function test_verify_rc_v8_immutability_fail>
    <Function test_run_with_skip_tests>
    <Function test_run_with_skip_all>
    <Function test_run_missing_rc_v8>
  <Class TestRunRCVerification>
    <Function test_basic_call>
  <Class TestEdgeCases>
    <Function test_coverage_result_passed_property>
    <Function test_rc_result_to_dict_with_all_fields>
    <Function test_checksum_baseline_verify_with_extra_files>
    <Function test_checksum_baseline_verify_with_missing_files>
    <Function test_workflow_finalize_with_errors>
    <Function test_coverage_result_with_test_details>
    <Function test_workflow_with_coverage_json>
    <Function test_rc_result_with_errors_list>

[32m======================== [32m973 tests collected[0m[32m in 0.23s[0m[32m =========================[0m
