[1m============================= test session starts =============================[0m
[1mcollecting ... [0mcollected 973 items

tests/1-uc-ontology/cli/test_cli_commands.py::TestCLIMainGroup::test_cli_version <- C:\Users\selah\emprego\certi\bim\onto-tools-artigo\tests\1-uc-ontology\cli\test_cli_commands.py [32mPASSED[0m[32m [  0%][0m
tests/1-uc-ontology/cli/test_cli_commands.py::TestCLIMainGroup::test_cli_help <- C:\Users\selah\emprego\certi\bim\onto-tools-artigo\tests\1-uc-ontology\cli\test_cli_commands.py [32mPASSED[0m[32m [  0%][0m
tests/1-uc-ontology/cli/test_cli_commands.py::TestOntologyDomainCLI::test_ontology_help <- C:\Users\selah\emprego\certi\bim\onto-tools-artigo\tests\1-uc-ontology\cli\test_cli_commands.py [32mPASSED[0m[32m [  0%][0m
tests/1-uc-ontology/cli/test_cli_commands.py::TestOntologyDomainCLI::test_ontology_load_success <- C:\Users\selah\emprego\certi\bim\onto-tools-artigo\tests\1-uc-ontology\cli\test_cli_commands.py [32mPASSED[0m[32m [  0%][0m
tests/1-uc-ontology/cli/test_cli_commands.py::TestOntologyDomainCLI::test_ontology_normalize_success <- C:\Users\selah\emprego\certi\bim\onto-tools-artigo\tests\1-uc-ontology\cli\test_cli_commands.py [32mPASSED[0m[32m [  0%][0m
tests/1-uc-ontology/cli/test_cli_commands.py::TestOntologyDomainCLI::test_ontology_normalize_with_warnings <- C:\Users\selah\emprego\certi\bim\onto-tools-artigo\tests\1-uc-ontology\cli\test_cli_commands.py [32mPASSED[0m[32m [  0%][0m
tests/1-uc-ontology/cli/test_cli_commands.py::TestOntologyDomainCLI::test_ontology_review_success <- C:\Users\selah\emprego\certi\bim\onto-tools-artigo\tests\1-uc-ontology\cli\test_cli_commands.py [32mPASSED[0m[32m [  0%][0m
tests/1-uc-ontology/cli/test_cli_commands.py::TestCLIErrorHandling::test_invalid_command <- C:\Users\selah\emprego\certi\bim\onto-tools-artigo\tests\1-uc-ontology\cli\test_cli_commands.py [32mPASSED[0m[32m [  0%][0m
tests/1-uc-ontology/cli/test_cli_commands.py::TestCLIErrorHandling::test_missing_argument <- C:\Users\selah\emprego\certi\bim\onto-tools-artigo\tests\1-uc-ontology\cli\test_cli_commands.py [32mPASSED[0m[32m [  0%][0m
tests/1-uc-ontology/cli/test_cli_commands.py::TestCLIErrorHandling::test_facade_error_propagates <- C:\Users\selah\emprego\certi\bim\onto-tools-artigo\tests\1-uc-ontology\cli\test_cli_commands.py [32mPASSED[0m[32m [  1%][0m
tests/1-uc-ontology/cli/test_cli_commands.py::TestCLIOutputFormatting::test_success_shows_checkmark <- C:\Users\selah\emprego\certi\bim\onto-tools-artigo\tests\1-uc-ontology\cli\test_cli_commands.py [32mPASSED[0m[32m [  1%][0m
tests/1-uc-ontology/cli/test_cli_commands.py::TestCLIOutputFormatting::test_error_shows_cross <- C:\Users\selah\emprego\certi\bim\onto-tools-artigo\tests\1-uc-ontology\cli\test_cli_commands.py [32mPASSED[0m[32m [  1%][0m
tests/1-uc-ontology/cli/test_cli_commands.py::TestOntologyLoadEdgeCases::test_ontology_load_no_ttl_files <- C:\Users\selah\emprego\certi\bim\onto-tools-artigo\tests\1-uc-ontology\cli\test_cli_commands.py [32mPASSED[0m[32m [  1%][0m
tests/1-uc-ontology/cli/test_cli_commands.py::TestOntologyLoadEdgeCases::test_ontology_load_via_interactive_menu <- C:\Users\selah\emprego\certi\bim\onto-tools-artigo\tests\1-uc-ontology\cli\test_cli_commands.py [32mPASSED[0m[32m [  1%][0m
tests/1-uc-ontology/cli/test_cli_commands.py::TestOntologyLoadEdgeCases::test_ontology_load_error_from_facade <- C:\Users\selah\emprego\certi\bim\onto-tools-artigo\tests\1-uc-ontology\cli\test_cli_commands.py [32mPASSED[0m[32m [  1%][0m
tests/1-uc-ontology/cli/test_cli_commands.py::TestOntologyReviewEdgeCases::test_ontology_review_default_output_path <- C:\Users\selah\emprego\certi\bim\onto-tools-artigo\tests\1-uc-ontology\cli\test_cli_commands.py [32mPASSED[0m[32m [  1%][0m
tests/1-uc-ontology/cli/test_cli_commands.py::TestOntologyReviewEdgeCases::test_ontology_review_non_ttl_extension <- C:\Users\selah\emprego\certi\bim\onto-tools-artigo\tests\1-uc-ontology\cli\test_cli_commands.py [32mPASSED[0m[32m [  1%][0m
tests/1-uc-ontology/cli/test_cli_commands.py::TestOntologyReviewEdgeCases::test_ontology_review_error <- C:\Users\selah\emprego\certi\bim\onto-tools-artigo\tests\1-uc-ontology\cli\test_cli_commands.py [32mPASSED[0m[32m [  1%][0m
tests/1-uc-ontology/cli/test_cli_menu.py::TestMenuOption::test_menu_option_with_action <- C:\Users\selah\emprego\certi\bim\onto-tools\tests\1-uc-ontology\cli\test_cli_menu.py [32mPASSED[0m[32m [  1%][0m
tests/1-uc-ontology/cli/test_cli_menu.py::TestMenuOption::test_menu_option_with_submenu <- C:\Users\selah\emprego\certi\bim\onto-tools\tests\1-uc-ontology\cli\test_cli_menu.py [32mPASSED[0m[32m [  2%][0m
tests/1-uc-ontology/cli/test_cli_menu.py::TestInteractiveMenu::test_menu_creation <- C:\Users\selah\emprego\certi\bim\onto-tools\tests\1-uc-ontology\cli\test_cli_menu.py [32mPASSED[0m[32m [  2%][0m
tests/1-uc-ontology/cli/test_cli_menu.py::TestInteractiveMenu::test_add_option_with_action <- C:\Users\selah\emprego\certi\bim\onto-tools\tests\1-uc-ontology\cli\test_cli_menu.py [32mPASSED[0m[32m [  2%][0m
tests/1-uc-ontology/cli/test_cli_menu.py::TestInteractiveMenu::test_add_option_with_submenu_sets_parent <- C:\Users\selah\emprego\certi\bim\onto-tools\tests\1-uc-ontology\cli\test_cli_menu.py [32mPASSED[0m[32m [  2%][0m
tests/1-uc-ontology/cli/test_cli_menu.py::TestInteractiveMenu::test_display_header <- C:\Users\selah\emprego\certi\bim\onto-tools\tests\1-uc-ontology\cli\test_cli_menu.py [32mPASSED[0m[32m [  2%][0m
tests/1-uc-ontology/cli/test_cli_menu.py::TestInteractiveMenu::test_display_options_shows_all_options <- C:\Users\selah\emprego\certi\bim\onto-tools\tests\1-uc-ontology\cli\test_cli_menu.py [32mPASSED[0m[32m [  2%][0m
tests/1-uc-ontology/cli/test_cli_menu.py::TestInteractiveMenu::test_display_options_shows_back_when_has_parent <- C:\Users\selah\emprego\certi\bim\onto-tools\tests\1-uc-ontology\cli\test_cli_menu.py [32mPASSED[0m[32m [  2%][0m
tests/1-uc-ontology/cli/test_cli_menu.py::TestBuildMenu::test_build_menu_returns_interactive_menu <- C:\Users\selah\emprego\certi\bim\onto-tools\tests\1-uc-ontology\cli\test_cli_menu.py [32mPASSED[0m[32m [  2%][0m
tests/1-uc-ontology/cli/test_cli_menu.py::TestBuildMenu::test_main_menu_has_expected_options <- C:\Users\selah\emprego\certi\bim\onto-tools\tests\1-uc-ontology\cli\test_cli_menu.py [32mPASSED[0m[32m [  2%][0m
tests/1-uc-ontology/cli/test_cli_menu.py::TestBuildMenu::test_ontology_submenu_has_all_ucs <- C:\Users\selah\emprego\certi\bim\onto-tools\tests\1-uc-ontology\cli\test_cli_menu.py [32mPASSED[0m[32m [  2%][0m
tests/1-uc-ontology/cli/test_cli_menu.py::TestBuildMenu::test_submenus_have_parent_set <- C:\Users\selah\emprego\certi\bim\onto-tools\tests\1-uc-ontology\cli\test_cli_menu.py [32mPASSED[0m[32m [  3%][0m
tests/1-uc-ontology/cli/test_cli_menu.py::TestGetProjectRoot::test_returns_path <- C:\Users\selah\emprego\certi\bim\onto-tools\tests\1-uc-ontology\cli\test_cli_menu.py [32mPASSED[0m[32m [  3%][0m
tests/1-uc-ontology/cli/test_cli_menu.py::TestGetProjectRoot::test_path_exists <- C:\Users\selah\emprego\certi\bim\onto-tools\tests\1-uc-ontology\cli\test_cli_menu.py [32mPASSED[0m[32m [  3%][0m
tests/1-uc-ontology/cli/test_cli_menu.py::TestGetProjectRoot::test_path_contains_expected_files <- C:\Users\selah\emprego\certi\bim\onto-tools\tests\1-uc-ontology\cli\test_cli_menu.py [32mPASSED[0m[32m [  3%][0m
tests/1-uc-ontology/cli/test_cli_menu.py::TestMenuActions::test_action_about_shows_info <- C:\Users\selah\emprego\certi\bim\onto-tools\tests\1-uc-ontology\cli\test_cli_menu.py [32mPASSED[0m[32m [  3%][0m
tests/1-uc-ontology/cli/test_cli_menu.py::TestMenuActions::test_action_normalize_calls_facade <- C:\Users\selah\emprego\certi\bim\onto-tools\tests\1-uc-ontology\cli\test_cli_menu.py [32mPASSED[0m[32m [  3%][0m
tests/1-uc-ontology/cli/test_cli_menu.py::TestMenuActions::test_action_normalize_without_ontology_shows_message <- C:\Users\selah\emprego\certi\bim\onto-tools\tests\1-uc-ontology\cli\test_cli_menu.py [32mPASSED[0m[32m [  3%][0m
tests/1-uc-ontology/cli/test_cli_menu.py::TestMenuActions::test_action_query_lists_options <- C:\Users\selah\emprego\certi\bim\onto-tools\tests\1-uc-ontology\cli\test_cli_menu.py [32mPASSED[0m[32m [  3%][0m
tests/1-uc-ontology/cli/test_cli_menu.py::TestMenuNavigation::test_exit_option_key <- C:\Users\selah\emprego\certi\bim\onto-tools\tests\1-uc-ontology\cli\test_cli_menu.py [32mPASSED[0m[32m [  3%][0m
tests/1-uc-ontology/cli/test_cli_menu.py::TestMenuNavigation::test_submenu_has_parent <- C:\Users\selah\emprego\certi\bim\onto-tools\tests\1-uc-ontology\cli\test_cli_menu.py [32mPASSED[0m[32m [  4%][0m
tests/1-uc-ontology/cli/test_cli_menu.py::TestMenuIcons::test_submenu_has_folder_icon <- C:\Users\selah\emprego\certi\bim\onto-tools\tests\1-uc-ontology\cli\test_cli_menu.py [32mPASSED[0m[32m [  4%][0m
tests/1-uc-ontology/cli/test_cli_menu.py::TestMenuIcons::test_action_has_lightning_icon <- C:\Users\selah\emprego\certi\bim\onto-tools\tests\1-uc-ontology\cli\test_cli_menu.py [32mPASSED[0m[32m [  4%][0m
tests/1-uc-ontology/cli/test_verify_commands.py::TestHelperFunctions::test_get_project_root_returns_path <- C:\Users\selah\emprego\certi\bim\onto-tools-artigo\tests\1-uc-ontology\cli\test_verify_commands.py [32mPASSED[0m[32m [  4%][0m
tests/1-uc-ontology/cli/test_verify_commands.py::TestHelperFunctions::test_load_config_with_real_config <- C:\Users\selah\emprego\certi\bim\onto-tools-artigo\tests\1-uc-ontology\cli\test_verify_commands.py [32mPASSED[0m[32m [  4%][0m
tests/1-uc-ontology/cli/test_verify_commands.py::TestHelperFunctions::test_load_config_missing_file_exits <- C:\Users\selah\emprego\certi\bim\onto-tools-artigo\tests\1-uc-ontology\cli\test_verify_commands.py [32mPASSED[0m[32m [  4%][0m
tests/1-uc-ontology/cli/test_verify_commands.py::TestHelperFunctions::test_get_facade_returns_facade_instance <- C:\Users\selah\emprego\certi\bim\onto-tools-artigo\tests\1-uc-ontology\cli\test_verify_commands.py [32mPASSED[0m[32m [  4%][0m
tests/1-uc-ontology/cli/test_verify_commands.py::TestHelperFunctions::test_get_facade_caches_instance <- C:\Users\selah\emprego\certi\bim\onto-tools-artigo\tests\1-uc-ontology\cli\test_verify_commands.py [32mPASSED[0m[32m [  4%][0m
tests/1-uc-ontology/cli/test_verify_commands.py::TestVerifyHash::test_hash_existing_file <- C:\Users\selah\emprego\certi\bim\onto-tools-artigo\tests\1-uc-ontology\cli\test_verify_commands.py [32mPASSED[0m[32m [  4%][0m
tests/1-uc-ontology/cli/test_verify_commands.py::TestVerifyHash::test_hash_output_format <- C:\Users\selah\emprego\certi\bim\onto-tools-artigo\tests\1-uc-ontology\cli\test_verify_commands.py [32mPASSED[0m[32m [  4%][0m
tests/1-uc-ontology/cli/test_verify_commands.py::TestVerifyHash::test_hash_missing_argument <- C:\Users\selah\emprego\certi\bim\onto-tools-artigo\tests\1-uc-ontology\cli\test_verify_commands.py [32mPASSED[0m[32m [  5%][0m
tests/1-uc-ontology/cli/test_verify_commands.py::TestVerifyIsomorphism::test_isomorphic_identical_files <- C:\Users\selah\emprego\certi\bim\onto-tools-artigo\tests\1-uc-ontology\cli\test_verify_commands.py [32mPASSED[0m[32m [  5%][0m
tests/1-uc-ontology/cli/test_verify_commands.py::TestVerifyIsomorphism::test_non_isomorphic_files <- C:\Users\selah\emprego\certi\bim\onto-tools-artigo\tests\1-uc-ontology\cli\test_verify_commands.py [32mPASSED[0m[32m [  5%][0m
tests/1-uc-ontology/cli/test_verify_commands.py::TestVerifyIsomorphism::test_isomorphism_with_output <- C:\Users\selah\emprego\certi\bim\onto-tools-artigo\tests\1-uc-ontology\cli\test_verify_commands.py [32mPASSED[0m[32m [  5%][0m
tests/1-uc-ontology/cli/test_verify_commands.py::TestVerifyIsomorphism::test_non_isomorphic_with_output <- C:\Users\selah\emprego\certi\bim\onto-tools-artigo\tests\1-uc-ontology\cli\test_verify_commands.py [32mPASSED[0m[32m [  5%][0m
tests/1-uc-ontology/cli/test_verify_commands.py::TestVerifyIdempotency::test_idempotent_file <- C:\Users\selah\emprego\certi\bim\onto-tools-artigo\tests\1-uc-ontology\cli\test_verify_commands.py [32mPASSED[0m[32m [  5%][0m
tests/1-uc-ontology/cli/test_verify_commands.py::TestVerifyIdempotency::test_idempotency_success_output <- C:\Users\selah\emprego\certi\bim\onto-tools-artigo\tests\1-uc-ontology\cli\test_verify_commands.py [32mPASSED[0m[32m [  5%][0m
tests/1-uc-ontology/cli/test_verify_commands.py::TestVerifyIdempotency::test_idempotency_with_output <- C:\Users\selah\emprego\certi\bim\onto-tools-artigo\tests\1-uc-ontology\cli\test_verify_commands.py [32mPASSED[0m[32m [  5%][0m
tests/1-uc-ontology/cli/test_verify_commands.py::TestVerifyCanonicalize::test_basic_canonicalize <- C:\Users\selah\emprego\certi\bim\onto-tools-artigo\tests\1-uc-ontology\cli\test_verify_commands.py [32mPASSED[0m[32m [  5%][0m
tests/1-uc-ontology/cli/test_verify_commands.py::TestVerifyCanonicalize::test_canonicalize_no_verify <- C:\Users\selah\emprego\certi\bim\onto-tools-artigo\tests\1-uc-ontology\cli\test_verify_commands.py [32mPASSED[0m[32m [  5%][0m
tests/1-uc-ontology/cli/test_verify_commands.py::TestVerifyCanonicalize::test_canonicalize_with_manifest <- C:\Users\selah\emprego\certi\bim\onto-tools-artigo\tests\1-uc-ontology\cli\test_verify_commands.py [32mPASSED[0m[32m [  6%][0m
tests/1-uc-ontology/cli/test_verify_commands.py::TestVerifyCanonicalize::test_canonicalize_no_verify_no_manifest <- C:\Users\selah\emprego\certi\bim\onto-tools-artigo\tests\1-uc-ontology\cli\test_verify_commands.py [32mPASSED[0m[32m [  6%][0m
tests/1-uc-ontology/cli/test_verify_commands.py::TestVerifyCanonicalize::test_canonicalize_with_verify_and_manifest <- C:\Users\selah\emprego\certi\bim\onto-tools-artigo\tests\1-uc-ontology\cli\test_verify_commands.py [32mPASSED[0m[32m [  6%][0m
tests/1-uc-ontology/cli/test_verify_commands.py::TestVerifyRC::test_rc_skip_all <- C:\Users\selah\emprego\certi\bim\onto-tools-artigo\tests\1-uc-ontology\cli\test_verify_commands.py [32mPASSED[0m[32m [  6%][0m
tests/1-uc-ontology/cli/test_verify_commands.py::TestVerifyRC::test_rc_custom_threshold <- C:\Users\selah\emprego\certi\bim\onto-tools-artigo\tests\1-uc-ontology\cli\test_verify_commands.py [32mPASSED[0m[32m [  6%][0m
tests/1-uc-ontology/cli/test_verify_commands.py::TestVerifyRC::test_rc_custom_output_dir <- C:\Users\selah\emprego\certi\bim\onto-tools-artigo\tests\1-uc-ontology\cli\test_verify_commands.py [32mPASSED[0m[32m [  6%][0m
tests/1-uc-ontology/cli/test_verify_commands.py::TestVerifyIsomorphismErrorBranch::test_non_iso_with_error_message <- C:\Users\selah\emprego\certi\bim\onto-tools-artigo\tests\1-uc-ontology\cli\test_verify_commands.py [32mPASSED[0m[32m [  6%][0m
tests/1-uc-ontology/cli/test_verify_commands.py::TestVerifyIdempotencyBranches::test_idempotent_hashes_not_match <- C:\Users\selah\emprego\certi\bim\onto-tools-artigo\tests\1-uc-ontology\cli\test_verify_commands.py [32mPASSED[0m[32m [  6%][0m
tests/1-uc-ontology/cli/test_verify_commands.py::TestVerifyIdempotencyBranches::test_not_idempotent_no_error <- C:\Users\selah\emprego\certi\bim\onto-tools-artigo\tests\1-uc-ontology\cli\test_verify_commands.py [32mPASSED[0m[32m [  6%][0m
tests/1-uc-ontology/cli/test_verify_commands.py::TestVerifyIdempotencyBranches::test_not_idempotent_with_error <- C:\Users\selah\emprego\certi\bim\onto-tools-artigo\tests\1-uc-ontology\cli\test_verify_commands.py [32mPASSED[0m[32m [  6%][0m
tests/1-uc-ontology/cli/test_verify_commands.py::TestVerifyRCOutputBranches::test_rc_with_errors_and_warnings <- C:\Users\selah\emprego\certi\bim\onto-tools-artigo\tests\1-uc-ontology\cli\test_verify_commands.py [32mPASSED[0m[32m [  7%][0m
tests/1-uc-ontology/cli/test_verify_commands.py::TestVerifyRCOutputBranches::test_rc_with_evidence_path <- C:\Users\selah\emprego\certi\bim\onto-tools-artigo\tests\1-uc-ontology\cli\test_verify_commands.py [32mPASSED[0m[32m [  7%][0m
tests/1-uc-ontology/cli/test_verify_commands.py::TestVerifyCanonicalizeEdgeCases::test_canonicalize_verify_non_isomorphic <- C:\Users\selah\emprego\certi\bim\onto-tools-artigo\tests\1-uc-ontology\cli\test_verify_commands.py [32mPASSED[0m[32m [  7%][0m
tests/1-uc-ontology/cli/test_verify_commands.py::TestVerifyCanonicalizeEdgeCases::test_canonicalize_verify_non_isomorphic_with_error <- C:\Users\selah\emprego\certi\bim\onto-tools-artigo\tests\1-uc-ontology\cli\test_verify_commands.py [32mPASSED[0m[32m [  7%][0m
tests/1-uc-ontology/cli/test_verify_commands.py::TestVerifyCanonicalizeEdgeCases::test_canonicalize_verify_non_idempotent <- C:\Users\selah\emprego\certi\bim\onto-tools-artigo\tests\1-uc-ontology\cli\test_verify_commands.py [32mPASSED[0m[32m [  7%][0m
tests/1-uc-ontology/cli/test_verify_commands.py::TestVerifyCanonicalizeEdgeCases::test_canonicalize_manifest_no_verify <- C:\Users\selah\emprego\certi\bim\onto-tools-artigo\tests\1-uc-ontology\cli\test_verify_commands.py [32mPASSED[0m[32m [  7%][0m
tests/1-uc-ontology/e2e/test_canonicalization_e2e.py::TestCanonicalizationE2E::test_canonicalize_sample_ontology <- C:\Users\selah\emprego\certi\bim\onto-tools\tests\1-uc-ontology\e2e\test_canonicalization_e2e.py [32mPASSED[0m[32m [  7%][0m
tests/1-uc-ontology/e2e/test_canonicalization_e2e.py::TestCanonicalizationE2E::test_canonicalization_is_idempotent <- C:\Users\selah\emprego\certi\bim\onto-tools\tests\1-uc-ontology\e2e\test_canonicalization_e2e.py [32mPASSED[0m[32m [  7%][0m
tests/1-uc-ontology/e2e/test_canonicalization_e2e.py::TestCanonicalizationE2E::test_output_is_protege_compatible <- C:\Users\selah\emprego\certi\bim\onto-tools\tests\1-uc-ontology\e2e\test_canonicalization_e2e.py [32mPASSED[0m[32m [  7%][0m
tests/1-uc-ontology/e2e/test_canonicalization_e2e.py::TestValidationE2E::test_validate_sample_ontology <- C:\Users\selah\emprego\certi\bim\onto-tools\tests\1-uc-ontology\e2e\test_canonicalization_e2e.py [32mPASSED[0m[32m [  8%][0m
tests/1-uc-ontology/e2e/test_canonicalization_e2e.py::TestValidationE2E::test_naming_validation_report <- C:\Users\selah\emprego\certi\bim\onto-tools\tests\1-uc-ontology\e2e\test_canonicalization_e2e.py [32mPASSED[0m[32m [  8%][0m
tests/1-uc-ontology/e2e/test_canonicalization_e2e.py::TestRoundtripE2E::test_multiple_roundtrips <- C:\Users\selah\emprego\certi\bim\onto-tools\tests\1-uc-ontology\e2e\test_canonicalization_e2e.py [32mPASSED[0m[32m [  8%][0m
tests/1-uc-ontology/e2e/test_cli_simulation_scenarios.py::TestCLISimulationScenarios::test_scenario_c1_pure_canonicalization <- C:\Users\selah\emprego\certi\bim\onto-tools\tests\1-uc-ontology\e2e\test_cli_simulation_scenarios.py [32mPASSED[0m[32m [  8%][0m
tests/1-uc-ontology/e2e/test_cli_simulation_scenarios.py::TestCLISimulationScenarios::test_scenario_c2_normalize_with_autofix <- C:\Users\selah\emprego\certi\bim\onto-tools\tests\1-uc-ontology\e2e\test_cli_simulation_scenarios.py [32mPASSED[0m[32m [  8%][0m
tests/1-uc-ontology/e2e/test_cli_simulation_scenarios.py::TestCLISimulationScenarios::test_scenario_c3_normalize_without_autofix <- C:\Users\selah\emprego\certi\bim\onto-tools\tests\1-uc-ontology\e2e\test_cli_simulation_scenarios.py [32mPASSED[0m[32m [  8%][0m
tests/1-uc-ontology/e2e/test_cli_simulation_scenarios.py::TestCLISimulationScenarios::test_scenario_c4_normalize_autofix_then_canonicalize <- C:\Users\selah\emprego\certi\bim\onto-tools\tests\1-uc-ontology\e2e\test_cli_simulation_scenarios.py [32mPASSED[0m[32m [  8%][0m
tests/1-uc-ontology/e2e/test_cli_simulation_scenarios.py::TestCLISimulationScenarios::test_scenario_c5_normalize_nofix_then_canonicalize <- C:\Users\selah\emprego\certi\bim\onto-tools\tests\1-uc-ontology\e2e\test_cli_simulation_scenarios.py [32mPASSED[0m[32m [  8%][0m
tests/1-uc-ontology/e2e/test_cli_simulation_scenarios.py::TestCrossScenarioEquivalences::test_ec1_c1_equals_c5 <- C:\Users\selah\emprego\certi\bim\onto-tools\tests\1-uc-ontology\e2e\test_cli_simulation_scenarios.py [32mPASSED[0m[32m [  8%][0m
tests/1-uc-ontology/e2e/test_cli_simulation_scenarios.py::TestCrossScenarioEquivalences::test_ec2_canon_c2_equals_c4 <- C:\Users\selah\emprego\certi\bim\onto-tools\tests\1-uc-ontology\e2e\test_cli_simulation_scenarios.py [32mPASSED[0m[32m [  8%][0m
tests/1-uc-ontology/e2e/test_cli_simulation_scenarios.py::TestCrossScenarioEquivalences::test_ec3_canon_c3_equals_c5 <- C:\Users\selah\emprego\certi\bim\onto-tools\tests\1-uc-ontology\e2e\test_cli_simulation_scenarios.py [32mPASSED[0m[32m [  9%][0m
tests/1-uc-ontology/e2e/test_cli_simulation_scenarios.py::TestCrossScenarioEquivalences::test_ec4_c4_differs_from_c5 <- C:\Users\selah\emprego\certi\bim\onto-tools\tests\1-uc-ontology\e2e\test_cli_simulation_scenarios.py [32mPASSED[0m[32m [  9%][0m
tests/1-uc-ontology/integration/test_facade_flows.py::TestFacadeFlows::test_load_normalize_save_flow <- C:\Users\selah\emprego\certi\bim\onto-tools\tests\1-uc-ontology\integration\test_facade_flows.py [32mPASSED[0m[32m [  9%][0m
tests/1-uc-ontology/integration/test_facade_flows.py::TestFacadeFlows::test_query_flow <- C:\Users\selah\emprego\certi\bim\onto-tools\tests\1-uc-ontology\integration\test_facade_flows.py [32mPASSED[0m[32m [  9%][0m
tests/1-uc-ontology/integration/test_facade_flows.py::TestFacadeFlows::test_diff_flow <- C:\Users\selah\emprego\certi\bim\onto-tools\tests\1-uc-ontology\integration\test_facade_flows.py [32mPASSED[0m[32m [  9%][0m
tests/1-uc-ontology/integration/test_facade_flows.py::TestFacadeFlows::test_batch_apply_flow <- C:\Users\selah\emprego\certi\bim\onto-tools\tests\1-uc-ontology\integration\test_facade_flows.py [32mPASSED[0m[32m [  9%][0m
tests/1-uc-ontology/integration/test_facade_flows.py::TestEdgeToEdgeFlows::test_full_crud_cycle <- C:\Users\selah\emprego\certi\bim\onto-tools\tests\1-uc-ontology\integration\test_facade_flows.py [32mPASSED[0m[32m [  9%][0m
tests/1-uc-ontology/integration/test_facade_normalize.py::TestNormalizeOntologyHappyPath::test_normalize_returns_success <- C:\Users\selah\emprego\certi\bim\onto-tools-artigo\tests\1-uc-ontology\integration\test_facade_normalize.py [32mPASSED[0m[32m [  9%][0m
tests/1-uc-ontology/integration/test_facade_normalize.py::TestNormalizeOntologyHappyPath::test_normalize_result_has_expected_keys <- C:\Users\selah\emprego\certi\bim\onto-tools-artigo\tests\1-uc-ontology\integration\test_facade_normalize.py [32mPASSED[0m[32m [  9%][0m
tests/1-uc-ontology/integration/test_facade_normalize.py::TestNormalizeOntologyHappyPath::test_normalize_audit_log_called <- C:\Users\selah\emprego\certi\bim\onto-tools-artigo\tests\1-uc-ontology\integration\test_facade_normalize.py [32mPASSED[0m[32m [  9%][0m
tests/1-uc-ontology/integration/test_facade_normalize.py::TestNormalizeOntologyHappyPath::test_normalize_quality_report_is_dict <- C:\Users\selah\emprego\certi\bim\onto-tools-artigo\tests\1-uc-ontology\integration\test_facade_normalize.py [32mPASSED[0m[32m [ 10%][0m
tests/1-uc-ontology/integration/test_facade_normalize.py::TestNormalizeOntologyHappyPath::test_normalize_without_loaded_ontology_returns_error <- C:\Users\selah\emprego\certi\bim\onto-tools-artigo\tests\1-uc-ontology\integration\test_facade_normalize.py [32mPASSED[0m[32m [ 10%][0m
tests/1-uc-ontology/integration/test_facade_normalize.py::TestNormalizeWithPendingCorrections::test_normalize_with_lowercase_preflabel <- C:\Users\selah\emprego\certi\bim\onto-tools-artigo\tests\1-uc-ontology\integration\test_facade_normalize.py [32mPASSED[0m[32m [ 10%][0m
tests/1-uc-ontology/integration/test_facade_normalize.py::TestNormalizeWithPendingCorrections::test_normalize_with_auto_fix_true <- C:\Users\selah\emprego\certi\bim\onto-tools-artigo\tests\1-uc-ontology\integration\test_facade_normalize.py [32mPASSED[0m[32m [ 10%][0m
tests/1-uc-ontology/integration/test_facade_normalize.py::TestNormalizeWithPendingCorrections::test_normalize_explicit_graph_arg <- C:\Users\selah\emprego\certi\bim\onto-tools-artigo\tests\1-uc-ontology\integration\test_facade_normalize.py [32mPASSED[0m[32m [ 10%][0m
tests/1-uc-ontology/integration/test_facade_normalize.py::TestNormalizeWithPendingCorrections::test_normalize_multiple_classes_with_issues <- C:\Users\selah\emprego\certi\bim\onto-tools-artigo\tests\1-uc-ontology\integration\test_facade_normalize.py [32mPASSED[0m[32m [ 10%][0m
tests/1-uc-ontology/integration/test_facade_normalize.py::TestNormalizeWithPendingCorrections::test_normalize_with_real_ontology <- C:\Users\selah\emprego\certi\bim\onto-tools-artigo\tests\1-uc-ontology\integration\test_facade_normalize.py [32mPASSED[0m[32m [ 10%][0m
tests/1-uc-ontology/integration/test_facade_normalize.py::TestNormalizeErrorHandling::test_normalize_exception_returns_error <- C:\Users\selah\emprego\certi\bim\onto-tools-artigo\tests\1-uc-ontology\integration\test_facade_normalize.py [32mPASSED[0m[32m [ 10%][0m
tests/1-uc-ontology/integration/test_facade_normalize.py::TestFacadeLoadErrorPaths::test_load_encoding_validation_failure <- C:\Users\selah\emprego\certi\bim\onto-tools-artigo\tests\1-uc-ontology\integration\test_facade_normalize.py [32mPASSED[0m[32m [ 10%][0m
tests/1-uc-ontology/integration/test_facade_normalize.py::TestFacadeLoadErrorPaths::test_load_exception_returns_error <- C:\Users\selah\emprego\certi\bim\onto-tools-artigo\tests\1-uc-ontology\integration\test_facade_normalize.py [32mPASSED[0m[32m [ 10%][0m
tests/1-uc-ontology/integration/test_facade_normalize.py::TestFacadeLoadErrorPaths::test_load_with_validate_false <- C:\Users\selah\emprego\certi\bim\onto-tools-artigo\tests\1-uc-ontology\integration\test_facade_normalize.py [32mPASSED[0m[32m [ 11%][0m
tests/1-uc-ontology/integration/test_facade_normalize.py::TestFacadeCanonicalizeErrorPaths::test_canonicalize_no_graph_returns_error <- C:\Users\selah\emprego\certi\bim\onto-tools-artigo\tests\1-uc-ontology\integration\test_facade_normalize.py [32mPASSED[0m[32m [ 11%][0m
tests/1-uc-ontology/integration/test_facade_normalize.py::TestFacadeCanonicalizeErrorPaths::test_canonicalize_exception_returns_error <- C:\Users\selah\emprego\certi\bim\onto-tools-artigo\tests\1-uc-ontology\integration\test_facade_normalize.py [32mPASSED[0m[32m [ 11%][0m
tests/1-uc-ontology/integration/test_facade_normalize.py::TestFacadeGenerateAuditReport::test_generate_audit_report_exception_returns_none <- C:\Users\selah\emprego\certi\bim\onto-tools-artigo\tests\1-uc-ontology\integration\test_facade_normalize.py [32mPASSED[0m[32m [ 11%][0m
tests/1-uc-ontology/integration/test_facade_normalize.py::TestFacadeGenerateAuditReport::test_generate_audit_report_success_returns_path <- C:\Users\selah\emprego\certi\bim\onto-tools-artigo\tests\1-uc-ontology\integration\test_facade_normalize.py [32mPASSED[0m[32m [ 11%][0m
tests/1-uc-ontology/integration/test_facade_normalize.py::TestHasLoadedOntology::test_has_loaded_ontology_returns_false_initially <- C:\Users\selah\emprego\certi\bim\onto-tools-artigo\tests\1-uc-ontology\integration\test_facade_normalize.py [32mPASSED[0m[32m [ 11%][0m
tests/1-uc-ontology/integration/test_facade_normalize.py::TestHasLoadedOntology::test_has_loaded_ontology_returns_true_after_load <- C:\Users\selah\emprego\certi\bim\onto-tools-artigo\tests\1-uc-ontology\integration\test_facade_normalize.py [32mPASSED[0m[32m [ 11%][0m
tests/1-uc-ontology/integration/test_facade_normalize.py::TestFacadeLoadConfigEdgeCases::test_load_config_none_with_working_dir <- C:\Users\selah\emprego\certi\bim\onto-tools-artigo\tests\1-uc-ontology\integration\test_facade_normalize.py [32mPASSED[0m[32m [ 11%][0m
tests/1-uc-ontology/integration/test_facade_normalize.py::TestFacadeLoadConfigEdgeCases::test_load_config_none_no_file_uses_defaults <- C:\Users\selah\emprego\certi\bim\onto-tools-artigo\tests\1-uc-ontology\integration\test_facade_normalize.py [32mPASSED[0m[32m [ 11%][0m
tests/1-uc-ontology/integration/test_normalization_complete.py::TestNormalizationComplete::test_full_normalization_flow <- C:\Users\selah\emprego\certi\bim\onto-tools\tests\1-uc-ontology\integration\test_normalization_complete.py [32mPASSED[0m[32m [ 12%][0m
tests/1-uc-ontology/integration/test_normalization_complete.py::TestNormalizationComplete::test_normalization_preserves_content <- C:\Users\selah\emprego\certi\bim\onto-tools\tests\1-uc-ontology\integration\test_normalization_complete.py [32mPASSED[0m[32m [ 12%][0m
tests/1-uc-ontology/integration/test_normalization_complete.py::TestNormalizationComplete::test_normalization_with_validation_warnings <- C:\Users\selah\emprego\certi\bim\onto-tools\tests\1-uc-ontology\integration\test_normalization_complete.py [32mPASSED[0m[32m [ 12%][0m
tests/1-uc-ontology/integration/test_normalization_complete.py::TestBatchOperationsIntegration::test_batch_apply_and_normalize <- C:\Users\selah\emprego\certi\bim\onto-tools\tests\1-uc-ontology\integration\test_normalization_complete.py [32mPASSED[0m[32m [ 12%][0m
tests/1-uc-ontology/integration/test_normalization_complete.py::TestCommentPreservation::test_rdfs_comment_preserved <- C:\Users\selah\emprego\certi\bim\onto-tools\tests\1-uc-ontology\integration\test_normalization_complete.py [32mPASSED[0m[32m [ 12%][0m
tests/1-uc-ontology/integration/test_normalization_complete.py::TestTransactionality::test_batch_rollback_on_error <- C:\Users\selah\emprego\certi\bim\onto-tools\tests\1-uc-ontology\integration\test_normalization_complete.py [32mPASSED[0m[32m [ 12%][0m
tests/1-uc-ontology/integration/test_real_coverage.py::TestURIResolverIntegration::test_to_full_uri_from_prefixed <- C:\Users\selah\emprego\certi\bim\onto-tools\tests\1-uc-ontology\integration\test_real_coverage.py [32mPASSED[0m[32m [ 12%][0m
tests/1-uc-ontology/integration/test_real_coverage.py::TestURIResolverIntegration::test_to_full_uri_already_full <- C:\Users\selah\emprego\certi\bim\onto-tools\tests\1-uc-ontology\integration\test_real_coverage.py [32mPASSED[0m[32m [ 12%][0m
tests/1-uc-ontology/integration/test_real_coverage.py::TestURIResolverIntegration::test_to_full_uri_with_brackets <- C:\Users\selah\emprego\certi\bim\onto-tools\tests\1-uc-ontology\integration\test_real_coverage.py [32mPASSED[0m[32m [ 12%][0m
tests/1-uc-ontology/integration/test_real_coverage.py::TestURIResolverIntegration::test_to_full_uri_unknown_prefix_raises <- C:\Users\selah\emprego\certi\bim\onto-tools\tests\1-uc-ontology\integration\test_real_coverage.py [32mPASSED[0m[32m [ 12%][0m
tests/1-uc-ontology/integration/test_real_coverage.py::TestURIResolverIntegration::test_to_full_uri_invalid_format_raises <- C:\Users\selah\emprego\certi\bim\onto-tools\tests\1-uc-ontology\integration\test_real_coverage.py [32mPASSED[0m[32m [ 13%][0m
tests/1-uc-ontology/integration/test_real_coverage.py::TestURIResolverIntegration::test_is_uri_prefixed <- C:\Users\selah\emprego\certi\bim\onto-tools\tests\1-uc-ontology\integration\test_real_coverage.py [32mPASSED[0m[32m [ 13%][0m
tests/1-uc-ontology/integration/test_real_coverage.py::TestURIResolverIntegration::test_is_uri_full <- C:\Users\selah\emprego\certi\bim\onto-tools\tests\1-uc-ontology\integration\test_real_coverage.py [32mPASSED[0m[32m [ 13%][0m
tests/1-uc-ontology/integration/test_real_coverage.py::TestURIResolverIntegration::test_is_uri_literal <- C:\Users\selah\emprego\certi\bim\onto-tools\tests\1-uc-ontology\integration\test_real_coverage.py [32mPASSED[0m[32m [ 13%][0m
tests/1-uc-ontology/integration/test_real_coverage.py::TestURIResolverIntegration::test_ensure_namespace_bindings <- C:\Users\selah\emprego\certi\bim\onto-tools\tests\1-uc-ontology\integration\test_real_coverage.py [32mPASSED[0m[32m [ 13%][0m
tests/1-uc-ontology/integration/test_real_coverage.py::TestURIResolverIntegration::test_to_rdflib_term_empty_value <- C:\Users\selah\emprego\certi\bim\onto-tools\tests\1-uc-ontology\integration\test_real_coverage.py [32mPASSED[0m[32m [ 13%][0m
tests/1-uc-ontology/integration/test_real_coverage.py::TestURIResolverIntegration::test_to_rdflib_term_whitespace_only <- C:\Users\selah\emprego\certi\bim\onto-tools\tests\1-uc-ontology\integration\test_real_coverage.py [32mPASSED[0m[32m [ 13%][0m
tests/1-uc-ontology/integration/test_real_coverage.py::TestURIResolverIntegration::test_to_rdflib_term_unknown_prefix_as_literal <- C:\Users\selah\emprego\certi\bim\onto-tools\tests\1-uc-ontology\integration\test_real_coverage.py [32mPASSED[0m[32m [ 13%][0m
tests/1-uc-ontology/integration/test_real_coverage.py::TestOntologyGraphIntegration::test_load_and_save_round_trip <- C:\Users\selah\emprego\certi\bim\onto-tools\tests\1-uc-ontology\integration\test_real_coverage.py [32mPASSED[0m[32m [ 13%][0m
tests/1-uc-ontology/integration/test_real_coverage.py::TestOntologyGraphIntegration::test_query_with_sparql <- C:\Users\selah\emprego\certi\bim\onto-tools\tests\1-uc-ontology\integration\test_real_coverage.py [32mPASSED[0m[32m [ 13%][0m
tests/1-uc-ontology/integration/test_real_coverage.py::TestOntologyGraphIntegration::test_normalize_with_normalizer <- C:\Users\selah\emprego\certi\bim\onto-tools\tests\1-uc-ontology\integration\test_real_coverage.py [32mPASSED[0m[32m [ 14%][0m
tests/1-uc-ontology/integration/test_real_coverage.py::TestOntologyGraphIntegration::test_batch_apply_complete_workflow <- C:\Users\selah\emprego\certi\bim\onto-tools\tests\1-uc-ontology\integration\test_real_coverage.py [32mPASSED[0m[32m [ 14%][0m
tests/1-uc-ontology/integration/test_real_coverage.py::TestNormalizerIntegration::test_normalize_reorders_prefixes <- C:\Users\selah\emprego\certi\bim\onto-tools\tests\1-uc-ontology\integration\test_real_coverage.py [32mPASSED[0m[32m [ 14%][0m
tests/1-uc-ontology/integration/test_real_coverage.py::TestNormalizerIntegration::test_normalize_removes_duplicates <- C:\Users\selah\emprego\certi\bim\onto-tools\tests\1-uc-ontology\integration\test_real_coverage.py [32mPASSED[0m[32m [ 14%][0m
tests/1-uc-ontology/integration/test_real_coverage.py::TestNormalizerIntegration::test_validate_serialization_detects_auto_prefix <- C:\Users\selah\emprego\certi\bim\onto-tools\tests\1-uc-ontology\integration\test_real_coverage.py [32mPASSED[0m[32m [ 14%][0m
tests/1-uc-ontology/integration/test_real_coverage.py::TestNormalizerIntegration::test_validate_serialization_detects_literal_uri <- C:\Users\selah\emprego\certi\bim\onto-tools\tests\1-uc-ontology\integration\test_real_coverage.py [32mPASSED[0m[32m [ 14%][0m
tests/1-uc-ontology/integration/test_real_coverage.py::TestNormalizerIntegration::test_ensure_protege_compatibility_binds_namespaces <- C:\Users\selah\emprego\certi\bim\onto-tools\tests\1-uc-ontology\integration\test_real_coverage.py [32mPASSED[0m[32m [ 14%][0m
tests/1-uc-ontology/integration/test_real_coverage.py::TestNamingValidatorIntegration::test_validate_pascal_case_class <- C:\Users\selah\emprego\certi\bim\onto-tools\tests\1-uc-ontology\integration\test_real_coverage.py [32mPASSED[0m[32m [ 14%][0m
tests/1-uc-ontology/integration/test_real_coverage.py::TestNamingValidatorIntegration::test_validate_invalid_class_name <- C:\Users\selah\emprego\certi\bim\onto-tools\tests\1-uc-ontology\integration\test_real_coverage.py [32mPASSED[0m[32m [ 14%][0m
tests/1-uc-ontology/integration/test_real_coverage.py::TestNamingValidatorIntegration::test_validate_camel_case_property <- C:\Users\selah\emprego\certi\bim\onto-tools\tests\1-uc-ontology\integration\test_real_coverage.py [32mPASSED[0m[32m [ 15%][0m
tests/1-uc-ontology/integration/test_real_coverage.py::TestQualityValidatorIntegration::test_validate_class_missing_label <- C:\Users\selah\emprego\certi\bim\onto-tools\tests\1-uc-ontology\integration\test_real_coverage.py [32mPASSED[0m[32m [ 15%][0m
tests/1-uc-ontology/integration/test_real_coverage.py::TestQualityValidatorIntegration::test_validate_class_with_label <- C:\Users\selah\emprego\certi\bim\onto-tools\tests\1-uc-ontology\integration\test_real_coverage.py [32mPASSED[0m[32m [ 15%][0m
tests/1-uc-ontology/integration/test_real_coverage.py::TestProtegeSerializerIntegration::test_serialize_complex_graph <- C:\Users\selah\emprego\certi\bim\onto-tools\tests\1-uc-ontology\integration\test_real_coverage.py [32mPASSED[0m[32m [ 15%][0m
tests/1-uc-ontology/integration/test_real_coverage.py::TestProtegeSerializerIntegration::test_serialize_with_blank_nodes <- C:\Users\selah\emprego\certi\bim\onto-tools\tests\1-uc-ontology\integration\test_real_coverage.py [32mPASSED[0m[32m [ 15%][0m
tests/1-uc-ontology/integration/test_real_coverage.py::TestProtegeSerializerIntegration::test_serialize_with_typed_literals <- C:\Users\selah\emprego\certi\bim\onto-tools\tests\1-uc-ontology\integration\test_real_coverage.py [32mPASSED[0m[32m [ 15%][0m
tests/1-uc-ontology/integration/test_real_coverage.py::TestRDFlibAdapterIntegration::test_load_valid_ttl <- C:\Users\selah\emprego\certi\bim\onto-tools\tests\1-uc-ontology\integration\test_real_coverage.py [32mPASSED[0m[32m [ 15%][0m
tests/1-uc-ontology/integration/test_real_coverage.py::TestRDFlibAdapterIntegration::test_save_ttl <- C:\Users\selah\emprego\certi\bim\onto-tools\tests\1-uc-ontology\integration\test_real_coverage.py [32mPASSED[0m[32m [ 15%][0m
tests/1-uc-ontology/integration/test_real_coverage.py::TestRDFlibAdapterIntegration::test_parse_turtle_string <- C:\Users\selah\emprego\certi\bim\onto-tools\tests\1-uc-ontology\integration\test_real_coverage.py [32mPASSED[0m[32m [ 15%][0m
tests/1-uc-ontology/integration/test_real_coverage.py::TestRDFlibAdapterIntegration::test_serialize_turtle <- C:\Users\selah\emprego\certi\bim\onto-tools\tests\1-uc-ontology\integration\test_real_coverage.py [32mPASSED[0m[32m [ 15%][0m
tests/1-uc-ontology/integration/test_uc104_verification.py::TestManifestWriter::test_manifest_create_has_required_fields <- C:\Users\selah\emprego\certi\bim\onto-tools-artigo\tests\1-uc-ontology\integration\test_uc104_verification.py [32mPASSED[0m[32m [ 16%][0m
tests/1-uc-ontology/integration/test_uc104_verification.py::TestManifestWriter::test_manifest_add_input <- C:\Users\selah\emprego\certi\bim\onto-tools-artigo\tests\1-uc-ontology\integration\test_uc104_verification.py [32mPASSED[0m[32m [ 16%][0m
tests/1-uc-ontology/integration/test_uc104_verification.py::TestManifestWriter::test_manifest_add_output <- C:\Users\selah\emprego\certi\bim\onto-tools-artigo\tests\1-uc-ontology\integration\test_uc104_verification.py [32mPASSED[0m[32m [ 16%][0m
tests/1-uc-ontology/integration/test_uc104_verification.py::TestManifestWriter::test_manifest_add_verification <- C:\Users\selah\emprego\certi\bim\onto-tools-artigo\tests\1-uc-ontology\integration\test_uc104_verification.py [32mPASSED[0m[32m [ 16%][0m
tests/1-uc-ontology/integration/test_uc104_verification.py::TestManifestWriter::test_manifest_write_atomic <- C:\Users\selah\emprego\certi\bim\onto-tools-artigo\tests\1-uc-ontology\integration\test_uc104_verification.py [32mPASSED[0m[32m [ 16%][0m
tests/1-uc-ontology/integration/test_uc104_verification.py::TestManifestWriter::test_manifest_read_roundtrip <- C:\Users\selah\emprego\certi\bim\onto-tools-artigo\tests\1-uc-ontology\integration\test_uc104_verification.py [32mPASSED[0m[32m [ 16%][0m
tests/1-uc-ontology/integration/test_uc104_verification.py::TestVerificationIntegration::test_sha256_file_computes_hash <- C:\Users\selah\emprego\certi\bim\onto-tools-artigo\tests\1-uc-ontology\integration\test_uc104_verification.py [32mPASSED[0m[32m [ 16%][0m
tests/1-uc-ontology/integration/test_uc104_verification.py::TestVerificationIntegration::test_sha256_same_content_same_hash <- C:\Users\selah\emprego\certi\bim\onto-tools-artigo\tests\1-uc-ontology\integration\test_uc104_verification.py [32mPASSED[0m[32m [ 16%][0m
tests/1-uc-ontology/integration/test_uc104_verification.py::TestUC104GenerateReviewOutput::test_generate_review_without_canonization <- C:\Users\selah\emprego\certi\bim\onto-tools-artigo\tests\1-uc-ontology\integration\test_uc104_verification.py [32mPASSED[0m[32m [ 16%][0m
tests/1-uc-ontology/integration/test_uc104_verification.py::TestUC104GenerateReviewOutput::test_generate_review_with_canonization_creates_manifest <- C:\Users\selah\emprego\certi\bim\onto-tools-artigo\tests\1-uc-ontology\integration\test_uc104_verification.py [32mPASSED[0m[32m [ 16%][0m
tests/1-uc-ontology/integration/test_uc104_verification.py::TestUC104GenerateReviewOutput::test_generate_review_verifications_pass <- C:\Users\selah\emprego\certi\bim\onto-tools-artigo\tests\1-uc-ontology\integration\test_uc104_verification.py [32mPASSED[0m[32m [ 17%][0m
tests/1-uc-ontology/integration/test_uc104_verification.py::TestUC104GenerateReviewOutput::test_generate_review_returns_all_paths <- C:\Users\selah\emprego\certi\bim\onto-tools-artigo\tests\1-uc-ontology\integration\test_uc104_verification.py [32mPASSED[0m[32m [ 17%][0m
tests/1-uc-ontology/integration/test_uc104_verification.py::TestUC104GenerateReviewOutput::test_generate_review_disable_verification <- C:\Users\selah\emprego\certi\bim\onto-tools-artigo\tests\1-uc-ontology\integration\test_uc104_verification.py [32mPASSED[0m[32m [ 17%][0m
tests/1-uc-ontology/integration/test_uc104_verification.py::TestUC104GenerateReviewOutput::test_generate_review_output_appends_to_existing_log <- C:\Users\selah\emprego\certi\bim\onto-tools-artigo\tests\1-uc-ontology\integration\test_uc104_verification.py [32mPASSED[0m[32m [ 17%][0m
tests/1-uc-ontology/integration/test_uc104_verification.py::TestUC104GenerateReviewOutput::test_generate_review_output_corrupted_log_recovers <- C:\Users\selah\emprego\certi\bim\onto-tools-artigo\tests\1-uc-ontology\integration\test_uc104_verification.py [32mPASSED[0m[32m [ 17%][0m
tests/1-uc-ontology/integration/test_uc104_verification.py::TestUC104GenerateReviewOutput::test_generate_review_output_exception_returns_error <- C:\Users\selah\emprego\certi\bim\onto-tools-artigo\tests\1-uc-ontology\integration\test_uc104_verification.py [32mPASSED[0m[32m [ 17%][0m
tests/1-uc-ontology/integration/test_uc104_verification.py::TestMenuUC104Display::test_action_ontology_review_displays_verification <- C:\Users\selah\emprego\certi\bim\onto-tools-artigo\tests\1-uc-ontology\integration\test_uc104_verification.py [32mPASSED[0m[32m [ 17%][0m
tests/1-uc-ontology/integration/test_verification_integration.py::TestVerificationIntegration::test_full_verification_workflow <- C:\Users\selah\emprego\certi\bim\onto-tools\tests\1-uc-ontology\integration\test_verification_integration.py [32mPASSED[0m[32m [ 17%][0m
tests/1-uc-ontology/integration/test_verification_integration.py::TestVerificationIntegration::test_evidence_bundle_creation <- C:\Users\selah\emprego\certi\bim\onto-tools\tests\1-uc-ontology\integration\test_verification_integration.py [32mPASSED[0m[32m [ 17%][0m
tests/1-uc-ontology/integration/test_verification_integration.py::TestVerificationIntegration::test_idempotency_with_rdf_serialization <- C:\Users\selah\emprego\certi\bim\onto-tools\tests\1-uc-ontology\integration\test_verification_integration.py [32mPASSED[0m[32m [ 17%][0m
tests/1-uc-ontology/integration/test_verification_integration.py::TestVerificationIntegration::test_multiple_verification_checks <- C:\Users\selah\emprego\certi\bim\onto-tools\tests\1-uc-ontology\integration\test_verification_integration.py [32mPASSED[0m[32m [ 18%][0m
tests/1-uc-ontology/integration/test_verification_integration.py::TestVerificationIntegration::test_hash_determinism <- C:\Users\selah\emprego\certi\bim\onto-tools\tests\1-uc-ontology\integration\test_verification_integration.py [32mPASSED[0m[32m [ 18%][0m
tests/1-uc-ontology/integration/test_verification_integration.py::TestVerificationIntegration::test_manifest_with_all_verification_types <- C:\Users\selah\emprego\certi\bim\onto-tools\tests\1-uc-ontology\integration\test_verification_integration.py [32mPASSED[0m[32m [ 18%][0m
tests/1-uc-ontology/integration/test_verification_integration.py::TestVerificationWithRealOntologies::test_owl_ontology_verification <- C:\Users\selah\emprego\certi\bim\onto-tools\tests\1-uc-ontology\integration\test_verification_integration.py [32mPASSED[0m[32m [ 18%][0m
tests/1-uc-ontology/integration/test_verification_integration.py::TestVerificationWithRealOntologies::test_blank_node_handling <- C:\Users\selah\emprego\certi\bim\onto-tools\tests\1-uc-ontology\integration\test_verification_integration.py [32mPASSED[0m[32m [ 18%][0m
tests/1-uc-ontology/unit/test_adapters.py::TestAuditLogger::test_audit_logger_creates_log_dir <- C:\Users\selah\emprego\certi\bim\onto-tools-artigo\tests\1-uc-ontology\unit\test_adapters.py [32mPASSED[0m[32m [ 18%][0m
tests/1-uc-ontology/unit/test_adapters.py::TestAuditLogger::test_audit_logger_creates_session_file <- C:\Users\selah\emprego\certi\bim\onto-tools-artigo\tests\1-uc-ontology\unit\test_adapters.py [32mPASSED[0m[32m [ 18%][0m
tests/1-uc-ontology/unit/test_adapters.py::TestAuditLogger::test_audit_logger_logs_operation <- C:\Users\selah\emprego\certi\bim\onto-tools-artigo\tests\1-uc-ontology\unit\test_adapters.py [32mPASSED[0m[32m [ 18%][0m
tests/1-uc-ontology/unit/test_adapters.py::TestAuditLogger::test_audit_logger_increments_op_counter <- C:\Users\selah\emprego\certi\bim\onto-tools-artigo\tests\1-uc-ontology\unit\test_adapters.py [32mPASSED[0m[32m [ 18%][0m
tests/1-uc-ontology/unit/test_adapters.py::TestAuditLogger::test_audit_logger_records_timestamp <- C:\Users\selah\emprego\certi\bim\onto-tools-artigo\tests\1-uc-ontology\unit\test_adapters.py [32mPASSED[0m[32m [ 19%][0m
tests/1-uc-ontology/unit/test_adapters.py::TestAuditLogger::test_audit_logger_get_log_path <- C:\Users\selah\emprego\certi\bim\onto-tools-artigo\tests\1-uc-ontology\unit\test_adapters.py [32mPASSED[0m[32m [ 19%][0m
tests/1-uc-ontology/unit/test_adapters.py::TestCreateAuditLogger::test_create_audit_logger_returns_logger <- C:\Users\selah\emprego\certi\bim\onto-tools-artigo\tests\1-uc-ontology\unit\test_adapters.py [32mPASSED[0m[32m [ 19%][0m
tests/1-uc-ontology/unit/test_adapters.py::TestCreateAuditLogger::test_create_audit_logger_with_session_id <- C:\Users\selah\emprego\certi\bim\onto-tools-artigo\tests\1-uc-ontology\unit\test_adapters.py [32mPASSED[0m[32m [ 19%][0m
tests/1-uc-ontology/unit/test_adapters.py::TestAuditFormatter::test_format_audit_log_creates_md <- C:\Users\selah\emprego\certi\bim\onto-tools-artigo\tests\1-uc-ontology\unit\test_adapters.py [32mPASSED[0m[32m [ 19%][0m
tests/1-uc-ontology/unit/test_adapters.py::TestAuditFormatter::test_format_audit_log_includes_operations <- C:\Users\selah\emprego\certi\bim\onto-tools-artigo\tests\1-uc-ontology\unit\test_adapters.py [32mPASSED[0m[32m [ 19%][0m
tests/1-uc-ontology/unit/test_adapters.py::TestAdaptersIntegration::test_audit_to_report_flow <- C:\Users\selah\emprego\certi\bim\onto-tools-artigo\tests\1-uc-ontology\unit\test_adapters.py [32mPASSED[0m[32m [ 19%][0m
tests/1-uc-ontology/unit/test_adapters.py::TestAuditLoggerUtilityMethods::test_log_with_triple_kwarg_stores_triple <- C:\Users\selah\emprego\certi\bim\onto-tools-artigo\tests\1-uc-ontology\unit\test_adapters.py [32mPASSED[0m[32m [ 19%][0m
tests/1-uc-ontology/unit/test_adapters.py::TestAuditLoggerUtilityMethods::test_get_operations_count_empty <- C:\Users\selah\emprego\certi\bim\onto-tools-artigo\tests\1-uc-ontology\unit\test_adapters.py [32mPASSED[0m[32m [ 19%][0m
tests/1-uc-ontology/unit/test_adapters.py::TestAuditLoggerUtilityMethods::test_get_operations_count_after_logging <- C:\Users\selah\emprego\certi\bim\onto-tools-artigo\tests\1-uc-ontology\unit\test_adapters.py [32mPASSED[0m[32m [ 19%][0m
tests/1-uc-ontology/unit/test_adapters.py::TestAuditLoggerUtilityMethods::test_get_operations_by_type_filters <- C:\Users\selah\emprego\certi\bim\onto-tools-artigo\tests\1-uc-ontology\unit\test_adapters.py [32mPASSED[0m[32m [ 20%][0m
tests/1-uc-ontology/unit/test_adapters.py::TestAuditLoggerUtilityMethods::test_get_failed_operations_filters_error_and_failed <- C:\Users\selah\emprego\certi\bim\onto-tools-artigo\tests\1-uc-ontology\unit\test_adapters.py [32mPASSED[0m[32m [ 20%][0m
tests/1-uc-ontology/unit/test_adapters.py::TestAuditLoggerUtilityMethods::test_read_log_returns_empty_when_file_missing <- C:\Users\selah\emprego\certi\bim\onto-tools-artigo\tests\1-uc-ontology\unit\test_adapters.py [32mPASSED[0m[32m [ 20%][0m
tests/1-uc-ontology/unit/test_audit_formatter.py::TestAuditLogFormatter::test_format_to_markdown_creates_file <- C:\Users\selah\emprego\certi\bim\onto-tools-artigo\tests\1-uc-ontology\unit\test_audit_formatter.py [32mPASSED[0m[32m [ 20%][0m
tests/1-uc-ontology/unit/test_audit_formatter.py::TestAuditLogFormatter::test_format_to_markdown_custom_output_path <- C:\Users\selah\emprego\certi\bim\onto-tools-artigo\tests\1-uc-ontology\unit\test_audit_formatter.py [32mPASSED[0m[32m [ 20%][0m
tests/1-uc-ontology/unit/test_audit_formatter.py::TestAuditLogFormatter::test_format_to_markdown_contains_header <- C:\Users\selah\emprego\certi\bim\onto-tools-artigo\tests\1-uc-ontology\unit\test_audit_formatter.py [32mPASSED[0m[32m [ 20%][0m
tests/1-uc-ontology/unit/test_audit_formatter.py::TestAuditLogFormatter::test_format_to_markdown_contains_load_info <- C:\Users\selah\emprego\certi\bim\onto-tools-artigo\tests\1-uc-ontology\unit\test_audit_formatter.py [32mPASSED[0m[32m [ 20%][0m
tests/1-uc-ontology/unit/test_audit_formatter.py::TestAuditLogFormatter::test_format_normalize_includes_warnings <- C:\Users\selah\emprego\certi\bim\onto-tools-artigo\tests\1-uc-ontology\unit\test_audit_formatter.py [32mPASSED[0m[32m [ 20%][0m
tests/1-uc-ontology/unit/test_audit_formatter.py::TestAuditLogFormatter::test_format_normalize_includes_fix_stats <- C:\Users\selah\emprego\certi\bim\onto-tools-artigo\tests\1-uc-ontology\unit\test_audit_formatter.py [32mPASSED[0m[32m [ 20%][0m
tests/1-uc-ontology/unit/test_audit_formatter.py::TestAuditLogFormatter::test_format_normalize_includes_iri_corrections_table <- C:\Users\selah\emprego\certi\bim\onto-tools-artigo\tests\1-uc-ontology\unit\test_audit_formatter.py [32mPASSED[0m[32m [ 20%][0m
tests/1-uc-ontology/unit/test_audit_formatter.py::TestAuditLogFormatter::test_format_normalize_includes_identifier_corrections <- C:\Users\selah\emprego\certi\bim\onto-tools-artigo\tests\1-uc-ontology\unit\test_audit_formatter.py [32mPASSED[0m[32m [ 21%][0m
tests/1-uc-ontology/unit/test_audit_formatter.py::TestAuditLogFormatter::test_format_normalize_includes_preflabel_corrections <- C:\Users\selah\emprego\certi\bim\onto-tools-artigo\tests\1-uc-ontology\unit\test_audit_formatter.py [32mPASSED[0m[32m [ 21%][0m
tests/1-uc-ontology/unit/test_audit_formatter.py::TestAuditLogFormatter::test_format_normalize_includes_definition_corrections <- C:\Users\selah\emprego\certi\bim\onto-tools-artigo\tests\1-uc-ontology\unit\test_audit_formatter.py [32mPASSED[0m[32m [ 21%][0m
tests/1-uc-ontology/unit/test_audit_formatter.py::TestAuditLogFormatter::test_format_includes_error_statistics <- C:\Users\selah\emprego\certi\bim\onto-tools-artigo\tests\1-uc-ontology\unit\test_audit_formatter.py [32mPASSED[0m[32m [ 21%][0m
tests/1-uc-ontology/unit/test_audit_formatter.py::TestAuditLogFormatter::test_format_includes_rule_violations <- C:\Users\selah\emprego\certi\bim\onto-tools-artigo\tests\1-uc-ontology\unit\test_audit_formatter.py [32mPASSED[0m[32m [ 21%][0m
tests/1-uc-ontology/unit/test_audit_formatter.py::TestAuditLogFormatter::test_format_includes_footer <- C:\Users\selah\emprego\certi\bim\onto-tools-artigo\tests\1-uc-ontology\unit\test_audit_formatter.py [32mPASSED[0m[32m [ 21%][0m
tests/1-uc-ontology/unit/test_audit_formatter.py::TestGenerateReviewOutput::test_format_includes_review_output_info <- C:\Users\selah\emprego\certi\bim\onto-tools-artigo\tests\1-uc-ontology\unit\test_audit_formatter.py [32mPASSED[0m[32m [ 21%][0m
tests/1-uc-ontology/unit/test_audit_formatter.py::TestFormatAuditLogFunction::test_format_audit_log_calls_formatter <- C:\Users\selah\emprego\certi\bim\onto-tools-artigo\tests\1-uc-ontology\unit\test_audit_formatter.py [32mPASSED[0m[32m [ 21%][0m
tests/1-uc-ontology/unit/test_audit_formatter.py::TestEdgeCases::test_empty_ops_list <- C:\Users\selah\emprego\certi\bim\onto-tools-artigo\tests\1-uc-ontology\unit\test_audit_formatter.py [32mPASSED[0m[32m [ 21%][0m
tests/1-uc-ontology/unit/test_audit_formatter.py::TestEdgeCases::test_normalize_without_fix_stats <- C:\Users\selah\emprego\certi\bim\onto-tools-artigo\tests\1-uc-ontology\unit\test_audit_formatter.py [32mPASSED[0m[32m [ 21%][0m
tests/1-uc-ontology/unit/test_audit_formatter.py::TestEdgeCases::test_long_subject_name_preserved <- C:\Users\selah\emprego\certi\bim\onto-tools-artigo\tests\1-uc-ontology\unit\test_audit_formatter.py [32mPASSED[0m[32m [ 22%][0m
tests/1-uc-ontology/unit/test_audit_formatter.py::TestMultipleOperations::test_multiple_ops_all_included <- C:\Users\selah\emprego\certi\bim\onto-tools-artigo\tests\1-uc-ontology\unit\test_audit_formatter.py [32mPASSED[0m[32m [ 22%][0m
tests/1-uc-ontology/unit/test_audit_formatter.py::TestQualityIssuesCategorization::test_quality_issues_separated_by_category <- C:\Users\selah\emprego\certi\bim\onto-tools-artigo\tests\1-uc-ontology\unit\test_audit_formatter.py [32mPASSED[0m[32m [ 22%][0m
tests/1-uc-ontology/unit/test_audit_formatter.py::TestQualityIssuesCategorization::test_domain_attribute_issues_have_own_section <- C:\Users\selah\emprego\certi\bim\onto-tools-artigo\tests\1-uc-ontology\unit\test_audit_formatter.py [32mPASSED[0m[32m [ 22%][0m
tests/1-uc-ontology/unit/test_audit_formatter.py::TestQualityIssuesCategorization::test_ifc_issues_have_own_section <- C:\Users\selah\emprego\certi\bim\onto-tools-artigo\tests\1-uc-ontology\unit\test_audit_formatter.py [32mPASSED[0m[32m [ 22%][0m
tests/1-uc-ontology/unit/test_audit_formatter.py::TestQualityIssuesCategorization::test_general_issues_have_own_section <- C:\Users\selah\emprego\certi\bim\onto-tools-artigo\tests\1-uc-ontology\unit\test_audit_formatter.py [32mPASSED[0m[32m [ 22%][0m
tests/1-uc-ontology/unit/test_audit_formatter.py::TestQualityIssuesCategorization::test_issues_sorted_alphabetically_by_entity <- C:\Users\selah\emprego\certi\bim\onto-tools-artigo\tests\1-uc-ontology\unit\test_audit_formatter.py [32mPASSED[0m[32m [ 22%][0m
tests/1-uc-ontology/unit/test_audit_formatter.py::TestQualityIssuesCategorization::test_legend_includes_category_sections <- C:\Users\selah\emprego\certi\bim\onto-tools-artigo\tests\1-uc-ontology\unit\test_audit_formatter.py [32mPASSED[0m[32m [ 22%][0m
tests/1-uc-ontology/unit/test_audit_formatter.py::TestQualityIssuesCategorization::test_entity_column_before_code_column <- C:\Users\selah\emprego\certi\bim\onto-tools-artigo\tests\1-uc-ontology\unit\test_audit_formatter.py [32mPASSED[0m[32m [ 22%][0m
tests/1-uc-ontology/unit/test_canonicalizer.py::TestCanonicalizerInit::test_init_default <- C:\Users\selah\emprego\certi\bim\onto-tools\tests\1-uc-ontology\unit\test_canonicalizer.py [32mPASSED[0m[32m [ 23%][0m
tests/1-uc-ontology/unit/test_canonicalizer.py::TestCanonicalizerInit::test_init_with_rules_path <- C:\Users\selah\emprego\certi\bim\onto-tools\tests\1-uc-ontology\unit\test_canonicalizer.py [32mPASSED[0m[32m [ 23%][0m
tests/1-uc-ontology/unit/test_canonicalizer.py::TestCanonicalizationResult::test_canonicalize_returns_result <- C:\Users\selah\emprego\certi\bim\onto-tools\tests\1-uc-ontology\unit\test_canonicalizer.py [32mPASSED[0m[32m [ 23%][0m
tests/1-uc-ontology/unit/test_canonicalizer.py::TestCanonicalizationResult::test_result_has_graph <- C:\Users\selah\emprego\certi\bim\onto-tools\tests\1-uc-ontology\unit\test_canonicalizer.py [32mPASSED[0m[32m [ 23%][0m
tests/1-uc-ontology/unit/test_canonicalizer.py::TestCanonicalizationResult::test_result_has_counts <- C:\Users\selah\emprego\certi\bim\onto-tools\tests\1-uc-ontology\unit\test_canonicalizer.py [32mPASSED[0m[32m [ 23%][0m
tests/1-uc-ontology/unit/test_canonicalizer.py::TestCanonicalizationResult::test_result_to_dict <- C:\Users\selah\emprego\certi\bim\onto-tools\tests\1-uc-ontology\unit\test_canonicalizer.py [32mPASSED[0m[32m [ 23%][0m
tests/1-uc-ontology/unit/test_canonicalizer.py::TestPrefixOrdering::test_prefixes_sorted_alphabetically <- C:\Users\selah\emprego\certi\bim\onto-tools\tests\1-uc-ontology\unit\test_canonicalizer.py [32mPASSED[0m[32m [ 23%][0m
tests/1-uc-ontology/unit/test_canonicalizer.py::TestPrefixOrdering::test_standard_prefixes_preserved <- C:\Users\selah\emprego\certi\bim\onto-tools\tests\1-uc-ontology\unit\test_canonicalizer.py [32mPASSED[0m[32m [ 23%][0m
tests/1-uc-ontology/unit/test_canonicalizer.py::TestTripleOrdering::test_triples_preserved <- C:\Users\selah\emprego\certi\bim\onto-tools\tests\1-uc-ontology\unit\test_canonicalizer.py [32mPASSED[0m[32m [ 23%][0m
tests/1-uc-ontology/unit/test_canonicalizer.py::TestTripleOrdering::test_triple_count_correct <- C:\Users\selah\emprego\certi\bim\onto-tools\tests\1-uc-ontology\unit\test_canonicalizer.py [32mPASSED[0m[32m [ 23%][0m
tests/1-uc-ontology/unit/test_canonicalizer.py::TestIdempotency::test_canonicalize_is_idempotent <- C:\Users\selah\emprego\certi\bim\onto-tools\tests\1-uc-ontology\unit\test_canonicalizer.py [32mPASSED[0m[32m [ 24%][0m
tests/1-uc-ontology/unit/test_canonicalizer.py::TestIdempotency::test_serialization_is_stable <- C:\Users\selah\emprego\certi\bim\onto-tools\tests\1-uc-ontology\unit\test_canonicalizer.py [32mPASSED[0m[32m [ 24%][0m
tests/1-uc-ontology/unit/test_canonicalizer.py::TestSerialization::test_serialize_returns_string <- C:\Users\selah\emprego\certi\bim\onto-tools\tests\1-uc-ontology\unit\test_canonicalizer.py [32mPASSED[0m[32m [ 24%][0m
tests/1-uc-ontology/unit/test_canonicalizer.py::TestSerialization::test_serialize_is_valid_turtle <- C:\Users\selah\emprego\certi\bim\onto-tools\tests\1-uc-ontology\unit\test_canonicalizer.py [32mPASSED[0m[32m [ 24%][0m
tests/1-uc-ontology/unit/test_canonicalizer.py::TestSerialization::test_canonicalize_and_serialize_returns_tuple <- C:\Users\selah\emprego\certi\bim\onto-tools\tests\1-uc-ontology\unit\test_canonicalizer.py [32mPASSED[0m[32m [ 24%][0m
tests/1-uc-ontology/unit/test_canonicalizer.py::TestProtegeCompatibility::test_predicate_order_follows_protege <- C:\Users\selah\emprego\certi\bim\onto-tools\tests\1-uc-ontology\unit\test_canonicalizer.py [32mPASSED[0m[32m [ 24%][0m
tests/1-uc-ontology/unit/test_canonicalizer.py::TestProtegeCompatibility::test_output_matches_protege_style <- C:\Users\selah\emprego\certi\bim\onto-tools\tests\1-uc-ontology\unit\test_canonicalizer.py [32mPASSED[0m[32m [ 24%][0m
tests/1-uc-ontology/unit/test_canonicalizer.py::TestStatistics::test_triple_count <- C:\Users\selah\emprego\certi\bim\onto-tools\tests\1-uc-ontology\unit\test_canonicalizer.py [32mPASSED[0m[32m [ 24%][0m
tests/1-uc-ontology/unit/test_canonicalizer.py::TestStatistics::test_prefix_count <- C:\Users\selah\emprego\certi\bim\onto-tools\tests\1-uc-ontology\unit\test_canonicalizer.py [32mPASSED[0m[32m [ 24%][0m
tests/1-uc-ontology/unit/test_canonicalizer.py::TestStatistics::test_processing_time <- C:\Users\selah\emprego\certi\bim\onto-tools\tests\1-uc-ontology\unit\test_canonicalizer.py [32mPASSED[0m[32m [ 24%][0m
tests/1-uc-ontology/unit/test_canonicalizer.py::TestEdgeCases::test_empty_graph <- C:\Users\selah\emprego\certi\bim\onto-tools\tests\1-uc-ontology\unit\test_canonicalizer.py [32mPASSED[0m[32m [ 25%][0m
tests/1-uc-ontology/unit/test_canonicalizer.py::TestEdgeCases::test_graph_with_blank_nodes <- C:\Users\selah\emprego\certi\bim\onto-tools\tests\1-uc-ontology\unit\test_canonicalizer.py [32mPASSED[0m[32m [ 25%][0m
tests/1-uc-ontology/unit/test_canonicalizer.py::TestEdgeCases::test_graph_with_unicode <- C:\Users\selah\emprego\certi\bim\onto-tools\tests\1-uc-ontology\unit\test_canonicalizer.py [32mPASSED[0m[32m [ 25%][0m
tests/1-uc-ontology/unit/test_canonicalizer.py::TestCanonicalizerRulesLoading::test_load_rules_file_not_found_uses_defaults <- C:\Users\selah\emprego\certi\bim\onto-tools\tests\1-uc-ontology\unit\test_canonicalizer.py [32mPASSED[0m[32m [ 25%][0m
tests/1-uc-ontology/unit/test_canonicalizer.py::TestCanonicalizerRulesLoading::test_load_rules_invalid_json_uses_defaults <- C:\Users\selah\emprego\certi\bim\onto-tools\tests\1-uc-ontology\unit\test_canonicalizer.py [32mPASSED[0m[32m [ 25%][0m
tests/1-uc-ontology/unit/test_canonicalizer.py::TestCanonicalizerRulesLoading::test_load_rules_empty_file_uses_defaults <- C:\Users\selah\emprego\certi\bim\onto-tools\tests\1-uc-ontology\unit\test_canonicalizer.py [32mPASSED[0m[32m [ 25%][0m
tests/1-uc-ontology/unit/test_canonicalizer.py::TestCanonicalizerBindPrefixes::test_bind_prefixes_skips_automatic_ns_prefixes <- C:\Users\selah\emprego\certi\bim\onto-tools\tests\1-uc-ontology\unit\test_canonicalizer.py [32mPASSED[0m[32m [ 25%][0m
tests/1-uc-ontology/unit/test_canonicalizer.py::TestCanonicalizerBindPrefixes::test_bind_prefixes_with_required_prefixes <- C:\Users\selah\emprego\certi\bim\onto-tools\tests\1-uc-ontology\unit\test_canonicalizer.py [32mPASSED[0m[32m [ 25%][0m
tests/1-uc-ontology/unit/test_canonicalizer.py::TestCanonicalizerBindPrefixes::test_bind_prefixes_unsorted <- C:\Users\selah\emprego\certi\bim\onto-tools\tests\1-uc-ontology\unit\test_canonicalizer.py [32mPASSED[0m[32m [ 25%][0m
tests/1-uc-ontology/unit/test_canonicalizer.py::TestCanonicalizerTripleSorting::test_sort_triples_without_class_first <- C:\Users\selah\emprego\certi\bim\onto-tools\tests\1-uc-ontology\unit\test_canonicalizer.py [32mPASSED[0m[32m [ 26%][0m
tests/1-uc-ontology/unit/test_canonicalizer.py::TestCanonicalizerTripleSorting::test_sort_triples_with_all_property_types <- C:\Users\selah\emprego\certi\bim\onto-tools\tests\1-uc-ontology\unit\test_canonicalizer.py [32mPASSED[0m[32m [ 26%][0m
tests/1-uc-ontology/unit/test_canonicalizer.py::TestCanonicalizerTripleSorting::test_collect_triples_removes_duplicates <- C:\Users\selah\emprego\certi\bim\onto-tools\tests\1-uc-ontology\unit\test_canonicalizer.py [32mPASSED[0m[32m [ 26%][0m
tests/1-uc-ontology/unit/test_canonicalizer.py::TestCanonicalizerLiteralNormalization::test_literal_without_trim_whitespace <- C:\Users\selah\emprego\certi\bim\onto-tools\tests\1-uc-ontology\unit\test_canonicalizer.py [32mPASSED[0m[32m [ 26%][0m
tests/1-uc-ontology/unit/test_canonicalizer.py::TestCanonicalizerLiteralNormalization::test_literal_with_none_value <- C:\Users\selah\emprego\certi\bim\onto-tools\tests\1-uc-ontology\unit\test_canonicalizer.py [32mPASSED[0m[32m [ 26%][0m
tests/1-uc-ontology/unit/test_canonicalizer.py::TestCanonicalizerGetWarnings::test_get_warnings_returns_list <- C:\Users\selah\emprego\certi\bim\onto-tools\tests\1-uc-ontology\unit\test_canonicalizer.py [32mPASSED[0m[32m [ 26%][0m
tests/1-uc-ontology/unit/test_canonicalizer.py::TestCanonicalizerGetWarnings::test_warnings_empty_for_valid_graph <- C:\Users\selah\emprego\certi\bim\onto-tools\tests\1-uc-ontology\unit\test_canonicalizer.py [32mPASSED[0m[32m [ 26%][0m
tests/1-uc-ontology/unit/test_canonicalizer.py::TestCanonicalizerRequiredPrefixes::test_missing_required_prefix_generates_warning <- C:\Users\selah\emprego\certi\bim\onto-tools\tests\1-uc-ontology\unit\test_canonicalizer.py [32mPASSED[0m[32m [ 26%][0m
tests/1-uc-ontology/unit/test_canonicalizer.py::TestCanonicalizerSortTriples::test_class_declarations_not_first <- C:\Users\selah\emprego\certi\bim\onto-tools\tests\1-uc-ontology\unit\test_canonicalizer.py [32mPASSED[0m[32m [ 26%][0m
tests/1-uc-ontology/unit/test_canonicalizer.py::TestCanonicalizerSortTriples::test_triple_ordering_by_predicate <- C:\Users\selah\emprego\certi\bim\onto-tools\tests\1-uc-ontology\unit\test_canonicalizer.py [32mPASSED[0m[32m [ 26%][0m
tests/1-uc-ontology/unit/test_canonicalizer.py::TestCanonicalizerSortTriples::test_triple_ordering_complex <- C:\Users\selah\emprego\certi\bim\onto-tools\tests\1-uc-ontology\unit\test_canonicalizer.py [32mPASSED[0m[32m [ 27%][0m
tests/1-uc-ontology/unit/test_canonicalizer.py::TestCanonicalizerVerifyIdempotency::test_validate_idempotency_returns_true <- C:\Users\selah\emprego\certi\bim\onto-tools\tests\1-uc-ontology\unit\test_canonicalizer.py [32mPASSED[0m[32m [ 27%][0m
tests/1-uc-ontology/unit/test_canonicalizer.py::TestCanonicalizerVerifyIdempotency::test_validate_idempotency_after_multiple_calls <- C:\Users\selah\emprego\certi\bim\onto-tools\tests\1-uc-ontology\unit\test_canonicalizer.py [32mPASSED[0m[32m [ 27%][0m
tests/1-uc-ontology/unit/test_canonicalizer.py::TestCanonicalizerSerialize::test_serialize_returns_string <- C:\Users\selah\emprego\certi\bim\onto-tools\tests\1-uc-ontology\unit\test_canonicalizer.py [32mPASSED[0m[32m [ 27%][0m
tests/1-uc-ontology/unit/test_canonicalizer.py::TestCanonicalizerSerialize::test_serialize_empty_graph <- C:\Users\selah\emprego\certi\bim\onto-tools\tests\1-uc-ontology\unit\test_canonicalizer.py [32mPASSED[0m[32m [ 27%][0m
tests/1-uc-ontology/unit/test_canonicalizer.py::TestSemanticPreservation::test_preserves_multilingual_labels_distinct_tags <- C:\Users\selah\emprego\certi\bim\onto-tools\tests\1-uc-ontology\unit\test_canonicalizer.py [32mPASSED[0m[32m [ 27%][0m
tests/1-uc-ontology/unit/test_canonicalizer.py::TestSemanticPreservation::test_preserves_whitespace_in_literals <- C:\Users\selah\emprego\certi\bim\onto-tools\tests\1-uc-ontology\unit\test_canonicalizer.py [32mPASSED[0m[32m [ 27%][0m
tests/1-uc-ontology/unit/test_canonicalizer.py::TestSemanticPreservation::test_preserves_language_tag_case <- C:\Users\selah\emprego\certi\bim\onto-tools\tests\1-uc-ontology\unit\test_canonicalizer.py [32mPASSED[0m[32m [ 27%][0m
tests/1-uc-ontology/unit/test_canonicalizer.py::TestSemanticPreservation::test_isomorphism_after_canonicalization <- C:\Users\selah\emprego\certi\bim\onto-tools\tests\1-uc-ontology\unit\test_canonicalizer.py [32mPASSED[0m[32m [ 27%][0m
tests/1-uc-ontology/unit/test_canonicalizer.py::TestSemanticPreservation::test_real_ontology_whitespace_preservation <- C:\Users\selah\emprego\certi\bim\onto-tools\tests\1-uc-ontology\unit\test_canonicalizer.py [32mPASSED[0m[32m [ 27%][0m
tests/1-uc-ontology/unit/test_canonicalizer_determinism_v9.py::TestByteDeterminism::test_canonicalization_is_byte_deterministic <- C:\Users\selah\emprego\certi\bim\onto-tools-artigo\tests\1-uc-ontology\unit\test_canonicalizer_determinism_v9.py [32mPASSED[0m[32m [ 28%][0m
tests/1-uc-ontology/unit/test_canonicalizer_determinism_v9.py::TestSemanticPreservation::test_canonicalization_preserves_semantics <- C:\Users\selah\emprego\certi\bim\onto-tools-artigo\tests\1-uc-ontology\unit\test_canonicalizer_determinism_v9.py [32mPASSED[0m[32m [ 28%][0m
tests/1-uc-ontology/unit/test_canonicalizer_determinism_v9.py::TestSeparationOfConcerns::test_canonicalizer_does_not_normalize_literals <- C:\Users\selah\emprego\certi\bim\onto-tools-artigo\tests\1-uc-ontology\unit\test_canonicalizer_determinism_v9.py [32mPASSED[0m[32m [ 28%][0m
tests/1-uc-ontology/unit/test_canonicalizer_determinism_v9.py::TestSeparationOfConcerns::test_canonicalizer_does_not_modify_language_tags <- C:\Users\selah\emprego\certi\bim\onto-tools-artigo\tests\1-uc-ontology\unit\test_canonicalizer_determinism_v9.py [32mPASSED[0m[32m [ 28%][0m
tests/1-uc-ontology/unit/test_facade.py::TestFacadeInit::test_facade_creates_with_adapters <- C:\Users\selah\emprego\certi\bim\onto-tools-artigo\tests\1-uc-ontology\unit\test_facade.py [32mPASSED[0m[32m [ 28%][0m
tests/1-uc-ontology/unit/test_facade.py::TestFacadeInit::test_facade_initializes_with_empty_graph <- C:\Users\selah\emprego\certi\bim\onto-tools-artigo\tests\1-uc-ontology\unit\test_facade.py [32mPASSED[0m[32m [ 28%][0m
tests/1-uc-ontology/unit/test_facade.py::TestFacadeInit::test_facade_loads_default_config <- C:\Users\selah\emprego\certi\bim\onto-tools-artigo\tests\1-uc-ontology\unit\test_facade.py [32mPASSED[0m[32m [ 28%][0m
tests/1-uc-ontology/unit/test_facade.py::TestLoadOntology::test_load_ontology_file_not_found <- C:\Users\selah\emprego\certi\bim\onto-tools-artigo\tests\1-uc-ontology\unit\test_facade.py [32mPASSED[0m[32m [ 28%][0m
tests/1-uc-ontology/unit/test_facade.py::TestLoadOntology::test_load_ontology_validates_utf8 <- C:\Users\selah\emprego\certi\bim\onto-tools-artigo\tests\1-uc-ontology\unit\test_facade.py [32mPASSED[0m[32m [ 28%][0m
tests/1-uc-ontology/unit/test_facade.py::TestNormalizeOntology::test_normalize_requires_loaded_ontology <- C:\Users\selah\emprego\certi\bim\onto-tools-artigo\tests\1-uc-ontology\unit\test_facade.py [32mPASSED[0m[32m [ 28%][0m
tests/1-uc-ontology/unit/test_facade.py::TestGenerateReviewOutput::test_review_requires_loaded_ontology <- C:\Users\selah\emprego\certi\bim\onto-tools-artigo\tests\1-uc-ontology\unit\test_facade.py [32mPASSED[0m[32m [ 29%][0m
tests/1-uc-ontology/unit/test_facade.py::TestAuditLogging::test_facade_has_audit_logger <- C:\Users\selah\emprego\certi\bim\onto-tools-artigo\tests\1-uc-ontology\unit\test_facade.py [32mPASSED[0m[32m [ 29%][0m
tests/1-uc-ontology/unit/test_facade.py::TestConfigLoading::test_load_config_from_path <- C:\Users\selah\emprego\certi\bim\onto-tools-artigo\tests\1-uc-ontology\unit\test_facade.py [32mPASSED[0m[32m [ 29%][0m
tests/1-uc-ontology/unit/test_facade.py::TestConfigLoading::test_load_config_uses_default_when_missing <- C:\Users\selah\emprego\certi\bim\onto-tools-artigo\tests\1-uc-ontology\unit\test_facade.py [32mPASSED[0m[32m [ 29%][0m
tests/1-uc-ontology/unit/test_facade.py::TestFacadeCaching::test_loaded_graphs_cache_is_empty_initially <- C:\Users\selah\emprego\certi\bim\onto-tools-artigo\tests\1-uc-ontology\unit\test_facade.py [32mPASSED[0m[32m [ 29%][0m
tests/1-uc-ontology/unit/test_naming_validator.py::TestNamingValidatorInit::test_init_with_default_rules <- C:\Users\selah\emprego\certi\bim\onto-tools\tests\1-uc-ontology\unit\test_naming_validator.py [32mPASSED[0m[32m [ 29%][0m
tests/1-uc-ontology/unit/test_naming_validator.py::TestNamingValidatorInit::test_init_loads_rules_file <- C:\Users\selah\emprego\certi\bim\onto-tools\tests\1-uc-ontology\unit\test_naming_validator.py [32mPASSED[0m[32m [ 29%][0m
tests/1-uc-ontology/unit/test_naming_validator.py::TestValidateClassNames::test_valid_pascalcase_passes <- C:\Users\selah\emprego\certi\bim\onto-tools\tests\1-uc-ontology\unit\test_naming_validator.py [32mPASSED[0m[32m [ 29%][0m
tests/1-uc-ontology/unit/test_naming_validator.py::TestValidateClassNames::test_lowercase_class_fails <- C:\Users\selah\emprego\certi\bim\onto-tools\tests\1-uc-ontology\unit\test_naming_validator.py [32mPASSED[0m[32m [ 29%][0m
tests/1-uc-ontology/unit/test_naming_validator.py::TestValidateClassNames::test_error_contains_suggestion <- C:\Users\selah\emprego\certi\bim\onto-tools\tests\1-uc-ontology\unit\test_naming_validator.py [32mPASSED[0m[32m [ 30%][0m
tests/1-uc-ontology/unit/test_naming_validator.py::TestValidatePropertyNames::test_valid_camelcase_passes <- C:\Users\selah\emprego\certi\bim\onto-tools\tests\1-uc-ontology\unit\test_naming_validator.py [32mPASSED[0m[32m [ 30%][0m
tests/1-uc-ontology/unit/test_naming_validator.py::TestValidatePropertyNames::test_uppercase_property_fails <- C:\Users\selah\emprego\certi\bim\onto-tools\tests\1-uc-ontology\unit\test_naming_validator.py [32mPASSED[0m[32m [ 30%][0m
tests/1-uc-ontology/unit/test_naming_validator.py::TestValidatePropertyNames::test_excluded_properties_not_validated <- C:\Users\selah\emprego\certi\bim\onto-tools\tests\1-uc-ontology\unit\test_naming_validator.py [32mPASSED[0m[32m [ 30%][0m
tests/1-uc-ontology/unit/test_naming_validator.py::TestValidatePropertyNames::test_excluded_and_invalid_properties_mixed <- C:\Users\selah\emprego\certi\bim\onto-tools\tests\1-uc-ontology\unit\test_naming_validator.py [32mPASSED[0m[32m [ 30%][0m
tests/1-uc-ontology/unit/test_naming_validator.py::TestValidatePrefLabels::test_missing_preflabel_generates_warning <- C:\Users\selah\emprego\certi\bim\onto-tools\tests\1-uc-ontology\unit\test_naming_validator.py [32mPASSED[0m[32m [ 30%][0m
tests/1-uc-ontology/unit/test_naming_validator.py::TestValidatePrefLabels::test_missing_required_language_generates_error <- C:\Users\selah\emprego\certi\bim\onto-tools\tests\1-uc-ontology\unit\test_naming_validator.py [32mPASSED[0m[32m [ 30%][0m
tests/1-uc-ontology/unit/test_naming_validator.py::TestValidatePrefLabels::test_underscore_in_preflabel_generates_warning <- C:\Users\selah\emprego\certi\bim\onto-tools\tests\1-uc-ontology\unit\test_naming_validator.py [32mPASSED[0m[32m [ 30%][0m
tests/1-uc-ontology/unit/test_naming_validator.py::TestValidateIdentifiers::test_missing_identifier_generates_error <- C:\Users\selah\emprego\certi\bim\onto-tools\tests\1-uc-ontology\unit\test_naming_validator.py [32mPASSED[0m[32m [ 30%][0m
tests/1-uc-ontology/unit/test_naming_validator.py::TestValidateIdentifiers::test_identifier_mismatch_generates_error <- C:\Users\selah\emprego\certi\bim\onto-tools\tests\1-uc-ontology\unit\test_naming_validator.py [32mPASSED[0m[32m [ 30%][0m
tests/1-uc-ontology/unit/test_naming_validator.py::TestValidationReport::test_report_contains_required_fields <- C:\Users\selah\emprego\certi\bim\onto-tools\tests\1-uc-ontology\unit\test_naming_validator.py [32mPASSED[0m[32m [ 31%][0m
tests/1-uc-ontology/unit/test_naming_validator.py::TestValidationReport::test_summary_contains_counts <- C:\Users\selah\emprego\certi\bim\onto-tools\tests\1-uc-ontology\unit\test_naming_validator.py [32mPASSED[0m[32m [ 31%][0m
tests/1-uc-ontology/unit/test_naming_validator.py::TestValidationReport::test_is_valid_matches_error_count <- C:\Users\selah\emprego\certi\bim\onto-tools\tests\1-uc-ontology\unit\test_naming_validator.py [32mPASSED[0m[32m [ 31%][0m
tests/1-uc-ontology/unit/test_naming_validator.py::TestSuggestPascalCase::test_lowercase_to_pascalcase <- C:\Users\selah\emprego\certi\bim\onto-tools\tests\1-uc-ontology\unit\test_naming_validator.py [32mPASSED[0m[32m [ 31%][0m
tests/1-uc-ontology/unit/test_naming_validator.py::TestSuggestPascalCase::test_underscore_separated_to_pascalcase <- C:\Users\selah\emprego\certi\bim\onto-tools\tests\1-uc-ontology\unit\test_naming_validator.py [32mPASSED[0m[32m [ 31%][0m
tests/1-uc-ontology/unit/test_naming_validator.py::TestSuggestPascalCase::test_hyphen_separated_to_pascalcase <- C:\Users\selah\emprego\certi\bim\onto-tools\tests\1-uc-ontology\unit\test_naming_validator.py [32mPASSED[0m[32m [ 31%][0m
tests/1-uc-ontology/unit/test_naming_validator.py::TestSuggestPascalCase::test_camelcase_to_pascalcase <- C:\Users\selah\emprego\certi\bim\onto-tools\tests\1-uc-ontology\unit\test_naming_validator.py [32mPASSED[0m[32m [ 31%][0m
tests/1-uc-ontology/unit/test_naming_validator.py::TestSuggestCamelCase::test_pascalcase_to_camelcase <- C:\Users\selah\emprego\certi\bim\onto-tools\tests\1-uc-ontology\unit\test_naming_validator.py [32mPASSED[0m[32m [ 31%][0m
tests/1-uc-ontology/unit/test_naming_validator.py::TestSuggestCamelCase::test_underscore_to_camelcase <- C:\Users\selah\emprego\certi\bim\onto-tools\tests\1-uc-ontology\unit\test_naming_validator.py [32mPASSED[0m[32m [ 31%][0m
tests/1-uc-ontology/unit/test_naming_validator.py::TestHelperMethods::test_get_local_name_with_hash <- C:\Users\selah\emprego\certi\bim\onto-tools\tests\1-uc-ontology\unit\test_naming_validator.py [32mPASSED[0m[32m [ 31%][0m
tests/1-uc-ontology/unit/test_naming_validator.py::TestHelperMethods::test_get_local_name_with_slash <- C:\Users\selah\emprego\certi\bim\onto-tools\tests\1-uc-ontology\unit\test_naming_validator.py [32mPASSED[0m[32m [ 32%][0m
tests/1-uc-ontology/unit/test_naming_validator.py::TestHelperMethods::test_is_acronym_true <- C:\Users\selah\emprego\certi\bim\onto-tools\tests\1-uc-ontology\unit\test_naming_validator.py [32mPASSED[0m[32m [ 32%][0m
tests/1-uc-ontology/unit/test_naming_validator.py::TestHelperMethods::test_is_acronym_false <- C:\Users\selah\emprego\certi\bim\onto-tools\tests\1-uc-ontology\unit\test_naming_validator.py [32mPASSED[0m[32m [ 32%][0m
tests/1-uc-ontology/unit/test_naming_validator.py::TestNamingValidatorRulesLoading::test_load_rules_invalid_json_uses_defaults <- C:\Users\selah\emprego\certi\bim\onto-tools\tests\1-uc-ontology\unit\test_naming_validator.py [32mPASSED[0m[32m [ 32%][0m
tests/1-uc-ontology/unit/test_naming_validator.py::TestNamingValidatorRulesLoading::test_load_rules_empty_file_uses_defaults <- C:\Users\selah\emprego\certi\bim\onto-tools\tests\1-uc-ontology\unit\test_naming_validator.py [32mPASSED[0m[32m [ 32%][0m
tests/1-uc-ontology/unit/test_naming_validator.py::TestNamingValidatorPropertyTypes::test_validate_datatype_property <- C:\Users\selah\emprego\certi\bim\onto-tools\tests\1-uc-ontology\unit\test_naming_validator.py [32mPASSED[0m[32m [ 32%][0m
tests/1-uc-ontology/unit/test_naming_validator.py::TestNamingValidatorPropertyTypes::test_validate_annotation_property <- C:\Users\selah\emprego\certi\bim\onto-tools\tests\1-uc-ontology\unit\test_naming_validator.py [32mPASSED[0m[32m [ 32%][0m
tests/1-uc-ontology/unit/test_naming_validator.py::TestNamingValidatorPropertyTypes::test_validate_property_starting_uppercase <- C:\Users\selah\emprego\certi\bim\onto-tools\tests\1-uc-ontology\unit\test_naming_validator.py [32mPASSED[0m[32m [ 32%][0m
tests/1-uc-ontology/unit/test_naming_validator.py::TestNamingValidatorDefinition::test_definition_without_period_warning <- C:\Users\selah\emprego\certi\bim\onto-tools\tests\1-uc-ontology\unit\test_naming_validator.py [32mPASSED[0m[32m [ 32%][0m
tests/1-uc-ontology/unit/test_naming_validator.py::TestNamingValidatorDefinition::test_definition_lowercase_start_warning <- C:\Users\selah\emprego\certi\bim\onto-tools\tests\1-uc-ontology\unit\test_naming_validator.py [32mPASSED[0m[32m [ 32%][0m
tests/1-uc-ontology/unit/test_naming_validator.py::TestNamingValidatorPrefLabelEdgeCases::test_preflabel_with_multiple_underscores <- C:\Users\selah\emprego\certi\bim\onto-tools\tests\1-uc-ontology\unit\test_naming_validator.py [32mPASSED[0m[32m [ 33%][0m
tests/1-uc-ontology/unit/test_naming_validator.py::TestNamingValidatorPrefLabelEdgeCases::test_preflabel_with_special_characters <- C:\Users\selah\emprego\certi\bim\onto-tools\tests\1-uc-ontology\unit\test_naming_validator.py [32mPASSED[0m[32m [ 33%][0m
tests/1-uc-ontology/unit/test_naming_validator.py::TestNamingValidatorPrefLabelEdgeCases::test_preflabel_empty_string <- C:\Users\selah\emprego\certi\bim\onto-tools\tests\1-uc-ontology\unit\test_naming_validator.py [32mPASSED[0m[32m [ 33%][0m
tests/1-uc-ontology/unit/test_naming_validator.py::TestNamingValidatorIdentifierEdgeCases::test_identifier_with_prefix <- C:\Users\selah\emprego\certi\bim\onto-tools\tests\1-uc-ontology\unit\test_naming_validator.py [32mPASSED[0m[32m [ 33%][0m
tests/1-uc-ontology/unit/test_naming_validator.py::TestNamingValidatorIdentifierEdgeCases::test_identifier_multiple_values <- C:\Users\selah\emprego\certi\bim\onto-tools\tests\1-uc-ontology\unit\test_naming_validator.py [32mPASSED[0m[32m [ 33%][0m
tests/1-uc-ontology/unit/test_naming_validator.py::TestNamingValidatorURICases::test_uri_with_slash_separator <- C:\Users\selah\emprego\certi\bim\onto-tools\tests\1-uc-ontology\unit\test_naming_validator.py [32mPASSED[0m[32m [ 33%][0m
tests/1-uc-ontology/unit/test_naming_validator.py::TestNamingValidatorURICases::test_uri_with_numbers <- C:\Users\selah\emprego\certi\bim\onto-tools\tests\1-uc-ontology\unit\test_naming_validator.py [32mPASSED[0m[32m [ 33%][0m
[...]
tests/1-uc-ontology/unit/test_verification_isomorphism.py::TestIsomorphismErrorPaths::test_compare_graphs_with_more_diffs_than_max_samples <- C:\Users\selah\emprego\certi\bim\onto-tools-artigo\tests\1-uc-ontology\unit\test_verification_isomorphism.py [32mPASSED[0m[32m [ 94%][0m
tests/1-uc-ontology/unit/test_verification_isomorphism.py::TestIsomorphismErrorPaths::test_compare_graphs_exception_in_isomorphic_check <- C:\Users\selah\emprego\certi\bim\onto-tools-artigo\tests\1-uc-ontology\unit\test_verification_isomorphism.py [32mPASSED[0m[32m [ 94%][0m
tests/1-uc-ontology/unit/test_verification_manifest.py::TestInputArtifact::test_from_file <- C:\Users\selah\emprego\certi\bim\onto-tools\tests\1-uc-ontology\unit\test_verification_manifest.py [32mPASSED[0m[32m [ 94%][0m
tests/1-uc-ontology/unit/test_verification_manifest.py::TestInputArtifact::test_format_detection <- C:\Users\selah\emprego\certi\bim\onto-tools\tests\1-uc-ontology\unit\test_verification_manifest.py [32mPASSED[0m[32m [ 94%][0m
tests/1-uc-ontology/unit/test_verification_manifest.py::TestInputArtifact::test_explicit_format <- C:\Users\selah\emprego\certi\bim\onto-tools\tests\1-uc-ontology\unit\test_verification_manifest.py [32mPASSED[0m[32m [ 94%][0m
tests/1-uc-ontology/unit/test_verification_manifest.py::TestOutputArtifact::test_from_file <- C:\Users\selah\emprego\certi\bim\onto-tools\tests\1-uc-ontology\unit\test_verification_manifest.py [32mPASSED[0m[32m [ 94%][0m
tests/1-uc-ontology/unit/test_verification_manifest.py::TestVerificationResult::test_basic_result <- C:\Users\selah\emprego\certi\bim\onto-tools\tests\1-uc-ontology\unit\test_verification_manifest.py [32mPASSED[0m[32m [ 94%][0m
tests/1-uc-ontology/unit/test_verification_manifest.py::TestVerificationResult::test_default_details <- C:\Users\selah\emprego\certi\bim\onto-tools\tests\1-uc-ontology\unit\test_verification_manifest.py [32mPASSED[0m[32m [ 94%][0m
tests/1-uc-ontology/unit/test_verification_manifest.py::TestEnvironmentInfo::test_environment_info_has_version <- C:\Users\selah\emprego\certi\bim\onto-tools\tests\1-uc-ontology\unit\test_verification_manifest.py [32mPASSED[0m[32m [ 94%][0m
tests/1-uc-ontology/unit/test_verification_manifest.py::TestEnvironmentInfo::test_environment_info_captures_cwd <- C:\Users\selah\emprego\certi\bim\onto-tools\tests\1-uc-ontology\unit\test_verification_manifest.py [32mPASSED[0m[32m [ 95%][0m
tests/1-uc-ontology/unit/test_verification_manifest.py::TestRunManifest::test_create_with_defaults <- C:\Users\selah\emprego\certi\bim\onto-tools\tests\1-uc-ontology\unit\test_verification_manifest.py [32mPASSED[0m[32m [ 95%][0m
tests/1-uc-ontology/unit/test_verification_manifest.py::TestRunManifest::test_add_input <- C:\Users\selah\emprego\certi\bim\onto-tools\tests\1-uc-ontology\unit\test_verification_manifest.py [32mPASSED[0m[32m [ 95%][0m
tests/1-uc-ontology/unit/test_verification_manifest.py::TestRunManifest::test_add_output <- C:\Users\selah\emprego\certi\bim\onto-tools\tests\1-uc-ontology\unit\test_verification_manifest.py [32mPASSED[0m[32m [ 95%][0m
tests/1-uc-ontology/unit/test_verification_manifest.py::TestRunManifest::test_add_verification <- C:\Users\selah\emprego\certi\bim\onto-tools\tests\1-uc-ontology\unit\test_verification_manifest.py [32mPASSED[0m[32m [ 95%][0m
tests/1-uc-ontology/unit/test_verification_manifest.py::TestRunManifest::test_set_duration <- C:\Users\selah\emprego\certi\bim\onto-tools\tests\1-uc-ontology\unit\test_verification_manifest.py [32mPASSED[0m[32m [ 95%][0m
tests/1-uc-ontology/unit/test_verification_manifest.py::TestRunManifest::test_set_error <- C:\Users\selah\emprego\certi\bim\onto-tools\tests\1-uc-ontology\unit\test_verification_manifest.py [32mPASSED[0m[32m [ 95%][0m
tests/1-uc-ontology/unit/test_verification_manifest.py::TestRunManifest::test_method_chaining <- C:\Users\selah\emprego\certi\bim\onto-tools\tests\1-uc-ontology\unit\test_verification_manifest.py [32mPASSED[0m[32m [ 95%][0m
tests/1-uc-ontology/unit/test_verification_manifest.py::TestRunManifest::test_to_dict <- C:\Users\selah\emprego\certi\bim\onto-tools\tests\1-uc-ontology\unit\test_verification_manifest.py [32mPASSED[0m[32m [ 95%][0m
tests/1-uc-ontology/unit/test_verification_manifest.py::TestRunManifest::test_to_json <- C:\Users\selah\emprego\certi\bim\onto-tools\tests\1-uc-ontology\unit\test_verification_manifest.py [32mPASSED[0m[32m [ 95%][0m
tests/1-uc-ontology/unit/test_verification_manifest.py::TestWriteManifestAtomic::test_write_creates_file <- C:\Users\selah\emprego\certi\bim\onto-tools\tests\1-uc-ontology\unit\test_verification_manifest.py [32mPASSED[0m[32m [ 96%][0m
tests/1-uc-ontology/unit/test_verification_manifest.py::TestWriteManifestAtomic::test_write_creates_parent_dirs <- C:\Users\selah\emprego\certi\bim\onto-tools\tests\1-uc-ontology\unit\test_verification_manifest.py [32mPASSED[0m[32m [ 96%][0m
tests/1-uc-ontology/unit/test_verification_manifest.py::TestWriteManifestAtomic::test_write_content_valid_json <- C:\Users\selah\emprego\certi\bim\onto-tools\tests\1-uc-ontology\unit\test_verification_manifest.py [32mPASSED[0m[32m [ 96%][0m
tests/1-uc-ontology/unit/test_verification_manifest.py::TestWriteManifestAtomic::test_atomic_write_no_partial <- C:\Users\selah\emprego\certi\bim\onto-tools\tests\1-uc-ontology\unit\test_verification_manifest.py [32mPASSED[0m[32m [ 96%][0m
tests/1-uc-ontology/unit/test_verification_manifest.py::TestReadManifest::test_read_written_manifest <- C:\Users\selah\emprego\certi\bim\onto-tools\tests\1-uc-ontology\unit\test_verification_manifest.py [32mPASSED[0m[32m [ 96%][0m
tests/1-uc-ontology/unit/test_verification_manifest.py::TestReadManifest::test_read_missing_file_raises <- C:\Users\selah\emprego\certi\bim\onto-tools\tests\1-uc-ontology\unit\test_verification_manifest.py [32mPASSED[0m[32m [ 96%][0m
tests/1-uc-ontology/unit/test_verification_manifest.py::TestReadManifest::test_read_invalid_json_raises <- C:\Users\selah\emprego\certi\bim\onto-tools\tests\1-uc-ontology\unit\test_verification_manifest.py [32mPASSED[0m[32m [ 96%][0m
tests/1-uc-ontology/unit/test_verification_manifest.py::TestWriteManifestAppend::test_append_creates_new_file <- C:\Users\selah\emprego\certi\bim\onto-tools\tests\1-uc-ontology\unit\test_verification_manifest.py [32mPASSED[0m[32m [ 96%][0m
tests/1-uc-ontology/unit/test_verification_manifest.py::TestWriteManifestAppend::test_append_adds_to_existing_file <- C:\Users\selah\emprego\certi\bim\onto-tools\tests\1-uc-ontology\unit\test_verification_manifest.py [32mPASSED[0m[32m [ 96%][0m
tests/1-uc-ontology/unit/test_verification_manifest.py::TestWriteManifestAppend::test_append_multiple_entries <- C:\Users\selah\emprego\certi\bim\onto-tools\tests\1-uc-ontology\unit\test_verification_manifest.py [32mPASSED[0m[32m [ 97%][0m
tests/1-uc-ontology/unit/test_verification_manifest.py::TestWriteManifestAppend::test_append_handles_single_object_file <- C:\Users\selah\emprego\certi\bim\onto-tools\tests\1-uc-ontology\unit\test_verification_manifest.py [32mPASSED[0m[32m [ 97%][0m
tests/1-uc-ontology/unit/test_verification_manifest.py::TestWriteManifestAppend::test_append_handles_corrupted_file <- C:\Users\selah\emprego\certi\bim\onto-tools\tests\1-uc-ontology\unit\test_verification_manifest.py [32mPASSED[0m[32m [ 97%][0m
tests/1-uc-ontology/unit/test_verification_manifest.py::TestWriteManifestAtomicErrorHandling::test_write_to_read_only_parent <- C:\Users\selah\emprego\certi\bim\onto-tools\tests\1-uc-ontology\unit\test_verification_manifest.py [32mPASSED[0m[32m [ 97%][0m
tests/1-uc-ontology/unit/test_verification_rc_workflow.py::TestChecksumBaseline::test_from_directory <- C:\Users\selah\emprego\certi\bim\onto-tools\tests\1-uc-ontology\unit\test_verification_rc_workflow.py [32mPASSED[0m[32m [ 97%][0m
tests/1-uc-ontology/unit/test_verification_rc_workflow.py::TestChecksumBaseline::test_save_and_load <- C:\Users\selah\emprego\certi\bim\onto-tools\tests\1-uc-ontology\unit\test_verification_rc_workflow.py [32mPASSED[0m[32m [ 97%][0m
tests/1-uc-ontology/unit/test_verification_rc_workflow.py::TestChecksumBaseline::test_verify_unchanged <- C:\Users\selah\emprego\certi\bim\onto-tools\tests\1-uc-ontology\unit\test_verification_rc_workflow.py [32mPASSED[0m[32m [ 97%][0m
tests/1-uc-ontology/unit/test_verification_rc_workflow.py::TestChecksumBaseline::test_verify_modified_file <- C:\Users\selah\emprego\certi\bim\onto-tools\tests\1-uc-ontology\unit\test_verification_rc_workflow.py [32mPASSED[0m[32m [ 97%][0m
tests/1-uc-ontology/unit/test_verification_rc_workflow.py::TestChecksumBaseline::test_verify_missing_file <- C:\Users\selah\emprego\certi\bim\onto-tools\tests\1-uc-ontology\unit\test_verification_rc_workflow.py [32mPASSED[0m[32m [ 97%][0m
tests/1-uc-ontology/unit/test_verification_rc_workflow.py::TestChecksumBaseline::test_verify_new_file <- C:\Users\selah\emprego\certi\bim\onto-tools\tests\1-uc-ontology\unit\test_verification_rc_workflow.py [32mPASSED[0m[32m [ 97%][0m
tests/1-uc-ontology/unit/test_verification_rc_workflow.py::TestCoverageResult::test_basic_creation <- C:\Users\selah\emprego\certi\bim\onto-tools\tests\1-uc-ontology\unit\test_verification_rc_workflow.py [32mPASSED[0m[32m [ 98%][0m
tests/1-uc-ontology/unit/test_verification_rc_workflow.py::TestCoverageResult::test_to_dict <- C:\Users\selah\emprego\certi\bim\onto-tools\tests\1-uc-ontology\unit\test_verification_rc_workflow.py [32mPASSED[0m[32m [ 98%][0m
tests/1-uc-ontology/unit/test_verification_rc_workflow.py::TestRCResult::test_default_values <- C:\Users\selah\emprego\certi\bim\onto-tools\tests\1-uc-ontology\unit\test_verification_rc_workflow.py [32mPASSED[0m[32m [ 98%][0m
tests/1-uc-ontology/unit/test_verification_rc_workflow.py::TestRCResult::test_to_dict <- C:\Users\selah\emprego\certi\bim\onto-tools\tests\1-uc-ontology\unit\test_verification_rc_workflow.py [32mPASSED[0m[32m [ 98%][0m
tests/1-uc-ontology/unit/test_verification_rc_workflow.py::TestRCWorkflow::test_workflow_initialization <- C:\Users\selah\emprego\certi\bim\onto-tools\tests\1-uc-ontology\unit\test_verification_rc_workflow.py [32mPASSED[0m[32m [ 98%][0m
tests/1-uc-ontology/unit/test_verification_rc_workflow.py::TestRCWorkflow::test_load_or_create_baseline <- C:\Users\selah\emprego\certi\bim\onto-tools\tests\1-uc-ontology\unit\test_verification_rc_workflow.py [32mPASSED[0m[32m [ 98%][0m
tests/1-uc-ontology/unit/test_verification_rc_workflow.py::TestRCWorkflow::test_verify_rc_v8_immutability_pass <- C:\Users\selah\emprego\certi\bim\onto-tools\tests\1-uc-ontology\unit\test_verification_rc_workflow.py [32mPASSED[0m[32m [ 98%][0m
tests/1-uc-ontology/unit/test_verification_rc_workflow.py::TestRCWorkflow::test_verify_rc_v8_immutability_fail <- C:\Users\selah\emprego\certi\bim\onto-tools\tests\1-uc-ontology\unit\test_verification_rc_workflow.py [32mPASSED[0m[32m [ 98%][0m
tests/1-uc-ontology/unit/test_verification_rc_workflow.py::TestRCWorkflow::test_run_with_skip_tests <- C:\Users\selah\emprego\certi\bim\onto-tools\tests\1-uc-ontology\unit\test_verification_rc_workflow.py [32mPASSED[0m[32m [ 98%][0m
tests/1-uc-ontology/unit/test_verification_rc_workflow.py::TestRCWorkflow::test_run_with_skip_all <- C:\Users\selah\emprego\certi\bim\onto-tools\tests\1-uc-ontology\unit\test_verification_rc_workflow.py [32mPASSED[0m[32m [ 98%][0m
tests/1-uc-ontology/unit/test_verification_rc_workflow.py::TestRCWorkflow::test_run_missing_rc_v8 <- C:\Users\selah\emprego\certi\bim\onto-tools\tests\1-uc-ontology\unit\test_verification_rc_workflow.py [32mPASSED[0m[32m [ 99%][0m
tests/1-uc-ontology/unit/test_verification_rc_workflow.py::TestRunRCVerification::test_basic_call <- C:\Users\selah\emprego\certi\bim\onto-tools\tests\1-uc-ontology\unit\test_verification_rc_workflow.py [32mPASSED[0m[32m [ 99%][0m
tests/1-uc-ontology/unit/test_verification_rc_workflow.py::TestEdgeCases::test_coverage_result_passed_property <- C:\Users\selah\emprego\certi\bim\onto-tools\tests\1-uc-ontology\unit\test_verification_rc_workflow.py [32mPASSED[0m[32m [ 99%][0m
tests/1-uc-ontology/unit/test_verification_rc_workflow.py::TestEdgeCases::test_rc_result_to_dict_with_all_fields <- C:\Users\selah\emprego\certi\bim\onto-tools\tests\1-uc-ontology\unit\test_verification_rc_workflow.py [32mPASSED[0m[32m [ 99%][0m
tests/1-uc-ontology/unit/test_verification_rc_workflow.py::TestEdgeCases::test_checksum_baseline_verify_with_extra_files <- C:\Users\selah\emprego\certi\bim\onto-tools\tests\1-uc-ontology\unit\test_verification_rc_workflow.py [32mPASSED[0m[32m [ 99%][0m
tests/1-uc-ontology/unit/test_verification_rc_workflow.py::TestEdgeCases::test_checksum_baseline_verify_with_missing_files <- C:\Users\selah\emprego\certi\bim\onto-tools\tests\1-uc-ontology\unit\test_verification_rc_workflow.py [32mPASSED[0m[32m [ 99%][0m
tests/1-uc-ontology/unit/test_verification_rc_workflow.py::TestEdgeCases::test_workflow_finalize_with_errors <- C:\Users\selah\emprego\certi\bim\onto-tools\tests\1-uc-ontology\unit\test_verification_rc_workflow.py [32mPASSED[0m[32m [ 99%][0m
tests/1-uc-ontology/unit/test_verification_rc_workflow.py::TestEdgeCases::test_coverage_result_with_test_details <- C:\Users\selah\emprego\certi\bim\onto-tools\tests\1-uc-ontology\unit\test_verification_rc_workflow.py [32mPASSED[0m[32m [ 99%][0m
tests/1-uc-ontology/unit/test_verification_rc_workflow.py::TestEdgeCases::test_workflow_with_coverage_json <- C:\Users\selah\emprego\certi\bim\onto-tools\tests\1-uc-ontology\unit\test_verification_rc_workflow.py [32mPASSED[0m[32m [ 99%][0m
tests/1-uc-ontology/unit/test_verification_rc_workflow.py::TestEdgeCases::test_rc_result_with_errors_list <- C:\Users\selah\emprego\certi\bim\onto-tools\tests\1-uc-ontology\unit\test_verification_rc_workflow.py [32mPASSED[0m[32m [100%][0m

- generated xml file: H:\certi\bim\onto-tools-prp\outputs\logs\RC_v1_CANON\20260309T022447Z_60ef929c\40_tests\junit.xml -

---------- coverage: platform win32, python 3.12.12-final-0 ----------
Name                                                         Stmts   Miss Branch BrPart   Cover   Missing
---------------------------------------------------------------------------------------------------------
src\onto_tools\domain\ontology\quality_validator.py            435     28    250     34  89.49%   221->exit, 271, 274, 278, 297->296, 334, 344->343, 385, 437->436, 471->470, 543, 546-553, 579->585, 620->exit, 681, 700, 718-722, 738, 762, 769, 791, 798, 816->exit, 844, 849->848, 857->869, 869->882, 882->exit, 906, 911->910, 919->931, 931->944, 944->exit, 969
src\onto_tools\adapters\reporting\audit_formatter.py           314     21    108     19  90.05%   65, 101-104, 113-116, 137-138, 144-145, 211->241, 243->273, 268, 300, 359->375, 375->383, 383->397, 419, 422->429, 429->435, 436-438, 453, 455->457, 466
src\onto_tools\application\verification\manifest_writer.py     132     12      6      0  91.30%   138-139, 294-300, 359-364
src\onto_tools\application\facade.py                           244      9     90     13  93.41%   385-392, 421->425, 563->593, 596->552, 641->640, 646-651, 656->607, 680, 682-683, 735->739, 739->743
src\onto_tools\application\verification\rc_workflow.py         145      9     28      2  93.64%   128->127, 304-310, 394, 444-446
src\onto_tools\domain\ontology\uri_resolver.py                 108      3     62      3  96.47%   258, 264->262, 274-275
src\onto_tools\adapters\rdf\rdflib_adapter.py                   51      2      6      0  96.49%   39-40
src\onto_tools\domain\ontology\normalizer.py                   383     10    186      7  97.01%   37-38, 456-460, 479->478, 492->496, 506->478, 513->478, 565-566, 870-871
src\onto_tools\domain\ontology\naming_validator.py             287      3    124      9  97.08%   152->135, 274, 394->360, 411, 429->431, 434->438, 441, 455->457, 460->464
src\onto_tools\adapters\rdf\protege_serializer.py              160      3     62      3  97.30%   188, 247, 349
src\onto_tools\domain\ontology\canonicalizer.py                144      2     42      3  97.31%   205->202, 303, 338
src\onto_tools\adapters\cli\commands.py                        264      4     66      2  98.18%   156-157, 168-169
src\onto_tools\domain\ontology\graph.py                        189      1     62      2  98.80%   94, 278->277
src\onto_tools\__init__.py                                       1      0      0      0 100.00%
src\onto_tools\adapters\__init__.py                              0      0      0      0 100.00%
src\onto_tools\adapters\cli\__init__.py                          2      0      0      0 100.00%
src\onto_tools\adapters\logging\__init__.py                      2      0      0      0 100.00%
src\onto_tools\adapters\logging\audit_logger.py                 52      0      8      0 100.00%
src\onto_tools\adapters\rdf\__init__.py                          0      0      0      0 100.00%
src\onto_tools\adapters\reporting\__init__.py                    2      0      0      0 100.00%
src\onto_tools\application\verification\__init__.py              6      0      0      0 100.00%
src\onto_tools\application\verification\evidence_writer.py      85      0      2      0 100.00%
src\onto_tools\application\verification\hasher.py               25      0     10      0 100.00%
src\onto_tools\application\verification\idempotency.py          92      0     14      0 100.00%
src\onto_tools\application\verification\isomorphism.py          79      0     22      0 100.00%
src\onto_tools\domain\ontology\__init__.py                       6      0      0      0 100.00%
---------------------------------------------------------------------------------------------------------
TOTAL                                                         3208    107   1148     97  95.04%
Coverage HTML written to dir H:\certi\bim\onto-tools-prp\outputs\logs\RC_v1_CANON\20260309T022447Z_60ef929c\40_tests\coverage_html
Coverage XML written to file H:\certi\bim\onto-tools-prp\outputs\logs\RC_v1_CANON\20260309T022447Z_60ef929c\40_tests\coverage.xml
Coverage JSON written to file H:\certi\bim\onto-tools-prp\outputs\logs\RC_v1_CANON\20260309T022447Z_60ef929c\40_tests\coverage.json

[32mRequired test coverage of 95.0% reached. Total coverage: 95.04%
[0m============================ slowest 10 durations =============================
11.57s setup    tests/1-uc-ontology/e2e/test_cli_simulation_scenarios.py::TestCrossScenarioEquivalences::test_ec1_c1_equals_c5
6.68s call     tests/1-uc-ontology/e2e/test_canonicalization_e2e.py::TestRoundtripE2E::test_multiple_roundtrips
5.99s call     tests/1-uc-ontology/e2e/test_cli_simulation_scenarios.py::TestCLISimulationScenarios::test_scenario_c5_normalize_nofix_then_canonicalize
4.74s call     tests/1-uc-ontology/e2e/test_cli_simulation_scenarios.py::TestCLISimulationScenarios::test_scenario_c4_normalize_autofix_then_canonicalize
4.72s call     tests/1-uc-ontology/e2e/test_canonicalization_e2e.py::TestCanonicalizationE2E::test_canonicalization_is_idempotent
3.51s call     tests/1-uc-ontology/e2e/test_cli_simulation_scenarios.py::TestCLISimulationScenarios::test_scenario_c2_normalize_with_autofix
2.77s call     tests/1-uc-ontology/e2e/test_cli_simulation_scenarios.py::TestCLISimulationScenarios::test_scenario_c3_normalize_without_autofix
2.63s call     tests/1-uc-ontology/e2e/test_canonicalization_e2e.py::TestCanonicalizationE2E::test_canonicalize_sample_ontology
2.40s call     tests/1-uc-ontology/unit/test_canonicalizer_determinism_v9.py::TestByteDeterminism::test_canonicalization_is_byte_deterministic
2.33s call     tests/1-uc-ontology/e2e/test_cli_simulation_scenarios.py::TestCLISimulationScenarios::test_scenario_c1_pure_canonicalization
[32m======================= [32m[1m973 passed[0m[32m in 64.61s (0:01:04)[0m[32m ========================[0m
